"calor-total-porta-rfile"
"Time Step" "calor-total-porta etc.."
("Time Step" "calor-total-porta" "flow-time")
0 310.5171568427645 0
1 0 0.1
2 0 0.2
3 0 0.3
4 0 0.4
5 0 0.5
6 0 0.6000000000000001
7 0 0.7000000000000001
8 0 0.8
9 0 0.9
10 0 1
11 0 1.1
12 0 1.2
13 0 1.3
14 0 1.4
15 0 1.5
16 0 1.6
17 0 1.7
18 0 1.8
19 0 1.9
20 0 2
21 0 2.1
22 0 2.2
23 0 2.3
24 0 2.4
25 0 2.5
26 0 2.6
27 0 2.7
28 0 2.8
29 0 2.9
30 0 3
31 0 3.1
32 0 3.2
33 0 3.3
34 0 3.4
35 0 3.5
36 0 3.6
37 0 3.7
38 0 3.8
39 0 3.9
40 0 4
41 0 4.100000000000001
42 0 4.2
43 0 4.3
44 0 4.4
45 0 4.5
46 0 4.600000000000001
47 0 4.7
48 0 4.800000000000001
49 0 4.9
50 0 5
51 0 5.100000000000001
52 0 5.2
53 0 5.300000000000001
54 0 5.4
55 0 5.5
56 0 5.600000000000001
57 0 5.7
58 0 5.800000000000001
59 0 5.9
60 0 6
61 0 6.100000000000001
62 0 6.2
63 0 6.300000000000001
64 0 6.4
65 0 6.5
66 0 6.600000000000001
67 0 6.7
68 0 6.800000000000001
69 0 6.9
70 0 7
71 0 7.100000000000001
72 0 7.2
73 0 7.300000000000001
74 0 7.4
75 0 7.5
76 0 7.600000000000001
77 0 7.7
78 0 7.800000000000001
79 0 7.9
80 0 8
81 0 8.1
82 0 8.200000000000001
83 0 8.300000000000001
84 0 8.4
85 0 8.5
86 0 8.6
87 0 8.700000000000001
88 0 8.800000000000001
89 0 8.9
90 0 9
91 0 9.1
92 0 9.200000000000001
93 0 9.300000000000001
94 0 9.4
95 0 9.5
96 0 9.600000000000001
97 0 9.700000000000001
98 0 9.800000000000001
99 0 9.9
100 0 10
101 0 10.1
102 0 10.2
103 0 10.3
104 0 10.4
105 0 10.5
106 0 10.6
107 0 10.7
108 0 10.8
109 0 10.9
110 0 11
111 0 11.1
112 0 11.2
113 0 11.3
114 0 11.4
115 0 11.5
116 0 11.6
117 0 11.7
118 0 11.8
119 0 11.9
120 0 12
121 0 12.1
122 0 12.2
123 0 12.3
124 0 12.4
125 0 12.5
126 0 12.6
127 0 12.7
128 0 12.8
129 0 12.9
130 0 13
131 0 13.1
132 0 13.2
133 0 13.3
134 0 13.4
135 0 13.5
136 0 13.6
137 0 13.7
138 0 13.8
139 0 13.9
140 0 14
141 0 14.1
142 0 14.2
143 0 14.3
144 0 14.4
145 0 14.5
146 0 14.6
147 0 14.7
148 0 14.8
149 0 14.9
150 0 15
151 0 15.1
152 0 15.2
153 0 15.3
154 0 15.4
155 0 15.5
156 0 15.6
157 0 15.7
158 0 15.8
159 0 15.9
160 0 16
161 0 16.1
162 0 16.2
163 0 16.3
164 0 16.4
165 0 16.5
166 0 16.6
167 0 16.7
168 0 16.8
169 0 16.9
170 0 17
171 0 17.1
172 0 17.2
173 0 17.3
174 0 17.4
175 0 17.5
176 0 17.6
177 0 17.7
178 0 17.8
179 0 17.9
180 0 18
181 0 18.1
182 0 18.2
183 0 18.3
184 0 18.4
185 0 18.5
186 0 18.6
187 0 18.7
188 0 18.8
189 0 18.9
190 0 19
191 0 19.1
192 0 19.2
193 0 19.3
194 0 19.4
195 0 19.5
196 0 19.6
197 0 19.7
198 0 19.8
199 0 19.9
200 0 20
201 0 20.1
202 0 20.2
203 0 20.3
204 0 20.4
205 0 20.5
206 0 20.6
207 0 20.7
208 0 20.8
209 0 20.9
210 0 21
211 0 21.1
212 0 21.2
213 0 21.3
214 0 21.4
215 0 21.5
216 0 21.6
217 0 21.7
218 0 21.8
219 0 21.9
220 0 22
221 0 22.1
222 0 22.2
223 0 22.3
224 0 22.4
225 0 22.5
226 0 22.6
227 0 22.7
228 0 22.8
229 0 22.9
230 0 23
231 0 23.1
232 0 23.2
233 0 23.3
234 0 23.4
235 0 23.5
236 0 23.6
237 0 23.7
238 0 23.8
239 0 23.9
240 0 24
241 0 24.1
242 0 24.2
243 0 24.3
244 0 24.4
245 0 24.5
246 0 24.6
247 0 24.7
248 0 24.8
249 0 24.9
250 0 25
251 0 25.1
252 0 25.2
253 0 25.3
254 0 25.4
255 0 25.5
256 0 25.6
257 0 25.7
258 0 25.8
259 0 25.9
260 0 26
261 0 26.1
262 0 26.2
263 0 26.3
264 0 26.4
265 0 26.5
266 0 26.6
267 0 26.7
268 0 26.8
269 0 26.9
270 0 27
271 0 27.1
272 0 27.2
273 0 27.3
274 0 27.4
275 0 27.5
276 0 27.6
277 0 27.7
278 0 27.8
279 0 27.9
280 0 28
281 0 28.1
282 0 28.2
283 0 28.3
284 0 28.4
285 0 28.5
286 0 28.6
287 0 28.7
288 0 28.8
289 0 28.9
290 0 29
291 0 29.1
292 0 29.2
293 0 29.3
294 0 29.4
295 0 29.5
296 0 29.6
297 0 29.7
298 0 29.8
299 0 29.9
300 0 30
301 0 30.1
302 0 30.2
303 0 30.3
304 0 30.4
305 0 30.5
306 0 30.6
307 0 30.7
308 0 30.8
309 0 30.9
310 0 31
311 0 31.1
312 0 31.2
313 0 31.3
314 0 31.4
315 0 31.5
316 0 31.6
317 0 31.7
318 0 31.8
319 0 31.9
320 0 32
321 0 32.1
322 0 32.2
323 0 32.3
324 0 32.4
325 0 32.5
326 0 32.6
327 0 32.7
328 0 32.8
329 0 32.9
330 0 33
331 0 33.1
332 0 33.2
333 0 33.3
334 0 33.4
335 0 33.5
336 0 33.6
337 0 33.7
338 0 33.8
339 0 33.9
340 0 34
341 0 34.1
342 0 34.2
343 0 34.3
344 0 34.4
345 0 34.5
346 0 34.6
347 0 34.7
348 0 34.8
349 0 34.9
350 0 35
351 0 35.1
352 0 35.2
353 0 35.3
354 0 35.4
355 0 35.5
356 0 35.6
357 0 35.7
358 0 35.8
359 0 35.9
360 0 36
361 0 36.1
362 0 36.2
363 0 36.3
364 0 36.4
365 0 36.5
366 0 36.6
367 0 36.7
368 0 36.8
369 0 36.9
370 0 37
371 0 37.1
372 0 37.2
373 0 37.3
374 0 37.4
375 0 37.5
376 0 37.6
377 0 37.7
378 0 37.8
379 0 37.9
380 0 38
381 0 38.1
382 0 38.2
383 0 38.3
384 0 38.40000000000001
385 0 38.5
386 0 38.6
387 0 38.7
388 0 38.8
389 0 38.90000000000001
390 0 39
391 0 39.1
392 0 39.2
393 0 39.3
394 0 39.40000000000001
395 0 39.5
396 0 39.6
397 0 39.7
398 0 39.8
399 0 39.90000000000001
400 0 40
401 0 40.1
402 0 40.2
403 0 40.3
404 0 40.40000000000001
405 0 40.5
406 0 40.6
407 0 40.7
408 0 40.8
409 0 40.90000000000001
410 0 41
411 0 41.1
412 0 41.2
413 0 41.3
414 0 41.40000000000001
415 0 41.5
416 0 41.6
417 0 41.7
418 0 41.8
419 0 41.90000000000001
420 0 42
421 0 42.1
422 0 42.2
423 0 42.3
424 0 42.40000000000001
425 0 42.5
426 0 42.6
427 0 42.7
428 0 42.8
429 0 42.90000000000001
430 0 43
431 0 43.1
432 0 43.2
433 0 43.3
434 0 43.40000000000001
435 0 43.5
436 0 43.6
437 0 43.7
438 0 43.8
439 0 43.90000000000001
440 0 44
441 0 44.1
442 0 44.2
443 0 44.3
444 0 44.40000000000001
445 0 44.5
446 0 44.6
447 0 44.7
448 0 44.8
449 0 44.90000000000001
450 0 45
451 0 45.1
452 0 45.2
453 0 45.3
454 0 45.40000000000001
455 0 45.5
456 0 45.6
457 0 45.7
458 0 45.8
459 0 45.90000000000001
460 0 46
461 0 46.1
462 0 46.2
463 0 46.3
464 0 46.40000000000001
465 0 46.5
466 0 46.6
467 0 46.7
468 0 46.8
469 0 46.90000000000001
470 0 47
471 0 47.1
472 0 47.2
473 0 47.3
474 0 47.40000000000001
475 0 47.5
476 0 47.6
477 0 47.7
478 0 47.8
479 0 47.90000000000001
480 0 48
481 0 48.1
482 0 48.2
483 0 48.3
484 0 48.40000000000001
485 0 48.5
486 0 48.6
487 0 48.7
488 0 48.8
489 0 48.90000000000001
490 0 49
491 0 49.1
492 0 49.2
493 0 49.3
494 0 49.40000000000001
495 0 49.5
496 0 49.6
497 0 49.7
498 0 49.8
499 0 49.90000000000001
500 0 50
501 -216802.2313839752 50.01
502 -255896.4967736569 50.02
503 -199977.9030794024 50.03
504 -126358.4363120298 50.04
505 -103536.4136039087 50.05
506 -107378.9181615845 50.06
507 -108869.8064869717 50.07
508 -101900.6836236274 50.08
509 -94951.37173981214 50.09
510 -89405.32720346228 50.1
511 -83875.97790896424 50.11
512 -79473.73780152589 50.12
513 -73646.75405842018 50.13
514 -68642.82151092355 50.14
515 -65539.8147733481 50.15
516 -61224.24104027306 50.16
517 -57158.61816030098 50.17
518 -53333.02451263911 50.18
519 -50015.29937391654 50.19
520 -47541.20124734857 50.2
521 -45494.08231301644 50.21
522 -55164.78027964085 50.22
523 -45334.16379032637 50.23
524 -42337.95308230076 50.24
525 -46485.98513642162 50.25
526 -44074.6463724543 50.26
527 -44358.90867488962 50.27
528 -48836.12426485289 50.28
529 -49062.76675004291 50.29
530 -48916.72693135897 50.3
531 -48353.94351091087 50.31
532 -49075.5326418389 50.32
533 -47673.23289702415 50.33
534 -46381.6128821153 50.34
535 -46591.43699094627 50.35
536 -47554.60108368836 50.36
537 -44862.87311497232 50.37
538 -46318.33580589935 50.38
539 -45237.69921740957 50.39
540 -44205.03783162143 50.4
541 -43262.37261141834 50.41
542 -42363.51300527256 50.42
543 -41421.73090663287 50.43
544 -40555.55220681359 50.44
545 -39650.81875746021 50.45
546 -40371.83448477637 50.46
547 -38593.56977488655 50.47
548 -37850.50612467503 50.48
549 -37213.44274723285 50.49
550 -36526.63492088611 50.5
551 -36287.64200304462 50.51
552 -35448.8324450787 50.52
553 -34541.38662846329 50.53
554 -34300.82936470027 50.54
555 -33529.25777314701 50.55
556 -32267.50241214225 50.56
557 -30417.50775464811 50.57
558 -28851.67002438421 50.58
559 -27289.31699650622 50.59
560 -25762.69732184086 50.6
561 -24045.47687053567 50.61
562 -22103.76024468419 50.62
563 -20119.72960887292 50.63
564 -18067.14537172893 50.64
565 -15735.13370911686 50.65
566 -13646.66171060122 50.66
567 -11516.72079318887 50.67
568 -9277.367779656384 50.68
569 -6961.477630894366 50.69
570 -4612.164710854664 50.7
571 -2060.202068330225 50.71
572 1314.907836815122 50.72
573 3450.814030793987 50.73
574 5530.693419980946 50.74
575 7878.796290467622 50.75
576 10324.76277308396 50.76
577 12728.12787381543 50.77
578 15720.34200987006 50.78
579 18141.01312899987 50.79
580 20508.35371966718 50.8
581 22951.35915876906 50.81
582 25756.82548524839 50.82
583 28081.99768892132 50.83
584 30502.41615108757 50.84
585 32897.72013807359 50.85
586 35293.91955456286 50.86
587 38486.92703490813 50.87
588 41525.69282149316 50.88
589 43501.3181595792 50.89
590 45955.81195281658 50.9
591 49185.22067068353 50.91
592 50471.87469255687 50.92
593 53025.67488187292 50.93
594 55490.63018002631 50.94
595 56813.13088033412 50.95
596 57903.49723544149 50.96
597 59199.61306019569 50.97
598 60709.67339712834 50.98
599 61820.29022285 50.99
600 63372.39308714532 51
601 63841.40616988902 51.01
602 64310.92233066824 51.02
603 64692.88440111941 51.03
604 64980.39026198639 51.04
605 65105.52318003094 51.05
606 65013.75023654071 51.06
607 64744.93383638789 51.07
608 64397.8867141544 51.08
609 63913.17270394981 51.09
610 63229.06235996857 51.1
611 62376.43272201777 51.11
612 61447.38384985952 51.12
613 60480.85924140018 51.13
614 59372.96180657134 51.14
615 58166.63863196196 51.15
616 56946.74835876607 51.16
617 55756.62264032521 51.17
618 54433.817913938 51.18
619 52977.33426744427 51.19
620 51641.21145170725 51.2
621 50360.11132982302 51.21
622 49014.38521490106 51.22
623 47738.5657830757 51.23
624 46508.01237139021 51.24
625 45127.9977431476 51.25
626 43039.71193987769 51.26
627 42883.21834451775 51.27
628 41963.12267196865 51.28
629 41112.61239650111 51.29
630 40417.65318319185 51.3
631 39921.64506127682 51.31
632 39429.89291712319 51.32
633 39022.65985084369 51.33
634 38639.57496996807 51.34
635 38290.8536676559 51.35
636 37984.06017648824 51.36
637 37788.69966001304 51.37
638 37631.55590242993 51.38
639 37547.16280847044 51.39
640 37572.28459800558 51.4
641 37641.24039884562 51.41
642 37827.65398005765 51.42
643 38025.88644395558 51.43
644 38269.91088846842 51.44
645 38624.02020764186 51.45
646 38740.77504877725 51.46
647 39122.10601968946 51.47
648 39309.59652569795 51.48
649 39770.38514223091 51.49
650 40012.03818293478 51.5
651 40514.97332592875 51.51
652 40796.72877362193 51.52
653 41390.43062474995 51.53
654 41752.07543977011 51.54
655 42008.90484294757 51.55
656 42284.41946025673 51.56
657 42550.98450012967 51.57
658 43478.02785240971 51.58
659 43656.50602806674 51.59
660 43856.83132985998 51.6
661 44195.79790947182 51.61
662 44462.76198226742 51.62
663 44741.76585942597 51.63
664 44969.64134757711 51.64
665 45272.00188362583 51.65
666 45571.67262266816 51.66
667 45777.08412836277 51.67
668 46019.36366912305 51.68
669 46273.0016650588 51.69
670 46521.56404399537 51.7
671 46758.3074408478 51.71
672 46976.59196796923 51.72
673 47175.09984895385 51.73
674 47347.12775454151 51.74
675 47520.42004365204 51.75
676 47569.30002540487 51.76
677 47689.01519540944 51.77
678 47729.25060981621 51.78
679 47749.61891958701 51.79
680 47750.30721144221 51.8
681 47722.2793429864 51.81
682 47680.35074581019 51.82
683 47626.63957310253 51.83
684 47562.71475165913 51.84
685 47523.84882360457 51.85
686 47466.03051610223 51.86
687 47375.06364397268 51.87
688 47259.79574466483 51.88
689 47100.611586369 51.89
690 46859.97085407982 51.9
691 46563.37274263411 51.91
692 46157.6028158525 51.92
693 45684.47198695144 51.93
694 45201.45426167098 51.94
695 44612.08544590231 51.95
696 44020.82428694932 51.96
697 43447.92648669994 51.97
698 42850.66355828386 51.98
699 42215.67348588633 51.99
700 41300.38432006128 52
701 40310.03586915267 52.01
702 39401.34149345547 52.02
703 38758.35959414866 52.03
704 38143.12845769875 52.04
705 37341.20580303049 52.05
706 36360.24426687588 52.06
707 35260.48442864499 52.07
708 34235.36463679154 52.08
709 33959.15170044326 52.09
710 33436.96696328909 52.1
711 32680.31152889792 52.11
712 31592.2690796001 52.12
713 30668.6703909832 52.13
714 30519.77567291584 52.14
715 30201.14735447762 52.15
716 29804.41258269914 52.16
717 29213.04608490264 52.17
718 28653.18643128224 52.18
719 28609.11384417345 52.19
720 28445.60387582198 52.2
721 28255.20371310098 52.21
722 28018.00804990025 52.22
723 27852.79702808028 52.23
724 27911.79358332133 52.24
725 27903.56151765718 52.25
726 27894.14660557902 52.26
727 27935.03648044124 52.27
728 28049.54038528225 52.28
729 28167.73590020774 52.29
730 28311.5120650733 52.3
731 28486.17267889896 52.31
732 28680.61767712409 52.32
733 28889.11503689241 52.33
734 29110.44258643372 52.34
735 29343.82542943201 52.35
736 29579.46773288345 52.36
737 29813.12229207992 52.37
738 30045.03939182156 52.38
739 30266.95736945443 52.39
740 30478.25266941024 52.4
741 30676.1588718637 52.41
742 30852.5992219719 52.42
743 31006.73195189663 52.43
744 31136.45388054871 52.44
745 31229.73593497339 52.45
746 31293.53444797152 52.46
747 31319.51818030961 52.47
748 31303.02507295582 52.48
749 31247.9411719639 52.49
750 31150.87353006483 52.5
751 31006.80637512836 52.51
752 30814.48776846644 52.52
753 30575.46369601441 52.53
754 30298.20334671623 52.54
755 29986.78528261471 52.55
756 29611.96480596528 52.56
757 29186.67769405969 52.57
758 28728.72752404268 52.58
759 28241.34426048621 52.59
760 27721.05800033519 52.6
761 26998.41238890054 52.61
762 26288.3603077616 52.62
763 25842.18307210083 52.63
764 25372.47201951563 52.64
765 24743.24457959946 52.65
766 24048.5824492818 52.66
767 23414.20270167986 52.67
768 22801.27708132424 52.68
769 22173.6517648403 52.69
770 21543.52880013496 52.7
771 20910.77293358127 52.71
772 20285.78179230097 52.72
773 19674.68362456237 52.73
774 19083.61410780557 52.74
775 18508.19505961911 52.75
776 17855.45642093887 52.76
777 17273.73756495115 52.77
778 16831.72063430267 52.78
779 16401.17578707879 52.79
780 15143.75979982829 52.8
781 14893.25866630666 52.81
782 14926.53395284692 52.82
783 14706.24265759988 52.83
784 14273.92274644213 52.84
785 13906.02373679344 52.85
786 13656.40293886422 52.86
787 13375.31133487749 52.87
788 13121.22624074781 52.88
789 12949.2370896977 52.89
790 12784.48086218305 52.9
791 12609.42162773596 52.91
792 12451.18370524388 52.92
793 12312.4156940733 52.93
794 12190.71872191731 52.94
795 12094.15129983755 52.95
796 12007.59087042045 52.96
797 11937.71589894516 52.97
798 11881.76008058901 52.98
799 11825.59073734827 52.99
800 11747.72414879051 53
801 11672.25750896774 53.01
802 11591.20438533086 53.02
803 11511.09163920324 53.03
804 11420.61993598944 53.04
805 11340.98518317239 53.05
806 11264.96447337209 53.06
807 11195.20750627519 53.07
808 11131.61522758935 53.08
809 11078.42160174056 53.09
810 11036.90397778808 53.1
811 10992.10387467945 53.11
812 10963.84153944695 53.12
813 10923.9350895314 53.13
814 10900.4504554567 53.14
815 10782.85734109783 53.15
816 10786.82877465363 53.16
817 10785.19741953221 53.17
818 10789.94779967529 53.18
819 10789.85909012298 53.19
820 10766.78654651767 53.2
821 10757.50012267118 53.21
822 10751.6912545566 53.22
823 10761.04558926737 53.23
824 10774.66120139103 53.24
825 10774.76180962515 53.25
826 10775.27596511834 53.26
827 10769.43411296935 53.27
828 10762.29519128501 53.28
829 10751.83053602253 53.29
830 10744.48486655717 53.3
831 10730.0036620827 53.31
832 10709.23283280507 53.32
833 10705.82398659504 53.33
834 10682.56408316497 53.34
835 10648.57496453565 53.35
836 10499.57271913696 53.36
837 10504.62366690852 53.37
838 10496.96516417129 53.38
839 10470.41482680258 53.39
840 10419.35677028583 53.4
841 10372.81965088431 53.41
842 10317.8805531444 53.42
843 10267.9737387159 53.43
844 10203.64540750003 53.44
845 10130.00722666405 53.45
846 10065.50262632882 53.46
847 9994.413504570926 53.47
848 9924.458435955914 53.48
849 9850.256837808363 53.49
850 9767.617842644951 53.5
851 9683.806725580949 53.51
852 9596.48524002173 53.52
853 9507.291268772025 53.53
854 9263.756261147078 53.54
855 9313.71907025142 53.55
856 9235.746828111225 53.56
857 9149.59036197454 53.57
858 9054.466263844402 53.58
859 8955.801376861795 53.59
860 8869.517360446092 53.6
861 8776.276224877691 53.61
862 8686.01637361075 53.62
863 8599.312252260121 53.63
864 8508.979477509783 53.64
865 8423.507207134342 53.65
866 8346.956203043772 53.66
867 8266.464820115711 53.67
868 8188.510347546433 53.68
869 8117.0631249839 53.69
870 8050.858728873369 53.7
871 7980.252581617946 53.71
872 7911.784572057301 53.72
873 7848.247393105861 53.73
874 7784.095263642841 53.74
875 7731.985109350446 53.75
876 7678.010096750761 53.76
877 7629.970760787139 53.77
878 7587.569886126554 53.78
879 7538.021887404178 53.79
880 7490.809002757389 53.8
881 7461.19237005484 53.81
882 7427.807162643958 53.82
883 7406.74280114788 53.83
884 7384.605756346569 53.84
885 7356.317688782801 53.85
886 7338.187913451973 53.86
887 7319.072495158439 53.87
888 7308.996410898923 53.88
889 7289.527060273018 53.89
890 7287.842754915557 53.9
891 7285.389087297709 53.91
892 7279.333569743952 53.92
893 7278.171047015162 53.93
894 7274.555144272777 53.94
895 7273.81836500227 53.95
896 7277.675742284104 53.96
897 7278.686459238967 53.97
898 7285.307844083781 53.98
899 7276.807397313257 53.99
900 7287.032471772836 54
901 7290.380000914005 54.01
902 7290.732544399395 54.02
903 7289.292263817077 54.03
904 7292.590518376827 54.04
905 7290.470957559649 54.05
906 7285.652847706483 54.06
907 7284.616711719389 54.07
908 7281.02700174616 54.08
909 7269.489163022236 54.09
910 7263.165920880569 54.1
911 7250.202303852057 54.11
912 7230.883051132148 54.12
913 7214.932791056472 54.13
914 7195.03457877016 54.14
915 7170.418708773907 54.15
916 7137.767592878859 54.16
917 7102.713301561997 54.17
918 7066.538133374046 54.18
919 7033.722164781799 54.19
920 6997.747746343182 54.2
921 6906.084203821511 54.21
922 6616.873927137352 54.22
923 6705.53662867356 54.23
924 6756.975730449884 54.24
925 6823.30509291025 54.25
926 5725.308866310497 54.26
927 6102.488663431813 54.27
928 6372.121280106851 54.28
929 6348.438585308204 54.29
930 6222.02802155991 54.3
931 6042.058750645836 54.31
932 5516.63703630015 54.32
933 5694.708680947456 54.33
934 5806.845395834186 54.34
935 5786.573699844479 54.35
936 5682.91868605686 54.36
937 5593.002586602827 54.37
938 5557.22264185057 54.38
939 5517.519332853199 54.39
940 5456.375415034417 54.4
941 5399.341234705873 54.41
942 5343.288024580445 54.42
943 5287.947136302463 54.43
944 5225.904421965915 54.44
945 5171.114963171905 54.45
946 5115.325462836341 54.46
947 5060.828136445542 54.47
948 5010.700989495812 54.48
949 4958.507693323408 54.49
950 4908.240179420487 54.5
951 4867.520705863391 54.51
952 4835.672918340852 54.52
953 4800.13895888475 54.53
954 4766.123541344512 54.54
955 4737.840751888091 54.55
956 4715.137901865606 54.56
957 4693.495752059816 54.57
958 4672.141658259081 54.58
959 4658.584559693632 54.59
960 4646.865428629779 54.6
961 4638.289674994941 54.61
962 4630.935549006517 54.62
963 4633.606322416632 54.63
964 4631.361550644312 54.64
965 4637.502137155184 54.65
966 4646.963781407819 54.66
967 4657.523376366342 54.67
968 4673.348467711596 54.68
969 4690.833409888764 54.69
970 4709.922107579785 54.7
971 4776.912691880292 54.71
972 4791.029732320994 54.72
973 4808.974984493962 54.73
974 4832.942986339748 54.74
975 4862.048261874739 54.75
976 4893.712420670471 54.76
977 4925.259601680033 54.77
978 4967.491067844786 54.78
979 4995.56828523752 54.79
980 5026.216932318784 54.8
981 5056.031269964123 54.81
982 5085.862138282866 54.82
983 5098.722913897691 54.83
984 5140.257307437357 54.84
985 5171.769748172846 54.85
986 5194.434002371218 54.86
987 5210.374933175735 54.87
988 5231.733700479876 54.88
989 5245.491976572969 54.89
990 5257.657536872981 54.9
991 5272.125534567471 54.91
992 5277.15702963144 54.92
993 5278.057805596739 54.93
994 5275.7980220991 54.94
995 5270.373095414451 54.95
996 5261.043170162347 54.96
997 5247.143294547337 54.97
998 5228.401659799803 54.98
999 5205.387415827665 54.99
1000 5178.227921589293 55
1001 5147.788404940353 55.01
1002 5113.452294724966 55.02
1003 5074.540239048035 55.03
1004 5031.817536430874 55.04
1005 4986.015685504474 55.05
1006 4936.456558300153 55.06
1007 4883.291495160515 55.07
1008 4825.69337278819 55.08
1009 4766.135061370451 55.09
1010 4611.61485248251 55.1
1011 4583.181688878694 55.11
1012 4551.027786577632 55.12
1013 4503.4782191518 55.13
1014 4441.495515387752 55.14
1015 4376.951862985416 55.15
1016 4315.323670206265 55.16
1017 4254.016967530931 55.17
1018 4195.287652380071 55.18
1019 4144.179526458657 55.19
1020 4095.897995553735 55.2
1021 4049.473763904666 55.21
1022 4004.01378295999 55.22
1023 3878.178377358511 55.23
1024 3880.832434635297 55.24
1025 3826.658155608587 55.25
1026 3784.54272754573 55.26
1027 3741.730844878929 55.27
1028 3698.335363500261 55.28
1029 3658.827393305908 55.29
1030 3623.00013357438 55.3
1031 3591.257570788887 55.31
1032 3564.128702035655 55.32
1033 3540.9808268673 55.33
1034 3523.747981872467 55.34
1035 3509.903249675863 55.35
1036 3497.828386850841 55.36
1037 3487.47046612882 55.37
1038 3482.930859355197 55.38
1039 3480.147133613733 55.39
1040 3482.91645721836 55.4
1041 3488.4849356138 55.41
1042 3498.724377812443 55.42
1043 3510.153354826204 55.43
1044 3524.244296612969 55.44
1045 3541.207089060379 55.45
1046 3560.733242011913 55.46
1047 3582.440819757171 55.47
1048 3607.675437529382 55.48
1049 3632.629497683205 55.49
1050 3656.804367103032 55.5
1051 3682.632222854527 55.51
1052 3709.683891151386 55.52
1053 3737.167017855051 55.53
1054 3764.64454767619 55.54
1055 3792.669854637739 55.55
1056 3820.46580779217 55.56
1057 3847.838136129583 55.57
1058 3874.845815000008 55.58
1059 3900.611905605503 55.59
1060 3925.0658437806 55.6
1061 3948.150536063819 55.61
1062 3969.126441060193 55.62
1063 3987.383225410033 55.63
1064 4002.343968653162 55.64
1065 4016.731716083658 55.65
1066 4025.570419951517 55.66
1067 4030.180527882266 55.67
1068 4030.907152903261 55.68
1069 4026.787859713823 55.69
1070 4018.81529713569 55.7
1071 4006.26000358977 55.71
1072 3989.245061358546 55.72
1073 3968.74910237937 55.73
1074 3943.816279939216 55.74
1075 3917.115214732891 55.75
1076 3885.396455508766 55.76
1077 3850.514994477105 55.77
1078 3812.483416267577 55.78
1079 3772.91937072598 55.79
1080 3588.280069591379 55.8
1081 3290.230767923924 55.81
1082 3463.751665208607 55.82
1083 3520.923849549415 55.83
1084 3466.221385245811 55.84
1085 3397.373189063987 55.85
1086 3350.230711654135 55.86
1087 3311.444444375785 55.87
1088 3269.656550671793 55.88
1089 3225.602407020299 55.89
1090 3181.045876559828 55.9
1091 3136.961456095929 55.91
1092 3093.11217311632 55.92
1093 3049.010727906773 55.93
1094 3005.936911608254 55.94
1095 2963.886244035275 55.95
1096 2923.485274573536 55.96
1097 2885.757758119052 55.97
1098 2850.145327319095 55.98
1099 2817.362316839706 55.99
1100 2787.620414463952 56
1101 2760.843040259198 56.01
1102 2737.355609282956 56.02
1103 2686.054701005383 56.03
1104 2674.464038888464 56.04
1105 2669.720242557675 56.05
1106 2662.290398815384 56.06
1107 2653.219424902465 56.07
1108 2648.561645965104 56.08
1109 2647.793402369551 56.09
1110 2649.544567095754 56.1
1111 2654.236404403312 56.11
1112 2663.143513168518 56.12
1113 2672.212923134084 56.13
1114 2685.5329136196 56.14
1115 2701.845750696803 56.15
1116 2720.319403104398 56.16
1117 2740.478164649515 56.17
1118 2763.12327574104 56.18
1119 2787.237966049443 56.19
1120 2813.386510130393 56.2
1121 2843.593624299698 56.21
1122 2873.536059592714 56.22
1123 2904.780329463096 56.23
1124 2937.331158569481 56.24
1125 2970.627798734049 56.25
1126 3004.757237087263 56.26
1127 3039.650542072439 56.27
1128 3074.503348069379 56.28
1129 3108.629989592575 56.29
1130 3142.380639733188 56.3
1131 3175.181768936606 56.31
1132 3217.103135217766 56.32
1133 3245.794446017209 56.33
1134 3273.113305575919 56.34
1135 3298.48739986163 56.35
1136 3321.871231051884 56.36
1137 3342.021412362837 56.37
1138 3358.853773746916 56.38
1139 3372.458699561644 56.39
1140 3382.219630489854 56.4
1141 3389.112520519958 56.41
1142 3391.239684587167 56.42
1143 3389.446562827681 56.43
1144 3383.543641929412 56.44
1145 3373.923194511342 56.45
1146 3360.514305813283 56.46
1147 3284.740746915473 56.47
1148 3235.539850886525 56.48
1149 3250.503399137029 56.49
1150 3228.225991093201 56.5
1151 3198.581271412315 56.51
1152 3163.328478439348 56.52
1153 3129.695310789373 56.53
1154 3094.127516514397 56.54
1155 3055.512995410882 56.55
1156 3016.542523203495 56.56
1157 2975.551307457237 56.57
1158 2781.01837675195 56.58
1159 2695.637390877339 56.59
1160 2894.764061283736 56.6
1161 2874.078872220239 56.61
1162 2691.731073286006 56.62
1163 2662.025417991417 56.63
1164 2631.237045039452 56.64
1165 2595.994210585515 56.65
1166 2554.841448751727 56.66
1167 2515.082550305713 56.67
1168 2479.032307570034 56.68
1169 2445.477205122377 56.69
1170 2413.89609643903 56.7
1171 2384.45355336877 56.71
1172 2357.704257788193 56.72
1173 2333.276983982305 56.73
1174 2312.197344435748 56.74
1175 2294.220433315442 56.75
1176 2278.650264814195 56.76
1177 2265.860072057761 56.77
1178 2256.001860771121 56.78
1179 2249.02571941612 56.79
1180 2245.167076402569 56.8
1181 2244.07045372124 56.81
1182 2244.174066794644 56.82
1183 2249.050182001431 56.83
1184 2264.42468552077 56.84
1185 2273.192076305013 56.85
1186 2285.111649292725 56.86
1187 2300.251451530831 56.87
1188 2317.490290924874 56.88
1189 2336.618815500179 56.89
1190 2358.269952639438 56.9
1191 2383.403504323063 56.91
1192 2409.078274568564 56.92
1193 2435.506113678669 56.93
1194 2464.248477894108 56.94
1195 2499.175562019886 56.95
1196 2528.291535653392 56.96
1197 2557.798343293304 56.97
1198 2588.203166685767 56.98
1199 2618.506171269491 56.99
1200 2647.535678903724 57
1201 2674.979696708031 57.01
1202 2701.608665466573 57.02
1203 2727.108449931752 57.03
1204 2750.894535946633 57.04
1205 2772.431593759892 57.05
1206 2791.63184955866 57.06
1207 2807.76997224704 57.07
1208 2821.056480643124 57.08
1209 2811.686131346153 57.09
1210 2837.352098799969 57.1
1211 2845.363056044587 57.11
1212 2852.956623506324 57.12
1213 2843.265297949669 57.13
1214 2832.597685936923 57.14
1215 2821.638830543614 57.15
1216 2806.777679944639 57.16
1217 2788.894189213584 57.17
1218 2768.72393966834 57.18
1219 2743.550123891379 57.19
1220 2714.262951053037 57.2
1221 2685.436509270871 57.21
1222 2620.768896531015 57.22
1223 2566.380193531781 57.23
1224 2539.124784923374 57.24
1225 2510.865095262398 57.25
1226 2473.594253063761 57.26
1227 2434.962623006272 57.27
1228 2396.318002422825 57.28
1229 2358.137992410307 57.29
1230 2320.453795429441 57.3
1231 2283.607207478454 57.31
1232 2246.560319695753 57.32
1233 2203.467404205429 57.33
1234 2169.582940401188 57.34
1235 2140.755514751786 57.35
1236 2110.430732877961 57.36
1237 2079.989837010329 57.37
1238 2052.087050219596 57.38
1239 2027.027447806275 57.39
1240 2004.140371202741 57.4
1241 1984.688511176461 57.41
1242 1836.527285764676 57.42
1243 1853.81197888916 57.43
1244 1888.479758170756 57.44
1245 1889.256773949247 57.45
1246 1877.626100192475 57.46
1247 1872.675016272223 57.47
1248 1871.86959143672 57.48
1249 1875.201186673853 57.49
1250 1879.353519733858 57.5
1251 1885.463427324991 57.51
1252 1894.959704267226 57.52
1253 1905.719138059892 57.53
1254 1918.141144659062 57.54
1255 1932.729200903218 57.55
1256 1948.470851598788 57.56
1257 1966.646995401539 57.57
1258 1986.724301727175 57.58
1259 2008.257495717558 57.59
1260 2031.617864566637 57.6
1261 2055.678485440821 57.61
1262 2080.689058191824 57.62
1263 2104.688017550125 57.63
1264 2133.263806143008 57.64
1265 2160.201157335138 57.65
1266 2185.838320638407 57.66
1267 2210.875032625823 57.67
1268 2235.289305289537 57.68
1269 2259.162677920639 57.69
1270 2282.092005936052 57.7
1271 2302.875768726437 57.71
1272 2321.651209520003 57.72
1273 2338.167800134518 57.73
1274 2355.097961163059 57.74
1275 2365.31747629294 57.75
1276 2373.034021893655 57.76
1277 2372.291364500746 57.77
1278 2355.5212048172 57.78
1279 2367.398165657108 57.79
1280 2369.034063729034 57.8
1281 2361.609003987481 57.81
1282 2350.512474601333 57.82
1283 2339.464698176808 57.83
1284 2322.382021516364 57.84
1285 2303.72179763526 57.85
1286 2281.203656838935 57.86
1287 2258.715423011643 57.87
1288 2138.578137614861 57.88
1289 2131.454768671613 57.89
1290 2085.81185703386 57.9
1291 2088.43336587668 57.91
1292 2050.440041503214 57.92
1293 2021.162741747988 57.93
1294 1996.078769485896 57.94
1295 1969.230943672106 57.95
1296 1941.947558119621 57.96
1297 1913.243622344296 57.97
1298 1885.461668286733 57.98
1299 1858.721402040749 57.99
1300 1832.547358487242 58
1301 1807.734793349658 58.01
1302 1279.204457307634 58.02
1303 1391.364866976798 58.03
1304 1583.412696197604 58.04
1305 1601.44769098491 58.05
1306 1571.396732481545 58.06
1307 1557.26955242965 58.07
1308 1555.296365079544 58.08
1309 1555.855702693264 58.09
1310 1556.060963298201 58.1
1311 1557.004803365988 58.11
1312 1559.315454336737 58.12
1313 1561.239063999669 58.13
1314 1571.175640535075 58.14
1315 1577.912528826929 58.15
1316 1585.529727548726 58.16
1317 1594.188818791639 58.17
1318 1605.650759528773 58.18
1319 1619.266051000812 58.19
1320 1634.887729470719 58.2
1321 1652.913467574289 58.21
1322 1671.638253392508 58.22
1323 1691.341580831109 58.23
1324 1711.747477836823 58.24
1325 1733.361636914547 58.25
1326 1755.618724550277 58.26
1327 1778.640783097392 58.27
1328 1801.726429813842 58.28
1329 1825.300818944261 58.29
1330 1848.299566688794 58.3
1331 1870.422279393956 58.31
1332 1892.513410747851 58.32
1333 1914.122965555641 58.33
1334 1934.623129853191 58.34
1335 1953.708223634321 58.35
1336 1970.88768896283 58.36
1337 1986.227236059167 58.37
1338 2000.640610360704 58.38
1339 2010.870937994546 58.39
1340 2019.477595306483 58.4
1341 2025.220387220176 58.41
1342 2028.135561198377 58.42
1343 2028.082430972569 58.43
1344 2026.501345066088 58.44
1345 2023.64732908207 58.45
1346 2014.435973061788 58.46
1347 2003.812926818714 58.47
1348 1990.988170404691 58.48
1349 1974.80005842435 58.49
1350 1956.546114780067 58.5
1351 1937.122452910999 58.51
1352 1760.906857613185 58.52
1353 1587.042604401687 58.53
1354 1700.097603222349 58.54
1355 1735.660358099361 58.55
1356 1709.857991792873 58.56
1357 1610.947509500051 58.57
1358 1595.40363793693 58.58
1359 1581.792409572251 58.59
1360 1574.283108623421 58.6
1361 1561.4212821509 58.61
1362 1544.568164668841 58.62
1363 1526.781615419103 58.63
1364 1509.407768562894 58.64
1365 1493.931507144068 58.65
1366 1478.461079461124 58.66
1367 1384.274575360973 58.67
1368 1376.863752282732 58.68
1369 1381.927407099279 58.69
1370 1379.51649870634 58.7
1371 1372.832954473212 58.71
1372 1367.066872618608 58.72
1373 1364.502663579493 58.73
1374 1362.440059720252 58.74
1375 1363.945113827372 58.75
1376 1365.997164199323 58.76
1377 1370.016883578117 58.77
1378 1375.959302188417 58.78
1379 1382.882413799646 58.79
1380 1391.024312709462 58.8
1381 1409.307751871926 58.81
1382 1419.871150072026 58.82
1383 1433.25481417522 58.83
1384 1448.623826782152 58.84
1385 1464.955430507141 58.85
1386 1481.909253244633 58.86
1387 1499.927059248445 58.87
1388 1519.69936028038 58.88
1389 1540.114172862254 58.89
1390 1560.706278780468 58.9
1391 1582.415361634896 58.91
1392 1604.220677062561 58.92
1393 1625.533933085886 58.93
1394 1645.419480574771 58.94
1395 1666.928619206039 58.95
1396 1686.321992296334 58.96
1397 1704.440923259493 58.97
1398 1721.671545625156 58.98
1399 1736.882402659078 58.99
1400 1749.82965019714 59
1401 1760.907007093575 59.01
1402 1771.308113380991 59.02
1403 1777.459033992043 59.03
1404 1785.126405731225 59.04
1405 1788.223082995477 59.05
1406 1787.049435207663 59.06
1407 1782.913798086432 59.07
1408 1777.125339160787 59.08
1409 1770.397756108294 59.09
1410 1760.544718579372 59.1
1411 1747.289965645401 59.11
1412 1733.072609703475 59.12
1413 1585.455136238384 59.13
1414 1521.180138779538 59.14
1415 1555.40168459835 59.15
1416 1571.807051323546 59.16
1417 1553.651655791019 59.17
1418 1529.039122289666 59.18
1419 1508.798695246599 59.19
1420 1491.968454044323 59.2
1421 1475.194756649941 59.21
1422 1457.963196709015 59.22
1423 1440.526159932368 59.23
1424 1423.700737133893 59.24
1425 1407.379482006155 59.25
1426 1391.635322900794 59.26
1427 1290.27501701406 59.27
1428 1327.960000878404 59.28
1429 1359.703393650449 59.29
1430 1347.622600263478 59.3
1431 1334.182302896825 59.31
1432 1323.273312898911 59.32
1433 1318.860125639605 59.33
1434 1316.456067964636 59.34
1435 1314.725631272788 59.35
1436 1313.907054999238 59.36
1437 1314.392750419971 59.37
1438 1316.099366808804 59.38
1439 1319.308810738794 59.39
1440 1323.845233912858 59.4
1441 1329.803114827159 59.41
1442 1337.262218641499 59.42
1443 1346.007631591466 59.43
1444 1355.343137579453 59.44
1445 1367.750348631077 59.45
1446 1381.361350715843 59.46
1447 1396.88282705548 59.47
1448 1412.56495785324 59.48
1449 1428.424970161083 59.49
1450 1444.855421425953 59.5
1451 1461.677308521801 59.51
1452 1478.91698660428 59.52
1453 1496.184910767932 59.53
1454 1512.992273871767 59.54
1455 1529.285871198609 59.55
1456 1544.919129603906 59.56
1457 1600.002098815781 59.57
1458 1612.305579903523 59.58
1459 1622.334562516671 59.59
1460 1631.966563333359 59.6
1461 1638.503953116677 59.61
1462 1501.368379643439 59.62
1463 1622.348246223743 59.63
1464 1624.376682821809 59.64
1465 1625.250417898663 59.65
1466 1622.994332016349 59.66
1467 1617.480704133512 59.67
1468 1598.362675549683 59.68
1469 1592.202868547804 59.69
1470 1582.885079963103 59.7
1471 1572.435870154521 59.71
1472 1561.656847838093 59.72
1473 1547.618241467709 59.73
1474 1532.726591101128 59.74
1475 1516.989464847503 59.75
1476 1500.767044140718 59.76
1477 1483.966862600575 59.77
1478 1466.592827881718 59.78
1479 1448.753306613264 59.79
1480 1431.866829011632 59.8
1481 1412.351856910755 59.81
1482 1397.449602310324 59.82
1483 1380.507377980178 59.83
1484 1365.880669809847 59.84
1485 1352.843597847023 59.85
1486 1336.880819577443 59.86
1487 1327.333925297316 59.87
1488 1315.80578564671 59.88
1489 1308.479490171756 59.89
1490 1299.077067747274 59.9
1491 1292.167031673863 59.91
1492 1286.091976469907 59.92
1493 1280.924433414107 59.93
1494 1277.034012035875 59.94
1495 1274.905661166406 59.95
1496 1274.085654804242 59.96
1497 1286.788269972357 59.97
1498 1289.175067955747 59.98
1499 1304.487711134682 59.99
1500 1311.429639439716 60
