"frac-mass-o2-rfile"
"Time Step" "frac-mass-o2 etc.."
("Time Step" "frac-mass-o2" "flow-time")
0 0.2249370544845088 0
1 0.2236665685718929 0.1
2 0.2235522132342646 0.2
3 0.2230209215435619 0.3
4 0.2222106120095524 0.4
5 0.2213876703119214 0.5
6 0.2207227360223145 0.6000000000000001
7 0.2199988489528131 0.7000000000000001
8 0.2191489375921547 0.8
9 0.2181576314665482 0.9
10 0.2171615389492604 1
11 0.216203068651847 1.1
12 0.2151927036390917 1.2
13 0.2141138104483459 1.3
14 0.2129782410866783 1.4
15 0.2118772145245231 1.5
16 0.2107402275467157 1.6
17 0.2096485715981525 1.7
18 0.2084735649429111 1.8
19 0.2073355291795096 1.9
20 0.2061757898990688 2
21 0.2049941892931487 2.1
22 0.203821084956441 2.2
23 0.2025957260612234 2.3
24 0.2014248613396376 2.4
25 0.2002515648447033 2.5
26 0.1989800782888205 2.6
27 0.1977393587734899 2.7
28 0.1964401694084475 2.8
29 0.195125384314776 2.9
30 0.193794916861329 3
31 0.1924460302059584 3.1
32 0.19107645203936 3.2
33 0.1897003043990744 3.3
34 0.1883000470255409 3.4
35 0.1868791368864199 3.5
36 0.1854499564559236 3.6
37 0.1839906389914873 3.7
38 0.1825140731987039 3.8
39 0.1810193904783364 3.9
40 0.179506337516185 4
41 0.1779754662529624 4.100000000000001
42 0.1764280138212676 4.2
43 0.1748649100846022 4.3
44 0.1732911524541638 4.4
45 0.1717015419032843 4.5
46 0.1701018568535949 4.600000000000001
47 0.1684901648497486 4.7
48 0.1668696183648754 4.800000000000001
49 0.1652414027978278 4.9
50 0.1636060542990481 5
51 0.1619625857931012 5.100000000000001
52 0.1603119140761972 5.2
53 0.1586552228602864 5.300000000000001
54 0.1569927164941084 5.4
55 0.1553279858517415 5.5
56 0.1536551859797923 5.600000000000001
57 0.1519819299843412 5.7
58 0.1503055375756097 5.800000000000001
59 0.1486240571229232 5.9
60 0.1469415294035429 6
61 0.1452524918081976 6.100000000000001
62 0.1435617061401049 6.2
63 0.1418679950142026 6.300000000000001
64 0.1402186765665782 6.4
65 0.1385130438256608 6.5
66 0.1368028066027153 6.600000000000001
67 0.1350796475541356 6.7
68 0.1333512405659392 6.800000000000001
69 0.1316124318838442 6.9
70 0.129860624051098 7
71 0.1280955902457132 7.100000000000001
72 0.12634331694612 7.2
73 0.124560523834968 7.300000000000001
74 0.1227555164178016 7.4
75 0.1209406319741037 7.5
76 0.1191141313733763 7.600000000000001
77 0.1172726763456968 7.7
78 0.1154109015951822 7.800000000000001
79 0.1135359601400292 7.9
80 0.1116395550321875 8
81 0.1097606876064004 8.1
82 0.107832128007966 8.200000000000001
83 0.1058897224472029 8.300000000000001
84 0.1039380047399366 8.4
85 0.1019738474676951 8.5
86 0.09999059346247748 8.6
87 0.09799089376016483 8.700000000000001
88 0.09597896247700048 8.800000000000001
89 0.09398170643454286 8.9
90 0.09194586702444037 9
91 0.08989659781698781 9.1
92 0.08784619506196865 9.200000000000001
93 0.08578110761414447 9.300000000000001
94 0.08372769500912856 9.4
95 0.08166588680908833 9.5
96 0.07960558705659115 9.600000000000001
97 0.07753151583325449 9.700000000000001
98 0.07546191111612853 9.800000000000001
99 0.07339142475608412 9.9
100 0.07163937485466829 10
101 0.06988944225016198 10.1
102 0.06780271354272295 10.2
103 0.06603900547723518 10.3
104 0.06427009380485171 10.4
105 0.06216963456999443 10.5
106 0.06040346410787439 10.6
107 0.05865881148650749 10.7
108 0.05690918221358997 10.8
109 0.05514292026449386 10.9
110 0.05337818043526291 11
111 0.05164063633057759 11.1
112 0.04989833840848577 11.2
113 0.04819247311285622 11.3
114 0.046495611305038 11.4
115 0.04479159501271894 11.5
116 0.04307626198595499 11.6
117 0.04142296243075119 11.7
118 0.03975231836091127 11.8
119 0.03810065999563772 11.9
120 0.03644954554094787 12
121 0.03481205085431684 12.1
122 0.03322339444903218 12.2
123 0.03166053789936279 12.3
124 0.03013347789082637 12.4
125 0.02861235926936835 12.5
126 0.02713904321618989 12.6
127 0.02572872080336566 12.7
128 0.024357452823321 12.8
129 0.02259621982172263 12.9
130 0.02137432746032982 13
131 0.01958653488682988 13.1
132 0.0185211215740988 13.2
133 0.01690103137288082 13.3
134 0.01596243927131952 13.4
135 0.01449441244011188 13.5
136 0.01366184078972943 13.6
137 0.01225215216454124 13.7
138 0.01152853323216515 13.8
139 0.01019943838385427 13.9
140 0.009531003477113669 14
141 0.008284858642206272 14.1
142 0.007680476341729348 14.2
143 0.006574055257989915 14.3
144 0.006014155776477784 14.4
145 0.005493395770935237 14.5
146 0.004489880199776759 14.6
147 0.003984318784675819 14.7
148 0.00350787305138967 14.8
149 0.00253666211662701 14.9
150 0.002104573198353932 15
151 0.00171326142050417 15.1
152 0.0008827375994199753 15.2
153 0.0006159923898659132 15.3
154 0.000416252282099444 15.4
155 1.352115255312842e-06 15.5
156 4.429392146328946e-09 15.6
157 1.648769651242105e-11 15.7
158 6.480131089708153e-14 15.8
159 2.604884070423536e-16 15.9
160 1.050900318111716e-18 16
161 4.299590477174478e-21 16.1
162 3.551247247610406e-23 16.2
163 2.844469155854207e-24 16.3
164 1.844211554314361e-25 16.4
165 2.503412854597846e-26 16.5
166 6.250518550547103e-27 16.6
167 2.486150771980933e-27 16.7
168 1.18448287055595e-27 16.8
169 5.179215239338637e-28 16.9
170 1.768665290947272e-28 17
171 4.198042973581933e-29 17.1
172 1.066736037649589e-29 17.2
173 6.676730548722115e-30 17.3
174 4.857346662751605e-30 17.4
175 2.994318010656165e-30 17.5
176 1.350647282431021e-30 17.6
177 5.952469342658619e-31 17.7
178 4.477984188025887e-31 17.8
179 4.187547516289881e-31 17.9
180 3.865955451794455e-31 18
181 3.253905494930525e-31 18.1
182 2.375323716571379e-31 18.2
183 2.027074786066046e-31 18.3
184 1.935613555862038e-31 18.4
185 1.857727354634487e-31 18.5
186 1.740498358868969e-31 18.6
187 1.476837440929156e-31 18.7
188 1.26099118780621e-31 18.8
189 1.19944225869321e-31 18.9
190 1.16897964052495e-31 19
191 1.128549356184452e-31 19.1
192 1.042392541283404e-31 19.2
193 9.07579994336623e-32 19.3
194 8.522392422989826e-32 19.4
195 8.323505911502552e-32 19.5
196 8.081278872680616e-32 19.6
197 7.78082381562626e-32 19.7
198 7.120887182063245e-32 19.8
199 6.528193493378388e-32 19.9
200 6.294420689194043e-32 20
201 6.17419449865504e-32 20.1
202 6.043775385671702e-32 20.2
203 5.782781367824177e-32 20.3
204 5.258040547741399e-32 20.4
205 5.014957408951004e-32 20.5
206 4.932947223892302e-32 20.6
207 4.849538436839439e-32 20.7
208 4.701067085605808e-32 20.8
209 4.438992162803489e-32 20.9
210 4.162935846338435e-32 21
211 4.068275913065597e-32 21.1
212 3.986344852972536e-32 21.2
213 3.919698451231397e-32 21.3
214 3.798517007334856e-32 21.4
215 3.558431590069914e-32 21.5
216 3.40515081732897e-32 21.6
217 3.358555346483306e-32 21.7
218 3.317156267611109e-32 21.8
219 3.253171260303224e-32 21.9
220 3.099215528119459e-32 22
221 2.943203948736879e-32 22.1
222 2.891485153936086e-32 22.2
223 2.871837493067812e-32 22.3
224 2.870114392800292e-32 22.4
225 2.868366544192277e-32 22.5
226 2.866586668521076e-32 22.6
227 2.864768589716694e-32 22.7
228 2.862905418746924e-32 22.8
229 2.860988923402045e-32 22.9
230 2.859009307037923e-32 23
231 2.856954607700343e-32 23.1
232 2.854810033040839e-32 23.2
233 2.852557360099895e-32 23.3
234 2.850174895664027e-32 23.4
235 2.847638174084091e-32 23.5
236 2.844923284675702e-32 23.6
237 2.842014360779078e-32 23.7
238 2.838915087577079e-32 23.8
239 2.835661205481818e-32 23.9
240 2.832323840484436e-32 24
241 2.828993430628427e-32 24.1
242 2.825748335478973e-32 24.2
243 2.822632299656602e-32 24.3
244 2.819654292380789e-32 24.4
245 2.816801561372018e-32 24.5
246 2.814052604078628e-32 24.6
247 2.811384495992082e-32 24.7
248 2.808775714937213e-32 24.8
249 2.806206552435916e-32 24.9
250 2.803659000902707e-32 25
251 2.801116548043139e-32 25.1
252 2.73185812780018e-32 25.2
253 2.60050853067143e-32 25.3
254 2.522056050571566e-32 25.4
255 2.480869488012164e-32 25.5
256 2.455575258332139e-32 25.6
257 2.419606855594506e-32 25.7
258 2.337374044517931e-32 25.8
259 2.229023562118794e-32 25.9
260 2.195417526750324e-32 26
261 2.176504512638557e-32 26.1
262 2.1678740437453e-32 26.2
263 2.166693674088171e-32 26.3
264 2.165487167987231e-32 26.4
265 2.16425191041574e-32 26.5
266 2.162985357487346e-32 26.6
267 2.161684747005967e-32 26.7
268 2.160347166322151e-32 26.8
269 2.15896930403155e-32 26.9
270 2.157547347431663e-32 27
271 2.156076854981441e-32 27.1
272 2.154552674127686e-32 27.2
273 2.104815775779961e-32 27.3
274 2.024497708759196e-32 27.4
275 1.969375258929293e-32 27.5
276 1.95035977756555e-32 27.6
277 1.932552901039787e-32 27.7
278 1.931131189119962e-32 27.8
279 1.929738243749425e-32 27.9
280 1.92838078443967e-32 28
281 1.927061912276553e-32 28.1
282 1.925780457269148e-32 28.2
283 1.900806570905824e-32 28.3
284 1.852206559287799e-32 28.4
285 1.786702966676764e-32 28.5
286 1.754501776045618e-32 28.6
287 1.738918351999196e-32 28.7
288 1.738225474431076e-32 28.8
289 1.737533012558598e-32 28.9
290 1.736838467387637e-32 29
291 1.736140306127594e-32 29.1
292 1.735437291925151e-32 29.2
293 1.734728077282629e-32 29.3
294 1.734011411000748e-32 29.4
295 1.733286131296477e-32 29.5
296 1.732551141078033e-32 29.6
297 1.731805371416935e-32 29.7
298 1.731047618165707e-32 29.8
299 1.730276712643107e-32 29.9
300 1.729491495019823e-32 30
301 1.728690711972503e-32 30.1
302 1.727873074523309e-32 30.2
303 1.727037214082543e-32 30.3
304 1.726181675253379e-32 30.4
305 1.725304903798103e-32 30.5
306 1.724405218624636e-32 30.6
307 1.723480801268995e-32 30.7
308 1.722529671187118e-32 30.8
309 1.72154965127919e-32 30.9
310 1.720538345054078e-32 31
311 1.71949311354171e-32 31.1
312 1.718411000124903e-32 31.2
313 1.717288736374711e-32 31.3
314 1.681345661006463e-32 31.4
315 1.620740962894027e-32 31.5
316 1.591268170155459e-32 31.6
317 1.585309784078595e-32 31.7
318 1.584767752801415e-32 31.8
319 1.584229811117461e-32 31.9
320 1.583693934254575e-32 32
321 1.583158794600758e-32 32.1
322 1.582623277579154e-32 32.2
323 1.582086361394869e-32 32.3
324 1.581547253071179e-32 32.4
325 1.58100505623797e-32 32.5
326 1.580459038568261e-32 32.6
327 1.579908454354396e-32 32.7
328 1.579352582075961e-32 32.8
329 1.578790688096385e-32 32.9
330 1.5782221153144e-32 33
331 1.577646147654671e-32 33.1
332 1.577062086991149e-32 33.2
333 1.576469200735304e-32 33.3
334 1.575866738803282e-32 33.4
335 1.575253891516401e-32 33.5
336 1.574629822272147e-32 33.6
337 1.573993599711415e-32 33.7
338 1.573344199797315e-32 33.8
339 1.572680537172277e-32 33.9
340 1.572001441795682e-32 34
341 1.571305515459576e-32 34.1
342 1.570591141896611e-32 34.2
343 1.569856575892119e-32 34.3
344 1.569099682150784e-32 34.4
345 1.568318095001425e-32 34.5
346 1.567508799200824e-32 34.6
347 1.566668259426919e-32 34.7
348 1.565792225971914e-32 34.8
349 1.56487538072111e-32 34.9
350 1.563911278279854e-32 35
351 1.562891964080714e-32 35.1
352 1.561808189765467e-32 35.2
353 1.56064963070469e-32 35.3
354 1.559406270844421e-32 35.4
355 1.558071640591782e-32 35.5
356 1.556646853939481e-32 35.6
357 1.555144797689501e-32 35.7
358 1.521917163043121e-32 35.8
359 1.477641112369966e-32 35.9
360 1.453984382514651e-32 36
361 1.444261661185738e-32 36.1
362 1.443492195349249e-32 36.2
363 1.442673300762148e-32 36.3
364 1.441802013923428e-32 36.4
365 1.440882983330693e-32 36.5
366 1.439930416182394e-32 36.6
367 1.438967005307929e-32 36.7
368 1.438017187300495e-32 36.8
369 1.437099557432267e-32 36.9
370 1.436223705508921e-32 37
371 1.435391492109671e-32 37.1
372 1.434600023475665e-32 37.2
373 1.43384416745359e-32 37.3
374 1.433118205834272e-32 37.4
375 1.43241665482364e-32 37.5
376 1.43173455217983e-32 37.6
377 1.431067507031148e-32 37.7
378 1.430411656609037e-32 37.8
379 1.429763622449599e-32 37.9
380 1.429120444014467e-32 38
381 1.428479566690137e-32 38.1
382 1.427838773312431e-32 38.2
383 1.427196090190327e-32 38.3
384 1.426549717993847e-32 38.40000000000001
385 1.42589797395548e-32 38.5
386 1.425239245848299e-32 38.6
387 1.424571952872257e-32 38.7
388 1.423894506091443e-32 38.8
389 1.423205282124977e-32 38.90000000000001
390 1.42250256953175e-32 39
391 1.421784538073038e-32 39.1
392 1.421049203454801e-32 39.2
393 1.399612739900826e-32 39.3
394 1.362009801548938e-32 39.40000000000001
395 1.33128352456116e-32 39.5
396 1.320387559870514e-32 39.6
397 1.319553499434199e-32 39.7
398 1.319141661879025e-32 39.8
399 1.318731721801564e-32 39.90000000000001
400 1.318322628910099e-32 40
401 1.317913479802538e-32 40.1
402 1.317503529913834e-32 40.2
403 1.317092059038566e-32 40.3
404 1.316678390247651e-32 40.40000000000001
405 1.316261860452466e-32 40.5
406 1.315841826033708e-32 40.6
407 1.315417663496144e-32 40.7
408 1.314988763245375e-32 40.8
409 1.314554533341693e-32 40.90000000000001
410 1.314114386462491e-32 41
411 1.313667747312253e-32 41.1
412 1.313214016652684e-32 41.2
413 1.312752597779499e-32 41.3
414 1.312282869367302e-32 41.40000000000001
415 1.31180419858901e-32 41.5
416 1.31131589019518e-32 41.6
417 1.310817249832648e-32 41.7
418 1.310307501180897e-32 41.8
419 1.30978583771113e-32 41.90000000000001
420 1.309251403508448e-32 42
421 1.308703227116662e-32 42.1
422 1.308140291490584e-32 42.2
423 1.307561467712383e-32 42.3
424 1.306965545750606e-32 42.40000000000001
425 1.306351181163677e-32 42.5
426 1.305716915088932e-32 42.6
427 1.305061090143348e-32 42.7
428 1.304381882552409e-32 42.8
429 1.30367730201656e-32 42.90000000000001
430 1.281342002356314e-32 43
431 1.244325406636764e-32 43.1
432 1.225548112632808e-32 43.2
433 1.221336989455289e-32 43.3
434 1.220984379615775e-32 43.40000000000001
435 1.220633915612009e-32 43.5
436 1.22028443692195e-32 43.6
437 1.219935108442111e-32 43.7
438 1.21958519586498e-32 43.8
439 1.219234035907074e-32 43.90000000000001
440 1.218880999194406e-32 44
441 1.218525479793303e-32 44.1
442 1.218166861855545e-32 44.2
443 1.217804543141435e-32 44.3
444 1.217437922125217e-32 44.40000000000001
445 1.217066374400238e-32 44.5
446 1.216689245549514e-32 44.6
447 1.216305825022214e-32 44.7
448 1.215915335316416e-32 44.8
449 1.215516915785359e-32 44.90000000000001
450 1.215109602629221e-32 45
451 1.214692273446469e-32 45.1
452 1.214263628894939e-32 45.2
453 1.213822132883073e-32 45.3
454 1.213365941069211e-32 45.40000000000001
455 1.212892802842013e-32 45.5
456 1.212399992429553e-32 45.6
457 1.211884188817652e-32 45.7
458 1.21134166234106e-32 45.8
459 1.210768839563981e-32 45.90000000000001
460 1.210160800029372e-32 46
461 1.20951245687853e-32 46.1
462 1.208819451016785e-32 46.2
463 1.20807942365313e-32 46.3
464 1.207293787448063e-32 46.40000000000001
465 1.206471625973405e-32 46.5
466 1.205628194828724e-32 46.6
467 1.20478076765222e-32 46.7
468 1.20394328888439e-32 46.8
469 1.203123708025917e-32 46.90000000000001
470 1.202324058000906e-32 47
471 1.201542046663231e-32 47.1
472 1.200773092608166e-32 47.2
473 1.200011850475181e-32 47.3
474 1.181149806179775e-32 47.40000000000001
475 1.155101176577344e-32 47.5
476 1.153471415228726e-32 47.6
477 1.151867657498812e-32 47.7
478 1.150305374690313e-32 47.8
479 1.14881276666931e-32 47.90000000000001
480 1.147414331511643e-32 48
481 1.134269213058403e-32 48.1
482 1.128671944532066e-32 48.2
483 1.128092440449973e-32 48.3
484 1.127511900401298e-32 48.40000000000001
485 1.126940807212178e-32 48.5
486 1.126387901141068e-32 48.6
487 1.125858087371968e-32 48.7
488 1.125352878871812e-32 48.8
489 1.124871271083735e-32 48.90000000000001
490 1.124410905047449e-32 49
491 1.123968959035326e-32 49.1
492 1.123542620049861e-32 49.2
493 1.123129289681069e-32 49.3
494 1.122726700014322e-32 49.40000000000001
495 1.122332863365384e-32 49.5
496 1.121946074340046e-32 49.6
497 1.121564840991054e-32 49.7
498 1.121187879193233e-32 49.8
499 1.120814063035738e-32 49.90000000000001
500 1.120442429706995e-32 50
501 0.0001198836723852914 50.01
502 0.0001469744890338986 50.02
503 8.825446500016667e-05 50.03
504 4.330318073465837e-05 50.04
505 3.747358691175896e-05 50.05
506 4.450632770364651e-05 50.06
507 4.735981487162235e-05 50.07
508 4.55725619302338e-05 50.08
509 4.4486761356627e-05 50.09
510 4.471507681426167e-05 50.1
511 4.494571336791645e-05 50.11
512 4.568908305373703e-05 50.12
513 4.539887597724595e-05 50.13
514 4.578252811987082e-05 50.14
515 4.653379353489419e-05 50.15
516 4.743741618425791e-05 50.16
517 4.784874548231133e-05 50.17
518 4.820888070461236e-05 50.18
519 4.871799950921689e-05 50.19
520 4.879715998042703e-05 50.2
521 5.205089792288687e-05 50.21
522 5.245536433119916e-05 50.22
523 5.156340350648172e-05 50.23
524 5.413428042627292e-05 50.24
525 5.436844591739229e-05 50.25
526 5.370490775161824e-05 50.26
527 5.790114121362913e-05 50.27
528 5.820772853907312e-05 50.28
529 5.801766430041573e-05 50.29
530 5.843171288167116e-05 50.3
531 5.903052280232966e-05 50.31
532 6.103419131600314e-05 50.32
533 6.155486290046952e-05 50.33
534 6.385459324262189e-05 50.34
535 6.540081549437872e-05 50.35
536 6.723993062016644e-05 50.36
537 6.739199274575273e-05 50.37
538 6.966020069161851e-05 50.38
539 7.070469334972645e-05 50.39
540 7.188836985872238e-05 50.4
541 7.328104208316755e-05 50.41
542 7.488812955263425e-05 50.42
543 7.681923206966302e-05 50.43
544 7.910104151515232e-05 50.44
545 8.18340274292497e-05 50.45
546 8.49145289297595e-05 50.46
547 8.824868234652162e-05 50.47
548 9.216814676329131e-05 50.48
549 9.666149409192283e-05 50.49
550 0.0001016808828265329 50.5
551 0.0001072046263445483 50.51
552 0.0001130836086744856 50.52
553 0.0001194103444429186 50.53
554 0.0001262873464375988 50.54
555 0.0001335104536937802 50.55
556 0.0001405741726785552 50.56
557 0.0001481556477750953 50.57
558 0.0001562204363361676 50.58
559 0.0001646611172520075 50.59
560 0.0001729147059875862 50.6
561 0.000180821344784608 50.61
562 0.0001884312661240608 50.62
563 0.000195881103290484 50.63
564 0.0002034370427298955 50.64
565 0.000210973616057609 50.65
566 0.0002183293167462644 50.66
567 0.000225480128927073 50.67
568 0.0002323629690523948 50.68
569 0.0002389645422698959 50.69
570 0.0002452427350931046 50.7
571 0.0002502125825585129 50.71
572 0.0002539447632472814 50.72
573 0.0002583857445305385 50.73
574 0.000261392984224736 50.74
575 0.0002630892622160587 50.75
576 0.0002644054446437483 50.76
577 0.0002651726619790758 50.77
578 0.0002649287444151232 50.78
579 0.0002638771791392612 50.79
580 0.0002622980044375968 50.8
581 0.0002600369443984373 50.81
582 0.0002571492097771939 50.82
583 0.0002529559029180309 50.83
584 0.0002488306918245438 50.84
585 0.0002445575877433317 50.85
586 0.0002401150707561309 50.86
587 0.0002363994857199772 50.87
588 0.0002329479856494797 50.88
589 0.0002286381534969753 50.89
590 0.0002219665460927969 50.9
591 0.0002167460117524115 50.91
592 0.0002120218405579454 50.92
593 0.0002082705518475809 50.93
594 0.0002055572874351306 50.94
595 0.0002025359308936079 50.95
596 0.0002001375781553095 50.96
597 0.0001980209089327936 50.97
598 0.0001968254421738498 50.98
599 0.0001967730457540986 50.99
600 0.0001954911014832709 51
601 0.0001951915330244181 51.01
602 0.0001966085954166332 51.02
603 0.0001993007833956034 51.03
604 0.000203113212115347 51.04
605 0.000208218416552376 51.05
606 0.0002146111805129775 51.06
607 0.0002221437651141877 51.07
608 0.0002309070446316098 51.08
609 0.0002410738698951916 51.09
610 0.0002527936939024819 51.1
611 0.0002659560607638877 51.11
612 0.000280488400569627 51.12
613 0.0002967070692208134 51.13
614 0.0003147681671797726 51.14
615 0.0003353724755515754 51.15
616 0.0003585161129668515 51.16
617 0.0003841007867886214 51.17
618 0.000412350275286346 51.18
619 0.0004434374918639676 51.19
620 0.000477220447134666 51.2
621 0.0005143585302375638 51.21
622 0.0005544825814848478 51.22
623 0.0006003226871065438 51.23
624 0.0006484886712140481 51.24
625 0.0006986777447903328 51.25
626 0.0007565997478525852 51.26
627 0.0008178580975219448 51.27
628 0.0008922880709874554 51.28
629 0.0009713695578191245 51.29
630 0.001038479672337625 51.3
631 0.00111162085560828 51.31
632 0.001198086124473635 51.32
633 0.001278703475293588 51.33
634 0.001369982873503824 51.34
635 0.001466430485096546 51.35
636 0.001565522030547287 51.36
637 0.001664987501491169 51.37
638 0.001762911022114184 51.38
639 0.001856852220236472 51.39
640 0.001949149061930622 51.4
641 0.002037531671975526 51.41
642 0.002121812181618638 51.42
643 0.002199742344612582 51.43
644 0.002274141916071253 51.44
645 0.002339614698776093 51.45
646 0.00239722837254273 51.46
647 0.002460927198942951 51.47
648 0.00251105964519904 51.48
649 0.002562937717774046 51.49
650 0.002607552107387576 51.5
651 0.002653901857724627 51.51
652 0.002692905784810786 51.52
653 0.002732254027877479 51.53
654 0.002764035733407862 51.54
655 0.002791312370998618 51.55
656 0.002819193195570068 51.56
657 0.002847630027385851 51.57
658 0.002878132754757801 51.58
659 0.002902233761243452 51.59
660 0.002922606401363203 51.6
661 0.002940017366250978 51.61
662 0.002952980649987163 51.62
663 0.002963494575213117 51.63
664 0.002971734710912881 51.64
665 0.002978112969640576 51.65
666 0.00298345264280255 51.66
667 0.0029883403612982 51.67
668 0.002993308744150696 51.68
669 0.0030007244637367 51.69
670 0.003009686918342373 51.7
671 0.003020989422319074 51.71
672 0.003035265322358995 51.72
673 0.003052996191308762 51.73
674 0.003074342360123783 51.74
675 0.003101146217680685 51.75
676 0.003129772710726666 51.76
677 0.003161520355038781 51.77
678 0.003196006267404191 51.78
679 0.003231739050574008 51.79
680 0.003268358732308367 51.8
681 0.003304671222324462 51.81
682 0.003341003517978748 51.82
683 0.00337612970295313 51.83
684 0.003411570833803612 51.84
685 0.003446904076501108 51.85
686 0.003485863226981745 51.86
687 0.003523675967716207 51.87
688 0.003570133636960765 51.88
689 0.003625606669694599 51.89
690 0.00368985314561839 51.9
691 0.003773046537057818 51.91
692 0.003874985799654737 51.92
693 0.003992923364636539 51.93
694 0.00411889052762755 51.94
695 0.004251213317207404 51.95
696 0.004381155355645137 51.96
697 0.004520570257724212 51.97
698 0.004677222014867345 51.98
699 0.004853326697472658 51.99
700 0.00506659539989501 52
701 0.005298717386160554 52.01
702 0.005531836232133653 52.02
703 0.005762799323786274 52.03
704 0.0060030377010219 52.04
705 0.006286357517129863 52.05
706 0.00661877454203751 52.06
707 0.006973149889837234 52.07
708 0.007319591790847481 52.08
709 0.007652160134682324 52.09
710 0.007986609205389631 52.1
711 0.008362886849357367 52.11
712 0.008769704128872831 52.12
713 0.009180254034928578 52.13
714 0.009595672912433455 52.14
715 0.009985537438368634 52.15
716 0.01038135458200194 52.16
717 0.01078810399612612 52.17
718 0.01119663409100132 52.18
719 0.01162266245095767 52.19
720 0.01202386662536439 52.2
721 0.01240838852862616 52.21
722 0.01278535536691475 52.22
723 0.01316659649270755 52.23
724 0.01355019779286181 52.24
725 0.01391143322432668 52.25
726 0.01425629335277803 52.26
727 0.01459121459004075 52.27
728 0.01491938884542286 52.28
729 0.01523219692163479 52.29
730 0.01553166731714774 52.3
731 0.01581960114496069 52.31
732 0.01609575512362613 52.32
733 0.01635976326141534 52.33
734 0.01661189708476565 52.34
735 0.01685313209664869 52.35
736 0.01708436536607181 52.36
737 0.01730665138527867 52.37
738 0.0175204488579623 52.38
739 0.01772667459902776 52.39
740 0.01792668382214324 52.4
741 0.01812073684957452 52.41
742 0.01831140123298596 52.42
743 0.01850122778716944 52.43
744 0.01868989621787197 52.44
745 0.01888088386151379 52.45
746 0.01907592205163302 52.46
747 0.01927719566235776 52.47
748 0.01948734194907847 52.48
749 0.01970808541780245 52.49
750 0.01994133262619197 52.5
751 0.0201892237936159 52.51
752 0.02045327138089445 52.52
753 0.02073614339103312 52.53
754 0.02103987453523926 52.54
755 0.02136879737068159 52.55
756 0.02172156663306288 52.56
757 0.02210012478254712 52.57
758 0.0225068007280322 52.58
759 0.0229434711509961 52.59
760 0.02341143761600961 52.6
761 0.02391177294253572 52.61
762 0.02448554739716469 52.62
763 0.02506631402364676 52.63
764 0.02566210545130481 52.64
765 0.02628624914714894 52.65
766 0.02694815299347666 52.66
767 0.02764841986862215 52.67
768 0.0283847253003493 52.68
769 0.02915422557413038 52.69
770 0.02995569804463613 52.7
771 0.03078782917399681 52.71
772 0.03164930695341836 52.72
773 0.03253681411777392 52.73
774 0.03344876680625841 52.74
775 0.03438303001807447 52.75
776 0.03535416820182852 52.76
777 0.03634280195898233 52.77
778 0.03733984399241119 52.78
779 0.03834647283865998 52.79
780 0.0393895100420102 52.8
781 0.04044910822628615 52.81
782 0.04149992045073291 52.82
783 0.04253704604810645 52.83
784 0.04358085624251057 52.84
785 0.04464470523591271 52.85
786 0.04572415724106964 52.86
787 0.04681237066647109 52.87
788 0.0479111999974724 52.88
789 0.0490083145380245 52.89
790 0.05010177081847031 52.9
791 0.05119246415835549 52.91
792 0.05228341016138803 52.92
793 0.05337813560372549 52.93
794 0.05448582106320311 52.94
795 0.05564202619416826 52.95
796 0.05689144765789003 52.96
797 0.05819730881417364 52.97
798 0.05952776424588273 52.98
799 0.06084842367403252 52.99
800 0.06214749892204596 53
801 0.06341646275493865 53.01
802 0.06465073678860302 53.02
803 0.06584864256295316 53.03
804 0.06701219640881291 53.04
805 0.0681448041737288 53.05
806 0.0692510459833242 53.06
807 0.07033444054392342 53.07
808 0.07139789348139917 53.08
809 0.07244249636067146 53.09
810 0.07346851772195075 53.1
811 0.07447612054046839 53.11
812 0.07546397764081075 53.12
813 0.07643147125084268 53.13
814 0.07737736068309638 53.14
815 0.07830302968876203 53.15
816 0.07920880773587366 53.16
817 0.08009109783151884 53.17
818 0.08095050692426206 53.18
819 0.08178875726371905 53.19
820 0.08260864590751983 53.2
821 0.0834127953018601 53.21
822 0.08420233732474715 53.22
823 0.08497826897276028 53.23
824 0.08574110899625544 53.24
825 0.08649162593247103 53.25
826 0.08723066117524607 53.26
827 0.08795899475936869 53.27
828 0.08867731734836469 53.28
829 0.08938642059426821 53.29
830 0.09008709755875634 53.3
831 0.09077910405094289 53.31
832 0.09146282126908722 53.32
833 0.09213848627938404 53.33
834 0.09280601892986842 53.34
835 0.09346597598080032 53.35
836 0.09412171967262813 53.36
837 0.09476894483094186 53.37
838 0.09540651401731165 53.38
839 0.09603498634625306 53.39
840 0.09665609756879666 53.4
841 0.09727129458619888 53.41
842 0.09788145591975549 53.42
843 0.09848733426174006 53.43
844 0.09908993000502903 53.44
845 0.09969001616885891 53.45
846 0.1002880516157203 53.46
847 0.1008840349006276 53.47
848 0.1014780375937098 53.48
849 0.1020695903247541 53.49
850 0.1026589300237555 53.5
851 0.1032462936745045 53.51
852 0.1038326426874039 53.52
853 0.1044186795122701 53.53
854 0.1050047864440854 53.54
855 0.1055906451658642 53.55
856 0.1061755215893347 53.56
857 0.1067588525465959 53.57
858 0.1073407560650424 53.58
859 0.1079208415492975 53.59
860 0.1084989921487145 53.6
861 0.1090743709929602 53.61
862 0.1096468544297232 53.62
863 0.1102164297725774 53.63
864 0.1107829525410659 53.64
865 0.1113465128789892 53.65
866 0.11190761168033 53.66
867 0.1124670756153497 53.67
868 0.1130247951873061 53.68
869 0.1135800541517228 53.69
870 0.1141322000372657 53.7
871 0.1146801998715023 53.71
872 0.1152238901970571 53.72
873 0.1157626055908283 53.73
874 0.1162959420447569 53.74
875 0.1168235986130374 53.75
876 0.1173449043482013 53.76
877 0.1178601548475569 53.77
878 0.1183688008463907 53.78
879 0.1188707391871288 53.79
880 0.1193654187607288 53.8
881 0.1198527147921821 53.81
882 0.1203323115339187 53.82
883 0.1208038998644312 53.83
884 0.1212673518383184 53.84
885 0.121722888139889 53.85
886 0.1221707626366576 53.86
887 0.1226112356013376 53.87
888 0.1230441997991324 53.88
889 0.1234699777170179 53.89
890 0.1238882068803179 53.9
891 0.124299266322697 53.91
892 0.1247036299622375 53.92
893 0.1251012518442868 53.93
894 0.1254920685929507 53.94
895 0.1258761374756168 53.95
896 0.1262533665782938 53.96
897 0.1266234160136953 53.97
898 0.1269859247636753 53.98
899 0.127340831228863 53.99
900 0.127688840931884 54
901 0.1280306131374788 54.01
902 0.128366606436011 54.02
903 0.1286970980699914 54.03
904 0.1290224482602439 54.04
905 0.1293430531417125 54.05
906 0.1296592936275422 54.06
907 0.129971545509748 54.07
908 0.1302801359457247 54.08
909 0.1305855121800681 54.09
910 0.1308881497078316 54.1
911 0.1311884072535757 54.11
912 0.1314867651394946 54.12
913 0.1317835903173196 54.13
914 0.1320792256325682 54.14
915 0.1323739397336579 54.15
916 0.1326679448784103 54.16
917 0.1329613460011585 54.17
918 0.1332544648422493 54.18
919 0.1335473272423213 54.19
920 0.133840054055697 54.2
921 0.1341327753161715 54.21
922 0.1344322117636751 54.22
923 0.1347280857527563 54.23
924 0.1350194426294306 54.24
925 0.1353090845131567 54.25
926 0.1356109529495733 54.26
927 0.1359117677595585 54.27
928 0.1362025672771411 54.28
929 0.1364909774249798 54.29
930 0.1367851752651693 54.3
931 0.1370883274028092 54.31
932 0.1374123420093807 54.32
933 0.1377356672579279 54.33
934 0.1380564952791558 54.34
935 0.1383730744582172 54.35
936 0.1386898227376024 54.36
937 0.1390101426000651 54.37
938 0.1393351018902849 54.38
939 0.1396637254771695 54.39
940 0.1399949973410771 54.4
941 0.1403283718372422 54.41
942 0.1406627088764105 54.42
943 0.1409965299084364 54.43
944 0.1413293840042367 54.44
945 0.1416605628981066 54.45
946 0.1419896767330163 54.46
947 0.142317368889613 54.47
948 0.1426441229638735 54.48
949 0.1429694788421071 54.49
950 0.1432929862416118 54.5
951 0.1436145129275415 54.51
952 0.1439340501120349 54.52
953 0.144250907143978 54.53
954 0.1445642341821459 54.54
955 0.1448738313957768 54.55
956 0.145179428943769 54.56
957 0.1454808748026817 54.57
958 0.145777999751704 54.58
959 0.1460703914696368 54.59
960 0.1463569498156075 54.6
961 0.1466376106991613 54.61
962 0.1469123105346274 54.62
963 0.1471812455581597 54.63
964 0.1474437090480312 54.64
965 0.1476984240454891 54.65
966 0.1479457587744388 54.66
967 0.1481859762369046 54.67
968 0.1484196220294104 54.68
969 0.1486465755014614 54.69
970 0.1488667255549736 54.7
971 0.1490804668627073 54.71
972 0.1492875004235027 54.72
973 0.14948780932926 54.73
974 0.1496827192033552 54.74
975 0.1498718844478006 54.75
976 0.150055877868241 54.76
977 0.1502342684981684 54.77
978 0.1504080992509341 54.78
979 0.1505771653020043 54.79
980 0.1507413430879269 54.8
981 0.1508997450849095 54.81
982 0.151054050135086 54.82
983 0.1512046207171665 54.83
984 0.1513520167944112 54.84
985 0.1514957454719521 54.85
986 0.1516361611117068 54.86
987 0.1517737635118556 54.87
988 0.1519089974681435 54.88
989 0.1520419723888691 54.89
990 0.1521729518930652 54.9
991 0.1523031501869727 54.91
992 0.1524323462009605 54.92
993 0.1525614454763488 54.93
994 0.1526908010556506 54.94
995 0.1528184839009588 54.95
996 0.152946858345288 54.96
997 0.1530754060265023 54.97
998 0.1532075138573117 54.98
999 0.1533413472879082 54.99
1000 0.1534795407130226 55
1001 0.1536254766311368 55.01
1002 0.153779079696662 55.02
1003 0.1539377002728015 55.03
1004 0.1540965472452064 55.04
1005 0.154250475695308 55.05
1006 0.1544022323407497 55.06
1007 0.1545423314016641 55.07
1008 0.1546653271452716 55.08
1009 0.1548154439113719 55.09
1010 0.1550202151808327 55.1
1011 0.1552307326011554 55.11
1012 0.1554276603279366 55.12
1013 0.1556061162947422 55.13
1014 0.1557581321877788 55.14
1015 0.1558573203518788 55.15
1016 0.1559372337997851 55.16
1017 0.1561189764078812 55.17
1018 0.1563767681996472 55.18
1019 0.1566187281901339 55.19
1020 0.1568316201669926 55.2
1021 0.1570405972197678 55.21
1022 0.1572502940281367 55.22
1023 0.1574558725276359 55.23
1024 0.157673466892888 55.24
1025 0.1579278799562331 55.25
1026 0.1581923035875291 55.26
1027 0.158428644285046 55.27
1028 0.1586376182497272 55.28
1029 0.1588488240076735 55.29
1030 0.1590652238788073 55.3
1031 0.1592848517101189 55.31
1032 0.1595027877116603 55.32
1033 0.1597081392692415 55.33
1034 0.1598965549105457 55.34
1035 0.160076431757792 55.35
1036 0.1602534390572639 55.36
1037 0.160429932454418 55.37
1038 0.1606033623976751 55.38
1039 0.1607720271457156 55.39
1040 0.1609332341104302 55.4
1041 0.1610900165215945 55.41
1042 0.1612451427048951 55.42
1043 0.1613998652507483 55.43
1044 0.1615551538974182 55.44
1045 0.1617105526545285 55.45
1046 0.1618638345372083 55.46
1047 0.1620137838916836 55.47
1048 0.1621603146987525 55.48
1049 0.1623038940108689 55.49
1050 0.1624448609814111 55.5
1051 0.1625827185477255 55.51
1052 0.1627170347368518 55.52
1053 0.1628473047196917 55.53
1054 0.162973691092222 55.54
1055 0.1630963039343107 55.55
1056 0.1632153966634356 55.56
1057 0.1633313031261595 55.57
1058 0.1634445976176971 55.58
1059 0.1635565296352159 55.59
1060 0.1636683611726927 55.6
1061 0.1637812272578143 55.61
1062 0.1638958854570588 55.62
1063 0.1640133043210493 55.63
1064 0.1641334626377008 55.64
1065 0.1642566035449423 55.65
1066 0.1643826484954389 55.66
1067 0.1645115578134293 55.67
1068 0.164643258904248 55.68
1069 0.164777916251561 55.69
1070 0.164915314520987 55.7
1071 0.1650549263061657 55.71
1072 0.1651960806972227 55.72
1073 0.1653381153288438 55.73
1074 0.1654807347863431 55.74
1075 0.1656236803941361 55.75
1076 0.1657669217147594 55.76
1077 0.1659104645532245 55.77
1078 0.1660544134619261 55.78
1079 0.1661990871371273 55.79
1080 0.1663450055241779 55.8
1081 0.166495920055736 55.81
1082 0.166646037990745 55.82
1083 0.1667954372428807 55.83
1084 0.1669469728068455 55.84
1085 0.1671027765768826 55.85
1086 0.1672638883787571 55.86
1087 0.1674307385072406 55.87
1088 0.1676031926391503 55.88
1089 0.1677808051797903 55.89
1090 0.1679630113776526 55.9
1091 0.1681493015721671 55.91
1092 0.168339015370624 55.92
1093 0.168531538154044 55.93
1094 0.1687262564268801 55.94
1095 0.168922644229514 55.95
1096 0.1691202699367037 55.96
1097 0.1693186605817709 55.97
1098 0.1695176112405896 55.98
1099 0.1697166956818058 55.99
1100 0.1699151340597526 56
1101 0.1701122867662125 56.01
1102 0.1703076148808558 56.02
1103 0.1705008299992056 56.03
1104 0.1706914840476752 56.04
1105 0.1708790748266357 56.05
1106 0.1710633043094803 56.06
1107 0.1712439828484811 56.07
1108 0.1714209521048162 56.08
1109 0.1715939993746071 56.09
1110 0.1717628816574324 56.1
1111 0.1719273220378295 56.11
1112 0.1720870143331667 56.12
1113 0.1722416583615158 56.13
1114 0.1723910242227253 56.14
1115 0.1725348800030311 56.15
1116 0.1726729730888596 56.16
1117 0.1728050014923985 56.17
1118 0.1729307063494767 56.18
1119 0.1730501168769117 56.19
1120 0.173163138015455 56.2
1121 0.1732697516524111 56.21
1122 0.1733699549204659 56.22
1123 0.1734638742605104 56.23
1124 0.1735516679778644 56.24
1125 0.1736335153207735 56.25
1126 0.1737095900930368 56.26
1127 0.1737800905265325 56.27
1128 0.1738453489894496 56.28
1129 0.1739056577000029 56.29
1130 0.1739613602514278 56.3
1131 0.1740128264863992 56.31
1132 0.1740604845228362 56.32
1133 0.1741047693988822 56.33
1134 0.1741461065433601 56.34
1135 0.1741849267637304 56.35
1136 0.1742217085218645 56.36
1137 0.1742568640693768 56.37
1138 0.1742908413353442 56.38
1139 0.1743242322633221 56.39
1140 0.1743575455029953 56.4
1141 0.1743909663844556 56.41
1142 0.1744249281773666 56.42
1143 0.174459914375283 56.43
1144 0.1744963470654988 56.44
1145 0.1745346304678587 56.45
1146 0.1745751862317703 56.46
1147 0.1746184456789568 56.47
1148 0.1746660088650046 56.48
1149 0.1747159787683404 56.49
1150 0.17476877134201 56.5
1151 0.1748252840133498 56.51
1152 0.1748861184218934 56.52
1153 0.1749516202743337 56.53
1154 0.175021986657329 56.54
1155 0.1750973133591417 56.55
1156 0.1751776588155195 56.56
1157 0.175262908606237 56.57
1158 0.1753531967716158 56.58
1159 0.1754513451741279 56.59
1160 0.1755489371016019 56.6
1161 0.1756489544194177 56.61
1162 0.1757555347280798 56.62
1163 0.1758669028792399 56.63
1164 0.1759818008832981 56.64
1165 0.1760999893621767 56.65
1166 0.1762209710598559 56.66
1167 0.176344367806653 56.67
1168 0.1764696791287053 56.68
1169 0.1765963912740321 56.69
1170 0.1767240354980825 56.7
1171 0.1768521910690049 56.71
1172 0.1769804218611938 56.72
1173 0.1771082414869837 56.73
1174 0.1772351638310579 56.74
1175 0.1773607560195184 56.75
1176 0.1774845290572285 56.76
1177 0.1776060239580799 56.77
1178 0.177724794632787 56.78
1179 0.1778404039303519 56.79
1180 0.1779524611446307 56.8
1181 0.1780605988715795 56.81
1182 0.1781644718714981 56.82
1183 0.1782638295140501 56.83
1184 0.17835843824382 56.84
1185 0.178448100851026 56.85
1186 0.1785326808985672 56.86
1187 0.1786120571164622 56.87
1188 0.1786861264006343 56.88
1189 0.1787547908992008 56.89
1190 0.1788180078036397 56.9
1191 0.1788757968056898 56.91
1192 0.1789281664940137 56.92
1193 0.1789752361502574 56.93
1194 0.1790171257452002 56.94
1195 0.1790539884207224 56.95
1196 0.1790859712384554 56.96
1197 0.1791133257131182 56.97
1198 0.1791363415087099 56.98
1199 0.1791555734013605 56.99
1200 0.1791710326207166 57
1201 0.1791829880907145 57.01
1202 0.1791917510487961 57.02
1203 0.1791976853520703 57.03
1204 0.1792012002010731 57.04
1205 0.1792027186992812 57.05
1206 0.1792026732735393 57.06
1207 0.1792015193935291 57.07
1208 0.1791997057701392 57.08
1209 0.1791977151105788 57.09
1210 0.1791962445443208 57.1
1211 0.1791950933450983 57.11
1212 0.1791949945787182 57.12
1213 0.1791966781466945 57.13
1214 0.1792005680571111 57.14
1215 0.1792070136546924 57.15
1216 0.1792161777171383 57.16
1217 0.1792284160789177 57.17
1218 0.179243994795839 57.18
1219 0.1792631975288299 57.19
1220 0.1792869530970452 57.2
1221 0.1793148918317642 57.21
1222 0.1793472612330586 57.22
1223 0.1793848092047877 57.23
1224 0.1794263242323823 57.24
1225 0.1794719675986611 57.25
1226 0.1795220034041016 57.26
1227 0.1795765591275576 57.27
1228 0.1796356128841096 57.28
1229 0.1796990029321369 57.29
1230 0.1797665605839355 57.3
1231 0.1798379891280887 57.31
1232 0.1799129704119164 57.32
1233 0.179991221535331 57.33
1234 0.1800723233982024 57.34
1235 0.180155841993815 57.35
1236 0.1802413761111676 57.36
1237 0.1803285622872527 57.37
1238 0.1804169157349932 57.38
1239 0.1805059018385693 57.39
1240 0.1805950285400364 57.4
1241 0.1806838620370518 57.41
1242 0.1807726330285068 57.42
1243 0.1808605365395262 57.43
1244 0.1809455864807162 57.44
1245 0.1810279524573798 57.45
1246 0.1811078622562082 57.46
1247 0.181185233334117 57.47
1248 0.181259744593803 57.48
1249 0.1813310092100884 57.49
1250 0.1813986913460998 57.5
1251 0.1814624475300759 57.51
1252 0.1815219505787302 57.52
1253 0.181576926643813 57.53
1254 0.1816271949119376 57.54
1255 0.1816726111252442 57.55
1256 0.1817131331150935 57.56
1257 0.1817487381331368 57.57
1258 0.1817794645483438 57.58
1259 0.181805345177291 57.59
1260 0.1818266148368796 57.6
1261 0.1818434562496239 57.61
1262 0.1818559521738582 57.62
1263 0.1818642639330502 57.63
1264 0.1818685761015321 57.64
1265 0.1818691175974093 57.65
1266 0.1818661485819916 57.66
1267 0.1818599440427013 57.67
1268 0.1818506744347476 57.68
1269 0.1818390815918003 57.69
1270 0.1818256016852077 57.7
1271 0.1818105795965896 57.71
1272 0.1817943729905757 57.72
1273 0.1817774016338534 57.73
1274 0.181760094339476 57.74
1275 0.1817428528682997 57.75
1276 0.1817261192586219 57.76
1277 0.1817103353098444 57.77
1278 0.181696026439175 57.78
1279 0.1816833548468325 57.79
1280 0.1816727096717041 57.8
1281 0.1816645548091415 57.81
1282 0.1816593829832361 57.82
1283 0.1816573423582317 57.83
1284 0.1816586857559366 57.84
1285 0.1816636397379461 57.85
1286 0.1816724355664332 57.86
1287 0.1816852033650647 57.87
1288 0.1817024127207398 57.88
1289 0.181724949873668 57.89
1290 0.1817509767345573 57.9
1291 0.1817805700380676 57.91
1292 0.1818142061421557 57.92
1293 0.1818522076048798 57.93
1294 0.1818944172329805 57.94
1295 0.1819406829357796 57.95
1296 0.1819907817968353 57.96
1297 0.1820443915485951 57.97
1298 0.1821011270119516 57.98
1299 0.1821605686075986 57.99
1300 0.1822223119547112 58
1301 0.1822859116153662 58.01
1302 0.1823535784537862 58.02
1303 0.1824223225085978 58.03
1304 0.1824877740641951 58.04
1305 0.182552060933931 58.05
1306 0.1826168321956874 58.06
1307 0.1826821263914461 58.07
1308 0.1827474788101255 58.08
1309 0.1828122416893885 58.09
1310 0.1828757215322388 58.1
1311 0.1829371998640519 58.11
1312 0.1829960217263197 58.12
1313 0.1830516764447349 58.13
1314 0.1831038098008612 58.14
1315 0.1831522294485675 58.15
1316 0.1831968435375858 58.16
1317 0.1832375491281397 58.17
1318 0.1832742257542704 58.18
1319 0.1833067619583824 58.19
1320 0.1833350170208017 58.2
1321 0.1833589024786973 58.21
1322 0.1833783576757375 58.22
1323 0.1833933923334287 58.23
1324 0.1834040551913574 58.24
1325 0.1834104573502633 58.25
1326 0.1834127249376476 58.26
1327 0.183411030294457 58.27
1328 0.1834055997487974 58.28
1329 0.1833966701362219 58.29
1330 0.1833845220144594 58.3
1331 0.1833694472769662 58.31
1332 0.1833517672540705 58.32
1333 0.183331805955471 58.33
1334 0.1833099137124111 58.34
1335 0.1832864782166715 58.35
1336 0.1832619038437101 58.36
1337 0.1832365987495564 58.37
1338 0.1832110021187102 58.38
1339 0.183185552993166 58.39
1340 0.1831606902205249 58.4
1341 0.1831368266966652 58.41
1342 0.1831144138420876 58.42
1343 0.183093852840671 58.43
1344 0.1830755044680978 58.44
1345 0.1830597562564167 58.45
1346 0.1830469463973469 58.46
1347 0.183037437108824 58.47
1348 0.1830312954865699 58.48
1349 0.1830287484668679 58.49
1350 0.1830300012586298 58.5
1351 0.1830351407784918 58.51
1352 0.1830446673357943 58.52
1353 0.1830612633231676 58.53
1354 0.1830795603314972 58.54
1355 0.1831002489263754 58.55
1356 0.1831247923994797 58.56
1357 0.1831536877530996 58.57
1358 0.1831867800414209 58.58
1359 0.1832234857741323 58.59
1360 0.1832636312236632 58.6
1361 0.1833068735800124 58.61
1362 0.1833528657299947 58.62
1363 0.1834012057218179 58.63
1364 0.1834515224918401 58.64
1365 0.1835034385906364 58.65
1366 0.1835565059235949 58.66
1367 0.1836109693356582 58.67
1368 0.1836657270911438 58.68
1369 0.1837197156787437 58.69
1370 0.183772763393482 58.7
1371 0.183824688343127 58.71
1372 0.1838752220274303 58.72
1373 0.1839240322403261 58.73
1374 0.18397071943195 58.74
1375 0.1840148880237313 58.75
1376 0.1840561957781029 58.76
1377 0.1840943039837371 58.77
1378 0.1841289157309174 58.78
1379 0.1841598033427128 58.79
1380 0.1841867984208298 58.8
1381 0.1842097968639709 58.81
1382 0.1842287185469784 58.82
1383 0.1842435006178162 58.83
1384 0.1842541264786014 58.84
1385 0.1842606157539676 58.85
1386 0.1842630105833405 58.86
1387 0.1842614162423791 58.87
1388 0.1842559458196975 58.88
1389 0.1842467311127768 58.89
1390 0.184233996626876 58.9
1391 0.1842179550653803 58.91
1392 0.1841988658082773 58.92
1393 0.1841770317662328 58.93
1394 0.1841527617845556 58.94
1395 0.1841264088908292 58.95
1396 0.1840983132549916 58.96
1397 0.1840688919993118 58.97
1398 0.1840385296514771 58.98
1399 0.1840076505250984 58.99
1400 0.1839766634215095 59
1401 0.1839460134314607 59.01
1402 0.1839160914551069 59.02
1403 0.1838873522260081 59.03
1404 0.183860191821766 59.04
1405 0.1838349517589116 59.05
1406 0.183812046994503 59.06
1407 0.1837917859591814 59.07
1408 0.183774706244712 59.08
1409 0.1837607651677344 59.09
1410 0.1837501660964182 59.1
1411 0.1837430886807619 59.11
1412 0.1837396918232072 59.12
1413 0.1837403835973335 59.13
1414 0.1837464891446145 59.14
1415 0.1837548804798905 59.15
1416 0.1837660236722675 59.16
1417 0.1837806243079521 59.17
1418 0.1837994769211563 59.18
1419 0.1838219499222202 59.19
1420 0.1838478154006041 59.2
1421 0.1838768047441673 59.21
1422 0.1839085776290708 59.22
1423 0.1839427689590508 59.23
1424 0.1839789118655981 59.24
1425 0.1840166035258815 59.25
1426 0.1840554524329318 59.26
1427 0.1840959043943267 59.27
1428 0.1841365145250098 59.28
1429 0.1841763569938712 59.29
1430 0.1842155918506221 59.3
1431 0.1842540027562413 59.31
1432 0.1842911575949982 59.32
1433 0.1843265477847113 59.33
1434 0.1843597260171438 59.34
1435 0.1843902691643314 59.35
1436 0.184417777006258 59.36
1437 0.1844420201601185 59.37
1438 0.1844625747869321 59.38
1439 0.184479545283823 59.39
1440 0.1844928673431104 59.4
1441 0.1845023332034964 59.41
1442 0.1845078713976672 59.42
1443 0.1845094567720899 59.43
1444 0.1845070931335406 59.44
1445 0.1845008458355261 59.45
1446 0.1844907637205261 59.46
1447 0.1844769914667596 59.47
1448 0.1844597052576457 59.48
1449 0.1844391238735647 59.49
1450 0.1844154816971165 59.5
1451 0.1843890378960342 59.51
1452 0.1843600442511931 59.52
1453 0.1843288378251625 59.53
1454 0.1842957777484771 59.54
1455 0.1842612182411033 59.55
1456 0.1842255529080165 59.56
1457 0.1841892085737647 59.57
1458 0.1841525680371704 59.58
1459 0.1841161266489519 59.59
1460 0.1840802608477225 59.6
1461 0.1840453700749499 59.61
1462 0.1840118413395499 59.62
1463 0.1839800680424848 59.63
1464 0.1839502486899734 59.64
1465 0.1839227344724831 59.65
1466 0.1838978446339843 59.66
1467 0.1838759149407462 59.67
1468 0.1838573896737601 59.68
1469 0.1838421158807171 59.69
1470 0.1838302657585872 59.7
1471 0.183821922961744 59.71
1472 0.1838171085296041 59.72
1473 0.1838158228478964 59.73
1474 0.183818013830062 59.74
1475 0.1838235839573491 59.75
1476 0.1838324015706643 59.76
1477 0.1838442743384786 59.77
1478 0.1838589728992801 59.78
1479 0.1838762240203448 59.79
1480 0.18389576777839 59.8
1481 0.1839172225256385 59.81
1482 0.1839406249471597 59.82
1483 0.1839651318917108 59.83
1484 0.1839904795677641 59.84
1485 0.1840162033395156 59.85
1486 0.1840413660844977 59.86
1487 0.1840659206909875 59.87
1488 0.1840894822695422 59.88
1489 0.1841116277754561 59.89
1490 0.1841319244175273 59.9
1491 0.1841500503393358 59.91
1492 0.1841656967786362 59.92
1493 0.1841785601791914 59.93
1494 0.1841883826898162 59.94
1495 0.1841949634111711 59.95
1496 0.184198103622785 59.96
1497 0.1841977218942336 59.97
1498 0.1841937566393746 59.98
1499 0.1841858503381363 59.99
1500 0.1841742608892463 60
