"frac-mass-co2-rfile"
"Time Step" "frac-mass-co2 etc.."
("Time Step" "frac-mass-co2" "flow-time")
0 0.003217099920030644 0
1 0.004030456708124712 0.1
2 0.004103397731917731 0.2
3 0.00446528748091901 0.3
4 0.004992759259186616 0.4
5 0.005526329080006546 0.5
6 0.005953267882983059 0.6000000000000001
7 0.006440042576724241 0.7000000000000001
8 0.007002914794289546 0.8
9 0.007646942526856184 0.9
10 0.008289622934461666 1
11 0.008910228960782024 1.1
12 0.00956936015985675 1.2
13 0.01027196125739706 1.3
14 0.01101224918768459 1.4
15 0.01172610124531798 1.5
16 0.01247142216699697 1.6
17 0.01318070825548361 1.7
18 0.01395098253771572 1.8
19 0.01469321049396764 1.9
20 0.01544960296902971 2
21 0.01622696856594658 2.1
22 0.01699016483835847 2.2
23 0.01779452939138849 2.3
24 0.0185588008962854 2.4
25 0.01933412410188098 2.5
26 0.0201610295177629 2.6
27 0.02096986752446377 2.7
28 0.02181550240318145 2.8
29 0.02267098251670373 2.9
30 0.02353638135156613 3
31 0.02441374873804164 3.1
32 0.02530427908494494 3.2
33 0.02620036114037548 3.3
34 0.02711202026184102 3.4
35 0.02803674894689332 3.5
36 0.02896734725699239 3.6
37 0.02991702337301937 3.7
38 0.03087879242606828 3.8
39 0.03185106147175498 3.9
40 0.03283621398733656 4
41 0.03383315377110988 4.100000000000001
42 0.03483941850861307 4.2
43 0.0358561873481939 4.3
44 0.03688092086331144 4.4
45 0.03791723736512515 4.5
46 0.03895942783552543 4.600000000000001
47 0.0400087834016433 4.7
48 0.04106457474918141 4.800000000000001
49 0.04212538578865649 4.9
50 0.04319086399633356 5
51 0.04426104852631093 5.100000000000001
52 0.04533652472010299 5.2
53 0.0464159734033967 5.300000000000001
54 0.0474996840602304 5.4
55 0.04858472709179083 5.5
56 0.04967483661270573 5.600000000000001
57 0.05076537702686496 5.7
58 0.05185799805785495 5.800000000000001
59 0.05295386139855653 5.9
60 0.05405063294814656 6
61 0.05515167589872259 6.100000000000001
62 0.05625361536170795 6.2
63 0.05735753050450437 6.300000000000001
64 0.05843293735493894 6.4
65 0.05954451891236529 6.5
66 0.06065908937630272 6.600000000000001
67 0.06178210925054094 6.7
68 0.06290867449688714 6.800000000000001
69 0.06404218804729765 6.9
70 0.06518421769361891 7
71 0.06633488543477699 7.100000000000001
72 0.06749270341518906 7.2
73 0.06865522533343557 7.300000000000001
74 0.06983270963075153 7.4
75 0.07101671462955332 7.5
76 0.07220854395471224 7.600000000000001
77 0.07341034289482883 7.7
78 0.07462551875753336 7.800000000000001
79 0.07584959410791216 7.9
80 0.07708713568713416 8
81 0.07833286323660781 8.1
82 0.0795915769212758 8.200000000000001
83 0.08086065776087656 8.300000000000001
84 0.08213620280742405 8.4
85 0.08342037208606226 8.5
86 0.08471701448841083 8.6
87 0.08602494441974913 8.700000000000001
88 0.08734120880563881 8.800000000000001
89 0.08864999850453505 8.9
90 0.08998250778804415 9
91 0.09132392137454153 9.1
92 0.09266701006452277 9.200000000000001
93 0.09401968607521718 9.300000000000001
94 0.09536775052576635 9.4
95 0.09671960175739353 9.5
96 0.09807202249826907 9.600000000000001
97 0.0994338651480581 9.700000000000001
98 0.1007976250190454 9.800000000000001
99 0.1019721112361773 9.9
100 0.103154123728487 10
101 0.1043351892875914 10.1
102 0.1055172058197105 10.2
103 0.1067158557609866 10.3
104 0.1079177414302174 10.4
105 0.1091129607620394 10.5
106 0.1103205821545925 10.6
107 0.1115140072575934 10.7
108 0.1127139714429752 10.8
109 0.1139265355963301 10.9
110 0.1151435237210324 11
111 0.1163412125428503 11.1
112 0.1175484612516811 11.2
113 0.1187307436790621 11.3
114 0.1199119149412131 11.4
115 0.1211043309551044 11.5
116 0.1223158165897879 11.6
117 0.1234822798307519 11.7
118 0.1246751742540762 11.8
119 0.1258608938301166 11.9
120 0.1270608659363928 12
121 0.128261571342869 12.1
122 0.1294356373513068 12.2
123 0.1306023017803272 12.3
124 0.1317583105372496 12.4
125 0.1329315593318426 12.5
126 0.134091294909377 12.6
127 0.1352019420163177 12.7
128 0.136318969436775 12.8
129 0.1375180532338655 12.9
130 0.1385663466573804 13
131 0.1396069276073882 13.1
132 0.1406477718119678 13.2
133 0.1416366994644332 13.3
134 0.1426275257788936 13.4
135 0.1437391071834241 13.5
136 0.1446992112487678 13.6
137 0.145729336163134 13.7
138 0.146575773946407 13.8
139 0.147485485107476 13.9
140 0.1482896635593891 14
141 0.1491708132533536 14.1
142 0.1499649709961999 14.2
143 0.1506869198905464 14.3
144 0.1513990668311054 14.4
145 0.1520612673304459 14.5
146 0.1527872327280254 14.6
147 0.1534470020449378 14.7
148 0.1540711062083758 14.8
149 0.1548087627999979 14.9
150 0.1554816133822328 15
151 0.1561229846009004 15.1
152 0.1568784132504966 15.2
153 0.1575087495244437 15.3
154 0.1580185735434936 15.4
155 0.158198864343929 15.5
156 0.1580976602113345 15.6
157 0.1579997578779469 15.7
158 0.1579040763498438 15.8
159 0.157809332290045 15.9
160 0.1577150101198348 16
161 0.1576206881270775 16.1
162 0.1575264111611908 16.2
163 0.1574317718360287 16.3
164 0.1573375376456286 16.4
165 0.1572447547414837 16.5
166 0.1571541956879438 16.6
167 0.1570640834606401 16.7
168 0.1569727831892803 16.8
169 0.1568801767193111 16.9
170 0.1567868096417867 17
171 0.1566923025503125 17.1
172 0.156598246588026 17.2
173 0.156502493720818 17.3
174 0.1564058706186815 17.4
175 0.1563098620210742 17.5
176 0.1562136606083433 17.6
177 0.156114185518247 17.7
178 0.1560142505153704 17.8
179 0.1559145451204198 17.9
180 0.1558159433303696 18
181 0.1557185555774004 18.1
182 0.1556190293003695 18.2
183 0.1555198496961155 18.3
184 0.1554206936432098 18.4
185 0.1553225915629052 18.5
186 0.1552243266861713 18.6
187 0.1551240535099986 18.7
188 0.155024374324394 18.8
189 0.154927671680092 18.9
190 0.1548307726977113 19
191 0.1547312621824061 19.1
192 0.1546296430330403 19.2
193 0.1545293872300675 19.3
194 0.1544344711836629 19.4
195 0.1543364954875522 19.5
196 0.1542333381433703 19.6
197 0.1541374735796613 19.7
198 0.1540398088211291 19.8
199 0.1539399761266919 19.9
200 0.1538382143058903 20
201 0.153748408383095 20.1
202 0.1536557460197559 20.2
203 0.153556438242291 20.3
204 0.1534531526843288 20.4
205 0.1533626544090582 20.5
206 0.1532719828671235 20.6
207 0.1531756095048829 20.7
208 0.1530794997762307 20.8
209 0.1529862375585822 20.9
210 0.1528926755515003 21
211 0.1527982600874405 21.1
212 0.1527061196099491 21.2
213 0.1526127374713344 21.3
214 0.1525192118922562 21.4
215 0.15242553847622 21.5
216 0.1523321662584505 21.6
217 0.1522359584311576 21.7
218 0.1521399733953948 21.8
219 0.1520448347814654 21.9
220 0.151952347803934 22
221 0.1518556320079235 22.1
222 0.1517580593808793 22.2
223 0.1516610369963715 22.3
224 0.1515753263235105 22.4
225 0.1515749760625602 22.5
226 0.1514898083009068 22.6
227 0.1514047257702822 22.7
228 0.1513188608563283 22.8
229 0.1512324181169366 22.9
230 0.1511457163795333 23
231 0.1510591250252058 23.1
232 0.1509730141554846 23.2
233 0.1508848998476915 23.3
234 0.1507979333511443 23.4
235 0.1507093454986684 23.5
236 0.1506191364608546 23.6
237 0.1505284045581604 23.7
238 0.150435581382746 23.8
239 0.1503438099577251 23.9
240 0.1502534982689766 24
241 0.1501626906665988 24.1
242 0.1500722373422961 24.2
243 0.1499854811866233 24.3
244 0.149899500325508 24.4
245 0.1498146105112871 24.5
246 0.1497311884992757 24.6
247 0.1496483349067828 24.7
248 0.1495653901774968 24.8
249 0.1494833966654133 24.9
250 0.1494024964240419 25
251 0.1493214032797012 25.1
252 0.1492296526723619 25.2
253 0.1491364676883605 25.3
254 0.1490435100770629 25.4
255 0.1489524163502427 25.5
256 0.1488609175042485 25.6
257 0.1487691998540873 25.7
258 0.1486761029217377 25.8
259 0.1485826361071288 25.9
260 0.1484911817083251 26
261 0.1483997272293914 26.1
262 0.1483074548027558 26.2
263 0.1482240605282475 26.3
264 0.1481402584367922 26.4
265 0.1480552189899022 26.5
266 0.1479708222710849 26.6
267 0.1478859822925324 26.7
268 0.14780082978336 26.8
269 0.1477141305455406 26.9
270 0.1476331085299844 27
271 0.1475461990538656 27.1
272 0.1474591747610906 27.2
273 0.1473674859892119 27.3
274 0.1472762993102751 27.4
275 0.1471879792960223 27.5
276 0.1470987953986836 27.6
277 0.1470095549029807 27.7
278 0.1469192262776035 27.8
279 0.1469186244210545 27.9
280 0.1468319408808724 28
281 0.1467470677896487 28.1
282 0.1466628395056053 28.2
283 0.146572406101384 28.3
284 0.1464826032728801 28.4
285 0.1463915140535073 28.5
286 0.1463001137859566 28.6
287 0.1462067374189649 28.7
288 0.1461223802532919 28.8
289 0.1460391699363991 28.9
290 0.1459549450035996 29
291 0.1458709717649861 29.1
292 0.1457873709473534 29.2
293 0.1457033183176819 29.3
294 0.1456187208929918 29.4
295 0.1455350677917187 29.5
296 0.1454514934116344 29.6
297 0.1453680501655696 29.7
298 0.1452856799736361 29.8
299 0.1452026882243177 29.9
300 0.1451193050962874 30
301 0.1450356821300979 30.1
302 0.1449523950868663 30.2
303 0.1448688319019614 30.3
304 0.1447863181923427 30.4
305 0.1447033709093301 30.5
306 0.1446208865429387 30.6
307 0.1445381832109418 30.7
308 0.1444544143067601 30.8
309 0.144370665558621 30.9
310 0.1442866906933032 31
311 0.1442026247364982 31.1
312 0.1441187298358792 31.2
313 0.1440345232128919 31.3
314 0.1439451140502828 31.4
315 0.1438567698816034 31.5
316 0.143770391276862 31.6
317 0.1436839728174532 31.7
318 0.1436021523524767 31.8
319 0.1435198881393935 31.9
320 0.143437960418224 32
321 0.1433556899586488 32.1
322 0.1432733154317545 32.2
323 0.1431914296070824 32.3
324 0.1431099632567524 32.4
325 0.1430280527082187 32.5
326 0.142946103398145 32.6
327 0.1428648998903612 32.7
328 0.142783042535269 32.8
329 0.1427012574228968 32.9
330 0.142619618523561 33
331 0.1425383945053961 33.1
332 0.1424560717921496 33.2
333 0.1423730535367417 33.3
334 0.1422917209808329 33.4
335 0.1422103560188379 33.5
336 0.1421280007788547 33.6
337 0.1420459938019683 33.7
338 0.1419641576928231 33.8
339 0.1418818016408701 33.9
340 0.1417989332927889 34
341 0.1417158467614568 34.1
342 0.1416371414492098 34.2
343 0.1415549938615779 34.3
344 0.141471285320348 34.4
345 0.1413874692873427 34.5
346 0.1413037163742596 34.6
347 0.1412192255313947 34.7
348 0.1411344986022424 34.8
349 0.1410494693977689 34.9
350 0.1409639201285085 35
351 0.1408778850356755 35.1
352 0.1407919118101873 35.2
353 0.1407048311066966 35.3
354 0.140616823614723 35.4
355 0.1405283971288442 35.5
356 0.1404398682169563 35.6
357 0.1403513520379684 35.7
358 0.1402645856910743 35.8
359 0.1401766808042789 35.9
360 0.1400898767657477 36
361 0.1400022961205956 36.1
362 0.139915738746156 36.2
363 0.1398290972455577 36.3
364 0.1397419184696984 36.4
365 0.1396551661521573 36.5
366 0.1395677382824864 36.6
367 0.1394813431663374 36.7
368 0.1393956787613948 36.8
369 0.1393103597411303 36.9
370 0.1392259248496429 37
371 0.1391437578933031 37.1
372 0.1390629897261667 37.2
373 0.1389832401632701 37.3
374 0.1389042338355093 37.4
375 0.1388260223961298 37.5
376 0.1387486471461957 37.6
377 0.1386721775191297 37.7
378 0.1386004460930034 37.8
379 0.1385249281499575 37.9
380 0.1384494517943849 38
381 0.1383731237651766 38.1
382 0.1382966875335447 38.2
383 0.1382194476850733 38.3
384 0.1381409425825421 38.40000000000001
385 0.138063083734212 38.5
386 0.1379844626969618 38.6
387 0.1379054007611312 38.7
388 0.1378261666448991 38.8
389 0.1377462690607255 38.90000000000001
390 0.1376662785243857 39
391 0.1375862591020776 39.1
392 0.1375056423670331 39.2
393 0.137422179673035 39.3
394 0.1373386548374856 39.40000000000001
395 0.1372560519602165 39.5
396 0.1371737402121237 39.6
397 0.1370962026125631 39.7
398 0.1370190168309215 39.8
399 0.1369406517591072 39.90000000000001
400 0.1368618000216173 40
401 0.1367829671434447 40.1
402 0.1367048705497686 40.2
403 0.136625973472026 40.3
404 0.1365470160298548 40.40000000000001
405 0.1364690397676696 40.5
406 0.1363909915971068 40.6
407 0.1363128786358099 40.7
408 0.1362347707867287 40.8
409 0.1361563153275179 40.90000000000001
410 0.1360774456651754 41
411 0.1359987873576697 41.1
412 0.1359198116087879 41.2
413 0.1358413291152007 41.3
414 0.1357639862548485 41.40000000000001
415 0.1356857688626413 41.5
416 0.1356075851111805 41.6
417 0.1355300707979746 41.7
418 0.1354525334060654 41.8
419 0.1353736932267111 41.90000000000001
420 0.1352964999759994 42
421 0.135217889010623 42.1
422 0.135138999446178 42.2
423 0.1350600691046885 42.3
424 0.1349800287740813 42.40000000000001
425 0.134900624865735 42.5
426 0.1348201646212606 42.6
427 0.1347405590948122 42.7
428 0.1346608611172092 42.8
429 0.1345812137676651 42.90000000000001
430 0.1344996228121335 43
431 0.1344166440970153 43.1
432 0.1343324972274509 43.2
433 0.1342491010530107 43.3
434 0.1341687184613036 43.40000000000001
435 0.1340888740967162 43.5
436 0.1340092811932191 43.6
437 0.1339299692401319 43.7
438 0.1338506880398767 43.8
439 0.1337714405548516 43.90000000000001
440 0.1336925581000308 44
441 0.1336137098020537 44.1
442 0.1335353726884635 44.2
443 0.1334572632883706 44.3
444 0.1333793747806885 44.40000000000001
445 0.1333009066379727 44.5
446 0.1332233918120594 44.6
447 0.1331453668737399 44.7
448 0.1330671272437097 44.8
449 0.1329883172318965 44.90000000000001
450 0.1329107282663205 45
451 0.1328323912792395 45.1
452 0.1327539709617905 45.2
453 0.1326757296365734 45.3
454 0.132597356990118 45.40000000000001
455 0.1325184187872935 45.5
456 0.1324395783241323 45.6
457 0.1323605461797402 45.7
458 0.1322809309701583 45.8
459 0.1322014282896617 45.90000000000001
460 0.1321212381743538 46
461 0.1320404153024236 46.1
462 0.1319588149648723 46.2
463 0.1318768980440192 46.3
464 0.1317952966634303 46.40000000000001
465 0.1317137144943233 46.5
466 0.1316324080194565 46.6
467 0.1315515757972539 46.7
468 0.1314710351759993 46.8
469 0.131391281113985 46.90000000000001
470 0.1313122461746739 47
471 0.1312338877108324 47.1
472 0.131155914477288 47.2
473 0.1310784865095765 47.3
474 0.1309997227842922 47.40000000000001
475 0.1309203021058766 47.5
476 0.130837914130444 47.6
477 0.1307569988335162 47.7
478 0.1306767517375643 47.8
479 0.130596878237322 47.90000000000001
480 0.1305170612093264 48
481 0.1304371257001243 48.1
482 0.1303568542932739 48.2
483 0.1302754472352562 48.3
484 0.1302747159517171 48.40000000000001
485 0.1301937052898893 48.5
486 0.1301130271100381 48.6
487 0.1300334002862508 48.7
488 0.1299545715020994 48.8
489 0.1298771756714764 48.90000000000001
490 0.1298006006376982 49
491 0.1297242060448769 49.1
492 0.1296491635269897 49.2
493 0.1295756542367029 49.3
494 0.1295026698621745 49.40000000000001
495 0.1294298071163398 49.5
496 0.1293574044376866 49.6
497 0.1292849390403445 49.7
498 0.1292120687785719 49.8
499 0.1291390921460104 49.90000000000001
500 0.12906663220428 50
501 0.1318302936703223 50.01
502 0.1363515746320137 50.02
503 0.13964812267382 50.03
504 0.1416464979228246 50.04
505 0.1431164227159956 50.05
506 0.1446501366491722 50.06
507 0.14627531538117 50.07
508 0.1477277004145262 50.08
509 0.1491312316060028 50.09
510 0.150479932069567 50.1
511 0.1517941351685686 50.11
512 0.1531054378720466 50.12
513 0.1543862560859127 50.13
514 0.1556446012209854 50.14
515 0.1569034213771546 50.15
516 0.1581581468736619 50.16
517 0.1594003623820939 50.17
518 0.1606204484206628 50.18
519 0.1618168647664591 50.19
520 0.1629539141310061 50.2
521 0.164149952084895 50.21
522 0.1652375629098617 50.22
523 0.1662974591204844 50.23
524 0.1673859193769238 50.24
525 0.1683442061871365 50.25
526 0.1692596037951495 50.26
527 0.1702128001321086 50.27
528 0.1710920537773775 50.28
529 0.1719148644520929 50.29
530 0.1726844308130032 50.3
531 0.1734046351349717 50.31
532 0.1740904401094683 50.32
533 0.1747397998708359 50.33
534 0.1754361561035062 50.34
535 0.1761182891127245 50.35
536 0.1767943588984 50.36
537 0.1774143994407706 50.37
538 0.1780547895492438 50.38
539 0.1786708010153396 50.39
540 0.1792635589297511 50.4
541 0.1798345436472683 50.41
542 0.1803862781289434 50.42
543 0.1809130208711779 50.43
544 0.1814178776422363 50.44
545 0.1818975115625874 50.45
546 0.1823520087205615 50.46
547 0.1827839306444737 50.47
548 0.1831855383017152 50.48
549 0.1835605138546773 50.49
550 0.1839019999819727 50.5
551 0.1842173439691417 50.51
552 0.1845027767024318 50.52
553 0.1847604008030796 50.53
554 0.1849917973343828 50.54
555 0.1852024425538751 50.55
556 0.1853923554914578 50.56
557 0.1855551210299798 50.57
558 0.185693437633717 50.58
559 0.1858135228031663 50.59
560 0.1859208259129646 50.6
561 0.1860159330344405 50.61
562 0.1860979616878952 50.62
563 0.1861671879453437 50.63
564 0.1862260778063141 50.64
565 0.1862755692422807 50.65
566 0.1863181455024451 50.66
567 0.1863543015858182 50.67
568 0.1863835670407355 50.68
569 0.1864062812705449 50.69
570 0.1864218930217721 50.7
571 0.186436971483166 50.71
572 0.1864222624862463 50.72
573 0.1864040427304411 50.73
574 0.1863906899525827 50.74
575 0.1863733135133102 50.75
576 0.1863570036731194 50.76
577 0.1863414002319367 50.77
578 0.1863276120082266 50.78
579 0.1863126943318068 50.79
580 0.1863032345260538 50.8
581 0.1862974129068566 50.81
582 0.1862968114929715 50.82
583 0.1862932893747248 50.83
584 0.186291729059125 50.84
585 0.186294128149361 50.85
586 0.1862998343348991 50.86
587 0.1863046520279927 50.87
588 0.1863098356513841 50.88
589 0.1863195408698846 50.89
590 0.1863217802513452 50.9
591 0.1863212963637108 50.91
592 0.1863180074541107 50.92
593 0.186305285194248 50.93
594 0.1862948321096442 50.94
595 0.1862818235984968 50.95
596 0.1862719939726415 50.96
597 0.1862634082840309 50.97
598 0.1862508036277141 50.98
599 0.1862355383790739 50.99
600 0.1862149452941764 51
601 0.186190829125236 51.01
602 0.1861619810309325 51.02
603 0.1861278786863881 51.03
604 0.1860884593325813 51.04
605 0.1860427913394423 51.05
606 0.1859914080363653 51.06
607 0.1859339071412693 51.07
608 0.1858676809201331 51.08
609 0.1857918932504469 51.09
610 0.1857073905160518 51.1
611 0.1856146610351383 51.11
612 0.1855122591503375 51.12
613 0.1853977812617566 51.13
614 0.1852708941166203 51.14
615 0.185130089984277 51.15
616 0.1849741232225963 51.16
617 0.184802422509683 51.17
618 0.1846188413436443 51.18
619 0.1844259659332952 51.19
620 0.1842228230020826 51.2
621 0.1840083274737796 51.21
622 0.1837843411874118 51.22
623 0.1835563530078664 51.23
624 0.18332101862397 51.24
625 0.1830790459710937 51.25
626 0.1828333847671511 51.26
627 0.1825802820865406 51.27
628 0.1823249531857735 51.28
629 0.1820709439223299 51.29
630 0.1818226697012456 51.3
631 0.181570292967471 51.31
632 0.1813171444853012 51.32
633 0.181071140460043 51.33
634 0.1808208535453364 51.34
635 0.1805698594990397 51.35
636 0.1803254607558742 51.36
637 0.1800848265236716 51.37
638 0.1798482639504988 51.38
639 0.1796160387848564 51.39
640 0.1793910865425315 51.4
641 0.1791694109731651 51.41
642 0.1789594242226474 51.42
643 0.1787521296722817 51.43
644 0.1785521779818892 51.44
645 0.1783663889727493 51.45
646 0.1781864023475613 51.46
647 0.1780076367284653 51.47
648 0.1778371585626397 51.48
649 0.1776719582426497 51.49
650 0.1775139975358922 51.5
651 0.1773617345180779 51.51
652 0.1772159671825483 51.52
653 0.1770771707307235 51.53
654 0.176945911415401 51.54
655 0.1768178259817733 51.55
656 0.17669124506001 51.56
657 0.1765669182164696 51.57
658 0.1764444986389813 51.58
659 0.1763292175588831 51.59
660 0.1762211013902293 51.6
661 0.1761178536992373 51.61
662 0.1760182555651406 51.62
663 0.1759220542742667 51.63
664 0.1758305173824903 51.64
665 0.1757410338187675 51.65
666 0.17564777558234 51.66
667 0.175555007156496 51.67
668 0.1754597401698389 51.68
669 0.1753665585309257 51.69
670 0.1752728610412686 51.7
671 0.1751778991270741 51.71
672 0.1750810177683595 51.72
673 0.1749819546477637 51.73
674 0.1748803033653493 51.74
675 0.1747743455729153 51.75
676 0.174666249566554 51.76
677 0.1745563909551065 51.77
678 0.1744456818605566 51.78
679 0.1743345477443261 51.79
680 0.1742267836154526 51.8
681 0.1741164239159811 51.81
682 0.1740061843117424 51.82
683 0.1738959271385561 51.83
684 0.1737860265649757 51.84
685 0.1736781750641867 51.85
686 0.1735669572549512 51.86
687 0.1734536872980408 51.87
688 0.1733367180020829 51.88
689 0.1732117001069647 51.89
690 0.1730778405575283 51.9
691 0.17293214064845 51.91
692 0.1727736164664505 51.92
693 0.172606855791152 51.93
694 0.17243663442609 51.94
695 0.1722595172450756 51.95
696 0.1720751625154465 51.96
697 0.1718855638314125 51.97
698 0.1716826472758741 51.98
699 0.1714643185680708 51.99
700 0.1712178719944442 52
701 0.170957360316954 52.01
702 0.1706910938856693 52.02
703 0.170424471898271 52.03
704 0.1701488942748401 52.04
705 0.1698431461714218 52.05
706 0.1695076115985345 52.06
707 0.1691528846853243 52.07
708 0.1687991946324272 52.08
709 0.1684525742436874 52.09
710 0.1681007105690384 52.1
711 0.1677258338217844 52.11
712 0.1673297190227386 52.12
713 0.1669334718688874 52.13
714 0.1665266658462828 52.14
715 0.1661396839664162 52.15
716 0.1657489885965941 52.16
717 0.1653523830168513 52.17
718 0.1649569206255198 52.18
719 0.1645467581422124 52.19
720 0.1641545069791592 52.2
721 0.1637751588183218 52.21
722 0.1634025174085918 52.22
723 0.1630285258191397 52.23
724 0.1626542539968893 52.24
725 0.1622961844923465 52.25
726 0.1619514045247447 52.26
727 0.1616150975942247 52.27
728 0.1612856842282767 52.28
729 0.1609676753702176 52.29
730 0.1606606111424191 52.3
731 0.1603634494462004 52.31
732 0.1600761544494308 52.32
733 0.1597991346210511 52.33
734 0.1595321100556883 52.34
735 0.1592743791438744 52.35
736 0.1590252126619151 52.36
737 0.1587839271804108 52.37
738 0.1585499935737342 52.38
739 0.1583227284494283 52.39
740 0.1581011376275935 52.4
741 0.1578840831511377 52.41
742 0.1576704892186023 52.42
743 0.1574591875804768 52.43
744 0.1572486354793259 52.44
745 0.1570370576421802 52.45
746 0.1568231169443433 52.46
747 0.1566051688723707 52.47
748 0.1563813831824797 52.48
749 0.1561503370709803 52.49
750 0.155910540456737 52.5
751 0.1556603920171367 52.51
752 0.1553987542374117 52.52
753 0.1551238200895002 52.53
754 0.1548346502293026 52.54
755 0.1545286269479144 52.55
756 0.1542052900488704 52.56
757 0.1538612762221032 52.57
758 0.1534969679223776 52.58
759 0.153111076905233 52.59
760 0.1527025726971108 52.6
761 0.1522709402504983 52.61
762 0.1517853919761271 52.62
763 0.1512950180192434 52.63
764 0.1507948834136123 52.64
765 0.1502723786240104 52.65
766 0.1497222922913584 52.66
767 0.1491442438867011 52.67
768 0.148540030866152 52.68
769 0.147911869274157 52.69
770 0.1472600652166043 52.7
771 0.1465859778205526 52.71
772 0.1458906804780417 52.72
773 0.1451769410264014 52.73
774 0.1444458423309465 52.74
775 0.1436978960114155 52.75
776 0.1429221843492888 52.76
777 0.1421363263426675 52.77
778 0.1413442133018253 52.78
779 0.1405454359345027 52.79
780 0.1397193364140468 52.8
781 0.1388839267028832 52.81
782 0.1380549609297337 52.82
783 0.1372371661302479 52.83
784 0.1364133480699271 52.84
785 0.1355765622213063 52.85
786 0.1347288947342545 52.86
787 0.1338755867957129 52.87
788 0.1330161152901565 52.88
789 0.1321580085539392 52.89
790 0.1313033499751346 52.9
791 0.1304516567924827 52.91
792 0.1296008246108713 52.92
793 0.1287481282227788 52.93
794 0.1278875193014183 52.94
795 0.1269938175968169 52.95
796 0.1260345580433328 52.96
797 0.1250370488023849 52.97
798 0.1240242960002087 52.98
799 0.1230179477226148 52.99
800 0.1220275347701888 53
801 0.1210589985753989 53.01
802 0.1201158175155401 53.02
803 0.119199325995821 53.03
804 0.1183083466375116 53.04
805 0.1174407112843347 53.05
806 0.1165932958913285 53.06
807 0.1157636516034776 53.07
808 0.1149496481341764 53.08
809 0.1141506504813129 53.09
810 0.1133661688062524 53.1
811 0.1125963970126913 53.11
812 0.1118417125115044 53.12
813 0.11110282047275 53.13
814 0.1103803273977199 53.14
815 0.1096729063753001 53.15
816 0.1089806896114414 53.16
817 0.1083053808678085 53.17
818 0.1076467592096443 53.18
819 0.107003620234605 53.19
820 0.1063738505934303 53.2
821 0.1057555700201425 53.21
822 0.1051476415901567 53.22
823 0.10454961367489 53.23
824 0.1039616894014365 53.24
825 0.1033832452412845 53.25
826 0.1028133764883461 53.26
827 0.1022515473755937 53.27
828 0.1016975013618317 53.28
829 0.1011513728570346 53.29
830 0.1006121988367223 53.3
831 0.1000799393777098 53.31
832 0.09955423774757854 53.32
833 0.09903450695983766 53.33
834 0.09852100744884007 53.34
835 0.09801365197585765 53.35
836 0.09751001276022174 53.36
837 0.0970126316004426 53.37
838 0.0965225453952475 53.38
839 0.09603917872391526 53.39
840 0.09556126561616497 53.4
841 0.09508720093579109 53.41
842 0.09461687741746246 53.42
843 0.09414994791558771 53.43
844 0.09368536859006238 53.44
845 0.09322350240058785 53.45
846 0.0927630782415111 53.46
847 0.09230539983673075 53.47
848 0.09184978859826846 53.48
849 0.09139700349179411 53.49
850 0.09094656246375915 53.5
851 0.0904957562104159 53.51
852 0.09004465662792242 53.52
853 0.08959449211792393 53.53
854 0.08914528778939035 53.54
855 0.08869701955117636 53.55
856 0.08824997545916279 53.56
857 0.08780423901925813 53.57
858 0.08735988386525305 53.58
859 0.08691701194512076 53.59
860 0.086475692648152 53.6
861 0.0860366566027768 53.61
862 0.08560006381117975 53.62
863 0.08516577122751898 53.63
864 0.08473387154164545 53.64
865 0.08430387509944537 53.65
866 0.08387436830241894 53.66
867 0.08344649787000433 53.67
868 0.08302153029908957 53.68
869 0.0825993338131036 53.69
870 0.08218005279088308 53.7
871 0.08176406985725655 53.71
872 0.08135142627127366 53.72
873 0.08094234319511229 53.73
874 0.08053763628217749 53.74
875 0.08013701121166031 53.75
876 0.07974062259126699 53.76
877 0.07934936171306899 53.77
878 0.07896291044447708 53.78
879 0.07858168742771798 53.79
880 0.07820602034473001 53.8
881 0.07783576158100471 53.81
882 0.07747127107869614 53.82
883 0.07711216390661163 53.83
884 0.07675917278208191 53.84
885 0.07641206700483015 53.85
886 0.0760706753171536 53.86
887 0.07573476019404164 53.87
888 0.07540471256158998 53.88
889 0.07508050470322747 53.89
890 0.07476107945320506 53.9
891 0.07444640075275714 53.91
892 0.07413701505153342 53.92
893 0.07383346096342717 53.93
894 0.07353502442506657 53.94
895 0.0732416194813529 53.95
896 0.07295344704962849 53.96
897 0.07267132912070437 53.97
898 0.07239468062182795 53.98
899 0.072122423248711 53.99
900 0.07185445778589215 54
901 0.07159116668555701 54.01
902 0.07133248601777151 54.02
903 0.07107821606227673 54.03
904 0.07082792370101583 54.04
905 0.07058106063903737 54.05
906 0.07033736443815525 54.06
907 0.07009669113562703 54.07
908 0.06985883879235077 54.08
909 0.06962347184052993 54.09
910 0.06939021951102339 54.1
911 0.06915885714531846 54.11
912 0.06892903594462442 54.12
913 0.06870046230013548 54.13
914 0.06847282362781196 54.14
915 0.06824614329586169 54.15
916 0.0680202563882461 54.16
917 0.06779499169570269 54.17
918 0.06757002268782218 54.18
919 0.06734551214199153 54.19
920 0.06712128856898403 54.2
921 0.06689724257260235 54.21
922 0.06666862039108919 54.22
923 0.06644251790471813 54.23
924 0.06621971483816269 54.24
925 0.06599827386174234 54.25
926 0.06576840581203143 54.26
927 0.06553933061219225 54.27
928 0.06531753447706655 54.28
929 0.06509742430976934 54.29
930 0.0648734480443722 54.3
931 0.06464371577496464 54.31
932 0.06439915551064619 54.32
933 0.06415583328982566 54.33
934 0.06391443575863046 54.34
935 0.06367576700509558 54.35
936 0.06343617735891874 54.36
937 0.06319466232847019 54.37
938 0.06295122625777648 54.38
939 0.06270603559592849 54.39
940 0.06245908567362819 54.4
941 0.06221116896886719 54.41
942 0.061963227186069 54.42
943 0.06171515009360184 54.43
944 0.06146733021882899 54.44
945 0.06122010859315178 54.45
946 0.06097402591117603 54.46
947 0.06072962509125093 54.47
948 0.0604865384885251 54.48
949 0.06024461489680874 54.49
950 0.06000410091499535 54.5
951 0.05976519502460496 54.51
952 0.05952850179398474 54.52
953 0.0592938201702261 54.53
954 0.05906128806015875 54.54
955 0.05883147347287992 54.55
956 0.05860470099383924 54.56
957 0.05838099722168407 54.57
958 0.05816052209415406 54.58
959 0.05794354589947898 54.59
960 0.05773052510679168 54.6
961 0.05752175478142096 54.61
962 0.05731738982773273 54.62
963 0.05711764164372382 54.63
964 0.05692231011432995 54.64
965 0.05673195826031818 54.65
966 0.05654679378451469 54.66
967 0.05636675591566864 54.67
968 0.05619172715518833 54.68
969 0.05602144997320038 54.69
970 0.05585601032340391 54.7
971 0.05569508594401191 54.71
972 0.05553869703642961 54.72
973 0.05538676771044776 54.73
974 0.05523901530786975 54.74
975 0.05509533726900002 54.75
976 0.05495547838344039 54.76
977 0.05481956568207833 54.77
978 0.05468715714764264 54.78
979 0.05455820398428107 54.79
980 0.05443277444822617 54.8
981 0.05431101257495986 54.81
982 0.05419218788250944 54.82
983 0.05407612254445071 54.83
984 0.05396269296741402 54.84
985 0.05385190106617815 54.85
986 0.05374339119866484 54.86
987 0.0536369376362763 54.87
988 0.05353215025759388 54.88
989 0.05342894355385811 54.89
990 0.05332704399783929 54.9
991 0.05322595305534565 54.91
992 0.0531254595124682 54.92
993 0.05302514161028583 54.93
994 0.05292486472703471 54.94
995 0.0528245818853542 54.95
996 0.05272415491942147 54.96
997 0.05262310350724082 54.97
998 0.05251999401744971 54.98
999 0.05241553534208099 54.99
1000 0.05230842340393178 55
1001 0.05219699717173819 55.01
1002 0.05208169092981529 55.02
1003 0.05196435907373821 55.03
1004 0.05184625820120373 55.04
1005 0.05172868154205338 55.05
1006 0.05161132802252984 55.06
1007 0.05150008472452482 55.07
1008 0.05139966797690267 55.08
1009 0.0512831253041987 55.09
1010 0.0511341108577715 55.1
1011 0.05098401716511547 55.11
1012 0.05083907509559595 55.12
1013 0.05070199375568279 55.13
1014 0.050582600921228 55.14
1015 0.05050116580498027 55.15
1016 0.05043170574416369 55.16
1017 0.05029697834179363 55.17
1018 0.05011606830374521 55.18
1019 0.04994132674300156 55.19
1020 0.04978134905116659 55.2
1021 0.04962621196234759 55.21
1022 0.04947140931897633 55.22
1023 0.04931947383334307 55.23
1024 0.04916249698684598 55.24
1025 0.0489822264850753 55.25
1026 0.04879881034361284 55.26
1027 0.04862749839322281 55.27
1028 0.04847302291878382 55.28
1029 0.04831923734268041 55.29
1030 0.04816325308195971 55.3
1031 0.04800639512238695 55.31
1032 0.04785223447489489 55.32
1033 0.04770532705718383 55.33
1034 0.04756769536823234 55.34
1035 0.04743585883045406 55.35
1036 0.04730670887219993 55.36
1037 0.04717866128735149 55.37
1038 0.04705315445745726 55.38
1039 0.04693074676434546 55.39
1040 0.04681299636934766 55.4
1041 0.04669807020851519 55.41
1042 0.04658451001723542 55.42
1043 0.04647160846635796 55.43
1044 0.0463586922891585 55.44
1045 0.04624598136038 55.45
1046 0.04613481063839331 55.46
1047 0.04602592140702051 55.47
1048 0.04591944231515022 55.48
1049 0.04581507355378506 55.49
1050 0.04571257965764652 55.5
1051 0.04561241556880112 55.51
1052 0.04551472610582372 55.52
1053 0.04541980813188902 55.53
1054 0.04532751633636696 55.54
1055 0.04523780956769478 55.55
1056 0.04515046016038182 55.56
1057 0.04506519255759279 55.57
1058 0.04498161610057969 55.58
1059 0.04489900091091192 55.59
1060 0.04481647243805401 55.6
1061 0.04473329063047243 55.61
1062 0.04464894707953147 55.62
1063 0.04456277126421137 55.63
1064 0.04447481082280152 55.64
1065 0.04438492139513056 55.65
1066 0.04429317218111549 55.66
1067 0.04419957443167877 55.67
1068 0.0441041312459463 55.68
1069 0.04400675128954687 55.69
1070 0.04390758841443432 55.7
1071 0.04380698571090917 55.71
1072 0.04370538324413858 55.72
1073 0.04360320881892159 55.73
1074 0.04350064698402226 55.74
1075 0.0433978593672009 55.75
1076 0.04329485939233916 55.76
1077 0.04319163433882201 55.77
1078 0.04308811532734212 55.78
1079 0.04298410037277504 55.79
1080 0.04287924120512262 55.8
1081 0.04277106241569061 55.81
1082 0.04266334872572122 55.82
1083 0.04255615694835373 55.83
1084 0.04244756072853972 55.84
1085 0.0423361319276977 55.85
1086 0.04222121144122212 55.86
1087 0.0421025213637895 55.87
1088 0.04198016603102966 55.88
1089 0.04185442845451345 55.89
1090 0.04172569338752436 55.9
1091 0.04159429328592486 55.91
1092 0.04146067808583986 55.92
1093 0.04132525208070754 55.93
1094 0.0411884290806878 55.94
1095 0.04105053999263249 55.95
1096 0.04091189558518974 55.96
1097 0.04077279634469813 55.97
1098 0.04063337018968751 55.98
1099 0.04049390890484308 55.99
1100 0.04035494076970546 56
1101 0.04021688956658502 56.01
1102 0.04008012694390849 56.02
1103 0.03994485852614858 56.03
1104 0.03981137281481149 56.04
1105 0.03967998674358566 56.05
1106 0.03955091041916518 56.06
1107 0.03942426780306742 56.07
1108 0.03930017339274675 56.08
1109 0.03917877149958772 56.09
1110 0.03906022022157388 56.1
1111 0.0389447016885722 56.11
1112 0.0388324189519759 56.12
1113 0.03872357098211562 56.13
1114 0.03861830580330728 56.14
1115 0.03851677358902397 56.15
1116 0.03841920346451622 56.16
1117 0.0383257036572427 56.17
1118 0.03823644267002194 56.18
1119 0.03815142882277815 56.19
1120 0.03807065148485601 56.2
1121 0.03799423004449263 56.21
1122 0.0379221257407394 56.22
1123 0.03785424297433044 56.23
1124 0.03779047814951787 56.24
1125 0.03773070670499826 56.25
1126 0.03767481018364158 56.26
1127 0.03762262921625159 56.27
1128 0.03757398672883989 56.28
1129 0.0375286674623499 56.29
1130 0.03748644786186638 56.3
1131 0.03744707296292905 56.31
1132 0.03741026159395387 56.32
1133 0.03737571883488856 56.33
1134 0.03734316563311466 56.34
1135 0.03731231063533641 56.35
1136 0.0372828365355617 56.36
1137 0.03725447362142711 56.37
1138 0.03722692466202521 56.38
1139 0.03719977715470676 56.39
1140 0.03717269881510567 56.4
1141 0.03714556036082209 56.41
1142 0.03711808590026365 56.42
1143 0.03708995466362302 56.43
1144 0.03706088847087907 56.44
1145 0.03703057827298638 56.45
1146 0.03699878899249473 56.46
1147 0.036965225269056 56.47
1148 0.03692880595232378 56.48
1149 0.03689081637275768 56.49
1150 0.03685097470982395 56.5
1151 0.03680868434234263 56.51
1152 0.03676354720981041 56.52
1153 0.03671534092541025 56.53
1154 0.03666393440888684 56.54
1155 0.03660926127908821 56.55
1156 0.03655128826248367 56.56
1157 0.03649009413732255 56.57
1158 0.03642558740904538 56.58
1159 0.03635586602137967 56.59
1160 0.03628657580653321 56.6
1161 0.03621571517075869 56.61
1162 0.03614052472045164 56.62
1163 0.03606219100477696 56.63
1164 0.03598157473501201 56.64
1165 0.03589882203819744 56.65
1166 0.03581425335994823 56.66
1167 0.03572812068735915 56.67
1168 0.03564075723006631 56.68
1169 0.03555251258197337 56.69
1170 0.0354636922432058 56.7
1171 0.03537458047082993 56.71
1172 0.0352854536231629 56.72
1173 0.03519665098625735 56.73
1174 0.03510848229170695 56.74
1175 0.0350212345837917 56.75
1176 0.03493521384439786 56.76
1177 0.03485075347944938 56.77
1178 0.03476814421832309 56.78
1179 0.03468767301987451 56.79
1180 0.03460960009406833 56.8
1181 0.03453416515232618 56.81
1182 0.03446160060066159 56.82
1183 0.03439206354012947 56.83
1184 0.03432569465871274 56.84
1185 0.03426261638367252 56.85
1186 0.034202951088426 56.86
1187 0.03414679421631361 56.87
1188 0.03409416206680968 56.88
1189 0.03404514011502761 56.89
1190 0.03399975178134748 56.9
1191 0.03395798790434088 56.91
1192 0.03391982554986742 56.92
1193 0.03388519376923472 56.93
1194 0.03385401171928294 56.94
1195 0.03382617653369591 56.95
1196 0.03380159054084288 56.96
1197 0.03378008748602074 56.97
1198 0.03376146713049885 56.98
1199 0.03374536412337789 56.99
1200 0.03373176326606201 57
1201 0.03372050331345618 57.01
1202 0.0337113606854053 57.02
1203 0.03370409753368437 57.03
1204 0.03369845388889819 57.04
1205 0.03369413556961034 57.05
1206 0.03369085407900136 57.06
1207 0.03368832912782569 57.07
1208 0.03368624591794173 57.08
1209 0.03368428437674335 57.09
1210 0.03368199443243787 57.1
1211 0.03367949655280367 57.11
1212 0.03367630455541532 57.12
1213 0.03367196003239301 57.13
1214 0.03366614934245984 57.14
1215 0.03365866408554819 57.15
1216 0.03364929897611696 57.16
1217 0.03363807637567628 57.17
1218 0.03362465665484492 57.18
1219 0.0336084414414441 57.19
1220 0.03358959180020829 57.2
1221 0.03356798917601673 57.21
1222 0.03354348286648804 57.22
1223 0.03351556686619472 57.23
1224 0.03348503769351058 57.24
1225 0.03345182424396709 57.25
1226 0.03341571961951899 57.26
1227 0.03337664874569764 57.27
1228 0.03333464327343392 57.28
1229 0.03328979157796448 57.29
1230 0.03324223545446346 57.3
1231 0.03319213234171684 57.31
1232 0.03313969859197211 57.32
1233 0.03308515366507606 57.33
1234 0.0330287434997603 57.34
1235 0.03297077578916256 57.35
1236 0.03291150005144711 57.36
1237 0.03285117322254219 57.37
1238 0.03279010653279466 57.38
1239 0.03272864568096204 57.39
1240 0.03266711112329203 57.4
1241 0.03260581771248268 57.41
1242 0.03254457790108486 57.42
1243 0.03248391665993364 57.43
1244 0.03242516653864103 57.44
1245 0.03236822294363158 57.45
1246 0.03231292440747575 57.46
1247 0.03225933482127418 57.47
1248 0.03220764364187906 57.48
1249 0.03215812419742465 57.49
1250 0.0321109884085386 57.5
1251 0.03206645483155393 57.51
1252 0.03202475576846699 57.52
1253 0.031986073171615 57.53
1254 0.0319505107606715 57.54
1255 0.03191815680759039 57.55
1256 0.03188904735051751 57.56
1257 0.03186318966838635 57.57
1258 0.031840578279935 57.58
1259 0.0318211618634336 57.59
1260 0.03180479633848954 57.6
1261 0.0317913479617389 57.61
1262 0.03178076419788946 57.62
1263 0.0317729598159416 57.63
1264 0.03176780364657293 57.64
1265 0.0317651434744353 57.65
1266 0.03176479008786107 57.66
1267 0.0317665925739896 57.67
1268 0.03177040455377774 57.68
1269 0.03177576809485722 57.69
1270 0.03178236540912471 57.7
1271 0.03178998279856669 57.71
1272 0.0317983788392096 57.72
1273 0.03180728707772316 57.73
1274 0.03181642526462516 57.74
1275 0.03182551896404297 57.75
1276 0.03183428169943698 57.76
1277 0.03184243409974707 57.77
1278 0.03184962037346972 57.78
1279 0.03185573113912451 57.79
1280 0.03186051933727472 57.8
1281 0.03186366956366134 57.81
1282 0.03186490327406304 57.82
1283 0.03186409489924698 57.83
1284 0.03186106162848848 57.84
1285 0.0318556531011075 57.85
1286 0.03184774202676328 57.86
1287 0.03183719167878434 57.87
1288 0.03182335883862529 57.88
1289 0.03180640133270182 57.89
1290 0.03178715524026317 57.9
1291 0.03176558453905763 57.91
1292 0.03174136418007425 57.92
1293 0.03171429619342611 57.93
1294 0.03168447961534184 57.94
1295 0.03165200724673325 57.95
1296 0.03161703491912094 57.96
1297 0.03157976947797361 57.97
1298 0.03154046799446797 57.98
1299 0.0314994055156359 57.99
1300 0.03145684844546829 58
1301 0.03141308314204601 58.01
1302 0.03136666855129782 58.02
1303 0.03131953779889438 58.03
1304 0.03127461325370763 58.04
1305 0.03123047406279615 58.05
1306 0.03118603733026278 58.06
1307 0.03114127287842183 58.07
1308 0.03109648771720469 58.08
1309 0.03105211334633162 58.09
1310 0.03100859547018402 58.1
1311 0.03096641758541861 58.11
1312 0.03092600228726814 58.12
1313 0.03088767661031977 58.13
1314 0.03085168399540741 58.14
1315 0.03081813178130147 58.15
1316 0.03078711072250608 58.16
1317 0.03075866829297869 58.17
1318 0.03073287799178928 58.18
1319 0.03070982485014866 58.19
1320 0.03068958541182926 58.2
1321 0.03067222828351769 58.21
1322 0.03065778966859743 58.22
1323 0.03064626072375545 58.23
1324 0.03063761577594578 58.24
1325 0.03063177688736828 58.25
1326 0.0306286572277671 58.26
1327 0.03062813838244827 58.27
1328 0.03063008033317788 58.28
1329 0.03063432595887905 58.29
1330 0.03064068718185467 58.3
1331 0.03064897318179993 58.31
1332 0.03065897672444444 58.32
1333 0.03067048509505991 58.33
1334 0.03068325868821279 58.34
1335 0.0306970527131516 58.35
1336 0.0307115949819958 58.36
1337 0.03072661639725458 58.37
1338 0.03074183185004872 58.38
1339 0.03075695590054713 58.39
1340 0.03077170089916926 58.4
1341 0.03078578881184033 58.41
1342 0.03079893566565097 58.42
1343 0.03081086923392374 58.43
1344 0.03082135631329833 58.44
1345 0.03083014355853812 58.45
1346 0.03083701059038826 58.46
1347 0.03084172971263175 58.47
1348 0.0308442439223009 58.48
1349 0.03084440466525836 58.49
1350 0.03084210423217598 58.5
1351 0.03083725157089236 58.51
1352 0.03082952922364101 58.52
1353 0.03081712338490444 58.53
1354 0.03080362625441134 58.54
1355 0.03078858664022322 58.55
1356 0.03077103275606341 58.56
1357 0.03075062623686324 58.57
1358 0.03072749111092305 58.58
1359 0.03070198970880568 58.59
1360 0.03067424798096099 58.6
1361 0.03064449032973731 58.61
1362 0.03061295108659572 58.62
1363 0.03057987139859435 58.63
1364 0.0305455106437748 58.64
1365 0.03051010692763318 58.65
1366 0.03047396485878549 58.66
1367 0.03043691849249268 58.67
1368 0.03039968581114783 58.68
1369 0.03036297275745545 58.69
1370 0.03032689816748312 58.7
1371 0.0302915633257406 58.71
1372 0.03025716793897647 58.72
1373 0.03022391525876992 58.73
1374 0.030192084944599 58.74
1375 0.03016193180907347 58.75
1376 0.0301336377556206 58.76
1377 0.03010743706484127 58.77
1378 0.0300835306074162 58.78
1379 0.03006207248352259 58.79
1380 0.03004317590525876 58.8
1381 0.03002689835562772 58.81
1382 0.03001329627657343 58.82
1383 0.03000241239374327 58.83
1384 0.02999425992624513 58.84
1385 0.02998882145323899 58.85
1386 0.02998607760960877 58.86
1387 0.02998594997245164 58.87
1388 0.02998837116346937 58.88
1389 0.02999324116621173 58.89
1390 0.03000041742021223 58.9
1391 0.03000975739919306 58.91
1392 0.03002110188323429 58.92
1393 0.03003424965481307 58.93
1394 0.03004898508060276 58.94
1395 0.03006508433845256 58.95
1396 0.03008231890209224 58.96
1397 0.0301004321700329 58.97
1398 0.03011916685619116 58.98
1399 0.03013823932048915 58.99
1400 0.03015739035713117 59
1401 0.03017630974946519 59.01
1402 0.03019474413372461 59.02
1403 0.03021240934297793 59.03
1404 0.0302290479079376 59.04
1405 0.03024442904354959 59.05
1406 0.0302582944282516 59.06
1407 0.03027042900477133 59.07
1408 0.03028050118269913 59.08
1409 0.03028852791928838 59.09
1410 0.03029437170973437 59.1
1411 0.0302979024102096 59.11
1412 0.03029903365308181 59.12
1413 0.03029749230348209 59.13
1414 0.03029232596111372 59.14
1415 0.0302857570394622 59.15
1416 0.03027738398486471 59.16
1417 0.0302664304434666 59.17
1418 0.03025303388207869 59.18
1419 0.03023726505220621 59.19
1420 0.03021929038249019 59.2
1421 0.03019928573610405 59.21
1422 0.03017746223699201 59.22
1423 0.03015406462503888 59.23
1424 0.03012940317843912 59.24
1425 0.03010373221244097 59.25
1426 0.03007732474081458 59.26
1427 0.0300498806572624 59.27
1428 0.03002233923935304 59.28
1429 0.02999530167032468 59.29
1430 0.02996867354634141 59.3
1431 0.029942599306743 59.31
1432 0.02991736018489514 59.32
1433 0.02989326743717125 59.33
1434 0.02987063228951489 59.34
1435 0.02984973062572089 59.35
1436 0.02983081480241641 59.36
1437 0.02981405200566921 59.37
1438 0.02979957315149181 59.38
1439 0.02978748868342241 59.39
1440 0.02977788759690583 59.4
1441 0.02977081724772269 59.41
1442 0.02976630763973587 59.42
1443 0.0297643957800746 59.43
1444 0.02976506572671578 59.44
1445 0.02976829016687917 59.45
1446 0.02977401573807205 59.46
1447 0.02978215799540296 59.47
1448 0.02979260653669586 59.48
1449 0.02980521241390297 59.49
1450 0.02981981854422364 59.5
1451 0.02983625938025103 59.51
1452 0.02985436717259006 59.52
1453 0.02987391278732962 59.53
1454 0.02989468803123886 59.54
1455 0.02991643800979556 59.55
1456 0.02993892576693832 59.56
1457 0.02996185138841243 59.57
1458 0.02998497341255269 59.58
1459 0.03000797817154492 59.59
1460 0.03003059779895155 59.6
1461 0.03005258096838533 59.61
1462 0.03007369005899233 59.62
1463 0.03009363653752153 59.63
1464 0.03011231392423356 59.64
1465 0.03012949098233129 59.65
1466 0.03014493984882521 59.66
1467 0.03015846753753753 59.67
1468 0.03016978243497634 59.68
1469 0.03017896843297807 59.69
1470 0.03018592202017422 59.7
1471 0.03019059130104432 59.71
1472 0.03019295462837531 59.72
1473 0.03019302550610103 59.73
1474 0.03019081994041449 59.74
1475 0.03018641287267711 59.75
1476 0.03017989047772135 59.76
1477 0.03017138429708141 59.77
1478 0.03016103275005843 59.78
1479 0.03014901756353249 59.79
1480 0.030135510970474 59.8
1481 0.03012047677993938 59.81
1482 0.03010443855519438 59.82
1483 0.03008767587390239 59.83
1484 0.03007038480573284 59.84
1485 0.030052854919054 59.85
1486 0.03003541658344979 59.86
1487 0.03001837361532225 59.87
1488 0.03000229416374287 59.88
1489 0.02998714683340185 59.89
1490 0.02997321328926801 59.9
1491 0.02996070709067136 59.91
1492 0.02994983083913077 59.92
1493 0.02994078556273735 59.93
1494 0.02993372257712659 59.94
1495 0.02992877536643431 59.95
1496 0.02992606648702361 59.96
1497 0.02992567898011617 59.97
1498 0.0299276254337848 59.98
1499 0.02993214710539838 59.99
1500 0.02993907611856603 60
