"frac-mass-ch4-rfile"
"Time Step" "frac-mass-ch4 etc.."
("Time Step" "frac-mass-ch4" "flow-time")
0 0.0005334501322935044 0
1 0.0005948902239660068 0.1
2 0.0004993759751213072 0.2
3 0.0004688107293505932 0.3
4 0.0004885001704196295 0.4
5 0.0005146990736728399 0.5
6 0.0005158680994016614 0.6000000000000001
7 0.0003777810925608485 0.7000000000000001
8 0.0003308530793982216 0.8
9 0.000341373607407753 0.9
10 0.0003674197694521922 1
11 0.0003770983361698367 1.1
12 0.0003638539191553262 1.2
13 0.0003584913282258486 1.3
14 0.0003566138763282638 1.4
15 0.0003583366699585969 1.5
16 0.0003568580609321323 1.6
17 0.0003444181407514372 1.7
18 0.000338852813747184 1.8
19 0.0003139307863789743 1.9
20 0.0002952984094958099 2
21 0.000293904230562102 2.1
22 0.0002779050403697245 2.2
23 0.0002734907180111935 2.3
24 0.0002477133336803623 2.4
25 0.0002417837373135893 2.5
26 0.0002347143369255071 2.6
27 0.0002176623289283599 2.7
28 0.0002110396275960034 2.8
29 0.0002054631269345825 2.9
30 0.0002000173632316612 3
31 0.0001946090217308353 3.1
32 0.0001887588091884667 3.2
33 0.0001828943215469722 3.3
34 0.0001773682221884667 3.4
35 0.0001722348417429119 3.5
36 0.0001675676660558954 3.6
37 0.0001633818606027554 3.7
38 0.0001596425744390633 3.8
39 0.0001564321669553096 3.9
40 0.0001537447512209813 4
41 0.0001516613123942886 4.100000000000001
42 0.0001499416694083879 4.2
43 0.0001485505655155124 4.3
44 0.0001474030140420272 4.4
45 0.0001464581528113725 4.5
46 0.0001456139767567019 4.600000000000001
47 0.0001448189692744587 4.7
48 0.0001440104994769303 4.800000000000001
49 0.0001431443837974011 4.9
50 0.0001422075705589821 5
51 0.0001412943535595437 5.100000000000001
52 0.0001402927698413387 5.2
53 0.0001393702797866979 5.300000000000001
54 0.0001385117571356743 5.4
55 0.0001378097115945682 5.5
56 0.0001371464668214371 5.600000000000001
57 0.0001365655861553449 5.7
58 0.0001360077407166409 5.800000000000001
59 0.0001353982798653474 5.9
60 0.0001347485555809989 6
61 0.000134041972654821 6.100000000000001
62 0.0001332343336099982 6.2
63 0.00013230276835361 6.300000000000001
64 0.0001312298309928097 6.4
65 0.0001298934346005916 6.5
66 0.0001283859080907603 6.600000000000001
67 0.0001266922468286923 6.7
68 0.0001248474115690253 6.800000000000001
69 0.00012290850810642 6.9
70 0.0001209026786428004 7
71 0.0001188779877431793 7.100000000000001
72 0.0001168883518697272 7.2
73 0.0001149872571420993 7.300000000000001
74 0.0001132165540238125 7.4
75 0.0001116003580454637 7.5
76 0.0001101492996102307 7.600000000000001
77 0.0001089096763907546 7.7
78 0.0001078390296669433 7.800000000000001
79 0.0001069447861744902 7.9
80 0.0001062180219903472 8
81 0.0001056330192759828 8.1
82 0.0001051506692601269 8.200000000000001
83 0.0001047550987778054 8.300000000000001
84 0.0001044226200413442 8.4
85 0.0001041238795618944 8.5
86 0.0001038407137175761 8.6
87 0.0001035659683724027 8.700000000000001
88 0.000103257929158735 8.800000000000001
89 0.000102939881400853 8.9
90 0.0001024520995339887 9
91 0.0001019561097368748 9.1
92 0.0001014226315822594 9.200000000000001
93 0.0001008686797708955 9.300000000000001
94 0.0001003566194512085 9.4
95 9.977316466686666e-05 9.5
96 9.928749266287057e-05 9.600000000000001
97 9.872635489600427e-05 9.700000000000001
98 9.819901793606053e-05 9.800000000000001
99 9.768642809573032e-05 9.9
100 9.762035373006152e-05 10
101 9.70321393234171e-05 10.1
102 9.64768797371593e-05 10.2
103 9.639583225009911e-05 10.3
104 9.561588064517828e-05 10.4
105 9.490876467514763e-05 10.5
106 9.481795280833852e-05 10.6
107 9.403525659127075e-05 10.7
108 9.389465913553069e-05 10.8
109 9.31560985088632e-05 10.9
110 9.301094859397372e-05 11
111 9.223026151000079e-05 11.1
112 9.207177386694838e-05 11.2
113 9.11920885840608e-05 11.3
114 9.101529164825074e-05 11.4
115 9.004399199900835e-05 11.5
116 8.985220296419925e-05 11.6
117 8.881009008685514e-05 11.7
118 8.860294811745861e-05 11.8
119 8.74413719357273e-05 11.9
120 8.725257783785783e-05 12
121 8.610040854720673e-05 12.1
122 8.590425758429613e-05 12.2
123 8.494840422525032e-05 12.3
124 8.467474943171678e-05 12.4
125 8.386235946527935e-05 12.5
126 8.361663332825539e-05 12.6
127 8.326242841773943e-05 12.7
128 8.305779885517011e-05 12.8
129 8.359710397536467e-05 12.9
130 8.424839880412995e-05 13
131 8.758407639426329e-05 13.1
132 8.891259744850733e-05 13.2
133 9.679187123252741e-05 13.3
134 9.949197612617426e-05 13.4
135 0.0001125743219542476 13.5
136 0.0001166187787472879 13.6
137 0.0001374473584942982 13.7
138 0.0001422590531462413 13.8
139 0.0001836745050493182 13.9
140 0.0001955113835302575 14
141 0.0002572033441556278 14.1
142 0.0002738070860682663 14.2
143 0.0003388783948076449 14.3
144 0.0003602371927979968 14.4
145 0.0003814197586595648 14.5
146 0.0004760034972096237 14.6
147 0.0005126131767282077 14.7
148 0.0005469202782619755 14.8
149 0.0006773644368766458 14.9
150 0.000724021983298892 15
151 0.0007656930450624003 15.1
152 0.0008795515753809205 15.2
153 0.0009166994099494829 15.3
154 0.0009502106538761782 15.4
155 0.001332197292361067 15.5
156 0.001928863174941243 15.6
157 0.002522246768148026 15.7
158 0.003114652921224209 15.8
159 0.003706318099399244 15.9
160 0.004298246529671105 16
161 0.00489168549748905 16.1
162 0.005485818477357368 16.2
163 0.006082864093373047 16.3
164 0.006677606652927291 16.4
165 0.007263292104861121 16.5
166 0.007834983142717841 16.6
167 0.008403874914866171 16.7
168 0.00898027717661415 16.8
169 0.009564929766195935 16.9
170 0.01015438549473662 17
171 0.01075103885366602 17.1
172 0.01134484411926092 17.2
173 0.01194936299203206 17.3
174 0.01255937547818397 17.4
175 0.01316550885951069 17.5
176 0.01377285923190035 17.6
177 0.01440087763323382 17.7
178 0.01503179951302614 17.8
179 0.01566127197152599 17.9
180 0.01628377696034036 18
181 0.01689861705021917 18.1
182 0.0175269580301065 18.2
183 0.01815307765798254 18.3
184 0.01877910225082771 18.4
185 0.01939845287211351 18.5
186 0.02001883108144416 18.6
187 0.02065188798603699 18.7
188 0.0212811946964211 18.8
189 0.02189170962798174 18.9
190 0.02250346392267611 19
191 0.02313170570450255 19.1
192 0.02377326021524552 19.2
193 0.02440620762325667 19.3
194 0.02500544334581869 19.4
195 0.02562399537515497 19.5
196 0.0262752609468553 19.6
197 0.02688048482342241 19.7
198 0.02749707395133173 19.8
199 0.02812735005615633 19.9
200 0.02876980507221538 20
201 0.02933677881565294 20.1
202 0.02992178620770023 20.2
203 0.03054874820938999 20.3
204 0.03120082309730069 20.4
205 0.03177216785461107 20.5
206 0.0323446065180756 20.6
207 0.0329530425977952 20.7
208 0.03355981427082717 20.8
209 0.03414860868910056 20.9
210 0.03473929577703852 21
211 0.03533537102052751 21.1
212 0.03591708355469281 21.2
213 0.03650663508966228 21.3
214 0.03709709222599038 21.4
215 0.0376884825881181 21.5
216 0.03827797148689755 21.6
217 0.03888536245779042 21.7
218 0.03949134688427627 21.8
219 0.04009198761442079 21.9
220 0.04067588769254464 22
221 0.04128648566466653 22.1
222 0.0419024930770603 22.2
223 0.04251502664086555 22.3
224 0.04305614571253114 22.4
225 0.04305835703128959 22.5
226 0.04359604853178645 22.6
227 0.04413320196396903 22.7
228 0.04467529480778345 22.8
229 0.04522103567617837 22.9
230 0.04576841165575658 23
231 0.04631509077840205 23.1
232 0.04685873641952734 23.2
233 0.04741503043844063 23.3
234 0.04796407792715073 23.4
235 0.04852336158638616 23.5
236 0.04909288028199091 23.6
237 0.04966570002112623 23.7
238 0.05025172260902994 23.8
239 0.05083110518745936 23.9
240 0.05140127195312161 24
241 0.05197456960701238 24.1
242 0.052545630563396 24.2
243 0.05309335012917803 24.3
244 0.05363617498511147 24.4
245 0.05417211173639621 24.5
246 0.0546987817536425 24.6
247 0.0552218631816134 24.7
248 0.05574551995701634 24.8
249 0.05626317142212536 24.9
250 0.05677392068615422 25
251 0.05728588784068084 25.1
252 0.05786513897578802 25.2
253 0.05845344579002426 25.3
254 0.05904031712746222 25.4
255 0.05961542116377644 25.5
256 0.06019308284835533 25.6
257 0.06077212591414383 25.7
258 0.06135987683261401 25.8
259 0.06194996293691175 25.9
260 0.06252734401207899 26
261 0.06310472559314428 26.1
262 0.0636872711414745 26.2
263 0.06421376605598814 26.3
264 0.06474283565021256 26.4
265 0.06527971706782905 26.5
266 0.06581254073612347 26.6
267 0.06634816284587794 26.7
268 0.06688575806209721 26.8
269 0.06743311827444066 26.9
270 0.06794463635412704 27
271 0.0684933238685565 27.1
272 0.06904273625753395 27.2
273 0.06962159700541375 27.3
274 0.07019728787883832 27.4
275 0.07075488057481744 27.5
276 0.07131792724296158 27.6
277 0.07188133123481823 27.7
278 0.0724516049397491 27.8
279 0.07245540465398484 27.9
280 0.07300266576209696 28
281 0.07353849692281833 28.1
282 0.07407025720813122 28.2
283 0.07464119241566604 28.3
284 0.07520814659559669 28.4
285 0.0757832221754119 28.5
286 0.07636026150253761 28.6
287 0.07694977658190154 28.7
288 0.07748235053844199 28.8
289 0.07800768406926131 28.9
290 0.07853942319709932 29
291 0.07906957329847182 29.1
292 0.07959737218624519 29.2
293 0.08012802350892202 29.3
294 0.08066211429803033 29.4
295 0.08119024326925407 29.5
296 0.08171787524826385 29.6
297 0.08224467933597404 29.7
298 0.0827647088873471 29.8
299 0.08328866253069007 29.9
300 0.08381508707387414 30
301 0.08434302579261688 30.1
302 0.08486884372153533 30.2
303 0.08539640502177272 30.3
304 0.08591734064652128 30.4
305 0.0864410135597421 30.5
306 0.08696176393122754 30.6
307 0.08748389670311793 30.7
308 0.08801275677541208 30.8
309 0.08854148959610871 30.9
310 0.08907164996737783 31
311 0.0896023854285497 31.1
312 0.09013204095692381 31.2
313 0.09066366448900817 31.3
314 0.09122813332936143 31.4
315 0.09178587852002112 31.5
316 0.09233121447247021 31.6
317 0.09287680204026269 31.7
318 0.09339336098829903 31.8
319 0.0939127214610485 31.9
320 0.09442995755198699 32
321 0.09494935746085185 32.1
322 0.09546941438023096 32.2
323 0.09598638596506444 32.3
324 0.09650070927329552 32.4
325 0.09701783694783157 32.5
326 0.09753520933646248 32.6
327 0.09804787323503548 32.7
328 0.09856466508225034 32.8
329 0.09908100083791491 32.9
330 0.09959641350358142 33
331 0.1001092068907817 33.1
332 0.1006289366939118 33.2
333 0.101153057678723 33.3
334 0.1016665362996573 33.4
335 0.1021802195106606 33.5
336 0.1027001546655577 33.6
337 0.103217891123359 33.7
338 0.1037345488380677 33.8
339 0.1042544891191921 33.9
340 0.1047776636907777 34
341 0.1053022157234878 34.1
342 0.1057991077090146 34.2
343 0.1063177318877319 34.3
344 0.1068462108692726 34.4
345 0.1073753684809902 34.5
346 0.1079041275963307 34.6
347 0.1084375455000397 34.7
348 0.1089724538925417 34.8
349 0.1095092706464768 34.9
350 0.1100493707369315 35
351 0.1105925379880578 35.1
352 0.1111353146507167 35.2
353 0.1116850831787114 35.3
354 0.1122407028208829 35.4
355 0.1127989677065286 35.5
356 0.1133578792405654 35.6
357 0.1139167103877068 35.7
358 0.1144644942812528 35.8
359 0.1150194661438908 35.9
360 0.1155674879968851 36
361 0.1161204128175918 36.1
362 0.1166668774007197 36.2
363 0.1172138730993883 36.3
364 0.1177642607898274 36.4
365 0.1183119561115459 36.5
366 0.1188639164114394 36.6
367 0.1194093566057315 36.7
368 0.1199501835848218 36.8
369 0.1204888300392041 36.9
370 0.1210218947038629 37
371 0.1215406411634685 37.1
372 0.1220505566163213 37.2
373 0.1225540412925264 37.3
374 0.12305283368593 37.4
375 0.1235466076929899 37.5
376 0.1240351025667509 37.6
377 0.1245178799516653 37.7
378 0.1249707435479856 37.8
379 0.1254475126451606 37.9
380 0.1259240191872361 38
381 0.1264059026192768 38.1
382 0.1268884691680493 38.2
383 0.1273761092087669 38.3
384 0.1278717372058728 38.40000000000001
385 0.1283632851920548 38.5
386 0.1288596451223869 38.6
387 0.1293587885874559 38.7
388 0.1298590190828639 38.8
389 0.1303634382650734 38.90000000000001
390 0.130868444284246 39
391 0.1313736326698389 39.1
392 0.1318825920831205 39.2
393 0.1324095189518962 39.3
394 0.1329368381402922 39.40000000000001
395 0.1334583367091315 39.5
396 0.1339779972857127 39.6
397 0.1344675171249426 39.7
398 0.1349548158243481 39.8
399 0.1354495597624432 39.90000000000001
400 0.1359473761777006 40
401 0.1364450735280087 40.1
402 0.1369381224771357 40.2
403 0.1374362251400189 40.3
404 0.1379347089029554 40.40000000000001
405 0.1384269981606375 40.5
406 0.1389197413990617 40.6
407 0.1394128936822627 40.7
408 0.1399060136903989 40.8
409 0.140401328273238 40.90000000000001
410 0.1408992578538605 41
411 0.1413958530833264 41.1
412 0.1418944524224338 41.2
413 0.1423899376820043 41.3
414 0.1428782280699084 41.40000000000001
415 0.1433720396590699 41.5
416 0.1438656388633582 41.6
417 0.144355011688344 41.7
418 0.1448445302166207 41.8
419 0.1453422736616279 41.90000000000001
420 0.1458296195156907 42
421 0.146325915859034 42.1
422 0.1468239710880367 42.2
423 0.1473222837556435 42.3
424 0.1478276041420676 42.40000000000001
425 0.1483289065897704 42.5
426 0.1488368780276782 42.6
427 0.1493394533553968 42.7
428 0.1498426123570288 42.8
429 0.1503454517274224 42.90000000000001
430 0.15086056170841 43
431 0.1513844330626349 43.1
432 0.1519156793521185 43.2
433 0.1524421862614985 43.3
434 0.15294966745247 43.40000000000001
435 0.153453750642289 43.5
436 0.1539562462772543 43.6
437 0.1544569681818006 43.7
438 0.15495749593381 43.8
439 0.1554578108307054 43.90000000000001
440 0.1559558211743547 44
441 0.1564536158748599 44.1
442 0.1569481833036666 44.2
443 0.1574413131038329 44.3
444 0.157933048339065 44.40000000000001
445 0.1584284429969622 44.5
446 0.1589178190588241 44.6
447 0.1594104156246163 44.7
448 0.1599043676083245 44.8
449 0.160401920595946 44.90000000000001
450 0.160891764725383 45
451 0.1613863313555168 45.1
452 0.1618814240770943 45.2
453 0.1623753867630663 45.3
454 0.1628701785222902 45.40000000000001
455 0.1633685408210502 45.5
456 0.1638662860578311 45.6
457 0.1643652414399558 45.7
458 0.164867877900425 45.8
459 0.1653698039285301 45.90000000000001
460 0.1658760699540125 46
461 0.166386330775838 46.1
462 0.1669014999885316 46.2
463 0.1674186678935936 46.3
464 0.1679338436913181 46.40000000000001
465 0.1684488982007799 46.5
466 0.1689622121637074 46.6
467 0.1694725320168168 46.7
468 0.1699810108992248 46.8
469 0.1704845239798201 46.90000000000001
470 0.1709834970071599 47
471 0.1714781992269973 47.1
472 0.171970469363896 47.2
473 0.1724592970619608 47.3
474 0.1729565578278109 47.40000000000001
475 0.1734579661503588 47.5
476 0.1739781079746884 47.6
477 0.1744889523052958 47.7
478 0.1749955780679343 47.8
479 0.1754998452005223 47.90000000000001
480 0.1760037558056349 48
481 0.1765084144207492 48.1
482 0.1770151936659213 48.2
483 0.1775291426426569 48.3
484 0.1775337594711774 48.40000000000001
485 0.1780452058711184 48.5
486 0.1785545532052436 48.6
487 0.1790572629899247 48.7
488 0.1795549344933464 48.8
489 0.1800435592996256 48.90000000000001
490 0.1805270021510561 49
491 0.1810093058206205 49.1
492 0.181483073405652 49.2
493 0.1819471612310153 49.3
494 0.1824079350941343 49.40000000000001
495 0.1828679410761324 49.5
496 0.183325042505841 49.6
497 0.183782539898836 49.7
498 0.1842425933313674 49.8
499 0.1847033183169544 49.90000000000001
500 0.1851607812669157 50
501 0.183712070938595 50.01
502 0.1816489970439255 50.02
503 0.1800497069920551 50.03
504 0.1789462967588511 50.04
505 0.1780114002991485 50.05
506 0.1769943073296069 50.06
507 0.1758861051362139 50.07
508 0.1747514510456621 50.08
509 0.1736750537773629 50.09
510 0.1725897011563041 50.1
511 0.1714796069067969 50.11
512 0.1703346406718725 50.12
513 0.1691693848182301 50.13
514 0.1679813141607703 50.14
515 0.166756907449964 50.15
516 0.1654966373123116 50.16
517 0.1642063162595644 50.17
518 0.1628896156789711 50.18
519 0.1615449509386964 50.19
520 0.1601345894516631 50.2
521 0.1587191885458656 50.21
522 0.1572710612233383 50.22
523 0.1557745406327288 50.23
524 0.1542903065880155 50.24
525 0.1527918138715525 50.25
526 0.1512618285627313 50.26
527 0.1497189106075809 50.27
528 0.1481349176883679 50.28
529 0.1465598711160075 50.29
530 0.1449944019140043 50.3
531 0.1434323213609559 50.31
532 0.1418918260989141 50.32
533 0.1403523628773495 50.33
534 0.138785648753244 50.34
535 0.1372089039040709 50.35
536 0.1356117242403197 50.36
537 0.1340111549568021 50.37
538 0.132384640570141 50.38
539 0.1307456880563912 50.39
540 0.129100974281721 50.4
541 0.1274468558961414 50.41
542 0.1257794355643634 50.42
543 0.1241126076742185 50.43
544 0.12243984227249 50.44
545 0.1207722709717886 50.45
546 0.1191137231226998 50.46
547 0.1174595103217204 50.47
548 0.1158157476566512 50.48
549 0.1141905884562355 50.49
550 0.112586900298403 50.5
551 0.1110049694914384 50.51
552 0.109446397403813 50.52
553 0.1079169440733209 50.53
554 0.1064135741857479 50.54
555 0.1049328596439514 50.55
556 0.1034779221934784 50.56
557 0.1020498992051069 50.57
558 0.1006510950260169 50.58
559 0.09927698296198488 50.59
560 0.09792624540977679 50.6
561 0.09659776279832442 50.61
562 0.09529302506530837 50.62
563 0.09401260144459733 50.63
564 0.09275765530394263 50.64
565 0.09152939234543997 50.65
566 0.09033116771384786 50.66
567 0.08916202286756209 50.67
568 0.08802436014506317 50.68
569 0.08692011757939301 50.69
570 0.08585126373737911 50.7
571 0.08481802974417865 50.71
572 0.08383007509698295 50.72
573 0.08287963344266186 50.73
574 0.08196184624965835 50.74
575 0.08108138931609037 50.75
576 0.08023724318207646 50.76
577 0.07942784968837525 50.77
578 0.07865131720608502 50.78
579 0.07790824756369971 50.79
580 0.07719522761142085 50.8
581 0.07651109723861743 50.81
582 0.07585497272102099 50.82
583 0.07522732026509142 50.83
584 0.07462676424340293 50.84
585 0.0740505437718797 50.85
586 0.07349755811179795 50.86
587 0.07297374369708393 50.87
588 0.07247561793123217 50.88
589 0.07198735767222629 50.89
590 0.07152090874138181 50.9
591 0.07107086234234729 50.91
592 0.07063922913906595 50.92
593 0.07023227803148079 50.93
594 0.06983518616488857 50.94
595 0.06944980043667166 50.95
596 0.06907020195721507 50.96
597 0.06869681591710211 50.97
598 0.06833148012028828 50.98
599 0.06797340298808555 50.99
600 0.06762205030827421 51
601 0.06727277125907145 51.01
602 0.06692513482200699 51.02
603 0.06657615701931414 51.03
604 0.06622451893997092 51.04
605 0.06586840863664054 51.05
606 0.06550792034399812 51.06
607 0.06514057530991366 51.07
608 0.06476491319941156 51.08
609 0.064381528479539 51.09
610 0.06398906290752483 51.1
611 0.06358484971533794 51.11
612 0.06316789977423418 51.12
613 0.06273571625659674 51.13
614 0.06229206974992627 51.14
615 0.06183563359546812 51.15
616 0.06136580881783101 51.16
617 0.060874681685091 51.17
618 0.06037147921396978 51.18
619 0.05985340111770512 51.19
620 0.05931933700222147 51.2
621 0.05876962728708171 51.21
622 0.05820298453029697 51.22
623 0.05762212527366677 51.23
624 0.05702399166853818 51.24
625 0.05639972739822663 51.25
626 0.05576726854073455 51.26
627 0.05512090261770247 51.27
628 0.05446210225464847 51.28
629 0.05379887174737716 51.29
630 0.05314709393896305 51.3
631 0.05249475539853516 51.31
632 0.05184778195118379 51.32
633 0.05121628194582342 51.33
634 0.05058912799204609 51.34
635 0.04997287232892688 51.35
636 0.04936971277023094 51.36
637 0.04878026329302373 51.37
638 0.04820515946458145 51.38
639 0.04764510581221668 51.39
640 0.0471008916040215 51.4
641 0.04657192993078219 51.41
642 0.04605812485485535 51.42
643 0.04555980865180483 51.43
644 0.0450772298972809 51.44
645 0.04461631810605183 51.45
646 0.04417691172269825 51.46
647 0.04373565189453513 51.47
648 0.04331953718220549 51.48
649 0.04290927876277385 51.49
650 0.04251684723418746 51.5
651 0.04213107410551459 51.51
652 0.04176169159561555 51.52
653 0.04139999352072463 51.53
654 0.04105460032870988 51.54
655 0.04072039183827941 51.55
656 0.04039472602909147 51.56
657 0.04007762246814234 51.57
658 0.03976599590061757 51.58
659 0.03946893099225527 51.59
660 0.03917835639178691 51.6
661 0.0388923682114577 51.61
662 0.03861231646418101 51.62
663 0.03833742812130826 51.63
664 0.03806669740623031 51.64
665 0.03779967905562094 51.65
666 0.03753647338935022 51.66
667 0.03727801123927373 51.67
668 0.0370214360475762 51.68
669 0.03676900125655776 51.69
670 0.03652095810857806 51.7
671 0.03627711371588924 51.71
672 0.03603750396255326 51.72
673 0.03580223460436705 51.73
674 0.03557167421635093 51.74
675 0.03534508691339023 51.75
676 0.03512371739367738 51.76
677 0.034906346332289 51.77
678 0.03469211830870062 51.78
679 0.03448033898020945 51.79
680 0.03426993013337723 51.8
681 0.03406038931004959 51.81
682 0.03385088597428609 51.82
683 0.03364037536431528 51.83
684 0.03342786451111519 51.84
685 0.0332131273970682 51.85
686 0.03299009591865464 51.86
687 0.03276757722123554 51.87
688 0.03254288015946169 51.88
689 0.03231259990056178 51.89
690 0.03208408974954823 51.9
691 0.03185269325192121 51.91
692 0.03162126677777381 51.92
693 0.03139026344955351 51.93
694 0.03115934752791017 51.94
695 0.03092058963952349 51.95
696 0.03067021582865772 51.96
697 0.03040629770955724 51.97
698 0.03013501751601037 51.98
699 0.02986167692174087 51.99
700 0.02958504006920448 52
701 0.02930728404426461 52.01
702 0.02902029314230315 52.02
703 0.02871435058599297 52.03
704 0.0283914640247919 52.04
705 0.02806445578379719 52.05
706 0.02774623008119732 52.06
707 0.0274378373184917 52.07
708 0.02712635951823681 52.08
709 0.02678682453968276 52.09
710 0.02643150078677434 52.1
711 0.02608194839877957 52.11
712 0.02574865275339171 52.12
713 0.02542557531117547 52.13
714 0.02509347506272551 52.14
715 0.02474175605388044 52.15
716 0.02439172686335625 52.16
717 0.02405312682228514 52.17
718 0.02372554412214633 52.18
719 0.02339649502967773 52.19
720 0.02305740652332335 52.2
721 0.02272214910044195 52.21
722 0.02239626831071424 52.22
723 0.02207865173086756 52.23
724 0.0217625665611933 52.24
725 0.02144937748765544 52.25
726 0.02114330421892406 52.26
727 0.02084545721847458 52.27
728 0.0205534686524725 52.28
729 0.02026790394494656 52.29
730 0.01998947433887831 52.3
731 0.01971799885801877 52.31
732 0.01945350385836547 52.32
733 0.01919607326137948 52.33
734 0.01894552590052059 52.34
735 0.01870207001876295 52.35
736 0.01846560169008524 52.36
737 0.01823610753790133 52.37
738 0.01801330073806377 52.38
739 0.01779651348195273 52.39
740 0.01758564350258218 52.4
741 0.0173801961884415 52.41
742 0.01718012574911078 52.42
743 0.01698520859585261 52.43
744 0.01679514027140914 52.44
745 0.01660992146158276 52.45
746 0.01642916870358887 52.46
747 0.01625241658792314 52.47
748 0.01607933515661909 52.48
749 0.01590948206070128 52.49
750 0.01574227924307916 52.5
751 0.0155771906075738 52.51
752 0.01541367580516515 52.52
753 0.01525118833236373 52.53
754 0.01508930113599589 52.54
755 0.01492743404398599 52.55
756 0.01476529325305831 52.56
757 0.0146028967795549 52.57
758 0.01444009682443451 52.58
759 0.01427665620244272 52.59
760 0.01411231358162002 52.6
761 0.01394694180945016 52.61
762 0.01378056354714812 52.62
763 0.01361329229558448 52.63
764 0.01344555697643128 52.64
765 0.013277411394325 52.65
766 0.01310818166895066 52.66
767 0.01293710250862361 52.67
768 0.01276366103073156 52.68
769 0.0125877539370628 52.69
770 0.0124100191250845 52.7
771 0.01223084099076782 52.71
772 0.01205067591717451 52.72
773 0.01186959985884146 52.73
774 0.0116877190817522 52.74
775 0.0115055464835067 52.75
776 0.01132318015530667 52.76
777 0.01114073100102607 52.77
778 0.01095921477713209 52.78
779 0.01077826507174295 52.79
780 0.010598429365406 52.8
781 0.01042082155404334 52.81
782 0.01024593109739705 52.82
783 0.01007348112101735 52.83
784 0.009903078720812862 52.84
785 0.009733672248797585 52.85
786 0.009565035112410674 52.86
787 0.009398030530250833 52.87
788 0.009233951246071568 52.88
789 0.009073932397895477 52.89
790 0.008918584305720755 52.9
791 0.008768291342155884 52.91
792 0.008623584821224365 52.92
793 0.008486280495913786 52.93
794 0.008356817002665468 52.94
795 0.008244380170386223 52.95
796 0.008157181166497211 52.96
797 0.00808613174480676 52.97
798 0.008023970328712642 52.98
799 0.007966071657857591 52.99
800 0.007912679577752432 53
801 0.007863813332727204 53.01
802 0.007819199402181041 53.02
803 0.007778225909348082 53.03
804 0.007738963913069124 53.04
805 0.007699153332336407 53.05
806 0.007657061314933493 53.06
807 0.007611253869373695 53.07
808 0.007561312831955783 53.08
809 0.007506482911588258 53.09
810 0.007447455931014079 53.1
811 0.007385333383680957 53.11
812 0.007320834350648981 53.12
813 0.007253764233826387 53.13
814 0.007186293262379952 53.14
815 0.007119464059464348 53.15
816 0.0070541394744225 53.16
817 0.006991202564821078 53.17
818 0.006930566470094028 53.18
819 0.006872564746202887 53.19
820 0.006817559371777518 53.2
821 0.006765113167624097 53.21
822 0.006716761503066341 53.22
823 0.006670351531797414 53.23
824 0.00662362641256519 53.24
825 0.006577322361491708 53.25
826 0.00653242718076743 53.26
827 0.006488471201668269 53.27
828 0.006444302272624438 53.28
829 0.006395934339133034 53.29
830 0.006345765370796385 53.3
831 0.006294678537185108 53.31
832 0.00624287247161372 53.32
833 0.006192790972697235 53.33
834 0.006142313246627642 53.34
835 0.006089547008676937 53.35
836 0.00603677969329648 53.36
837 0.005984685762848847 53.37
838 0.005932699198643192 53.38
839 0.005881973412165293 53.39
840 0.005832280168551458 53.4
841 0.005786995465956241 53.41
842 0.005742739602360011 53.42
843 0.005698306087302754 53.43
844 0.005655825924868759 53.44
845 0.005610048962848566 53.45
846 0.005567186132430464 53.46
847 0.005521877246860518 53.47
848 0.005477628808610794 53.48
849 0.005433160020386163 53.49
850 0.005386258727115762 53.5
851 0.005341724130337028 53.51
852 0.005297611473312592 53.52
853 0.00525448100212258 53.53
854 0.005209090831412178 53.54
855 0.005162103357901349 53.55
856 0.005114225084433952 53.56
857 0.005067162827850566 53.57
858 0.005019911665596909 53.58
859 0.004973315839565578 53.59
860 0.004927248664510434 53.6
861 0.004880886800247486 53.61
862 0.00483487326289333 53.62
863 0.004789388326075453 53.63
864 0.004744777733742934 53.64
865 0.004700094682417299 53.65
866 0.004656120842210786 53.66
867 0.004614812034331823 53.67
868 0.004569158214638035 53.68
869 0.004521857722094813 53.69
870 0.004473993554657667 53.7
871 0.004427055295111159 53.71
872 0.004380343125496707 53.72
873 0.00433559353122814 53.73
874 0.004289947195098714 53.74
875 0.004245848942589335 53.75
876 0.004205439829587237 53.76
877 0.004162311911623428 53.77
878 0.004120482703446483 53.78
879 0.004077683091568798 53.79
880 0.004034434524613754 53.8
881 0.003991934074048447 53.81
882 0.003949508499795485 53.82
883 0.00391066402131903 53.83
884 0.003871500466941178 53.84
885 0.003832633922239707 53.85
886 0.003794061441979828 53.86
887 0.003756112695726962 53.87
888 0.003716719025124113 53.88
889 0.003675138390436656 53.89
890 0.003639288667262928 53.9
891 0.003607192056468484 53.91
892 0.003571815062095805 53.92
893 0.003533167175978595 53.93
894 0.003494820894376655 53.94
895 0.00345717647233553 53.95
896 0.003421749612946795 53.96
897 0.003386901118202766 53.97
898 0.0033503651756653 53.98
899 0.003318717085575737 53.99
900 0.003288125287786619 54
901 0.003258034276914388 54.01
902 0.003226843888374409 54.02
903 0.003194419926998456 54.03
904 0.003161642261281137 54.04
905 0.003130112859581586 54.05
906 0.003099496893362271 54.06
907 0.003069512466521656 54.07
908 0.003039749530644033 54.08
909 0.003010212934466718 54.09
910 0.002981163616402016 54.1
911 0.002951965237098914 54.11
912 0.002923056133871073 54.12
913 0.002894412656194506 54.13
914 0.002866644485334773 54.14
915 0.002838548417774091 54.15
916 0.002810110836035386 54.16
917 0.002782209350520111 54.17
918 0.002755130459408822 54.18
919 0.002727739772845865 54.19
920 0.002700630961381396 54.2
921 0.002673763129100862 54.21
922 0.00264723088167448 54.22
923 0.002621413360894112 54.23
924 0.002596036502091692 54.24
925 0.002570873077167452 54.25
926 0.002545604893301233 54.26
927 0.00252121117552766 54.27
928 0.002496916503215311 54.28
929 0.002473942098436765 54.29
930 0.002450937953877199 54.3
931 0.002426266332947939 54.31
932 0.002401026027384315 54.32
933 0.00237556591415321 54.33
934 0.002350591585653403 54.34
935 0.002327928807047307 54.35
936 0.002303918645356522 54.36
937 0.00228078826427316 54.37
938 0.002253428161230961 54.38
939 0.002225050244107282 54.39
940 0.002198398093354611 54.4
941 0.002172962747026136 54.41
942 0.002147522994074566 54.42
943 0.002121501458874451 54.43
944 0.002097054500065844 54.44
945 0.002072385190829191 54.45
946 0.002047766878262571 54.46
947 0.002023187990885314 54.47
948 0.001997834312848199 54.48
949 0.001973044332498751 54.49
950 0.001948550546056934 54.5
951 0.001923909016254227 54.51
952 0.001897344436226033 54.52
953 0.001870649524740267 54.53
954 0.001846203794067424 54.54
955 0.001821841758525705 54.55
956 0.001797072508113369 54.56
957 0.001771960612901691 54.57
958 0.00174660289620253 54.58
959 0.001721079172119583 54.59
960 0.00169723375976864 54.6
961 0.001673517368407415 54.61
962 0.001648606449179201 54.62
963 0.001622137398082276 54.63
964 0.001596613318298491 54.64
965 0.001574056223394776 54.65
966 0.001551694747655644 54.66
967 0.001529128846387429 54.67
968 0.001504729326676993 54.68
969 0.001480896671999237 54.69
970 0.001457499397195322 54.7
971 0.00143377636669292 54.71
972 0.001411015391250684 54.72
973 0.001390116154760083 54.73
974 0.001368084081446801 54.74
975 0.001345550752341717 54.75
976 0.001323648537467347 54.76
977 0.001302358484337251 54.77
978 0.00128058697021707 54.78
979 0.001259211363778163 54.79
980 0.001238742558820883 54.8
981 0.00121939050481246 54.81
982 0.001200938490392556 54.82
983 0.001181183093020975 54.83
984 0.001162233397815982 54.84
985 0.001143543007116946 54.85
986 0.001124526202036219 54.86
987 0.001105731901073499 54.87
988 0.001087055539999123 54.88
989 0.001069357342858126 54.89
990 0.001052266677936007 54.9
991 0.001034540782190094 54.91
992 0.001017935566765735 54.92
993 0.001001931713779774 54.93
994 0.0009860257802425062 54.94
995 0.0009705690928467981 54.95
996 0.0009552114832356923 54.96
997 0.0009389746684010212 54.97
998 0.0009229977278456345 54.98
999 0.0009071976600980696 54.99
1000 0.0008923921242276329 55
1001 0.0008779164462757567 55.01
1002 0.000864517370314587 55.02
1003 0.0008511523057250505 55.03
1004 0.0008357224683722434 55.04
1005 0.0008206881401112763 55.05
1006 0.0008033584531267212 55.06
1007 0.0007814020156413406 55.07
1008 0.0007567044208737183 55.08
1009 0.000743064885853468 55.09
1010 0.0007381932245278611 55.1
1011 0.0007305925416350982 55.11
1012 0.0007183862068992892 55.12
1013 0.0007015613712446778 55.13
1014 0.0006760756137649225 55.14
1015 0.0006375830267413863 55.15
1016 0.0006016729840397847 55.16
1017 0.000597482318845304 55.17
1018 0.0005999708660020714 55.18
1019 0.0005941755030958237 55.19
1020 0.0005821402648783903 55.2
1021 0.0005670093133958344 55.21
1022 0.0005497950087782819 55.22
1023 0.0005306440119306109 55.23
1024 0.0005162987151347561 55.24
1025 0.0005122860398314743 55.25
1026 0.0005062707609019381 55.26
1027 0.0004918211342841858 55.27
1028 0.0004730134293955722 55.28
1029 0.0004556680579376318 55.29
1030 0.0004400101929375666 55.3
1031 0.0004270888463677602 55.31
1032 0.0004145696316595036 55.32
1033 0.0003992034848787661 55.33
1034 0.0003816868212524274 55.34
1035 0.0003641884192843944 55.35
1036 0.0003486529206413102 55.36
1037 0.0003336282390918689 55.37
1038 0.000319341062405479 55.38
1039 0.0003039777908079085 55.39
1040 0.0002891309137767537 55.4
1041 0.0002741684715065648 55.41
1042 0.0002598136173549267 55.42
1043 0.0002462692592948877 55.43
1044 0.0002324877862091913 55.44
1045 0.0002185918354115674 55.45
1046 0.000205207535441278 55.46
1047 0.0001924377337673697 55.47
1048 0.000180163803836831 55.48
1049 0.0001681165449774408 55.49
1050 0.0001562671162281908 55.5
1051 0.0001445693234115226 55.51
1052 0.0001331763776312701 55.52
1053 0.0001221825935535751 55.53
1054 0.0001116945910122262 55.54
1055 0.0001017218431533312 55.55
1056 9.232739796973063e-05 55.56
1057 8.348439280522485e-05 55.57
1058 7.525073428799045e-05 55.58
1059 6.767173451433929e-05 55.59
1060 6.082712815536513e-05 55.6
1061 5.472692903963264e-05 55.61
1062 4.935567587672946e-05 55.62
1063 4.479515969116777e-05 55.63
1064 4.085061331157898e-05 55.64
1065 3.742028671093322e-05 55.65
1066 3.447054205507766e-05 55.66
1067 3.196601694078849e-05 55.67
1068 2.982480902639075e-05 55.68
1069 2.807182603212838e-05 55.69
1070 2.667030977711558e-05 55.7
1071 2.557392609139215e-05 55.71
1072 2.470809488760568e-05 55.72
1073 2.394928495451508e-05 55.73
1074 2.325837032598308e-05 55.74
1075 2.262705589718634e-05 55.75
1076 2.206642763556463e-05 55.76
1077 2.157610636730001e-05 55.77
1078 2.112509746696712e-05 55.78
1079 2.069817301060794e-05 55.79
1080 2.030153774111065e-05 55.8
1081 1.992685694865631e-05 55.81
1082 1.960292008813053e-05 55.82
1083 1.93144465986503e-05 55.83
1084 1.905075464526839e-05 55.84
1085 1.879319907334788e-05 55.85
1086 1.852498976177827e-05 55.86
1087 1.824612668387072e-05 55.87
1088 1.796977645334158e-05 55.88
1089 1.769775572618596e-05 55.89
1090 1.742258840822595e-05 55.9
1091 1.714110476919534e-05 55.91
1092 1.686561945459177e-05 55.92
1093 1.659377909318677e-05 55.93
1094 1.631797475174614e-05 55.94
1095 1.605747619630248e-05 55.95
1096 1.580256769337941e-05 55.96
1097 1.554743955135656e-05 55.97
1098 1.52834786955734e-05 55.98
1099 1.50331608320949e-05 55.99
1100 1.48080919782801e-05 56
1101 1.459620621663325e-05 56.01
1102 1.43817268221227e-05 56.02
1103 1.415860425219213e-05 56.03
1104 1.394212582850765e-05 56.04
1105 1.373693150596241e-05 56.05
1106 1.354133857566807e-05 56.06
1107 1.335851567264797e-05 56.07
1108 1.318654136873651e-05 56.08
1109 1.301752870993229e-05 56.09
1110 1.285470571700946e-05 56.1
1111 1.269571458277116e-05 56.11
1112 1.254597881242945e-05 56.12
1113 1.240261958725534e-05 56.13
1114 1.226829479414871e-05 56.14
1115 1.213841113458908e-05 56.15
1116 1.201789409589523e-05 56.16
1117 1.191233576684388e-05 56.17
1118 1.181685522325446e-05 56.18
1119 1.173248349775882e-05 56.19
1120 1.165813069818641e-05 56.2
1121 1.159139815130399e-05 56.21
1122 1.153323191607884e-05 56.22
1123 1.148186021591204e-05 56.23
1124 1.143952896500392e-05 56.24
1125 1.140327634890234e-05 56.25
1126 1.137416893761642e-05 56.26
1127 1.135179902811735e-05 56.27
1128 1.13358055231478e-05 56.28
1129 1.132429391177141e-05 56.29
1130 1.13187698656048e-05 56.3
1131 1.131730543218509e-05 56.31
1132 1.131923044842659e-05 56.32
1133 1.132507009428167e-05 56.33
1134 1.133434722082726e-05 56.34
1135 1.134656083502896e-05 56.35
1136 1.136194829994982e-05 56.36
1137 1.138175787514596e-05 56.37
1138 1.140525557884039e-05 56.38
1139 1.142801913826906e-05 56.39
1140 1.145653097121546e-05 56.4
1141 1.149075990643653e-05 56.41
1142 1.152337284852738e-05 56.42
1143 1.155441213261235e-05 56.43
1144 1.158421956841467e-05 56.44
1145 1.161295111508126e-05 56.45
1146 1.164116207188175e-05 56.46
1147 1.166693062732458e-05 56.47
1148 1.169141180214877e-05 56.48
1149 1.17152674645846e-05 56.49
1150 1.17363495570813e-05 56.5
1151 1.175451892107326e-05 56.51
1152 1.176953900325446e-05 56.52
1153 1.178122816198732e-05 56.53
1154 1.178750986770096e-05 56.54
1155 1.178775195992832e-05 56.55
1156 1.178366319778836e-05 56.56
1157 1.177294452756868e-05 56.57
1158 1.176070808042226e-05 56.58
1159 1.174272310026978e-05 56.59
1160 1.172213700239214e-05 56.6
1161 1.169705962688794e-05 56.61
1162 1.166676920530209e-05 56.62
1163 1.163239374065967e-05 56.63
1164 1.159656383099055e-05 56.64
1165 1.156435028926853e-05 56.65
1166 1.153061459655183e-05 56.66
1167 1.148358524522254e-05 56.67
1168 1.143041343043693e-05 56.68
1169 1.137405467803677e-05 56.69
1170 1.131371795144702e-05 56.7
1171 1.125025241873288e-05 56.71
1172 1.118570330660764e-05 56.72
1173 1.112134118989247e-05 56.73
1174 1.105544086622928e-05 56.74
1175 1.098943392296166e-05 56.75
1176 1.092295267669753e-05 56.76
1177 1.085583208108837e-05 56.77
1178 1.078903192654646e-05 56.78
1179 1.072314172662163e-05 56.79
1180 1.06572963617139e-05 56.8
1181 1.059335096481284e-05 56.81
1182 1.053088428403356e-05 56.82
1183 1.046961500408703e-05 56.83
1184 1.041063261918469e-05 56.84
1185 1.035677104766329e-05 56.85
1186 1.030716083941123e-05 56.86
1187 1.026273969794864e-05 56.87
1188 1.022176076339544e-05 56.88
1189 1.018503041263747e-05 56.89
1190 1.015146262775927e-05 56.9
1191 1.012066841179165e-05 56.91
1192 1.009340941698677e-05 56.92
1193 1.006971868231583e-05 56.93
1194 1.004935107626453e-05 56.94
1195 1.003368741998494e-05 56.95
1196 1.002264277298254e-05 56.96
1197 1.001419974149756e-05 56.97
1198 1.000962505104459e-05 56.98
1199 1.000415478906669e-05 56.99
1200 1.001170578450363e-05 57
1201 1.002030699143322e-05 57.01
1202 1.003177969552819e-05 57.02
1203 1.004586867965393e-05 57.03
1204 1.006187865862764e-05 57.04
1205 1.007977589297373e-05 57.05
1206 1.009948980057346e-05 57.06
1207 1.011988186909596e-05 57.07
1208 1.014060381609343e-05 57.08
1209 1.016140418490585e-05 57.09
1210 1.01824070444813e-05 57.1
1211 1.02035690342675e-05 57.11
1212 1.02239934911807e-05 57.12
1213 1.024387357958209e-05 57.13
1214 1.026328764859122e-05 57.14
1215 1.028138889168343e-05 57.15
1216 1.029802611784517e-05 57.16
1217 1.031183169084177e-05 57.17
1218 1.032322554914535e-05 57.18
1219 1.033219191476449e-05 57.19
1220 1.03380618244013e-05 57.2
1221 1.034140511094008e-05 57.21
1222 1.034140677973252e-05 57.22
1223 1.033841887476686e-05 57.23
1224 1.033142132497431e-05 57.24
1225 1.032115980061192e-05 57.25
1226 1.030725706095515e-05 57.26
1227 1.028986357056919e-05 57.27
1228 1.026914785485071e-05 57.28
1229 1.024391953468629e-05 57.29
1230 1.02152543626375e-05 57.3
1231 1.018355486469501e-05 57.31
1232 1.014846290967482e-05 57.32
1233 1.010897880308716e-05 57.33
1234 1.006629453795684e-05 57.34
1235 1.00213173531309e-05 57.35
1236 9.974068831157801e-06 57.36
1237 9.925096617937828e-06 57.37
1238 9.87386705976736e-06 57.38
1239 9.821765016076859e-06 57.39
1240 9.768885233928148e-06 57.4
1241 9.715009560202162e-06 57.41
1242 9.659961100397921e-06 57.42
1243 9.606038465724542e-06 57.43
1244 9.549170257928102e-06 57.44
1245 9.4985327682959e-06 57.45
1246 9.449289360114864e-06 57.46
1247 9.398341293281727e-06 57.47
1248 9.349883903932448e-06 57.48
1249 9.303558244968707e-06 57.49
1250 9.257523894112787e-06 57.5
1251 9.212824157934816e-06 57.51
1252 9.169845374626479e-06 57.52
1253 9.130339669246535e-06 57.53
1254 9.092698879091298e-06 57.54
1255 9.058160632476601e-06 57.55
1256 9.02625566052602e-06 57.56
1257 8.999141344823647e-06 57.57
1258 8.973936819784715e-06 57.58
1259 8.951455735098393e-06 57.59
1260 8.928673057746752e-06 57.6
1261 8.908782528783308e-06 57.61
1262 8.89323291377795e-06 57.62
1263 8.881700777615517e-06 57.63
1264 8.873332117731321e-06 57.64
1265 8.867920375096303e-06 57.65
1266 8.865385835125486e-06 57.66
1267 8.865809058169012e-06 57.67
1268 8.868131363876161e-06 57.68
1269 8.865487538013388e-06 57.69
1270 8.866021758382539e-06 57.7
1271 8.871728375001826e-06 57.71
1272 8.881042332299535e-06 57.72
1273 8.892511760485404e-06 57.73
1274 8.90543420892434e-06 57.74
1275 8.919765756214412e-06 57.75
1276 8.934613119037287e-06 57.76
1277 8.949528559743386e-06 57.77
1278 8.964398630978905e-06 57.78
1279 8.978441059185406e-06 57.79
1280 8.99190110354081e-06 57.8
1281 9.004358707004425e-06 57.81
1282 9.015156135258445e-06 57.82
1283 9.024400196613572e-06 57.83
1284 9.031869899788354e-06 57.84
1285 9.037337194208375e-06 57.85
1286 9.040258244315651e-06 57.86
1287 9.040574893261951e-06 57.87
1288 9.038788299076332e-06 57.88
1289 9.034556777624911e-06 57.89
1290 9.027396444893407e-06 57.9
1291 9.018203053171539e-06 57.91
1292 9.006689343057378e-06 57.92
1293 8.992155025062408e-06 57.93
1294 8.974474377291356e-06 57.94
1295 8.953147379700797e-06 57.95
1296 8.928590718282485e-06 57.96
1297 8.900893492903355e-06 57.97
1298 8.870362550224432e-06 57.98
1299 8.83730680699604e-06 57.99
1300 8.802027799334732e-06 58
1301 8.764547596007367e-06 58.01
1302 8.724700661968245e-06 58.02
1303 8.681750506609024e-06 58.03
1304 8.642033430148096e-06 58.04
1305 8.603867138657663e-06 58.05
1306 8.566081509796604e-06 58.06
1307 8.526753792083322e-06 58.07
1308 8.485600548986967e-06 58.08
1309 8.443343038406012e-06 58.09
1310 8.399351512311262e-06 58.1
1311 8.355106283902674e-06 58.11
1312 8.312016338220952e-06 58.12
1313 8.270437652379181e-06 58.13
1314 8.231067508720146e-06 58.14
1315 8.194410537999725e-06 58.15
1316 8.161031683745466e-06 58.16
1317 8.12889662758586e-06 58.17
1318 8.098869558543212e-06 58.18
1319 8.070578659825832e-06 58.19
1320 8.044341866501419e-06 58.2
1321 8.021523177643323e-06 58.21
1322 8.000707847294891e-06 58.22
1323 7.982649882801122e-06 58.23
1324 7.96694027872307e-06 58.24
1325 7.954407374539596e-06 58.25
1326 7.944463412511273e-06 58.26
1327 7.936904946957881e-06 58.27
1328 7.931653310319789e-06 58.28
1329 7.928779725124301e-06 58.29
1330 7.928054366415826e-06 58.3
1331 7.92957089237957e-06 58.31
1332 7.933029784929499e-06 58.32
1333 7.938226720982817e-06 58.33
1334 7.944953486326424e-06 58.34
1335 7.953117390971965e-06 58.35
1336 7.96242407166425e-06 58.36
1337 7.973482210209486e-06 58.37
1338 7.985171038074448e-06 58.38
1339 7.997411035515283e-06 58.39
1340 8.009942152581473e-06 58.4
1341 8.022737232749446e-06 58.41
1342 8.035129107004727e-06 58.42
1343 8.046919114222818e-06 58.43
1344 8.057959556891099e-06 58.44
1345 8.068246319897099e-06 58.45
1346 8.077440035871836e-06 58.46
1347 8.08517291935524e-06 58.47
1348 8.09135147972808e-06 58.48
1349 8.095670979859313e-06 58.49
1350 8.097799811184783e-06 58.5
1351 8.097821409525724e-06 58.51
1352 8.095589579042896e-06 58.52
1353 8.091371725746072e-06 58.53
1354 8.085309790431504e-06 58.54
1355 8.078024403353126e-06 58.55
1356 8.06969231603359e-06 58.56
1357 8.059447609257925e-06 58.57
1358 8.046346636996996e-06 58.58
1359 8.030145353167281e-06 58.59
1360 8.011290263969022e-06 58.6
1361 7.989928792682881e-06 58.61
1362 7.966660922071213e-06 58.62
1363 7.941359283477199e-06 58.63
1364 7.915736218661253e-06 58.64
1365 7.891088978375127e-06 58.65
1366 7.866662169719117e-06 58.66
1367 7.84158014736288e-06 58.67
1368 7.815843787713177e-06 58.68
1369 7.789405224243972e-06 58.69
1370 7.76316941450949e-06 58.7
1371 7.736268046544347e-06 58.71
1372 7.705663288825042e-06 58.72
1373 7.674710420224175e-06 58.73
1374 7.643329926147804e-06 58.74
1375 7.612676097502614e-06 58.75
1376 7.582957669017331e-06 58.76
1377 7.554075102465423e-06 58.77
1378 7.527002427924283e-06 58.78
1379 7.502040677452976e-06 58.79
1380 7.478774430932808e-06 58.8
1381 7.45844849000083e-06 58.81
1382 7.439699315097805e-06 58.82
1383 7.422916989135287e-06 58.83
1384 7.408098621091245e-06 58.84
1385 7.395752217297004e-06 58.85
1386 7.385433038969241e-06 58.86
1387 7.376827952490101e-06 58.87
1388 7.371409290265873e-06 58.88
1389 7.368239546892091e-06 58.89
1390 7.367169238923033e-06 58.9
1391 7.368261088466396e-06 58.91
1392 7.371299578597739e-06 58.92
1393 7.376116156062645e-06 58.93
1394 7.382357067630876e-06 58.94
1395 7.390138456883612e-06 58.95
1396 7.399267706154915e-06 58.96
1397 7.409559354339715e-06 58.97
1398 7.420863386626756e-06 58.98
1399 7.432853289380965e-06 58.99
1400 7.446027324763995e-06 59
1401 7.459932996052551e-06 59.01
1402 7.474649268462061e-06 59.02
1403 7.488112833551585e-06 59.03
1404 7.500545903843034e-06 59.04
1405 7.512647677056251e-06 59.05
1406 7.524232288342854e-06 59.06
1407 7.534828134227765e-06 59.07
1408 7.543650000273188e-06 59.08
1409 7.551237887571855e-06 59.09
1410 7.55746756693348e-06 59.1
1411 7.561984836427699e-06 59.11
1412 7.564616200618447e-06 59.12
1413 7.565705608609643e-06 59.13
1414 7.564798731391356e-06 59.14
1415 7.562360184080885e-06 59.15
1416 7.558447136475128e-06 59.16
1417 7.553261814634646e-06 59.17
1418 7.54622928069731e-06 59.18
1419 7.536869188677953e-06 59.19
1420 7.525037055398941e-06 59.2
1421 7.51067757078949e-06 59.21
1422 7.494086015129907e-06 59.22
1423 7.475858453592554e-06 59.23
1424 7.456497790071637e-06 59.24
1425 7.435108541911869e-06 59.25
1426 7.413589779641072e-06 59.26
1427 7.391051051549607e-06 59.27
1428 7.368602551001619e-06 59.28
1429 7.346057338892225e-06 59.29
1430 7.325006998625658e-06 59.3
1431 7.304417600551021e-06 59.31
1432 7.283727899004715e-06 59.32
1433 7.262953873310329e-06 59.33
1434 7.242415657114061e-06 59.34
1435 7.222552316347553e-06 59.35
1436 7.203822719665155e-06 59.36
1437 7.18559956755316e-06 59.37
1438 7.169043062032094e-06 59.38
1439 7.153723504358338e-06 59.39
1440 7.139212221637319e-06 59.4
1441 7.126906617555345e-06 59.41
1442 7.116104107197741e-06 59.42
1443 7.107178906092961e-06 59.43
1444 7.099925230366723e-06 59.44
1445 7.09438143356642e-06 59.45
1446 7.090564101992936e-06 59.46
1447 7.088156648861395e-06 59.47
1448 7.087288489713042e-06 59.48
1449 7.087936630056487e-06 59.49
1450 7.090048555669487e-06 59.5
1451 7.093686279979652e-06 59.51
1452 7.100257110168784e-06 59.52
1453 7.106894347625512e-06 59.53
1454 7.114174083197639e-06 59.54
1455 7.122772711212085e-06 59.55
1456 7.131765433122359e-06 59.56
1457 7.141429560122641e-06 59.57
1458 7.152318754104127e-06 59.58
1459 7.163429799188154e-06 59.59
1460 7.173934275128236e-06 59.6
1461 7.184185633235362e-06 59.61
1462 7.194205971315219e-06 59.62
1463 7.203643260031756e-06 59.63
1464 7.212295328581166e-06 59.64
1465 7.218818789475201e-06 59.65
1466 7.227207147985757e-06 59.66
1467 7.233367503698491e-06 59.67
1468 7.235900404954592e-06 59.68
1469 7.240623290265039e-06 59.69
1470 7.24170219598458e-06 59.7
1471 7.24228650452e-06 59.71
1472 7.241583430818643e-06 59.72
1473 7.239250144264706e-06 59.73
1474 7.235344662840453e-06 59.74
1475 7.229857439347211e-06 59.75
1476 7.222884586879602e-06 59.76
1477 7.214258742967196e-06 59.77
1478 7.204253115581104e-06 59.78
1479 7.192526210425367e-06 59.79
1480 7.179363648248733e-06 59.8
1481 7.165018166892047e-06 59.81
1482 7.149744159065508e-06 59.82
1483 7.133547134758026e-06 59.83
1484 7.111519339081318e-06 59.84
1485 7.090826479223035e-06 59.85
1486 7.072069733347739e-06 59.86
1487 7.053627808881942e-06 59.87
1488 7.035808651223443e-06 59.88
1489 7.018455592156127e-06 59.89
1490 7.001900025625776e-06 59.9
1491 6.986308268317935e-06 59.91
1492 6.971052600250412e-06 59.92
1493 6.957329729259775e-06 59.93
1494 6.944474309272833e-06 59.94
1495 6.932650352212629e-06 59.95
1496 6.921938031075633e-06 59.96
1497 6.912326632294183e-06 59.97
1498 6.903573106554132e-06 59.98
1499 6.897486248740295e-06 59.99
1500 6.89201928309308e-06 60
