"frac-mass-n2-rfile"
"Time Step" "frac-mass-n2 etc.."
("Time Step" "frac-mass-n2" "flow-time")
0 0.7686762846036975 0
1 0.7684064822760055 0.1
2 0.768489215443747 0.2
3 0.7683896206081139 0.3
4 0.7682198987343009 0.4
5 0.7680452885959894 0.5
6 0.767935626052087 0.6000000000000001
7 0.7679129594930821 0.7000000000000001
8 0.7677850804812645 0.8
9 0.7675944184628313 0.9
10 0.767395748419934 1
11 0.7672162704706655 1.1
12 0.7670411329377846 1.2
13 0.7668467302196825 1.3
14 0.766637663826617 1.4
15 0.7664394539405948 1.5
16 0.7662209947498806 1.6
17 0.7660361748424694 1.7
18 0.7658144700111903 1.8
19 0.7656281551377351 1.9
20 0.7654310381945924 2
21 0.7651989117645119 2.1
22 0.7650007847998311 2.2
23 0.7647664507410429 2.3
24 0.7645737002486206 2.4
25 0.7643418353872444 2.5
26 0.764117124681047 2.6
27 0.7639044401960257 2.7
28 0.7636727448157267 2.8
29 0.7634376571554651 2.9
30 0.763200071581575 3
31 0.7629590639474575 3.1
32 0.7627153686145128 3.2
33 0.7624679778031351 3.3
34 0.7622160045435399 3.4
35 0.7619605114549756 3.5
36 0.7617020148928777 3.6
37 0.7614385144674126 3.7
38 0.7611697431852047 3.8
39 0.7608994391812155 3.9
40 0.7606234935990643 4
41 0.7603432781042382 4.100000000000001
42 0.7600622833793028 4.2
43 0.7597774963353593 4.3
44 0.7594885970263123 4.4
45 0.7591943131829093 4.5
46 0.7588993972990461 4.600000000000001
47 0.758603322036666 4.7
48 0.7583049449414584 4.800000000000001
49 0.7580045927676959 4.9
50 0.7577029868897864 5
51 0.7574009251485213 5.100000000000001
52 0.7570965324616 5.2
53 0.7567908635403552 5.300000000000001
54 0.7564831750901098 5.4
55 0.7561751204584618 5.5
56 0.755865898138146 5.600000000000001
57 0.7555562539801882 5.7
58 0.7552459536643955 5.800000000000001
59 0.7549348825457175 5.9
60 0.7546232741350619 6
61 0.7543104648004308 6.100000000000001
62 0.7539978954256912 6.2
63 0.753684812392683 6.300000000000001
64 0.7533792679461098 6.4
65 0.7530645684028989 6.5
66 0.7527491644985792 6.600000000000001
67 0.7524315584336797 6.7
68 0.7521129026526474 6.800000000000001
69 0.7517921039105415 6.9
70 0.7514689048926249 7
71 0.7511432186758494 7.100000000000001
72 0.7507917334715208 7.2
73 0.7504619543279664 7.300000000000001
74 0.7501271968407365 7.4
75 0.7497902800236825 7.5
76 0.7494506039598688 7.600000000000001
77 0.7491075888634289 7.7
78 0.7487603566794938 7.800000000000001
79 0.7484099204595471 7.9
80 0.7480562723676398 8
81 0.7476700716286931 8.1
82 0.7473098416562747 8.200000000000001
83 0.7469445177045337 8.300000000000001
84 0.7465766835312196 8.4
85 0.7462055667566059 8.5
86 0.7458308441285122 8.6
87 0.7454520282784119 8.700000000000001
88 0.7450703171296935 8.800000000000001
89 0.7446875974043375 8.9
90 0.7443004285708801 9
91 0.7439105034572675 9.1
92 0.7435187005685661 9.200000000000001
93 0.7431241683015629 9.300000000000001
94 0.7427262981618009 9.4
95 0.742330048936475 9.5
96 0.7419311171665555 9.600000000000001
97 0.7415289016306451 9.700000000000001
98 0.741118707324633 9.800000000000001
99 0.7410534183864647 9.9
100 0.7406555594895896 10
101 0.7402578397096747 10.1
102 0.740195160413011 10.2
103 0.7397787238106052 10.3
104 0.7393623123496001 10.4
105 0.7392895086816275 10.5
106 0.7388592348125657 10.6
107 0.7384339687698944 10.7
108 0.7380011396111339 10.8
109 0.7375626246869831 10.9
110 0.7371139430468678 11
111 0.7366738194278876 11.1
112 0.7362204309292161 11.2
113 0.735776757873754 11.3
114 0.7353253963183454 11.4
115 0.7348615304814707 11.5
116 0.7343735040089314 11.6
117 0.7339062109068973 11.7
118 0.7334073359121335 11.8
119 0.732903488332822 11.9
120 0.7323721903873133 12
121 0.7318269070829208 12.1
122 0.7312802923396121 12.2
123 0.7307221075257869 12.3
124 0.7301468251408328 12.4
125 0.7295347801081016 12.5
126 0.7288989452320157 12.6
127 0.7282895368210784 12.7
128 0.7276293093750142 12.8
129 0.7272089959588964 12.9
130 0.7265235998135358 13
131 0.7264154388928242 13.1
132 0.7255864098139768 13.2
133 0.7253999558286778 13.3
134 0.7245337115733244 13.4
135 0.7239670674803379 13.5
136 0.7230493173024237 13.6
137 0.7225647228852312 13.7
138 0.7217440160431723 13.8
139 0.7213772271384324 13.9
140 0.7205711676710772 14
141 0.7201531282104545 14.1
142 0.7192964606680944 14.2
143 0.7190247227120611 14.3
144 0.7182680001986317 14.4
145 0.7175631724579462 14.5
146 0.7171518204489805 14.6
147 0.7164207776249464 14.7
148 0.7157277979625405 14.8
149 0.7152269978592235 14.9
150 0.7143886373766356 15
151 0.7135717482256756 15.1
152 0.7129145228688991 15.2
153 0.7119976594684474 15.3
154 0.7112366290488407 15.4
155 0.7109416580780479 15.5
156 0.710530405820227 15.6
157 0.7101150872502067 15.7
158 0.7096967024314591 15.8
159 0.709277353445141 15.9
160 0.7088569738958833 16
161 0.708435083415314 16.1
162 0.7080124170263354 16.2
163 0.7075874970501633 16.3
164 0.7071641432821011 16.4
165 0.7067472070856236 16.5
166 0.7063402206611247 16.6
167 0.7059352208410448 16.7
168 0.7055248713117405 16.8
169 0.705108647143755 16.9
170 0.704689003143106 17
171 0.7042642349193772 17.1
172 0.7038414942931934 17.2
173 0.7034111263146779 17.3
174 0.7029768474660948 17.4
175 0.7025453300898209 17.5
176 0.7021129464059036 17.6
177 0.701665848706525 17.7
178 0.7012166839963079 17.8
179 0.7007685511042016 17.9
180 0.7003253784962002 18
181 0.6998876627472707 18.1
182 0.6994403355549913 18.2
183 0.698994599203314 18.3
184 0.6985489150884573 18.4
185 0.6981079880214844 18.5
186 0.6976663294225635 18.6
187 0.6972156447300932 18.7
188 0.696767629908694 18.8
189 0.6963329932723628 18.9
190 0.6958974743690505 19
191 0.695450217718652 19.1
192 0.6949934834431175 19.2
193 0.6945428766866596 19.3
194 0.6941162699022059 19.4
195 0.6936759115429666 19.5
196 0.6932122637692005 19.6
197 0.6927813939349443 19.7
198 0.6923424329614515 19.8
199 0.6918937279524525 19.9
200 0.6914363526384031 20
201 0.6910327137615224 20.1
202 0.6906162363981787 20.2
203 0.6901698907975943 20.3
204 0.689705666914401 20.4
205 0.6892989162423342 20.5
206 0.6888913867935169 20.6
207 0.6884582301360017 20.7
208 0.6880262584005641 20.8
209 0.687607084998332 20.9
210 0.6871865641696154 21
211 0.686762207413499 21.1
212 0.6863480757261616 21.2
213 0.6859283633139499 21.3
214 0.6855080061832705 21.4
215 0.6850869847058285 21.5
216 0.6846673168862286 21.6
217 0.6842349042702136 21.7
218 0.6838034929956549 21.8
219 0.6833758859844835 21.9
220 0.6829601969514598 22
221 0.6825255012042709 22.1
222 0.6820869543815389 22.2
223 0.6816508806516687 22.3
224 0.6812656481949977 22.4
225 0.6812640739146864 22.5
226 0.6808812816073442 22.6
227 0.6804988723540566 22.7
228 0.6801129466518137 22.8
229 0.6797244238472284 22.9
230 0.6793347369850777 23
231 0.6789455462202231 23.1
232 0.6785585150536624 23.2
233 0.67816247927 23.3
234 0.6777716024304262 23.4
235 0.6773734382676481 23.5
236 0.6769679876055473 23.6
237 0.6765601868624235 23.7
238 0.6761429867808147 23.8
239 0.675730513833615 23.9
240 0.6753246017982365 24
241 0.6749164608194494 24.1
242 0.6745099121935575 24.2
243 0.6741199807186434 24.3
244 0.673733533883627 24.4
245 0.6733519908075343 24.5
246 0.6729770448945872 24.6
247 0.6726046537557359 24.7
248 0.6722318530248402 24.8
249 0.6718633275743037 24.9
250 0.6714997159345526 25
251 0.6711352372473114 25.1
252 0.6707228578811945 25.2
253 0.6703040316140081 25.3
254 0.6698862272886434 25.4
255 0.6694768003173504 25.5
256 0.6690655525098582 25.6
257 0.668653321272068 25.7
258 0.6682348907563652 25.8
259 0.6678147977796113 25.9
260 0.6674037497430266 26
261 0.6669927013462795 26.1
262 0.6665779766277861 26.2
263 0.6662031553698856 26.3
264 0.6658265011509034 26.4
265 0.665444285553466 26.5
266 0.6650649587412125 26.6
267 0.6646836396678388 26.7
268 0.6643009159042632 26.8
269 0.6639112402632326 26.9
270 0.6635470812850787 27
271 0.6631564607136688 27.1
272 0.662765324090943 27.2
273 0.6623532226485763 27.3
274 0.6619433778971934 27.4
275 0.6615464175658725 27.5
276 0.6611455744530654 27.6
277 0.66074447695504 27.7
278 0.6603384887839476 27.8
279 0.6603357836986207 27.9
280 0.6599461786116737 28
281 0.6595647107111348 28.1
282 0.6591861409404655 28.2
283 0.6587796818337035 28.3
284 0.658376056892533 28.4
285 0.6579666501798132 28.5
286 0.6575558454398427 28.6
287 0.6571361589860735 28.7
288 0.6567570099481397 28.8
289 0.6563830155003079 28.9
290 0.6560044607920291 29
291 0.6556270373404549 29.1
292 0.6552512877603858 29.2
293 0.6548735074802919 29.3
294 0.6544932785817957 29.4
295 0.6541172940093521 29.5
296 0.6537416632546553 29.6
297 0.6533666218907609 29.7
298 0.6529964034418831 29.8
299 0.652623391360916 29.9
300 0.6522486202016371 30
301 0.6518727710733734 30.1
302 0.6514984317737701 30.2
303 0.6511228513365713 30.3
304 0.6507519878376582 30.4
305 0.6503791756135414 30.5
306 0.6500084439997857 30.6
307 0.6496367282301596 30.7
308 0.6492602231736302 30.8
309 0.6488838087098127 30.9
310 0.6485063779469162 31
311 0.6481285377671027 31.1
312 0.647751466410993 31.2
313 0.6473729939974237 31.3
314 0.6469711384144824 31.4
315 0.6465740695194391 31.5
316 0.6461858349856595 31.6
317 0.645797421322357 31.7
318 0.645429673658798 31.8
319 0.6450599315391048 31.9
320 0.6446917018052675 32
321 0.6443219316102892 32.1
322 0.6439516936776339 32.2
323 0.6435836522504796 32.3
324 0.643217496179364 32.4
325 0.6428493436291286 32.5
326 0.6424810168624933 32.6
327 0.6421160421551468 32.7
328 0.6417481286864547 32.8
329 0.641380539917592 32.9
330 0.6410136083132008 33
331 0.6406485414205593 33.1
332 0.6402785363678793 33.2
333 0.6399054051534979 33.3
334 0.6395398504305561 33.4
335 0.6391741500562461 33.5
336 0.638803998809931 33.6
337 0.6384354128558621 33.7
338 0.6380675948785293 33.8
339 0.6376974399827563 33.9
340 0.6373249825370727 34
341 0.6369515444518884 34.1
342 0.6365977980548736 34.2
343 0.6362285801162195 34.3
344 0.6358523463650956 34.4
345 0.6354756294848681 34.5
346 0.6350991963014174 34.6
347 0.6347194464422213 34.7
348 0.6343386354770716 34.8
349 0.6339564659148839 34.9
350 0.6335719588860088 35
351 0.6331852682899427 35.1
352 0.6327988557608784 35.2
353 0.6324074655963471 35.3
354 0.6320119099177373 35.4
355 0.631614471042428 35.5
356 0.631216571806421 35.6
357 0.6308187297993025 35.7
358 0.6304287525319503 35.8
359 0.6300336580193163 35.9
360 0.6296435113443244 36
361 0.6292498741578896 36.1
362 0.6288608361314934 36.2
363 0.628471419994336 36.3
364 0.6280795890368545 36.4
365 0.62768967482539 36.5
366 0.6272967242987693 36.6
367 0.6269084155533309 36.7
368 0.6265233910392762 36.8
369 0.6261399188802282 36.9
370 0.6257604204983019 37
371 0.6253911155056805 37.1
372 0.6250280974665796 37.2
373 0.6246696576137567 37.3
374 0.6243145582819797 37.4
375 0.6239630316302623 37.5
376 0.6236152632890786 37.6
377 0.6232715653316762 37.7
378 0.6229491635417362 37.8
379 0.6226097429931159 37.9
380 0.6222705093622141 38
381 0.6219274478260443 38.1
382 0.6215838999667059 38.2
383 0.6212367401966369 38.3
384 0.6208838936558548 38.40000000000001
385 0.6205339517486838 38.5
386 0.6201805841313891 38.6
387 0.6198252348653375 38.7
388 0.6194691117227191 38.8
389 0.6191100065781567 38.90000000000001
390 0.6187504836537455 39
391 0.6183908308993747 39.1
392 0.6180284934821484 39.2
393 0.6176533647081914 39.3
394 0.6172779566347905 39.40000000000001
395 0.6169066923657953 39.5
396 0.6165367365967548 39.6
397 0.6161882385641059 39.7
398 0.6158413218010931 39.8
399 0.6154891046379142 39.90000000000001
400 0.6151347001226389 40
401 0.6147803803718621 40.1
402 0.614429369902006 40.2
403 0.6140747616018648 40.3
404 0.6137198819897066 40.40000000000001
405 0.613369412357939 40.5
406 0.6130186195290641 40.6
407 0.612667535493812 40.7
408 0.6123164744357646 40.8
409 0.6119638510202641 40.90000000000001
410 0.6116093659405213 41
411 0.6112558308095118 41.1
412 0.6109008689165791 41.2
413 0.6105481239932277 41.3
414 0.6102005012292272 41.40000000000001
415 0.6098489478221321 41.5
416 0.6094975456156712 41.6
417 0.6091491522451206 41.7
418 0.6088006551457665 41.8
419 0.6084463025793375 41.90000000000001
420 0.608099352246068 42
421 0.6077460298975025 42.1
422 0.6073914553664006 42.2
423 0.6070366975601005 42.3
424 0.6066769508319498 42.40000000000001
425 0.6063200645470895 42.5
426 0.6059584304874164 42.6
427 0.605600638016235 42.7
428 0.6052424300170364 42.8
429 0.6048844495691025 42.90000000000001
430 0.604517733451413 43
431 0.6041447799535624 43.1
432 0.6037665761058291 43.2
433 0.6033917463085634 43.3
434 0.603030461264553 43.40000000000001
435 0.6026715953190536 43.5
436 0.6023138595825906 43.6
437 0.6019573865969124 43.7
438 0.6016010518319413 43.8
439 0.6012448686023734 43.90000000000001
440 0.6008903260259711 44
441 0.6005359369698261 44.1
442 0.6001838454668033 44.2
443 0.5998327774376322 44.3
444 0.5994827022244744 44.40000000000001
445 0.5991300218020966 44.5
446 0.5987816261271596 44.6
447 0.5984309377171885 44.7
448 0.5980792843606707 44.8
449 0.5977250673842975 44.90000000000001
450 0.597376338483581 45
451 0.5970242475491487 45.1
452 0.5966717820806993 45.2
453 0.5963201211050472 45.3
454 0.595967869897149 45.40000000000001
455 0.5956130767575306 45.5
456 0.595258722915506 45.6
457 0.5949035075491066 45.7
458 0.5945456715564156 45.8
459 0.5941883413333846 45.90000000000001
460 0.5938279213876705 46
461 0.5934646574741528 46.1
462 0.5930978991883469 46.2
463 0.5927297179972644 46.3
464 0.5923629550234515 46.40000000000001
465 0.5919962783969499 46.5
466 0.591630840897022 46.6
467 0.5912675349580626 46.7
468 0.5909055396394616 46.8
469 0.5905470795650414 46.90000000000001
470 0.5901918516366961 47
471 0.5898396641735008 47.1
472 0.5894892081541662 47.2
473 0.5891412028693379 47.3
474 0.5887871939309294 47.40000000000001
475 0.5884302322718571 47.5
476 0.5880599338938323 47.6
477 0.5876962545698504 47.7
478 0.5873355785207458 47.8
479 0.5869765816230674 47.90000000000001
480 0.5866178385437422 48
481 0.5862585629425688 48.1
482 0.5858977776264742 48.2
483 0.5855318880487298 48.3
484 0.5855286012449542 48.40000000000001
485 0.5851644932969154 48.5
486 0.5848018797118228 48.6
487 0.5844439915182992 48.7
488 0.5840896901683861 48.8
489 0.5837418293258884 48.90000000000001
490 0.5833976576108372 49
491 0.5830542968999631 49.1
492 0.5827170131821519 49.2
493 0.5823866206604301 49.3
494 0.5820585874084088 49.40000000000001
495 0.5817311008248514 49.5
496 0.5814056820446258 49.6
497 0.5810799813709754 49.7
498 0.5807524610065257 49.8
499 0.5804244625513028 49.90000000000001
500 0.5800987863982662 50
501 0.5764009479676302 50.01
502 0.5702137581097754 50.02
503 0.5658758673724256 50.03
504 0.5633890895267551 50.04
505 0.5616560135272182 50.05
506 0.5598763510865812 50.06
507 0.5580255971432986 50.07
508 0.5565209956688066 50.08
509 0.5550455052491271 50.09
510 0.5536773712284977 50.1
511 0.5523967645101981 50.11
512 0.5511558038652959 50.12
513 0.5499916018744424 50.13
514 0.5488904215823576 50.14
515 0.5478243497447411 50.15
516 0.5468014375096703 50.16
517 0.5458318537276223 50.17
518 0.5449289238535145 50.18
519 0.5440968697333846 50.19
520 0.5434396526442702 50.2
521 0.5426761964717514 50.21
522 0.5421463397286194 50.22
523 0.5417166322084618 50.23
524 0.5412183852047318 50.24
525 0.5409743215681756 50.25
526 0.5408406631574312 50.26
527 0.540645512871643 50.27
528 0.5406305735954909 50.28
529 0.5407099152941187 50.29
530 0.5408752463279355 50.3
531 0.5411274151253236 50.31
532 0.541416143557482 50.32
533 0.5417718390244249 50.33
534 0.5420698822071912 50.34
535 0.5424045938611468 50.35
536 0.5427704985051115 50.36
537 0.543243116335888 50.37
538 0.5437028513300749 50.38
539 0.5442205878392923 50.39
540 0.5447862257815727 50.4
541 0.5454002320088376 50.41
542 0.5460634600958429 50.42
543 0.5467705218138122 50.43
544 0.5475229763907566 50.44
545 0.5483156641882411 50.45
546 0.549144686509266 50.46
547 0.5500101812557784 50.47
548 0.5509197775715395 50.48
549 0.5518586157917442 50.49
550 0.5528363832478571 50.5
551 0.5538394058725148 50.51
552 0.5548731344302523 50.52
553 0.5559278478248864 50.53
554 0.557003614597638 50.54
555 0.5580941375414465 50.55
556 0.559196747943959 50.56
557 0.5603212840714026 50.57
558 0.5614605863160539 50.58
559 0.5626079549736845 50.59
560 0.5637553939865094 50.6
561 0.5649030995970202 50.61
562 0.5660511403236148 50.62
563 0.5671983142565825 50.63
564 0.5683386870834394 50.64
565 0.5694694885441016 50.65
566 0.5705830106517773 50.66
567 0.5716793274271216 50.67
568 0.5727569629017444 50.68
569 0.5738133681557235 50.69
570 0.5748476237242156 50.7
571 0.575848521902424 50.71
572 0.5768595879958864 50.72
573 0.5778387851100256 50.73
574 0.5787779360813932 50.74
575 0.5796883567574144 50.75
576 0.5805609014567391 50.76
577 0.5813979583382612 50.77
578 0.5821998707551939 50.78
579 0.582971171264142 50.79
580 0.5837044236389543 50.8
581 0.5844013237952506 50.81
582 0.5850613626507377 50.82
583 0.5856995929097314 50.83
584 0.5863071043192116 50.84
585 0.5868832363298491 50.85
586 0.5874302938611548 50.86
587 0.5879490789205243 50.87
588 0.5884412321877188 50.88
589 0.5889161638253517 50.89
590 0.5893852394217387 50.9
591 0.5898414040937894 50.91
592 0.5902837628286758 50.92
593 0.5907176296323962 50.93
594 0.5911364705170132 50.94
595 0.5915485587048259 50.95
596 0.5919484482260839 50.96
597 0.5923395858842797 50.97
598 0.5927290732613162 50.98
599 0.5931150077922542 50.99
600 0.5935051149015169 51
601 0.5938985779214325 51.01
602 0.5942972936069238 51.02
603 0.5947056347673224 51.03
604 0.5951251859506511 51.04
605 0.5955592805514227 51.05
606 0.5960068560242019 51.06
607 0.5964712777737878 51.07
608 0.5969586570855294 51.08
609 0.5974697445660033 51.09
610 0.5980042104376693 51.1
611 0.5985639457425482 51.11
612 0.5991526421380425 51.12
613 0.5997768478562114 51.13
614 0.6004332464812313 51.14
615 0.6011252006004759 51.15
616 0.6018555768117161 51.16
617 0.6026334518792825 51.17
618 0.6034423405087302 51.18
619 0.6042801451353452 51.19
620 0.6051499188824542 51.2
621 0.6060526501303255 51.21
622 0.606986577080588 51.22
623 0.6079362943651259 51.23
624 0.6089143233264998 51.24
625 0.6099285510665065 51.25
626 0.6109499309756284 51.26
627 0.6119954167595612 51.27
628 0.6130442148634352 51.28
629 0.6140903841088088 51.29
630 0.6151266277063202 51.3
631 0.6161648864517468 51.31
632 0.6171858509755295 51.32
633 0.6181841929587837 51.33
634 0.6191753204163242 51.34
635 0.620151673598721 51.35
636 0.6211002864445214 51.36
637 0.6220285451749576 51.37
638 0.6229359755262279 51.38
639 0.6238244829131629 51.39
640 0.624685578710815 51.4
641 0.6255293800786075 51.41
642 0.6263408361519568 51.42
643 0.6271382717080062 51.43
644 0.6279101410371184 51.44
645 0.6286435091880089 51.45
646 0.6293526674717242 51.46
647 0.6300553817348451 51.47
648 0.6307314348436784 51.48
649 0.6313902507443703 51.49
650 0.6320253786458884 51.5
651 0.6326417522601422 51.51
652 0.6332376204311257 51.52
653 0.6338124170145865 51.53
654 0.6343647577577388 51.54
655 0.6349046464027047 51.55
656 0.6354326562778828 51.56
657 0.6359474479622957 51.57
658 0.6364512303087135 51.58
659 0.6369338619588758 51.59
660 0.6374007001423948 51.6
661 0.6378570615610751 51.61
662 0.6383052972275374 51.62
663 0.638744635721867 51.63
664 0.6391736119523193 51.64
665 0.6395970029248247 51.65
666 0.6400245132276999 51.66
667 0.6404468426658146 51.67
668 0.6408717463454076 51.68
669 0.6412862651000903 51.69
670 0.6416957833328656 51.7
671 0.6421010621200014 51.71
672 0.6425026257229084 51.72
673 0.6429003629237888 51.73
674 0.6432944856147946 51.74
675 0.6436869913343302 51.75
676 0.644076344419247 51.76
677 0.6444617884368777 51.77
678 0.6448428977037199 51.78
679 0.6452210841246919 51.79
680 0.6455909046578472 51.8
681 0.645964896589858 51.81
682 0.6463386110609732 51.82
683 0.6467145703825026 51.83
684 0.647091565317786 51.84
685 0.6474671584946949 51.85
686 0.6478535384928868 51.86
687 0.6482442892730895 51.87
688 0.6486353010963029 51.88
689 0.649037472967928 51.89
690 0.6494451979718285 51.9
691 0.6498584029495835 51.91
692 0.6502762192023019 51.92
693 0.6506925874183491 51.93
694 0.6511071289187105 51.94
695 0.6515357069798681 51.95
696 0.6519914500575018 51.96
697 0.6524607953669219 51.97
698 0.6529454329795988 51.98
699 0.6534397146845373 51.99
700 0.6539512724995816 52
701 0.6544706777633491 52.01
702 0.6550088039238922 52.02
703 0.6555686791510204 52.03
704 0.6561525209586864 52.04
705 0.6567522778037498 52.05
706 0.6573483243550702 52.06
707 0.6579474869028661 52.07
708 0.6585557955855501 52.08
709 0.6591931734510311 52.09
710 0.6598524556171456 52.1
711 0.6605075717263726 52.11
712 0.6611545185838325 52.12
713 0.6617877708580229 52.13
714 0.6624430882520266 52.14
715 0.6631088746683791 52.15
716 0.6637737427690132 52.16
717 0.6644271331116073 52.17
718 0.6650654549957755 52.18
719 0.6657145320327704 52.19
720 0.6663659008835601 52.2
721 0.6670066445303989 52.21
722 0.6676333599577707 52.22
723 0.6682499871817077 52.23
724 0.6688631773659731 52.24
725 0.6694664199584219 52.25
726 0.6700547543898123 52.26
727 0.6706292890141763 52.27
728 0.6711922360486546 52.28
729 0.6717434216635919 52.29
730 0.6722808879379373 52.3
731 0.6728049186172826 52.31
732 0.6733157664123504 52.32
733 0.6738130210405814 52.33
734 0.6742971136925112 52.34
735 0.6747680930166484 52.35
736 0.6752265045319628 52.36
737 0.6756725471298322 52.37
738 0.6761070179476931 52.38
739 0.676530913842969 52.39
740 0.6769447903907043 52.4
741 0.6773509817251295 52.41
742 0.6777488507664278 52.42
743 0.6781382711447705 52.43
744 0.6785226864400884 52.44
745 0.6789017437689195 52.45
746 0.67927663175979 52.46
747 0.6796485670927292 52.47
748 0.680018535371601 52.48
749 0.6803878773007479 52.49
750 0.6807579821031904 52.5
751 0.6811301481048018 52.51
752 0.6815054810328868 52.52
753 0.6818851416429794 52.53
754 0.6822693794849775 52.54
755 0.6826604288652844 52.55
756 0.6830590656053254 52.56
757 0.683468504655577 52.57
758 0.683887155748248 52.58
759 0.6843157024675368 52.59
760 0.684754938608221 52.6
761 0.6852051985565067 52.61
762 0.6856808048869311 52.62
763 0.6861591249197555 52.63
764 0.6866406422269534 52.64
765 0.6871348940490524 52.65
766 0.6876426440519551 52.66
767 0.6881648646008702 52.67
768 0.6887008220425426 52.68
769 0.6892498274941815 52.69
770 0.689811674057741 52.7
771 0.6903848422739328 52.71
772 0.690968048594655 52.72
773 0.6915600581632118 52.73
774 0.6921595859891253 52.74
775 0.6927677527383377 52.75
776 0.6933897484387328 52.76
777 0.6940127908665673 52.77
778 0.694637858303934 52.78
779 0.695264892100926 52.79
780 0.6959041097851876 52.8
781 0.6965414797715254 52.81
782 0.6971725889722682 52.82
783 0.6977952268867321 52.83
784 0.6984201043119916 52.84
785 0.6990475278080763 52.85
786 0.6996783692446708 52.86
787 0.7003090737221477 52.87
788 0.7009374465205529 52.88
789 0.7015609934803977 52.89
790 0.702177256961248 52.9
791 0.7027858354581298 52.91
792 0.7033870095613259 52.92
793 0.7039803924058745 52.93
794 0.7045673696011584 52.94
795 0.7051489826831179 52.95
796 0.7057313766426291 52.96
797 0.7063107475454875 52.97
798 0.7068843575987814 52.98
799 0.7074518552381794 52.99
800 0.7080074450915117 53
801 0.7085488320403892 53.01
802 0.7090745433971163 53.02
803 0.7095844427063244 53.03
804 0.7100805823059384 53.04
805 0.710565763068816 53.05
806 0.7110428150412819 53.06
807 0.7115141088724564 53.07
808 0.7119810328558011 53.08
809 0.7124444043235666 53.09
810 0.7129041579101932 53.1
811 0.7133587273157344 53.11
812 0.7138079217175458 53.12
813 0.7142513256050644 53.13
814 0.7146869115796188 53.14
815 0.7151146687407899 53.15
816 0.7155331571101837 53.16
817 0.7159419942679722 53.17
818 0.7163410618418177 53.18
819 0.7167304979618767 53.19
820 0.7171109842799579 53.2
821 0.7174837965298082 53.21
822 0.717848251327832 53.22
823 0.7182063697020658 53.23
824 0.7185595607252576 53.24
825 0.7189073705011224 53.25
826 0.7192496557295067 53.26
827 0.7195870833918003 53.27
828 0.7199205802647343 53.28
829 0.7202530955690857 53.29
830 0.7205832484485006 53.3
831 0.7209103542772307 53.31
832 0.7212345436037618 53.32
833 0.7215541994844465 53.33
834 0.7218710526001111 53.34
835 0.7221865940010895 53.35
836 0.7224996374707376 53.36
837 0.722809097577284 53.37
838 0.7231148414539619 53.38
839 0.7234161980750495 53.39
840 0.7237139654464465 53.4
841 0.7240062382569393 53.41
842 0.7242957144183718 53.42
843 0.7245834784778555 53.43
844 0.7248682973904923 53.44
845 0.7251539881370015 53.45
846 0.7254361928122497 53.46
847 0.7257179019414535 53.47
848 0.7259967717181987 53.48
849 0.7262731721311274 53.49
850 0.7265499549965508 53.5
851 0.7268270114269709 53.51
852 0.7271051931222855 53.52
853 0.7273810044897814 53.53
854 0.7276572597393388 53.54
855 0.7279336569537991 53.55
856 0.728209701995823 53.56
857 0.7284840969705484 53.57
858 0.7287575973372122 53.58
859 0.7290295616933686 53.59
860 0.7293001101926958 53.6
861 0.7295695717423394 53.61
862 0.7298371377201662 53.62
863 0.7301028998249228 53.63
864 0.7303664870025961 53.64
865 0.7306296488349305 53.65
866 0.7308936706965075 53.66
867 0.7311536862191061 53.67
868 0.7314145124546464 53.68
869 0.7316744060946798 53.69
870 0.7319326738219565 53.7
871 0.7321881629653595 53.71
872 0.7324416620639319 53.72
873 0.7326916976091596 53.73
874 0.7329400499988604 53.74
875 0.7331851107762188 53.75
876 0.733425128099783 53.76
877 0.7336645926885101 53.77
878 0.7339006163039531 53.78
879 0.7341348103335182 53.79
880 0.7343666085444062 53.8
881 0.7345952050218271 53.81
882 0.7348209347645788 53.82
883 0.7350413013470856 53.83
884 0.7352589997162232 53.84
885 0.7354736129458476 53.85
886 0.7356852013674484 53.86
887 0.7358936083502906 53.87
888 0.7361002992441977 53.88
889 0.7363057416609387 53.89
890 0.736504301080964 53.9
891 0.7366976475300742 53.91
892 0.7368913415892382 53.92
893 0.7370844454868322 53.93
894 0.7372747444649175 53.94
895 0.7374619394049473 53.95
896 0.7376442392197126 53.96
897 0.7378221298326987 53.97
898 0.7379992997538747 53.98
899 0.7381711991867613 53.99
900 0.7383411312369611 54
901 0.7385083005870983 54.01
902 0.7386739606198707 54.02
903 0.7388383365737529 54.03
904 0.7390009713100416 54.04
905 0.7391608686284841 54.05
906 0.7393184549945045 54.06
907 0.7394739028917137 54.07
908 0.7396276580683775 54.08
909 0.7397798830032196 54.09
910 0.7399305113747159 54.1
911 0.7400802337289996 54.11
912 0.7402287613415917 54.12
913 0.7403762891906596 54.13
914 0.7405224289442155 54.14
915 0.7406680771651991 54.15
916 0.7408133304712146 54.16
917 0.7409575230977093 54.17
918 0.741100635888581 54.18
919 0.7412434849897662 54.19
920 0.7413856637245755 54.2
921 0.7415272861727303 54.21
922 0.7416701788571634 54.22
923 0.7418113384456049 54.23
924 0.7419505728366789 54.24
925 0.7420888314537883 54.25
926 0.7422302957447343 54.26
927 0.7423704955011023 54.27
928 0.7425073735996588 54.28
929 0.7426422543671135 54.29
930 0.7427784096569491 54.3
931 0.7429177451842811 54.31
932 0.7430638062881132 54.32
933 0.743208478373081 54.33
934 0.7433516575326415 54.34
935 0.7434918098983382 54.35
936 0.7436348166254529 54.36
937 0.7437768717460257 54.37
938 0.7439220127122437 54.38
939 0.7440676959966623 54.39
940 0.74421220731947 54.4
941 0.7443551549542904 54.41
942 0.7444971920085833 54.42
943 0.7446405710698353 54.43
944 0.7447828762325741 54.44
945 0.7449259901749546 54.45
946 0.7450690492538781 54.46
947 0.7452104279106522 54.47
948 0.7453511319385914 54.48
949 0.7454905527891761 54.49
950 0.7456289646456784 54.5
951 0.7457665782081975 54.51
952 0.7459040820981599 54.52
953 0.7460407373222711 54.53
954 0.7461747639795671 54.54
955 0.7463074956867082 54.55
956 0.7464390991624318 54.56
957 0.7465696175866899 54.57
958 0.7466988298993317 54.58
959 0.746826578429535 54.59
960 0.7469512879664311 54.6
961 0.7470740360735544 54.61
962 0.7471959270139796 54.62
963 0.7473167446287186 54.63
964 0.7474350565973131 54.64
965 0.7475490951429183 54.65
966 0.7476608806179831 54.66
967 0.7477706654294571 54.67
968 0.7478797451356798 54.68
969 0.7479863089419558 54.69
970 0.7480904422617348 54.7
971 0.7481930999299253 54.71
972 0.7482932537098693 54.72
973 0.7483901587020136 54.73
974 0.7484859990967241 54.74
975 0.7485806792485413 54.75
976 0.748672948330911 54.76
977 0.7487630365722733 54.77
978 0.7488517902891076 54.78
979 0.7489386286407115 54.79
980 0.7490230393364388 54.8
981 0.7491054381105831 54.81
982 0.749185692009929 54.82
983 0.7492659668304836 54.83
984 0.7493438157443997 54.84
985 0.7494202769056193 54.85
986 0.7494962268736242 54.86
987 0.7495710277631061 54.87
988 0.7496450480379677 54.88
989 0.7497174729234021 54.89
990 0.7497889088687832 54.9
991 0.7498602936689073 54.91
992 0.7499304721381995 54.92
993 0.7499998273290249 54.93
994 0.7500687525092552 54.94
995 0.7501389099125473 54.95
996 0.7502085385488313 54.96
997 0.7502800103866942 54.97
998 0.7503514052128295 54.98
999 0.7504233501288169 54.99
1000 0.7504947674120713 55
1001 0.7505659589247754 55.01
1002 0.750635463745261 55.02
1003 0.7507036004146638 55.03
1004 0.7507749730122902 55.04
1005 0.7508499146735337 55.05
1006 0.7509289177325347 55.06
1007 0.7510130928794703 55.07
1008 0.7510974234804557 55.08
1009 0.7511729007328988 55.09
1010 0.7512440172837371 55.1
1011 0.7513140772415083 55.11
1012 0.7513929620811068 55.12
1013 0.7514806408894047 55.13
1014 0.7515712499420526 55.14
1015 0.7516586591995825 55.15
1016 0.7517409914701864 55.16
1017 0.7518084750728986 55.17
1018 0.7518772193747529 55.18
1019 0.7519588586229009 55.19
1020 0.7520489543496585 55.2
1021 0.7521372567724306 55.21
1022 0.752226316101182 55.22
1023 0.7523162152580113 55.23
1024 0.7523984579078777 55.24
1025 0.7524759190872808 55.25
1026 0.7525511224377126 55.26
1027 0.7526407962129432 55.27
1028 0.7527315746203715 55.28
1029 0.7528174032309359 55.29
1030 0.7529003484129522 55.3
1031 0.7529789200918855 55.31
1032 0.7530538765523123 55.32
1033 0.7531310712583266 55.33
1034 0.753210483002438 55.34
1035 0.7532878753437044 55.35
1036 0.7533612895888705 55.36
1037 0.7534327015649296 55.37
1038 0.7535018275440687 55.38
1039 0.7535711494808822 55.39
1040 0.7536389427966688 55.4
1041 0.7537061395185101 55.41
1042 0.7537719002792329 55.42
1043 0.7538360568417548 55.43
1044 0.753899911104389 55.44
1045 0.7539633963307731 55.45
1046 0.754025684912188 55.46
1047 0.7540865427959345 55.47
1048 0.7541459397527647 55.48
1049 0.7542042242360805 55.49
1050 0.7542615128834718 55.5
1051 0.7543175215355146 55.51
1052 0.7543722656310327 55.52
1053 0.7544256171195531 55.53
1054 0.754477570326207 55.54
1055 0.754528080165889 55.55
1056 0.7545772442643979 55.56
1057 0.7546252580108106 55.57
1058 0.754672197839608 55.58
1059 0.7547180977206505 55.59
1060 0.7547632060712816 55.6
1061 0.7548077235940507 55.61
1062 0.7548518331644601 55.62
1063 0.754895703669185 55.63
1064 0.7549394638709107 55.64
1065 0.7549832360028095 55.65
1066 0.7550270059396583 55.66
1067 0.755070827952658 55.67
1068 0.7551148516839428 55.68
1069 0.7551590531202385 55.69
1070 0.7552034049805487 55.7
1071 0.755247856523822 55.71
1072 0.7552923531938801 55.72
1073 0.7553369024276255 55.73
1074 0.7553815035011154 55.74
1075 0.7554261293570915 55.75
1076 0.7554707750913121 55.76
1077 0.7555154584403698 55.77
1078 0.7555602318124236 55.78
1079 0.7556051567738693 55.79
1080 0.7556503427531946 55.8
1081 0.755696548406119 55.81
1082 0.7557426535154049 55.82
1083 0.7557884921298558 55.83
1084 0.7558347237553965 55.84
1085 0.7558818344107028 55.85
1086 0.7559299971478748 55.86
1087 0.7559792876230128 55.87
1088 0.7560296378518313 55.88
1089 0.7560809757470839 55.89
1090 0.7561331764460569 55.9
1091 0.7561861448391856 55.91
1092 0.7562397132846581 55.92
1093 0.7562937622544144 55.93
1094 0.7563481605835416 55.94
1095 0.7564028122491899 55.95
1096 0.756457594160091 55.96
1097 0.7565124383955039 55.97
1098 0.7565673263229086 55.98
1099 0.7566221298071265 55.99
1100 0.7566766573750455 56
1101 0.7567307892796209 56.01
1102 0.7567844066881327 56.02
1103 0.7568374269815052 56.03
1104 0.7568897603573381 56.04
1105 0.7569413256344616 56.05
1106 0.7569920432334717 56.06
1107 0.7570418748775459 56.07
1108 0.7570907680326261 56.08
1109 0.7571386820632965 56.09
1110 0.7571855715405543 56.1
1111 0.7572313832964956 56.11
1112 0.757276049898252 56.12
1113 0.7573195112337948 56.13
1114 0.7573617255320959 56.14
1115 0.7574026562690475 56.15
1116 0.7574421348735751 56.16
1117 0.7574802604441825 56.17
1118 0.7575169903644435 56.18
1119 0.7575522796166382 56.19
1120 0.7575862427289207 56.2
1121 0.7576186834996625 56.21
1122 0.7576496747869991 56.22
1123 0.7576792649630684 56.23
1124 0.7577074827908905 56.24
1125 0.757734377763733 56.25
1126 0.7577599911752618 56.26
1127 0.757784415030475 56.27
1128 0.7578076390883446 56.28
1129 0.7578297642690943 56.29
1130 0.757850852627115 56.3
1131 0.7578709996024364 56.31
1132 0.7578902888433129 56.32
1133 0.7579088219327523 56.33
1134 0.7579266809622315 56.34
1135 0.7579439650291487 56.35
1136 0.7579607726326099 56.36
1137 0.7579771810362134 56.37
1138 0.7579932837766462 56.38
1139 0.7580092433458974 56.39
1140 0.7580251475070212 56.4
1141 0.7580410497820462 56.41
1142 0.7580570237233113 56.42
1143 0.7580731691736207 56.43
1144 0.7580895700151935 56.44
1145 0.7581063830476208 56.45
1146 0.7581236139654705 56.46
1147 0.7581413710180973 56.47
1148 0.7581600196180528 56.48
1149 0.7581791178963824 56.49
1150 0.7581987646967518 56.5
1151 0.7582191472553946 56.51
1152 0.7582403883191258 56.52
1153 0.7582625483350237 56.53
1154 0.7582856687464232 56.54
1155 0.7583097747328748 56.55
1156 0.7583348684790299 56.56
1157 0.758360924517281 56.57
1158 0.7583879680619869 56.58
1159 0.7584166437863531 56.59
1160 0.7584450908945443 56.6
1161 0.7584739732532678 56.61
1162 0.7585041748440167 56.62
1163 0.7585353067569949 56.63
1164 0.7585670612302107 56.64
1165 0.758599407814774 56.65
1166 0.7586322653242242 56.66
1167 0.758665564892486 56.67
1168 0.7586991935054516 56.68
1169 0.7587330298906232 56.69
1170 0.7587669824556097 56.7
1171 0.7588009595760593 56.71
1172 0.758834886715135 56.72
1173 0.7588686379017729 56.73
1174 0.7589021337073402 56.74
1175 0.758935283447245 56.75
1176 0.7589680225054651 56.76
1177 0.7590002027476738 56.77
1178 0.7590317399524903 56.78
1179 0.7590625497146967 56.79
1180 0.759092549632836 56.8
1181 0.759121668474509 56.81
1182 0.75914983138935 56.82
1183 0.7591770039752107 56.83
1184 0.7592031592956382 56.84
1185 0.7592282709791978 56.85
1186 0.7592522539708768 56.86
1187 0.7592750545307149 56.87
1188 0.7592967483849059 56.88
1189 0.7593172771658088 56.89
1190 0.7593366418304455 56.9
1191 0.75935483977713 56.91
1192 0.7593719023599474 56.92
1193 0.7593878426500463 56.93
1194 0.7594026833380848 56.94
1195 0.7594164612036962 56.95
1196 0.7594292049112861 56.96
1197 0.7594409668438543 56.97
1198 0.759451820764986 56.98
1199 0.7594618809265782 56.99
1200 0.7594711506015481 57
1201 0.7594796652028447 57.01
1202 0.7594875188538195 57.02
1203 0.7594947801831438 57.03
1204 0.7595015133480156 57.04
1205 0.7595078310146337 57.05
1206 0.7595138248795744 57.06
1207 0.7595195503765912 57.07
1208 0.7595251321356052 57.08
1209 0.7595306695073395 57.09
1210 0.7595362834883645 57.1
1211 0.7595419561727358 57.11
1212 0.7595478395058515 57.12
1213 0.7595540372130652 57.13
1214 0.7595606958495984 57.14
1215 0.7595678454422623 57.15
1216 0.7595756973148732 57.16
1217 0.7595838549755703 57.17
1218 0.7595926707485888 57.18
1219 0.7596029493798625 57.19
1220 0.7596134698581301 57.2
1221 0.7596248171568876 57.21
1222 0.7596370167491802 57.22
1223 0.7596502426935386 57.23
1224 0.7596642580023549 57.24
1225 0.7596790301620876 57.25
1226 0.7596946717077522 57.26
1227 0.7597111911840307 57.27
1228 0.7597285535468502 57.28
1229 0.7597467604076603 57.29
1230 0.7597657221654378 57.3
1231 0.7597854468872629 57.31
1232 0.7598058609160538 57.32
1233 0.759826849482314 57.33
1234 0.7598483830666306 57.34
1235 0.7598703349974474 57.35
1236 0.7598926524395448 57.36
1237 0.7599152315641816 57.37
1238 0.7599379912555038 57.38
1239 0.7599608362205315 57.39
1240 0.7599836752706086 57.4
1241 0.760006369796238 57.41
1242 0.7600290290910846 57.42
1243 0.7600515031605978 57.43
1244 0.7600733578022328 57.44
1245 0.7600946046520711 57.45
1246 0.7601153142321811 57.46
1247 0.7601354562046516 57.47
1248 0.7601550029517997 57.48
1249 0.7601738444334059 57.49
1250 0.7601919328863767 57.5
1251 0.7602092138723401 57.51
1252 0.760225589040079 57.52
1253 0.7602410014470796 57.53
1254 0.760255447501661 57.54
1255 0.7602689062745552 57.55
1256 0.7602813550205421 57.56
1257 0.7602928029175103 57.57
1258 0.7603032213736989 57.58
1259 0.7603126715089116 57.59
1260 0.760321188334399 57.6
1261 0.7603288198509067 57.61
1262 0.7603355808918405 57.62
1263 0.7603414792848114 57.63
1264 0.7603465589138794 57.64
1265 0.7603508647315054 57.65
1266 0.7603544757172499 57.66
1267 0.7603573969986999 57.67
1268 0.7603597266027742 57.68
1269 0.7603615646764782 57.69
1270 0.7603630477621923 57.7
1271 0.7603642079062108 57.71
1272 0.7603651330096095 57.72
1273 0.7603658917931689 57.73
1274 0.7603665626100118 57.74
1275 0.7603672482511757 57.75
1276 0.7603680281292671 57.76
1277 0.7603689688548263 57.77
1278 0.7603701909455745 57.78
1279 0.7603717341219507 57.79
1280 0.7603736523757909 57.8
1281 0.7603760650409311 57.81
1282 0.7603789738413351 57.82
1283 0.7603824775312367 57.83
1284 0.7603866429326669 57.84
1285 0.760391519890954 57.85
1286 0.7603971079292171 57.86
1287 0.7604035303080517 57.87
1288 0.7604114801054737 57.88
1289 0.7604197867697575 57.89
1290 0.7604287659788344 57.9
1291 0.7604384112628217 57.91
1292 0.7604488317088293 57.92
1293 0.7604600716554483 57.93
1294 0.7604721070960482 57.94
1295 0.7604849192523736 57.95
1296 0.7604984455263446 57.96
1297 0.760512635371597 57.97
1298 0.7605274078224052 57.98
1299 0.7605426723955966 57.99
1300 0.7605583596471603 58
1301 0.7605743924489696 58.01
1302 0.7605911739087956 58.02
1303 0.7606081882161265 58.03
1304 0.7606244791257178 58.04
1305 0.7606405047343234 58.05
1306 0.7606565851018054 58.06
1307 0.7606727410081169 58.07
1308 0.7606888790873223 58.08
1309 0.7607048601924907 58.09
1310 0.7607205677220323 58.1
1311 0.7607358397772318 58.11
1312 0.7607505624292219 58.12
1313 0.7607646499753663 58.13
1314 0.7607780132720368 58.14
1315 0.7607906491652361 58.15
1316 0.7608024843323372 58.16
1317 0.7608135365905715 58.17
1318 0.7608237932913632 58.18
1319 0.7608332100588899 58.19
1320 0.7608417879804318 58.2
1321 0.7608494908975628 58.21
1322 0.7608563141034882 58.22
1323 0.76086226377 58.23
1324 0.7608673396094026 58.24
1325 0.7608715719543147 58.25
1326 0.7608749889632198 58.26
1327 0.7608776345175896 58.27
1328 0.7608795351488253 58.28
1329 0.7608807437469157 58.29
1330 0.7608813229347614 58.3
1331 0.7608813240416986 58.31
1332 0.7608808060726616 58.32
1333 0.7608798275938461 58.33
1334 0.7608784773621349 58.34
1335 0.7608768193108839 58.35
1336 0.7608749316242599 58.36
1337 0.7608729012061286 58.37
1338 0.7608708168470912 58.38
1339 0.7608687506018847 58.39
1340 0.7608667861296499 58.4
1341 0.7608650066448153 58.41
1342 0.7608634945070315 58.42
1343 0.7608623339937444 58.43
1344 0.7608616054851703 58.44
1345 0.7608613623207248 58.45
1346 0.7608616732034378 58.46
1347 0.7608625943513357 58.47
1348 0.7608641508495981 58.48
1349 0.7608663918646666 58.49
1350 0.7608693221828848 58.5
1351 0.7608730102012579 58.51
1352 0.7608775301419812 58.52
1353 0.760883498473093 58.53
1354 0.7608897538237454 58.54
1355 0.7608964268529171 58.55
1356 0.7609038080623288 58.56
1357 0.7609120319538273 58.57
1358 0.7609210336953307 58.58
1359 0.7609307195346942 58.59
1360 0.7609410537025307 58.6
1361 0.7609519518521388 58.61
1362 0.7609633419678556 58.62
1363 0.7609751878384585 58.63
1364 0.7609873890953025 58.64
1365 0.7609998818008014 58.65
1366 0.7610125755172829 58.66
1367 0.7610255102051982 58.67
1368 0.7610384930356643 58.68
1369 0.7610512939929961 58.69
1370 0.7610638836398068 58.7
1371 0.7610762479769567 58.71
1372 0.7610883027069674 58.72
1373 0.7610999937367513 58.73
1374 0.7611112190369566 58.74
1375 0.7611219290834311 58.75
1376 0.7611321144941213 58.76
1377 0.7611416838220385 58.77
1378 0.7611505779298541 58.78
1379 0.7611587414953204 58.79
1380 0.7611661408587789 58.8
1381 0.7611727669507747 58.81
1382 0.76117859861374 58.82
1383 0.7611836253253109 58.83
1384 0.7611878359961294 58.84
1385 0.7611912415404777 58.85
1386 0.7611938545496316 58.86
1387 0.761195690057176 58.87
1388 0.761196766256177 58.88
1389 0.7611971292405526 58.89
1390 0.7611968098525302 58.9
1391 0.7611958648825962 58.91
1392 0.7611943182970438 58.92
1393 0.7611922382183119 58.93
1394 0.7611896953400297 58.94
1395 0.7611867586062504 58.95
1396 0.7611834965097752 58.96
1397 0.7611799557530591 58.97
1398 0.7611762366174425 58.98
1399 0.76117241823892 58.99
1400 0.7611685685782407 59
1401 0.7611647961362589 59.01
1402 0.7611611712830767 59.02
1403 0.7611577635984713 59.03
1404 0.7611546425502507 59.04
1405 0.7611518931015661 59.05
1406 0.7611495707231114 59.06
1407 0.7611477514220795 59.07
1408 0.7611465090825124 59.08
1409 0.761145845285261 59.09
1410 0.7611458052319563 59.1
1411 0.761146451595921 59.11
1412 0.7611477875410845 59.12
1413 0.7611499036428101 59.13
1414 0.7611531873618751 59.14
1415 0.7611567411438688 59.15
1416 0.7611608360742113 59.16
1417 0.7611661592292588 59.17
1418 0.7611716836775024 59.18
1419 0.7611779036145219 59.19
1420 0.7611847383536354 59.2
1421 0.7611921436981338 59.21
1422 0.7612000790515613 59.22
1423 0.7612084565045496 59.23
1424 0.7612171888295053 59.24
1425 0.7612262043111361 59.25
1426 0.7612354032732319 59.26
1427 0.7612448959172122 59.27
1428 0.7612544053429279 59.28
1429 0.7612637618589629 59.29
1430 0.7612729723247921 59.3
1431 0.7612820024764604 59.31
1432 0.7612907816019239 59.32
1433 0.7612992289283792 59.33
1434 0.7613072442406663 59.34
1435 0.7613147322165464 59.35
1436 0.7613216451181282 59.36
1437 0.7613279089010819 59.37
1438 0.7613337074125784 59.38
1439 0.7613387292309586 59.39
1440 0.7613428902201808 59.4
1441 0.7613462960824855 59.41
1442 0.7613489671705169 59.42
1443 0.7613508750935625 59.43
1444 0.7613520259761004 59.44
1445 0.7613524204603674 59.45
1446 0.7613520876357662 59.46
1447 0.7613510481512294 59.47
1448 0.7613493388412678 59.48
1449 0.7613469943517791 59.49
1450 0.761344073840206 59.5
1451 0.7613406112656944 59.51
1452 0.7613366650363789 59.52
1453 0.7613323095493112 59.53
1454 0.76132757746705 59.54
1455 0.7613225661091125 59.55
1456 0.7613173305822838 59.56
1457 0.7613119696699284 59.57
1458 0.76130654511077 59.58
1459 0.7613011431806668 59.59
1460 0.7612958579991104 59.6
1461 0.7612907555997056 59.61
1462 0.7612858904840063 59.62
1463 0.7612813767764248 59.63
1464 0.761277218872046 59.64
1465 0.7612734903776436 59.65
1466 0.7612702704099258 59.66
1467 0.7612675904972412 59.67
1468 0.7612655390786083 59.68
1469 0.7612640975357894 59.69
1470 0.761263297918957 59.7
1471 0.7612631471093864 59.71
1472 0.7612636626637638 59.72
1473 0.7612648222372349 59.73
1474 0.7612666411357227 59.74
1475 0.7612690897675254 59.75
1476 0.7612721346298674 59.76
1477 0.7612757424801616 59.77
1478 0.7612798760249444 59.78
1479 0.7612844851574546 59.79
1480 0.7612895230537708 59.8
1481 0.7612954273688851 59.81
1482 0.7613012097811021 59.82
1483 0.7613072038214426 59.83
1484 0.7613133247279732 59.84
1485 0.7613195022211137 59.85
1486 0.7613260722285435 59.86
1487 0.7613325310338377 59.87
1488 0.7613382287120166 59.88
1489 0.761343646063624 59.89
1490 0.761348703153081 59.9
1491 0.761353335418299 59.91
1492 0.7613574822358199 59.92
1493 0.7613610806428619 59.93
1494 0.7613641153309816 59.94
1495 0.761366549844276 59.95
1496 0.7613683366077222 59.96
1497 0.7613694301200201 59.97
1498 0.7613698554557115 59.98
1499 0.7613695413021396 59.99
1500 0.7613685327391637 60
