"pressao-porta-rfile"
"Time Step" "pressao-porta etc.."
("Time Step" "pressao-porta" "flow-time")
0 -1559.208488452018 0
1 31921.54278075043 0.1
2 -23714.79467684643 0.2
3 -55532.38948941338 0.3
4 -65136.96216101417 0.4
5 -70061.35602531882 0.5
6 -71531.73082760205 0.6000000000000001
7 -68495.74673494564 0.7000000000000001
8 -64141.91819286786 0.8
9 -59270.36723206712 0.9
10 -53143.72689456558 1
11 -45018.66250604637 1.1
12 -34815.31633674753 1.2
13 -23458.77226721305 1.3
14 -13042.51971809488 1.4
15 2773.907533909484 1.5
16 12742.84878390427 1.6
17 27183.50041378868 1.7
18 35159.35376219471 1.8
19 44831.47727431834 1.9
20 49107.65793314356 2
21 48616.89935335131 2.1
22 47896.75225751451 2.2
23 45063.8831254469 2.3
24 40021.4293242261 2.4
25 35003.48086059908 2.5
26 29967.00997503649 2.6
27 22392.11634648407 2.7
28 16054.26380797656 2.8
29 10250.11011010387 2.9
30 4707.785036707456 3
31 -609.4043848405709 3.1
32 -5650.871580255541 3.2
33 -10352.8106946202 3.3
34 -14677.45541630041 3.4
35 -18604.79172237762 3.5
36 -22117.85757123139 3.6
37 -25200.8000023598 3.7
38 -27846.70369299971 3.8
39 -30052.26274226718 3.9
40 -31811.35018602488 4
41 -33112.90201281737 4.100000000000001
42 -33955.16855085674 4.2
43 -34342.27684198933 4.3
44 -34274.93705583816 4.4
45 -33752.83797526306 4.5
46 -32780.69232845878 4.600000000000001
47 -31341.23701941146 4.7
48 -29488.93891509753 4.800000000000001
49 -27242.12255281101 4.9
50 -24637.85306589681 5
51 -21720.52521605699 5.100000000000001
52 -18543.17164738688 5.2
53 -15165.49485965038 5.300000000000001
54 -11701.78316269279 5.4
55 -8153.701965318967 5.5
56 -4619.437289069218 5.600000000000001
57 -1160.965644323207 5.7
58 2157.730722041641 5.800000000000001
59 5270.904340700322 5.9
60 8127.880789345074 6
61 10696.59726099049 6.100000000000001
62 12953.53192504736 6.2
63 14885.91461760523 6.300000000000001
64 16497.37815770854 6.4
65 17784.3055914182 6.5
66 18755.69289865879 6.600000000000001
67 19425.03652663331 6.7
68 19819.97844484238 6.800000000000001
69 19948.58448554553 6.9
70 19845.89881356384 7
71 19535.06994579031 7.100000000000001
72 19045.55614394237 7.2
73 18400.26976704839 7.300000000000001
74 17633.55681493494 7.4
75 16763.43140408821 7.5
76 15814.17683116314 7.600000000000001
77 14810.53725375875 7.7
78 13770.63417838705 7.800000000000001
79 12721.26894285668 7.9
80 11676.31334281709 8
81 10657.05354638932 8.1
82 9670.182129657416 8.200000000000001
83 8741.80811354955 8.300000000000001
84 7885.534538830941 8.4
85 7117.388386976545 8.5
86 6450.479151336374 8.6
87 5901.954736928271 8.700000000000001
88 5482.935445906342 8.800000000000001
89 5206.425360944483 8.9
90 5081.8382411753 9
91 5100.785811481394 9.1
92 5247.862053760009 9.200000000000001
93 5501.932810210494 9.300000000000001
94 5826.261156446237 9.4
95 6160.240576560807 9.5
96 6496.555119449701 9.600000000000001
97 6755.461207158243 9.700000000000001
98 6992.525044968234 9.800000000000001
99 7112.088880519029 9.9
100 7039.615239580238 10
101 7231.027227175422 10.1
102 7318.359208341418 10.2
103 7239.406664635085 10.3
104 7450.878287194072 10.4
105 7598.845551078735 10.5
106 7545.028566126516 10.6
107 7824.885616167724 10.7
108 7800.22085519625 10.8
109 8147.091187970539 10.9
110 8149.331120405827 11
111 8579.161777224594 11.1
112 8610.222512195902 11.2
113 9127.584729719421 11.3
114 9185.340760601171 11.4
115 9777.521488686929 11.5
116 9856.750648414905 11.6
117 10504.0502487694 11.7
118 10597.0051867173 11.8
119 11270.02788528796 11.9
120 11368.8133117633 12
121 12041.97985320614 12.1
122 12138.73817862702 12.2
123 12786.21258815357 12.3
124 12870.55651743601 12.4
125 13470.57795599056 12.5
126 13533.88092192577 12.6
127 14046.44860465231 12.7
128 14082.85024637435 12.8
129 14500.89962045685 12.9
130 14497.94025374347 13
131 14795.70406759335 13.1
132 14756.60523870432 13.2
133 14943.89857972158 13.3
134 14871.50825347933 13.4
135 14955.32199537692 13.5
136 14851.73321830339 13.6
137 14834.6741978996 13.7
138 14703.0333867619 13.8
139 14591.77900162126 13.9
140 14444.87711984248 14
141 14282.00184241866 14.1
142 14115.41949984005 14.2
143 13943.51956279146 14.3
144 13789.08299989998 14.4
145 13699.55626491618 14.5
146 13487.16574112014 14.6
147 13321.23350395119 14.7
148 13223.32463912894 14.8
149 13026.70846682129 14.9
150 12857.86205338457 15
151 12764.03260939569 15.1
152 12595.84925147951 15.2
153 12434.2616215426 15.3
154 12349.60672808936 15.4
155 11197.53843474057 15.5
156 10370.20434975515 15.6
157 9936.297145822748 15.7
158 9709.926612856636 15.8
159 9553.681398276316 15.9
160 9368.399347685745 16
161 9060.44027357917 16.1
162 8457.086597995676 16.2
163 7580.847478357991 16.3
164 7115.745610737792 16.4
165 7555.584079345351 16.5
166 8271.096686967498 16.6
167 8163.48699098784 16.7
168 6694.981750308356 16.8
169 4279.474535560838 16.9
170 2394.627301117802 17
171 2861.7039552479 17.1
172 4007.999946314101 17.2
173 4517.579914092476 17.3
174 3348.077688672701 17.4
175 1159.226686798202 17.5
176 -14.85001810673082 17.6
177 1995.898979833059 17.7
178 3007.341561920287 17.8
179 3091.02286484231 17.9
180 1702.984095798151 18
181 -350.9164060225436 18.1
182 -117.5141385638555 18.2
183 1926.785466086476 18.3
184 2807.97220550871 18.4
185 2575.83729232017 18.5
186 1249.006802488446 18.6
187 249.2008249398251 18.7
188 2925.742781768914 18.8
189 4577.976613513153 18.9
190 5628.245089350466 19
191 5402.196825077204 19.1
192 4309.598105110799 19.2
193 4640.868260040133 19.3
194 6757.203984945855 19.4
195 7253.432185245764 19.5
196 7096.678840923298 19.6
197 6055.306849006245 19.7
198 4968.375718829488 19.8
199 6647.666571105971 19.9
200 7222.18940724333 20
201 7081.885958579756 20.1
202 6161.183864883936 20.2
203 4603.937506442089 20.3
204 3865.662166238456 20.4
205 5273.600616013988 20.5
206 4954.767596650829 20.6
207 4079.474496600668 20.7
208 2625.645085595844 20.8
209 1064.101385924113 20.9
210 1600.341152083287 21
211 2060.883351106228 21.1
212 1716.059675020566 21.2
213 915.4573848673538 21.3
214 -345.9629347003956 21.4
215 -1100.641415195333 21.5
216 -93.61759847935049 21.6
217 158.9679037649859 21.7
218 -275.7669941935869 21.8
219 -1281.046965677229 21.9
220 -2480.20120837937 22
221 -1740.879038283415 22.1
222 -692.5130173783218 22.2
223 -573.2071702034477 22.3
224 -546.6883329904973 22.4
225 -524.5288457466514 22.5
226 -505.6896237008119 22.6
227 -492.5050783227022 22.7
228 -484.7821215044983 22.8
229 -482.2200559223435 22.9
230 -486.9324001714087 23
231 -498.0516570593206 23.1
232 -515.4710491782573 23.2
233 -540.9625077132521 23.3
234 -573.0373282555806 23.4
235 -610.8928284904383 23.5
236 -655.9529878094577 23.6
237 -706.9736681675118 23.7
238 -762.2028339819207 23.8
239 -822.9986058391212 23.9
240 -890.7551993982789 24
241 -960.3794759809608 24.1
242 -1033.379365207438 24.2
243 -1108.386450640403 24.3
244 -1185.470453743521 24.4
245 -1263.219972408362 24.5
246 -1341.376678590078 24.6
247 -1417.906274843514 24.7
248 -1488.859603003176 24.8
249 -1559.630255014055 24.9
250 -1626.160384745242 25
251 -1687.981944851216 25.1
252 -2012.990689636631 25.2
253 -963.7333954065102 25.3
254 2739.61867056915 25.4
255 4381.667071431468 25.5
256 4760.780823307181 25.6
257 4291.884722280483 25.7
258 3401.480702397527 25.8
259 4286.763569704228 25.9
260 5207.472121851995 26
261 4671.136996483128 26.1
262 4049.555430347619 26.2
263 3814.701726546828 26.3
264 3605.169061291744 26.4
265 3398.514535692132 26.5
266 3193.922397282318 26.6
267 2998.299606902304 26.7
268 2812.194861701962 26.8
269 2640.299780426377 26.9
270 2479.702979514595 27
271 2332.923316869784 27.1
272 2198.300543659428 27.2
273 1582.67359434459 27.3
274 1947.277636305996 27.4
275 4771.190368804337 27.5
276 5730.524220286288 27.6
277 5670.822328196736 27.7
278 5750.61407082087 27.8
279 5850.134220163684 27.9
280 5957.928516877756 28
281 6054.103796424147 28.1
282 6140.146597252946 28.2
283 5359.45699655189 28.3
284 3999.563958268805 28.4
285 4053.974128733641 28.5
286 4808.230201643506 28.6
287 4370.331894566953 28.7
288 4177.628539264231 28.8
289 3971.648782824224 28.9
290 3759.058457676342 29
291 3544.666105415083 29.1
292 3343.017667627224 29.2
293 3154.239419078693 29.3
294 2971.763568059941 29.4
295 2803.39762861972 29.5
296 2650.755100741126 29.6
297 2512.36719925738 29.7
298 2388.064704811711 29.8
299 2280.058309627653 29.9
300 2185.166210722412 30
301 2105.446381946389 30.1
302 2039.647479500993 30.2
303 1988.242110693642 30.3
304 1950.948810272623 30.4
305 1924.755660400036 30.5
306 1912.309264824393 30.6
307 1910.934583139663 30.7
308 1920.87920038606 30.8
309 1941.940241287494 30.9
310 1972.857776916875 31
311 2012.082040335061 31.1
312 2060.964502054328 31.2
313 2117.146160319224 31.3
314 2323.915701601905 31.4
315 4815.156889254543 31.5
316 8376.658002977014 31.6
317 10205.41550852746 31.7
318 11042.26405365598 31.8
319 11781.93539211143 31.9
320 12477.95988824222 32
321 13094.16891731332 32.1
322 13628.62589329078 32.2
323 14053.3957644189 32.3
324 14406.95201436725 32.4
325 14690.74144175532 32.5
326 14896.65936591206 32.6
327 15051.56349594624 32.7
328 15149.22225854972 32.8
329 15188.5240109792 32.9
330 15179.60877675652 33
331 15126.92704907888 33.1
332 15032.18687142252 33.2
333 14907.0793344537 33.3
334 14749.05064302893 33.4
335 14563.27275229071 33.5
336 14355.33499619668 33.6
337 14131.5282849253 33.7
338 13892.02675759084 33.8
339 13641.05232979515 33.9
340 13381.59417758874 34
341 13114.2447817365 34.1
342 12840.99195549804 34.2
343 12565.03680296638 34.3
344 12292.69084566361 34.4
345 12015.5101340255 34.5
346 11741.24988091321 34.6
347 11477.60548841949 34.7
348 11219.22342457112 34.8
349 10964.81032385902 34.9
350 10718.23274042952 35
351 10482.99243534148 35.1
352 10255.78275950657 35.2
353 10037.99793762811 35.3
354 9819.116789124342 35.4
355 9614.179972510598 35.5
356 9422.690378019806 35.6
357 9245.012482026434 35.7
358 8485.678736355721 35.8
359 8853.720929792553 35.9
360 10447.10378829509 36
361 10540.55451987941 36.1
362 10487.49974614045 36.2
363 10381.02443309577 36.3
364 10251.38336767051 36.4
365 10113.90367078145 36.5
366 9972.161858343372 36.6
367 9830.875490510683 36.7
368 9693.602248287336 36.8
369 9561.372538423017 36.9
370 9436.350949920983 37
371 9317.54315213986 37.1
372 9206.335497345102 37.2
373 9103.245021435734 37.3
374 9009.803838365264 37.4
375 8925.56045701368 37.5
376 8850.309701405684 37.6
377 8784.753453352667 37.7
378 8729.020030984289 37.8
379 8686.165198428578 37.9
380 8652.402363626737 38
381 8625.939985645446 38.1
382 8606.918661955497 38.2
383 8594.337463399237 38.3
384 8589.501738010184 38.40000000000001
385 8591.082128688904 38.5
386 8597.550517393407 38.6
387 8610.098465753095 38.7
388 8626.757255530525 38.8
389 8648.373074834297 38.90000000000001
390 8673.099888386951 39
391 8702.304772865413 39.1
392 8733.145109593976 39.2
393 8526.691769969624 39.3
394 9461.100922744823 39.40000000000001
395 11876.77389622334 39.5
396 12460.68603186714 39.6
397 12839.08366086786 39.7
398 13081.13859658121 39.8
399 13299.39575402846 39.90000000000001
400 13483.99065390009 40
401 13625.05002113812 40.1
402 13739.39335022395 40.2
403 13826.96870451717 40.3
404 13887.47298044201 40.40000000000001
405 13918.85060311999 40.5
406 13923.63308489426 40.6
407 13910.50352556896 40.7
408 13876.04547723327 40.8
409 13824.40616364904 40.90000000000001
410 13759.87737437705 41
411 13681.66075086792 41.1
412 13592.55937345443 41.2
413 13492.95734890949 41.3
414 13385.34358903186 41.40000000000001
415 13271.70217228617 41.5
416 13154.75620070644 41.6
417 13032.19582173973 41.7
418 12906.78412287657 41.8
419 12778.88503852979 41.90000000000001
420 12647.91602646689 42
421 12519.97596225273 42.1
422 12394.07088126636 42.2
423 12267.2838576551 42.3
424 12143.90541366863 42.40000000000001
425 12026.63634269144 42.5
426 11909.43465675854 42.6
427 11797.69411635293 42.7
428 11691.65041336571 42.8
429 11588.03760801435 42.90000000000001
430 10913.82368098082 43
431 11556.03758430552 43.1
432 13190.69471657098 43.2
433 13544.26556009519 43.3
434 13642.02570360919 43.40000000000001
435 13682.13148836758 43.5
436 13687.91305983532 43.6
437 13664.74639803449 43.7
438 13623.32842188647 43.8
439 13565.976749377 43.90000000000001
440 13498.60536795736 44
441 13433.19132277851 44.1
442 13354.96162964271 44.2
443 13272.46127767749 44.3
444 13188.34013140596 44.40000000000001
445 13098.87266347758 44.5
446 13009.61876986346 44.6
447 12922.55935671868 44.7
448 12836.81572778949 44.8
449 12752.53363099881 44.90000000000001
450 12671.0195080628 45
451 12593.40899261755 45.1
452 12518.78420973009 45.2
453 12446.82338889612 45.3
454 12381.43777395004 45.40000000000001
455 12310.72326818649 45.5
456 12245.04557406392 45.6
457 12185.60775383272 45.7
458 12133.08019329316 45.8
459 12087.79748049309 45.90000000000001
460 12048.88187489421 46
461 12016.58071353011 46.1
462 11992.16270047347 46.2
463 11975.01954329772 46.3
464 11964.87818077383 46.40000000000001
465 11958.61376086424 46.5
466 11958.61740363134 46.6
467 11967.91188962412 46.7
468 11985.41357985427 46.8
469 12007.7794584477 46.90000000000001
470 12036.00360726455 47
471 12067.81475097677 47.1
472 12103.15014525632 47.2
473 12139.06391773546 47.3
474 12077.95538003539 47.40000000000001
475 13402.70467315797 47.5
476 14074.69035633613 47.6
477 14533.37582253516 47.7
478 14938.01963084422 47.8
479 15281.62824720829 47.90000000000001
480 15534.14508719268 48
481 15692.90915330836 48.1
482 15200.83013425727 48.2
483 14960.45540464672 48.3
484 14731.73951173797 48.40000000000001
485 14510.19646689975 48.5
486 14304.47915353857 48.6
487 14115.65407325 48.7
488 13945.81288537166 48.8
489 13800.39417723911 48.90000000000001
490 13670.60440574459 49
491 13555.62346898226 49.1
492 13456.41146769948 49.2
493 13369.88856112636 49.3
494 13295.27490587364 49.40000000000001
495 13232.29640570182 49.5
496 13178.15771490805 49.6
497 13133.485154613 49.7
498 13101.22240303337 49.8
499 13073.37359425895 49.90000000000001
500 13050.46746273751 50
501 -301.4745018707853 50.01
502 -298.640854743813 50.02
503 -287.6022260877915 50.03
504 -278.1685873167985 50.04
505 -270.543356596172 50.05
506 -267.3036976183206 50.06
507 -260.0518368911779 50.07
508 -253.3973451234852 50.08
509 -247.1275011069033 50.09
510 -241.1586919469619 50.1
511 -235.4710570375068 50.11
512 -230.0186403859033 50.12
513 -224.7925018720527 50.13
514 -220.0499412446975 50.14
515 -216.6116159976604 50.15
516 -211.6647223973991 50.16
517 -207.2571427303964 50.17
518 -198.8699885962843 50.18
519 -194.8690250478305 50.19
520 -190.68082897278 50.2
521 -188.5883996546321 50.21
522 -185.6517299885828 50.22
523 -184.5066917886138 50.23
524 -182.4772319815822 50.24
525 -184.4835444858076 50.25
526 -182.2203729226989 50.26
527 -180.6035666195286 50.27
528 -177.7964857399892 50.28
529 -176.5582920473112 50.29
530 -176.8372844519131 50.3
531 -175.2796474001532 50.31
532 -172.6892056369009 50.32
533 -170.164604976786 50.33
534 -168.7493728318528 50.34
535 -166.4116847837319 50.35
536 -165.0506936403363 50.36
537 -162.8101514941677 50.37
538 -159.2030416890364 50.38
539 -157.0620320575457 50.39
540 -151.8686306623976 50.4
541 -149.7230218783999 50.41
542 -147.7307891800671 50.42
543 -145.7921197836855 50.43
544 -143.908538506864 50.44
545 -142.0806164139464 50.45
546 -140.6553224377822 50.46
547 -139.4440108395288 50.47
548 -137.7585280371363 50.48
549 -136.1574850253138 50.49
550 -134.5763604338029 50.5
551 -135.759670875391 50.51
552 -133.1059482946217 50.52
553 -131.6050981219261 50.53
554 -130.8631234965321 50.54
555 -129.4059515783405 50.55
556 -127.9523655060462 50.56
557 -126.5046575598086 50.57
558 -125.0795311332688 50.58
559 -123.52400276389 50.59
560 -122.0135124788955 50.6
561 -120.604648989069 50.61
562 -119.2000003126447 50.62
563 -117.8014672366987 50.63
564 -116.4101799271748 50.64
565 -115.0271560911149 50.65
566 -113.6552000530416 50.66
567 -112.2956231588208 50.67
568 -110.9496586940139 50.68
569 -109.6187757967769 50.69
570 -108.3031835602072 50.7
571 -106.9904483064639 50.71
572 -105.713870048147 50.72
573 -104.1901725770566 50.73
574 -102.9415418894118 50.74
575 -101.7045700826793 50.75
576 -100.4832275878847 50.76
577 -99.27853320819965 50.77
578 -98.08020506114403 50.78
579 -96.91053506213687 50.79
580 -95.66387196023045 50.8
581 -94.53280049003355 50.81
582 -93.35667081130524 50.82
583 -91.40610077643024 50.83
584 -90.35694305790025 50.84
585 -89.33119555890431 50.85
586 -88.33019029405925 50.86
587 -87.34331640465669 50.87
588 -86.39363728585967 50.88
589 -85.46991661734668 50.89
590 -84.48634665669705 50.9
591 -83.62087361122865 50.91
592 -82.7677249933127 50.92
593 -81.66916236835496 50.93
594 -80.86417992782195 50.94
595 -79.50926923218174 50.95
596 -78.79157999129025 50.96
597 -78.0989513257359 50.97
598 -77.43305209460382 50.98
599 -76.7942634241455 50.99
600 -75.06367176865631 51
601 -74.18736525194161 51.01
602 -73.3311996179995 51.02
603 -72.74818564821254 51.03
604 -72.23381104769383 51.04
605 -72.01267048209053 51.05
606 -71.55440006286743 51.06
607 -71.11084156887799 51.07
608 -70.68889321592924 51.08
609 -70.33232800306088 51.09
610 -69.9524874157095 51.1
611 -69.59130369116713 51.11
612 -69.24787338866913 51.12
613 -68.92220908108041 51.13
614 -68.61340357107305 51.14
615 -68.32132650815976 51.15
616 -68.04460740905934 51.16
617 -68.07701935942578 51.17
618 -67.83498389652398 51.18
619 -67.60039054169118 51.19
620 -67.37607273308049 51.2
621 -67.16209224605983 51.21
622 -66.95692498887742 51.22
623 -66.75718140438315 51.23
624 -66.91748150644317 51.24
625 -67.25202618081703 51.25
626 -67.3328906783384 51.26
627 -67.54902752930384 51.27
628 -67.33823133279593 51.28
629 -67.16532432984316 51.29
630 -67.08545498449621 51.3
631 -67.00458729139815 51.31
632 -66.87765939029092 51.32
633 -66.79224268617428 51.33
634 -66.65349043974173 51.34
635 -66.49347316587537 51.35
636 -66.32228637046359 51.36
637 -65.8191374337278 51.37
638 -65.62348703042241 51.38
639 -65.41587959267979 51.39
640 -65.15531957569316 51.4
641 -64.92374191843307 51.41
642 -64.67807681670463 51.42
643 -64.42297286494731 51.43
644 -64.15705926302893 51.44
645 -63.88020072648708 51.45
646 -63.7134990878093 51.46
647 -63.44576886329468 51.47
648 -63.2595902767868 51.48
649 -62.98047503255941 51.49
650 -62.79944295896622 51.5
651 -62.51075399572684 51.51
652 -62.32432760613344 51.52
653 -62.00637604617097 51.53
654 -61.81542015985504 51.54
655 -61.65135656617852 51.55
656 -61.48720191873198 51.56
657 -61.322953862406 51.57
658 -60.44749681081836 51.58
659 -60.28512045563996 51.59
660 -60.12333583628642 51.6
661 -59.93544464556432 51.61
662 -59.7751510534158 51.62
663 -59.61581890076192 51.63
664 -59.45762314878422 51.64
665 -59.30075125340904 51.65
666 -59.14542587909067 51.66
667 -59.01743087885918 51.67
668 -58.86577084208218 51.68
669 -58.71626457440114 51.69
670 -58.56917554969565 51.7
671 -58.42471527131494 51.71
672 -58.28310393768375 51.72
673 -58.1445323104539 51.73
674 -58.00493363149491 51.74
675 -57.85117521372243 51.75
676 -57.72294585823046 51.76
677 -57.59820685361951 51.77
678 -57.4770948726165 51.78
679 -57.35965105529867 51.79
680 -57.16755752631204 51.8
681 -57.05753603622678 51.81
682 -56.95133967908067 51.82
683 -56.84898075196588 51.83
684 -56.75047336968591 51.84
685 -56.64483907268932 51.85
686 -56.49533697799628 51.86
687 -56.39688917499108 51.87
688 -56.30392626960115 51.88
689 -56.25759762519503 51.89
690 -56.1658227288447 51.9
691 -56.04819975976355 51.91
692 -55.93101008837741 51.92
693 -55.81610804542007 51.93
694 -55.7196058960915 51.94
695 -55.58908325090608 51.95
696 -55.47131059038805 51.96
697 -55.35162997734751 51.97
698 -55.26290463568316 51.98
699 -55.21074150709484 51.99
700 -55.11551114289409 52
701 -55.03001622283637 52.01
702 -54.95274601555048 52.02
703 -54.88068487964771 52.03
704 -54.81231099115271 52.04
705 -54.74767840827217 52.05
706 -54.68807758247356 52.06
707 -54.63704932766466 52.07
708 -54.58393464717074 52.08
709 -54.5276852843006 52.09
710 -55.03672516624395 52.1
711 -54.97076401279923 52.11
712 -54.90770063165354 52.12
713 -54.82596251900432 52.13
714 -54.73787676244844 52.14
715 -54.63690824514453 52.15
716 -54.52420127059953 52.16
717 -54.39904933108061 52.17
718 -54.26152636519871 52.18
719 -54.10924943069097 52.19
720 -53.93984033235895 52.2
721 -53.75703995610235 52.21
722 -53.56000773858167 52.22
723 -53.34776848435991 52.23
724 -53.11997146515662 52.24
725 -53.47075039087213 52.25
726 -53.21897741515856 52.26
727 -52.95617321760889 52.27
728 -52.6833903782063 52.28
729 -52.40267490012832 52.29
730 -52.11570509324887 52.3
731 -51.82381623121867 52.31
732 -51.52822820373298 52.32
733 -51.23044341565453 52.33
734 -50.93203204092013 52.34
735 -50.63430570414865 52.35
736 -50.33877338182392 52.36
737 -49.92376475192699 52.37
738 -49.55534331332871 52.38
739 -48.9127119540398 52.39
740 -48.64147096957229 52.4
741 -48.37881116991431 52.41
742 -48.6873480870964 52.42
743 -48.44362078465895 52.43
744 -48.21175193963688 52.44
745 -47.99291562124922 52.45
746 -47.7882233082769 52.46
747 -47.59844687680824 52.47
748 -47.4245559729756 52.48
749 -47.26693539153506 52.49
750 -47.12550819392771 52.5
751 -46.99993235536499 52.51
752 -46.89062289405537 52.52
753 -46.79699898040398 52.53
754 -46.71885638197743 52.54
755 -47.65902885388156 52.55
756 -47.60695557387538 52.56
757 -47.56923779449602 52.57
758 -47.54565474895416 52.58
759 -47.53569421050051 52.59
760 -47.5391422523877 52.6
761 -47.55991463501313 52.61
762 -47.57725691630921 52.62
763 -47.60999606581478 52.63
764 -47.65664716963227 52.64
765 -47.71218875049278 52.65
766 -47.79480809898405 52.66
767 -47.87098445998552 52.67
768 -49.1493802215756 52.68
769 -49.90068772965835 52.69
770 -49.98075365005877 52.7
771 -50.06420816697981 52.71
772 -50.1497123952182 52.72
773 -50.23581021151912 52.73
774 -53.67971790219725 52.74
775 -53.77443689499184 52.75
776 -53.8461859556574 52.76
777 -53.89194982782435 52.77
778 -53.93533921723807 52.78
779 -53.97216497916021 52.79
780 -54.01036083759722 52.8
781 -54.01437490931767 52.81
782 -54.00719045323375 52.82
783 -54.32332724086907 52.83
784 -54.28844272078528 52.84
785 -54.22318283963241 52.85
786 -54.13879152560076 52.86
787 -53.61145647418269 52.87
788 -54.11763974333947 52.88
789 -52.19455563440323 52.89
790 -53.28953220967249 52.9
791 -50.57863462069878 52.91
792 -50.39394993880323 52.92
793 -50.1925098475493 52.93
794 -49.97574034136934 52.94
795 -51.02775289446888 52.95
796 -49.50249042004582 52.96
797 -49.25019512045935 52.97
798 -48.99235140744866 52.98
799 -48.73436175144411 52.99
800 -48.48231463905648 53
801 -48.24116010569323 53.01
802 -48.0142286293483 53.02
803 -47.80165587830912 53.03
804 -48.8568060517824 53.04
805 -47.40753699075486 53.05
806 -47.21785187708254 53.06
807 -47.02847733307296 53.07
808 -46.83752916470484 53.08
809 -47.88562809268364 53.09
810 -48.4300128872746 53.1
811 -47.48568077374604 53.11
812 -48.02260276666374 53.12
813 -47.07845219709595 53.13
814 -45.64582002964039 53.14
815 -46.66776493231047 53.15
816 -47.19405197214298 53.16
817 -45.03628514983591 53.17
818 -46.04682488542566 53.18
819 -44.62469573207214 53.19
820 -45.62834439176155 53.2
821 -44.21376897163287 53.21
822 -44.01222323640459 53.22
823 -43.81452904025943 53.23
824 -43.62136464368684 53.24
825 -43.43335151822941 53.25
826 -43.251192825646 53.26
827 -44.26586231818145 53.27
828 -44.09295404134942 53.28
829 -44.63737754916626 53.29
830 -44.47433608009944 53.3
831 -43.6084923292061 53.31
832 -43.4573583033535 53.32
833 -44.01562982256791 53.33
834 -44.29382012056634 53.34
835 -43.73266859165014 53.35
836 -44.27152006285207 53.36
837 -43.47374513020879 53.37
838 -42.85586106632116 53.38
839 -42.76970828465338 53.39
840 -42.65743712967005 53.4
841 -41.39685812100509 53.41
842 -41.37348726809481 53.42
843 -43.52650786771785 53.43
844 -42.33129029199429 53.44
845 -44.15760188890566 53.45
846 -44.15394934766062 53.46
847 -44.08872171793919 53.47
848 -44.00923309413517 53.48
849 -43.8830919553056 53.49
850 -43.52454004405126 53.5
851 -43.81534601242468 53.51
852 -43.6235070991841 53.52
853 -43.6832654648892 53.53
854 -43.26261952046607 53.54
855 -43.54522133971814 53.55
856 -41.8275488937411 53.56
857 -43.38630662999461 53.57
858 -42.37095527548636 53.58
859 -43.27546160275172 53.59
860 -42.24465934042685 53.6
861 -43.15375073360818 53.61
862 -42.8881014539764 53.62
863 -42.04476275345292 53.63
864 -41.3179707393867 53.64
865 -41.2456051024135 53.65
866 -42.21459341686428 53.66
867 -42.50853502835632 53.67
868 -39.92536589060508 53.68
869 -39.84165362376055 53.69
870 -39.75432149117623 53.7
871 -40.73929283403572 53.71
872 -39.56807728262605 53.72
873 -41.56858193985537 53.73
874 -41.69029755886562 53.74
875 -40.96046723452243 53.75
876 -40.20215337906578 53.76
877 -41.09836894399314 53.77
878 -41.16457863374857 53.78
879 -41.70763483428554 53.79
880 -40.54995192885058 53.8
881 -39.33320551505219 53.81
882 -40.25275883587027 53.82
883 -40.93850797460109 53.83
884 -38.59860759810864 53.84
885 -39.61279042876707 53.85
886 -38.52835862422771 53.86
887 -37.90558239682207 53.87
888 -37.39092331697277 53.88
889 -38.61173807894164 53.89
890 -38.65153512888482 53.9
891 -37.64829059304681 53.91
892 -38.43468036005025 53.92
893 -37.11119723316135 53.93
894 -38.09330304787129 53.94
895 -37.80110765931043 53.95
896 -37.63411041804721 53.96
897 -36.92521775010155 53.97
898 -37.9168509498399 53.98
899 -36.94271163629246 53.99
900 -35.43499399217829 54
901 -35.82040103426417 54.01
902 -35.86345880605777 54.02
903 -36.79451540679155 54.03
904 -34.85267187672 54.04
905 -36.25132643194503 54.05
906 -36.39149164106952 54.06
907 -35.27106656878723 54.07
908 -35.14874396624933 54.08
909 -35.97839097365095 54.09
910 -36.8835895837805 54.1
911 -34.82953179338991 54.11
912 -35.72041752641631 54.12
913 -36.78735521578322 54.13
914 -34.54919919477834 54.14
915 -36.39682467111494 54.15
916 -36.03234134640714 54.16
917 -38.42479273299639 54.17
918 -38.68144891769703 54.18
919 -36.44490060427339 54.19
920 -38.33094099169984 54.2
921 -36.35116373373861 54.21
922 -37.61945660248255 54.22
923 -37.56923773622343 54.23
924 -37.5207950601376 54.24
925 -37.44535563190418 54.25
926 -37.43625006989653 54.26
927 -38.81476437317011 54.27
928 -39.1578341362961 54.28
929 -40.22548172746004 54.29
930 -40.16895500406856 54.3
931 -40.11536085440736 54.31
932 -40.4708875136219 54.32
933 -40.41765448159195 54.33
934 -40.36275125914071 54.34
935 -40.62439933292168 54.35
936 -41.3068007574969 54.36
937 -41.2689163471121 54.37
938 -41.21035633804516 54.38
939 -41.92045783673392 54.39
940 -41.57081481394272 54.4
941 -41.50820351993288 54.41
942 -41.44387785893617 54.42
943 -40.90095172072852 54.43
944 -41.30875959561933 54.44
945 -41.23670149196663 54.45
946 -40.68734291212258 54.46
947 -41.07930045700864 54.47
948 -40.5213900937625 54.48
949 -40.42924131055378 54.49
950 -40.33024561458698 54.5
951 -40.22405473961878 54.51
952 -40.10981582104876 54.52
953 -39.98756247482721 54.53
954 -39.3694690466546 54.54
955 -37.46492600223306 54.55
956 -39.28291311439061 54.56
957 -37.17576885974082 54.57
958 -37.91661026233025 54.58
959 -38.61119166327859 54.59
960 -38.43809542323302 54.6
961 -37.93779996553517 54.61
962 -36.32981784825149 54.62
963 -36.14266656649011 54.63
964 -35.95077757319457 54.64
965 -35.75483793908895 54.65
966 -36.43843801680523 54.66
967 -35.35327378350554 54.67
968 -35.14893024224966 54.68
969 -34.6368289407846 54.69
970 -34.43049641511938 54.7
971 -34.19621585151339 54.71
972 -33.98828393638676 54.72
973 -33.78129143304015 54.73
974 -33.57603843018169 54.74
975 -33.34307282442267 54.75
976 -33.14247112828465 54.76
977 -32.9453155408403 54.77
978 -32.75157210678135 54.78
979 -32.56263370139556 54.79
980 -32.37989050700722 54.8
981 -31.21079086027005 54.81
982 -31.04275756519785 54.82
983 -30.88086989617243 54.83
984 -30.72500656344306 54.84
985 -30.57597426537327 54.85
986 -31.79677353015398 54.86
987 -31.15096548384161 54.87
988 -30.17608832947728 54.88
989 -30.90618439800127 54.89
990 -32.57759679244679 54.9
991 -33.29305970794842 54.91
992 -33.19499752239815 54.92
993 -33.50107964891454 54.93
994 -33.44364440658216 54.94
995 -33.13497375788448 54.95
996 -34.21152656410258 54.96
997 -33.48853707161556 54.97
998 -34.18937657867352 54.98
999 -34.14731525705406 54.99
1000 -34.11253535483527 55
1001 -34.58309137295696 55.01
1002 -34.56599939734517 55.02
1003 -34.55034848053467 55.03
1004 -34.5409365902703 55.04
1005 -34.53737179595345 55.05
1006 -34.53890420074304 55.06
1007 -34.54441022002285 55.07
1008 -34.55261093380931 55.08
1009 -34.5620426892415 55.09
1010 -34.56259629421724 55.1
1011 -35.51713436071415 55.11
1012 -35.52372079685935 55.12
1013 -35.80296861465888 55.13
1014 -35.81126244834902 55.14
1015 -35.81148032033023 55.15
1016 -35.80856950557356 55.16
1017 -35.79842372293444 55.17
1018 -35.77841991547621 55.18
1019 -35.74923090387235 55.19
1020 -35.71479181685522 55.2
1021 -35.67892840216326 55.21
1022 -35.64281972276642 55.22
1023 -35.60529979267789 55.23
1024 -35.55385971063934 55.24
1025 -35.49800037435671 55.25
1026 -35.43585786507693 55.26
1027 -35.36591971986045 55.27
1028 -35.28791736911347 55.28
1029 -35.20123607816721 55.29
1030 -35.10466123657749 55.3
1031 -34.99692160640843 55.31
1032 -34.87815031894623 55.32
1033 -34.74968404004635 55.33
1034 -34.61296686010547 55.34
1035 -34.46899164924237 55.35
1036 -34.31815444778984 55.36
1037 -33.28264317423071 55.37
1038 -31.19080048258274 55.38
1039 -31.79685784371057 55.39
1040 -31.62581583051922 55.4
1041 -30.68224616655128 55.41
1042 -30.22430757813452 55.42
1043 -30.04331828802864 55.43
1044 -29.85966751920508 55.44
1045 -29.67404723193229 55.45
1046 -29.48730871489976 55.46
1047 -29.3004154036654 55.47
1048 -29.11415481185197 55.48
1049 -28.92928446185956 55.49
1050 -28.7466079419761 55.5
1051 -28.56679737381999 55.51
1052 -28.39048537074286 55.52
1053 -28.21837127591802 55.53
1054 -28.05109836047874 55.54
1055 -27.88934946690137 55.55
1056 -27.73375148407926 55.56
1057 -27.58487063624827 55.57
1058 -27.44321687130861 55.58
1059 -27.30933946760782 55.59
1060 -27.18372410609864 55.6
1061 -27.0666967441979 55.61
1062 -26.95857254906055 55.62
1063 -26.85969168207009 55.63
1064 -27.51115616059208 55.64
1065 -26.69092206220169 55.65
1066 -28.22845725315249 55.66
1067 -26.56218806659916 55.67
1068 -28.33398532426605 55.68
1069 -28.30818698670474 55.69
1070 -28.27439481373383 55.7
1071 -28.2485218650916 55.71
1072 -28.23106667867496 55.72
1073 -28.22152594998767 55.73
1074 -28.2195088433234 55.74
1075 -29.21812833782223 55.75
1076 -29.22897751386535 55.76
1077 -29.2442092888699 55.77
1078 -29.26500847712192 55.78
1079 -29.29067253440163 55.79
1080 -29.32222633583445 55.8
1081 -29.35965822726212 55.81
1082 -29.39218099785071 55.82
1083 -29.42363011865296 55.83
1084 -29.45374002258729 55.84
1085 -30.18671947396136 55.85
1086 -31.76345085993057 55.86
1087 -31.78614986930465 55.87
1088 -32.06640865542968 55.88
1089 -32.08691986316256 55.89
1090 -32.1022506883246 55.9
1091 -32.11418959121591 55.91
1092 -32.12150469688115 55.92
1093 -32.12296580964484 55.93
1094 -32.11726953505357 55.94
1095 -32.16282486072755 55.95
1096 -32.14437604740153 55.96
1097 -32.11041274191408 55.97
1098 -32.06521929090868 55.98
1099 -32.29865702063464 55.99
1100 -32.22847351821657 56
1101 -32.145373516687 56.01
1102 -32.04972758009069 56.02
1103 -31.94276683379087 56.03
1104 -31.82390216818125 56.04
1105 -31.69312821026383 56.05
1106 -30.07061498749683 56.06
1107 -29.92153528079242 56.07
1108 -29.76307598920317 56.08
1109 -29.59579019143801 56.09
1110 -29.13569131129344 56.1
1111 -28.95407344121576 56.11
1112 -26.8016321851883 56.12
1113 -26.61244701369697 56.13
1114 -26.41947844376599 56.14
1115 -26.22379228739596 56.15
1116 -26.02642355411447 56.16
1117 -25.82821243723128 56.17
1118 -25.63018007684648 56.18
1119 -25.43331322252503 56.19
1120 -25.23859238707157 56.2
1121 -24.38795130173692 56.21
1122 -24.20092418634686 56.22
1123 -24.0183056964389 56.23
1124 -23.84083349475984 56.24
1125 -23.66923590833979 56.25
1126 -23.50413719714398 56.26
1127 -23.3460794849907 56.27
1128 -23.19553138278468 56.28
1129 -23.05294729146309 56.29
1130 -22.91871903596376 56.3
1131 -22.79319704616916 56.31
1132 -22.67572975350699 56.32
1133 -22.56849607427527 56.33
1134 -22.47126234950566 56.34
1135 -22.38376563584438 56.35
1136 -22.30606747708265 56.36
1137 -22.23827521950585 56.37
1138 -22.18073405501872 56.38
1139 -22.13337717100741 56.39
1140 -22.09592659546589 56.4
1141 -23.3516188144455 56.41
1142 -23.67427868143644 56.42
1143 -23.67177030937301 56.43
1144 -23.6679010869976 56.44
1145 -23.67219412633922 56.45
1146 -23.68432746480435 56.46
1147 -24.52764824399481 56.47
1148 -24.60006483250332 56.48
1149 -24.63219920006419 56.49
1150 -24.91662121700832 56.5
1151 -24.95710593648923 56.51
1152 -26.35637706708319 56.52
1153 -26.50454191737344 56.53
1154 -26.58066291320768 56.54
1155 -27.04765950265823 56.55
1156 -27.16130194334455 56.56
1157 -27.21344888871014 56.57
1158 -27.2682041410759 56.58
1159 -27.31114419750977 56.59
1160 -27.35225291338645 56.6
1161 -27.37835203571911 56.61
1162 -27.39254112073571 56.62
1163 -27.41390792576977 56.63
1164 -27.41471136373049 56.64
1165 -27.40689648698983 56.65
1166 -27.39170051013873 56.66
1167 -27.52078574075028 56.67
1168 -27.57361439547687 56.68
1169 -27.53004063688274 56.69
1170 -27.47491437404873 56.7
1171 -27.30359927917715 56.71
1172 -26.84679188547684 56.72
1173 -26.62472896144415 56.73
1174 -26.51956851357038 56.74
1175 -26.16562709172182 56.75
1176 -26.03780340083773 56.76
1177 -25.89969809313322 56.77
1178 -25.75205599653294 56.78
1179 -25.57551299357838 56.79
1180 -25.41136465102049 56.8
1181 -25.24007852761308 56.81
1182 -24.14267761263299 56.82
1183 -23.34921375372736 56.83
1184 -23.16350119782317 56.84
1185 -22.97692223406545 56.85
1186 -22.7886733298709 56.86
1187 -22.5996819388056 56.87
1188 -22.41099668551235 56.88
1189 -22.22376193457174 56.89
1190 -22.03902204353357 56.9
1191 -21.76665001251336 56.91
1192 -21.58784248169417 56.92
1193 -21.41392651355977 56.93
1194 -21.24561999561238 56.94
1195 -21.08270666935271 56.95
1196 -20.9278272739124 56.96
1197 -20.78037238648175 56.97
1198 -20.64071190363589 56.98
1199 -20.50922439055898 56.99
1200 -20.38629220611569 57
1201 -20.27215001013611 57.01
1202 -20.16697683626426 57.02
1203 -20.07103042152905 57.03
1204 -19.9846101076257 57.04
1205 -19.90783836273853 57.05
1206 -19.84079733888981 57.06
1207 -19.78363706790983 57.07
1208 -19.73645782554494 57.08
1209 -19.69940051647734 57.09
1210 -19.67370980745057 57.1
1211 -20.12242876139197 57.11
1212 -21.50622129543446 57.12
1213 -21.5659068977261 57.13
1214 -21.56539936716567 57.14
1215 -21.57255461223234 57.15
1216 -21.5871014714236 57.16
1217 -21.60863710616369 57.17
1218 -21.63657775887578 57.18
1219 -21.90607137593063 57.19
1220 -21.99031259492468 57.2
1221 -22.03235983794894 57.21
1222 -22.07824986748169 57.22
1223 -22.12093269180706 57.23
1224 -22.16845283787625 57.24
1225 -22.50342130881931 57.25
1226 -22.56471088249292 57.26
1227 -22.60970218806606 57.27
1228 -22.65137078873886 57.28
1229 -22.68885933009987 57.29
1230 -22.72117973461356 57.3
1231 -22.74744681706747 57.31
1232 -22.76675045915155 57.32
1233 -22.78465711956271 57.33
1234 -22.78894824996733 57.34
1235 -22.93639531236784 57.35
1236 -22.91729360013914 57.36
1237 -22.91558739662977 57.37
1238 -22.82922067444096 57.38
1239 -22.71030217966459 57.39
1240 -22.7025120116151 57.4
1241 -22.55803464464845 57.41
1242 -22.46403855844839 57.42
1243 -22.36283091084216 57.43
1244 -22.24928003484282 57.44
1245 -22.12318181162265 57.45
1246 -21.68158477079133 57.46
1247 -21.03899355020521 57.47
1248 -20.00445991195627 57.48
1249 -19.84763422452437 57.49
1250 -19.65770661251116 57.5
1251 -19.44256782744539 57.51
1252 -19.2769645842735 57.52
1253 -19.11053532362715 57.53
1254 -18.81886110478575 57.54
1255 -18.65347038991931 57.55
1256 -18.48976319665517 57.56
1257 -18.32867004541663 57.57
1258 -18.17103355622394 57.58
1259 -18.01759325326356 57.59
1260 -17.86910142255234 57.6
1261 -17.72635864144066 57.61
1262 -17.58999586052758 57.62
1263 -17.32387294269651 57.63
1264 -17.20197104672653 57.64
1265 -17.08771711532003 57.65
1266 -16.98161614983561 57.66
1267 -16.88390700605945 57.67
1268 -16.79477739156421 57.68
1269 -16.86215335904049 57.69
1270 -16.79017650118558 57.7
1271 -16.72711335810506 57.71
1272 -16.67307657436276 57.72
1273 -16.62823862326641 57.73
1274 -16.67265635848373 57.74
1275 -16.77862311269116 57.75
1276 -16.76064024753187 57.76
1277 -16.75097364244315 57.77
1278 -17.59288076435447 57.78
1279 -18.37674170526186 57.79
1280 -18.38796440182542 57.8
1281 -18.52982289592507 57.81
1282 -18.55494658408964 57.82
1283 -18.59084921150049 57.83
1284 -18.62978154019933 57.84
1285 -18.67046495931628 57.85
1286 -18.86985794493049 57.86
1287 -18.9437792499548 57.87
1288 -18.99264166859128 57.88
1289 -19.1872698213711 57.89
1290 -19.24002898023184 57.9
1291 -19.28511212274123 57.91
1292 -19.32806136228972 57.92
1293 -19.36734560148046 57.93
1294 -19.40165226230557 57.94
1295 -19.43062749752037 57.95
1296 -19.4535377488878 57.96
1297 -19.46942685750049 57.97
1298 -19.47745852317752 57.98
1299 -19.47649730138008 57.99
1300 -19.46560410507143 58
1301 -19.443892066281 58.01
1302 -19.43271717113324 58.02
1303 -19.40963387693621 58.03
1304 -19.35798960539417 58.04
1305 -19.28376128787257 58.05
1306 -19.19660665465083 58.06
1307 -19.09878347802961 58.07
1308 -18.99183708118963 58.08
1309 -18.87779963247369 58.09
1310 -18.63546374787185 58.1
1311 -18.51081967755268 58.11
1312 -18.38154905215282 58.12
1313 -17.21122942309996 58.13
1314 -16.57934309662559 58.14
1315 -16.44052159225853 58.15
1316 -16.29877653740576 58.16
1317 -16.15497966822635 58.17
1318 -15.97709595795417 58.18
1319 -15.83125776451458 58.19
1320 -15.68686233709766 58.2
1321 -15.54497826347631 58.21
1322 -15.40659478483808 58.22
1323 -15.27251705222086 58.23
1324 -15.14324319802371 58.24
1325 -15.01916974180396 58.25
1326 -14.90099672480329 58.26
1327 -14.78922003550641 58.27
1328 -14.68423096310181 58.28
1329 -14.58640029504527 58.29
1330 -14.4858726263098 58.3
1331 -14.40320572852093 58.31
1332 -14.32843887067201 58.32
1333 -14.26174825059523 58.33
1334 -14.20322970311183 58.34
1335 -14.15295142412557 58.35
1336 -14.11087165717175 58.36
1337 -14.07723723755203 58.37
1338 -14.9886800948702 58.38
1339 -15.20774399762736 58.39
1340 -15.21624297349127 58.4
1341 -15.20567127572936 58.41
1342 -15.48666763904724 58.42
1343 -15.51006096162106 58.43
1344 -15.52681862406902 58.44
1345 -15.73130233848712 58.45
1346 -15.75960151309365 58.46
1347 -15.79287541384456 58.47
1348 -15.83068043431213 58.48
1349 -15.98025219804963 58.49
1350 -16.04734524769231 58.5
1351 -16.09408974582462 58.51
1352 -16.14476711481729 58.52
1353 -16.20017702803534 58.53
1354 -16.25610519904584 58.54
1355 -16.3050324173639 58.55
1356 -16.34911188694835 58.56
1357 -16.39164796078106 58.57
1358 -16.42706860499057 58.58
1359 -16.97613860793782 58.59
1360 -16.99706756137309 58.6
1361 -17.01079439867381 58.61
1362 -17.01729344031381 58.62
1363 -17.01540539758307 58.63
1364 -17.00413401037917 58.64
1365 -17.17751585826283 58.65
1366 -17.14707401784577 58.66
1367 -17.10260057845862 58.67
1368 -17.05066203810601 58.68
1369 -16.98804110909039 58.69
1370 -16.91390744647179 58.7
1371 -16.82933597518797 58.71
1372 -16.7356515885114 58.72
1373 -16.22859525635972 58.73
1374 -15.4014321348969 58.74
1375 -15.28961104504969 58.75
1376 -15.04390252042102 58.76
1377 -14.92449553645928 58.77
1378 -14.80267986531427 58.78
1379 -14.67916426090473 58.79
1380 -14.55491565824064 58.8
1381 -14.42963031676586 58.81
1382 -14.30729282422081 58.82
1383 -14.18713383019984 58.83
1384 -13.80370857181193 58.84
1385 -13.68980601066853 58.85
1386 -13.58023622651101 58.86
1387 -13.47562026553842 58.87
1388 -13.3764175870047 58.88
1389 -13.2830346128546 58.89
1390 -13.19587794002028 58.9
1391 -13.11524029355796 58.91
1392 -13.2474211407679 58.92
1393 -13.21638672022705 58.93
1394 -13.01917372788216 58.94
1395 -13.1030617445151 58.95
1396 -13.07770347576283 58.96
1397 -13.03933798137464 58.97
1398 -13.00826036221387 58.98
1399 -12.9846224490365 58.99
1400 -12.96819978648218 59
1401 -12.95862879082127 59.01
1402 -13.6459671733306 59.02
1403 -13.8965679922272 59.03
1404 -13.92235922979243 59.04
1405 -14.16858546856571 59.05
1406 -14.18809307138458 59.06
1407 -14.21279998879408 59.07
1408 -14.24217061070339 59.08
1409 -14.27557776340178 59.09
1410 -14.31235727589109 59.1
1411 -14.39236536995495 59.11
1412 -14.43481030006152 59.12
1413 -14.47816973576864 59.13
1414 -14.52267981440676 59.14
1415 -14.56786667883773 59.15
1416 -14.60886306195297 59.16
1417 -14.64534631916969 59.17
1418 -14.67723803265615 59.18
1419 -14.70422242725692 59.19
1420 -15.48793713953647 59.2
1421 -15.21810458075167 59.21
1422 -14.7516678069506 59.22
1423 -15.22950950353641 59.23
1424 -14.74774203193499 59.24
1425 -14.73247845465314 59.25
1426 -14.7070169590632 59.26
1427 -15.85733960944944 59.27
1428 -15.80965521867578 59.28
1429 -15.37435454202599 59.29
1430 -15.05387049486308 59.3
1431 -14.56189157937977 59.31
1432 -14.47319587031563 59.32
1433 -14.37825256720991 59.33
1434 -14.27800309708332 59.34
1435 -14.17328196459674 59.35
1436 -14.06501552476358 59.36
1437 -13.95396488354877 59.37
1438 -13.84098873269692 59.38
1439 -13.72689510645083 59.39
1440 -13.6126150136972 59.4
1441 -13.49914597174175 59.41
1442 -13.38743463721914 59.42
1443 -13.27828865677025 59.43
1444 -13.17248262822285 59.44
1445 -13.0705479365471 59.45
1446 -12.97300598838197 59.46
1447 -12.88039289161378 59.47
1448 -12.78965583604008 59.48
1449 -12.70764399550934 59.49
1450 -12.63164858130854 59.5
1451 -12.56195752990851 59.51
1452 -12.49744624407892 59.52
1453 -12.44093597023941 59.53
1454 -12.39118502968848 59.54
1455 -12.34838273689177 59.55
1456 -12.31249034674096 59.56
1457 -12.2824533925568 59.57
1458 -12.26041291963131 59.58
1459 -12.24484545762264 59.59
1460 -13.00421978868678 59.6
1461 -13.08469653318826 59.61
1462 -13.20323190290776 59.62
1463 -13.20318490947917 59.63
1464 -13.2320480932008 59.64
1465 -13.25058064825318 59.65
1466 -13.27191077249675 59.66
1467 -13.30795738508047 59.67
1468 -13.34000173384759 59.68
1469 -13.36944419819074 59.69
1470 -13.4010537053447 59.7
1471 -13.43383162278258 59.71
1472 -14.20784347758822 59.72
1473 -14.56659258624379 59.73
1474 -14.26974229505871 59.74
1475 -14.62297446747113 59.75
1476 -14.4947949277059 59.76
1477 -14.61358194797514 59.77
1478 -14.51327635686677 59.78
1479 -15.43698872726441 59.79
1480 -14.53303319948609 59.8
1481 -13.95726079041012 59.81
1482 -14.45304305480533 59.82
1483 -13.72781060343357 59.83
1484 -14.54110167672402 59.84
1485 -13.5019137862875 59.85
1486 -13.34527843368452 59.86
1487 -12.46593937640597 59.87
1488 -12.97999454187918 59.88
1489 -12.33123983975474 59.89
1490 -12.25493436540427 59.9
1491 -12.17387610366843 59.91
1492 -12.08897816835927 59.92
1493 -12.00118851039632 59.93
1494 -11.91143377448679 59.94
1495 -11.81904617601071 59.95
1496 -11.72613933937508 59.96
1497 -11.63406895067178 59.97
1498 -11.54395561298275 59.98
1499 -11.44833515430655 59.99
1500 -11.36328715478954 60
