"temperatura-rfile"
"Time Step" "temperatura etc.."
("Time Step" "temperatura" "flow-time")
0 341.6613203965143 0
1 350.6332585902646 0.1
2 355.7921155787969 0.2
3 365.0071795149715 0.3
4 374.063130963361 0.4
5 382.2368528735568 0.5
6 389.8820749319854 0.6000000000000001
7 399.8856362057674 0.7000000000000001
8 410.5737589278166 0.8
9 421.9750984010224 0.9
10 433.0096268941747 1
11 443.6526685512803 1.1
12 454.5292428882624 1.2
13 465.1885820462782 1.3
14 475.2942955991149 1.4
15 486.2282666077612 1.5
16 495.5906507028051 1.6
17 505.7257439954161 1.7
18 514.6680440092208 1.8
19 524.4800315969424 1.9
20 534.1444163903417 2
21 541.3815842964268 2.1
22 550.2862870532485 2.2
23 557.1128279730443 2.3
24 565.2721667932456 2.4
25 571.3882442384561 2.5
26 577.5242270826429 2.6
27 584.4310347520106 2.7
28 589.9071326518123 2.8
29 595.1912722805976 2.9
30 600.1827418976982 3
31 604.8499894791814 3.1
32 609.2727331422421 3.2
33 613.513622572429 3.3
34 617.5852573988744 3.4
35 621.4893146114098 3.5
36 625.2705242971385 3.6
37 628.9052269148046 3.7
38 632.4247443966931 3.8
39 635.8428259970353 3.9
40 639.1592065087009 4
41 642.3786184762071 4.100000000000001
42 645.5258155109414 4.2
43 648.6015118699997 4.3
44 651.6199377575634 4.4
45 654.551826304927 4.5
46 657.431646734594 4.600000000000001
47 660.2342425909105 4.7
48 663.0013160923451 4.800000000000001
49 665.7407955104239 4.9
50 668.4465090732397 5
51 671.1191323239899 5.100000000000001
52 673.7734222876475 5.2
53 676.3932255189103 5.300000000000001
54 678.9999094368045 5.4
55 681.5702198149639 5.5
56 684.1142261653428 5.600000000000001
57 686.6215987892156 5.7
58 689.0942456039796 5.800000000000001
59 691.5268012808244 5.9
60 693.9238902036648 6
61 696.2746033501725 6.100000000000001
62 698.5801270273577 6.2
63 700.8375100087716 6.300000000000001
64 703.0289743546473 6.4
65 705.2048761620292 6.5
66 707.3438691284748 6.600000000000001
67 709.4406217364512 6.7
68 711.5154479948437 6.800000000000001
69 713.5713950722986 6.9
70 715.6047453872502 7
71 717.6263336163222 7.100000000000001
72 719.6447331356575 7.2
73 721.6654073471453 7.300000000000001
74 723.6815503959921 7.4
75 725.7004172516625 7.5
76 727.7315305115104 7.600000000000001
77 729.7710058055203 7.7
78 731.8018916852616 7.800000000000001
79 733.8431797454818 7.9
80 735.8814669586494 8
81 737.9304896051336 8.1
82 739.9790090281017 8.200000000000001
83 742.0307654788134 8.300000000000001
84 744.0870187685912 8.4
85 746.1402639037748 8.5
86 748.1761047404074 8.6
87 750.2031694002734 8.700000000000001
88 752.231952924695 8.800000000000001
89 754.199105050362 8.9
90 756.2305898841879 9
91 758.2359081785395 9.1
92 760.2266137418795 9.200000000000001
93 762.209496220985 9.300000000000001
94 764.1676953695755 9.4
95 766.1614410291919 9.5
96 768.0795582197077 9.600000000000001
97 770.0859053693129 9.700000000000001
98 772.0282989548481 9.800000000000001
99 773.9922476038615 9.9
100 775.4840362091574 10
101 776.9512610167603 10.1
102 778.5556381644662 10.2
103 779.8408624504701 10.3
104 781.0834913060814 10.4
105 782.5083801033152 10.5
106 783.6648970024744 10.6
107 784.8037407795018 10.7
108 785.7471934975736 10.8
109 786.7206353549963 10.9
110 787.7131521684718 11
111 788.5800060428406 11.1
112 789.4148460704065 11.2
113 790.2534357739968 11.3
114 791.0779813240438 11.4
115 791.8817068767688 11.5
116 792.6337034102991 11.6
117 793.4096263433802 11.7
118 794.3251787423106 11.8
119 795.0580771347047 11.9
120 795.9338802021513 12
121 796.568339823559 12.1
122 797.4426388948882 12.2
123 798.0677025766757 12.3
124 798.741074610592 12.4
125 799.3464330242707 12.5
126 800.2692411549834 12.6
127 800.5987791103981 12.7
128 801.554810011135 12.8
129 802.0256888477728 12.9
130 801.6279189441326 13
131 802.2854914285015 13.1
132 801.8238870891417 13.2
133 802.3984143922842 13.3
134 801.7439762152158 13.4
135 802.47607899328 13.5
136 801.5313741838282 13.6
137 799.9080084417341 13.7
138 799.5168130321896 13.8
139 797.9740083098438 13.9
140 797.9022577590172 14
141 797.0650373962179 14.1
142 797.3767182796263 14.2
143 796.5153032994108 14.3
144 796.6380382218597 14.4
145 796.5137261745004 14.5
146 795.2197853277595 14.6
147 795.28125744883 14.7
148 795.1526984969 14.8
149 794.6178063797965 14.9
150 795.4082409976244 15
151 795.7822365269196 15.1
152 795.6783481600081 15.2
153 796.4486063972447 15.3
154 796.1921527913225 15.4
155 791.0167853329126 15.5
156 784.506170628251 15.6
157 780.6546451737584 15.7
158 778.3639218217523 15.8
159 777.0080768702259 15.9
160 776.2007786946281 16
161 775.7149586369816 16.1
162 775.4117741832281 16.2
163 775.1137433472469 16.3
164 774.7962767162198 16.4
165 774.486767552903 16.5
166 774.2557888620618 16.6
167 774.1246878438213 16.7
168 773.9892145639233 16.8
169 773.7491888857885 16.9
170 773.4158277988174 17
171 773.1050230912715 17.1
172 773.0271227488083 17.2
173 773.0790874949295 17.3
174 773.0841965959362 17.4
175 772.9489826037876 17.5
176 772.8125242328737 17.6
177 772.572929101467 17.7
178 772.5364177168484 17.8
179 772.496131179886 17.9
180 772.4116296477223 18
181 772.312201317975 18.1
182 772.0018936221924 18.2
183 771.8468041604016 18.3
184 771.7696736604237 18.4
185 771.6783289059169 18.5
186 771.5870682666826 18.6
187 771.449417332823 18.7
188 771.1084854216319 18.8
189 771.0769152741132 18.9
190 771.0047487829999 19
191 770.893026496896 19.1
192 770.7602700828679 19.2
193 770.5375227743118 19.3
194 770.4361025637361 19.4
195 770.3601804064293 19.5
196 770.1858370309097 19.6
197 770.0972740437156 19.7
198 769.988654151775 19.8
199 769.7529947311783 19.9
200 769.6190392119821 20
201 769.5765844382747 20.1
202 769.4710018676509 20.2
203 769.3134526774737 20.3
204 769.0934739813043 20.4
205 768.9791837676128 20.5
206 768.8964036985747 20.6
207 768.7612001090769 20.7
208 768.5955018138981 20.8
209 768.4394937169958 20.9
210 768.2827790905551 21
211 768.1753198332102 21.1
212 768.078038587368 21.2
213 767.9759706507349 21.3
214 767.8439344620269 21.4
215 767.7246393985459 21.5
216 767.6375696447004 21.6
217 767.5531954431513 21.7
218 767.4468572694201 21.8
219 767.321772597572 21.9
220 767.1989200543359 22
221 767.1213051532569 22.1
222 767.0457772258899 22.2
223 766.964432266119 22.3
224 767.1832055328706 22.4
225 767.2997483873108 22.5
226 767.3779255168503 22.6
227 767.4232472917589 22.7
228 767.4580913479514 22.8
229 767.475396478141 22.9
230 767.4796878217219 23
231 767.4770981838808 23.1
232 767.470613723389 23.2
233 767.4627127862757 23.3
234 767.4522237180906 23.4
235 767.4407277713218 23.5
236 767.4267103234461 23.6
237 767.4119403912914 23.7
238 767.3978646041285 23.8
239 767.3844391883664 23.9
240 767.3728503204492 24
241 767.360661438001 24.1
242 767.3443757548192 24.2
243 767.3293826632778 24.3
244 767.3173441976619 24.4
245 767.3076494455391 24.5
246 767.3004897514018 24.6
247 767.2954335002509 24.7
248 767.2875261154907 24.8
249 767.2840313452306 24.9
250 767.2842126347459 25
251 767.2838567225805 25.1
252 767.0403098375127 25.2
253 766.8276520289862 25.3
254 766.6385600317719 25.4
255 766.5064718902943 25.5
256 766.3850546799866 25.6
257 766.2616267234067 25.7
258 766.1280737559593 25.8
259 765.9808539059082 25.9
260 765.8795788873222 26
261 765.7705993216529 26.1
262 765.6698489567772 26.2
263 765.8738831128095 26.3
264 765.9785690221028 26.4
265 766.065422488472 26.5
266 766.1288715921299 26.6
267 766.1573154017459 26.7
268 766.1795343703732 26.8
269 766.1896203654608 26.9
270 766.1914168244753 27
271 766.1877606934457 27.1
272 766.1802984002962 27.2
273 765.8700472981826 27.3
274 765.64760416334 27.4
275 765.4390824650245 27.5
276 765.2643788931366 27.6
277 765.120887816495 27.7
278 765.1845976603129 27.8
279 765.2099852727869 27.9
280 765.2208408859739 28
281 765.227476074836 28.1
282 765.2447910235227 28.2
283 765.091408345832 28.3
284 764.972963657868 28.4
285 764.8669403610435 28.5
286 764.7307335999641 28.6
287 764.6293120582089 28.7
288 764.8553405166435 28.8
289 764.9982161518113 28.9
290 765.1069569237503 29
291 765.176628849546 29.1
292 765.212833174071 29.2
293 765.2289519988386 29.3
294 765.2323390204699 29.4
295 765.2306042832155 29.5
296 765.2226068210475 29.6
297 765.2038882118211 29.7
298 765.1839830565611 29.8
299 765.1685366819931 29.9
300 765.1478204631412 30
301 765.1288825468627 30.1
302 765.1060742637098 30.2
303 765.0839555436521 30.3
304 765.0627350070801 30.4
305 765.0422816112667 30.5
306 765.0230446308811 30.6
307 765.0014967290451 30.7
308 764.9806818961115 30.8
309 764.9621586102066 30.9
310 764.9452278753323 31
311 764.9291282888561 31.1
312 764.9104503344171 31.2
313 764.8931803561392 31.3
314 764.6268029179681 31.4
315 764.3854258171988 31.5
316 764.2095400316509 31.6
317 764.0838359618338 31.7
318 764.0866008327749 31.8
319 764.0706316016978 31.9
320 764.0604743081358 32
321 764.0653664335194 32.1
322 764.0835345667465 32.2
323 764.1035538454236 32.3
324 764.1280537276915 32.4
325 764.1597018410903 32.5
326 764.1951065480359 32.6
327 764.2300549879799 32.7
328 764.264121374653 32.8
329 764.297388084745 32.9
330 764.3286229216274 33
331 764.3611254065387 33.1
332 764.3917518393481 33.2
333 764.4214510696389 33.3
334 764.448830144892 33.4
335 764.4699851844346 33.5
336 764.4882365572385 33.6
337 764.5064673129565 33.7
338 764.5253697488242 33.8
339 764.5434675509302 33.9
340 764.5560710429904 34
341 764.5612114374527 34.1
342 764.5700319888983 34.2
343 764.5771742847265 34.3
344 764.5862094031927 34.4
345 764.5889991857522 34.5
346 764.594274339454 34.6
347 764.5961621742942 34.7
348 764.5964774149251 34.8
349 764.596930113694 34.9
350 764.5938678169267 35
351 764.5924905585148 35.1
352 764.5876243597424 35.2
353 764.5770771551493 35.3
354 764.5745015116396 35.4
355 764.5671143013122 35.5
356 764.5579425765717 35.6
357 764.5470457552796 35.7
358 764.2990865299007 35.8
359 764.1043627495089 35.9
360 763.9211786031962 36
361 763.7414202894061 36.1
362 763.8492379454414 36.2
363 763.9220007555831 36.3
364 763.9638173659533 36.4
365 763.9966598240831 36.5
366 764.0179886900584 36.6
367 764.0287132687461 36.7
368 764.0336804998941 36.8
369 764.0328069490307 36.9
370 764.024292090117 37
371 764.0160658579088 37.1
372 764.0076907817174 37.2
373 764.001124487013 37.3
374 763.9961389914646 37.4
375 763.9929234551498 37.5
376 763.9863242264038 37.6
377 763.9828788583245 37.7
378 763.9780984989551 37.8
379 763.9766770958058 37.9
380 763.9763329979628 38
381 763.9715427763989 38.1
382 763.9647667953358 38.2
383 763.9554033512571 38.3
384 763.9482607592437 38.40000000000001
385 763.9413766313091 38.5
386 763.9333187609651 38.6
387 763.9265673031745 38.7
388 763.9151453925031 38.8
389 763.9055382043441 38.90000000000001
390 763.8966508605816 39
391 763.8891225391592 39.1
392 763.8828541869444 39.2
393 763.6562606773516 39.3
394 763.4432487884898 39.40000000000001
395 763.2477928695428 39.5
396 763.1089424108261 39.6
397 763.0461076599498 39.7
398 763.1164850520194 39.8
399 763.160775728555 39.90000000000001
400 763.1936981984175 40
401 763.2148717157135 40.1
402 763.2368275250378 40.2
403 763.2580197846414 40.3
404 763.2765453811046 40.40000000000001
405 763.2930541735717 40.5
406 763.3091159956308 40.6
407 763.3186968729003 40.7
408 763.3287616591485 40.8
409 763.3391351633583 40.90000000000001
410 763.3496926313489 41
411 763.3597575488129 41.1
412 763.3703145611461 41.2
413 763.3747685696343 41.3
414 763.3798651429663 41.40000000000001
415 763.3843110536168 41.5
416 763.3906438686199 41.6
417 763.3964129657422 41.7
418 763.4020744546052 41.8
419 763.4027055450962 41.90000000000001
420 763.4018987566315 42
421 763.4030990745517 42.1
422 763.4044346415642 42.2
423 763.4067435159865 42.3
424 763.408239797584 42.40000000000001
425 763.4049229234953 42.5
426 763.3998798325615 42.6
427 763.3960623741191 42.7
428 763.3944086411772 42.8
429 763.3929272363904 42.90000000000001
430 763.145356268283 43
431 762.9617704436598 43.1
432 762.8141964819243 43.2
433 762.688129166002 43.3
434 762.7951232171895 43.40000000000001
435 762.8749176025788 43.5
436 762.9266514404658 43.6
437 762.9625346370608 43.7
438 762.9845314566574 43.8
439 762.9972986874324 43.90000000000001
440 763.0021641325585 44
441 763.0018311385436 44.1
442 762.9932710591507 44.2
443 762.983246929553 44.3
444 762.972281148311 44.40000000000001
445 762.9617947542349 44.5
446 762.9495958820814 44.6
447 762.9379208986254 44.7
448 762.9214756329204 44.8
449 762.9064200024957 44.90000000000001
450 762.891725289812 45
451 762.8785385947782 45.1
452 762.8659925861498 45.2
453 762.854177662646 45.3
454 762.8374256132893 45.40000000000001
455 762.8223822272536 45.5
456 762.8078220935766 45.6
457 762.794215902885 45.7
458 762.7815699107418 45.8
459 762.7701670043033 45.90000000000001
460 762.7551513577473 46
461 762.7415239131772 46.1
462 762.729524554098 46.2
463 762.7189734944733 46.3
464 762.7084895593035 46.40000000000001
465 762.698687590322 46.5
466 762.6863968935894 46.6
467 762.6748632294375 46.7
468 762.6668784005769 46.8
469 762.6603104733688 46.90000000000001
470 762.6566244593803 47
471 762.6540288622998 47.1
472 762.6493158941048 47.2
473 762.6469339615494 47.3
474 762.4710627572337 47.40000000000001
475 762.2873128156334 47.5
476 762.2478296468952 47.6
477 762.2194816154223 47.7
478 762.2130280123351 47.8
479 762.216356640546 47.90000000000001
480 762.2215744640214 48
481 762.0723974704343 48.1
482 761.9314936451423 48.2
483 762.0234588384264 48.3
484 762.0786875921876 48.40000000000001
485 762.1243429825751 48.5
486 762.1589239860566 48.6
487 762.1805993009053 48.7
488 762.196598946556 48.8
489 762.2106928739828 48.90000000000001
490 762.2215302666878 49
491 762.227117202208 49.1
492 762.2273576492447 49.2
493 762.2286677572228 49.3
494 762.2300727376224 49.40000000000001
495 762.2324956939622 49.5
496 762.2340475264103 49.6
497 762.236108184533 49.7
498 762.2302054742056 49.8
499 762.2265459360777 49.90000000000001
500 762.2226251270419 50
501 740.9864675620322 50.01
502 730.2797880101006 50.02
503 721.4934402162048 50.03
504 716.7562425925236 50.04
505 712.6782604831394 50.05
506 708.1438549374715 50.06
507 703.4257814247227 50.07
508 699.1245015209125 50.08
509 695.2798409406321 50.09
510 691.5859733414879 50.1
511 687.7953225862167 50.11
512 684.0671177348232 50.12
513 680.4088208056089 50.13
514 676.8128924253311 50.14
515 673.2049651241903 50.15
516 669.719643251113 50.16
517 666.3876154108128 50.17
518 663.2179697576615 50.18
519 660.1727871935032 50.19
520 657.5606722387577 50.2
521 654.8471868232406 50.21
522 652.0900481894693 50.22
523 649.6921260848943 50.23
524 647.3492629526601 50.24
525 644.9304895562314 50.25
526 642.8983975360167 50.26
527 640.6438118030875 50.27
528 638.8842925630761 50.28
529 637.1428178373342 50.29
530 635.576140918483 50.3
531 634.124878448059 50.31
532 632.6995065330898 50.32
533 631.4584065631369 50.33
534 630.4745697090892 50.34
535 629.5773846046128 50.35
536 628.7881321531527 50.36
537 627.9154210272329 50.37
538 627.3918720256697 50.38
539 626.919354579077 50.39
540 626.5024730474061 50.4
541 626.1636147595289 50.41
542 625.9147419584165 50.42
543 625.7568412769562 50.43
544 625.7084252338657 50.44
545 625.7689967362554 50.45
546 625.9098917419566 50.46
547 626.1545512016893 50.47
548 626.5329813445505 50.48
549 627.0271048264621 50.49
550 627.6447745930569 50.5
551 628.3163726442392 50.51
552 629.1242033686048 50.52
553 630.05409112364 50.53
554 630.9941824301726 50.54
555 632.05811024504 50.55
556 633.2354777179755 50.56
557 634.5452653345271 50.57
558 635.9197721113287 50.58
559 637.3646635619609 50.59
560 638.8678982575715 50.6
561 640.4277041161123 50.61
562 642.0317132740053 50.62
563 643.6629199986443 50.63
564 645.3224173607921 50.64
565 647.0313252355191 50.65
566 648.7425069271936 50.66
567 650.4601274165817 50.67
568 652.1745556691034 50.68
569 653.8764088776901 50.69
570 655.5603373795377 50.7
571 657.2961941576829 50.71
572 658.8911330211985 50.72
573 660.4205809661984 50.73
574 661.9026562991769 50.74
575 663.2686937067853 50.75
576 664.5480641241392 50.76
577 665.7317480589323 50.77
578 666.8859675457994 50.78
579 667.8951658804157 50.79
580 668.7780882232544 50.8
581 669.5315110969002 50.81
582 670.1992729428043 50.82
583 670.6762918944114 50.83
584 671.0136003769099 50.84
585 671.2316343290231 50.85
586 671.3319608011881 50.86
587 671.4147795835357 50.87
588 671.5278601839071 50.88
589 671.5227826538055 50.89
590 671.3577570475906 50.9
591 671.1523153026673 50.91
592 670.835913095439 50.92
593 670.4551957333355 50.93
594 670.1577564971261 50.94
595 669.728225279607 50.95
596 669.2367551907819 50.96
597 668.7133571864225 50.97
598 668.1842173935856 50.98
599 667.6466427504598 50.99
600 667.2303847578166 51
601 666.7515874627078 51.01
602 666.2826414776731 51.02
603 665.8587834834053 51.03
604 665.5012323803464 51.04
605 665.2246276907866 51.05
606 665.0435838638459 51.06
607 664.9732759284278 51.07
608 665.0268137286309 51.08
609 665.2166945391538 51.09
610 665.5618914938094 51.1
611 666.0770262235612 51.11
612 666.7774225144638 51.12
613 667.6722558139257 51.13
614 668.7709981546141 51.14
615 670.073344341453 51.15
616 671.5921019625489 51.16
617 673.3791612641659 51.17
618 675.4529255948315 51.18
619 677.817721536699 51.19
620 680.5096419559842 51.2
621 683.5347395072898 51.21
622 686.9139655996947 51.22
623 690.7271229739009 51.23
624 694.9140140504713 51.24
625 699.4844607268593 51.25
626 704.3638488878723 51.26
627 709.577947949786 51.27
628 715.2115628269078 51.28
629 721.0736103493736 51.29
630 726.9125047427335 51.3
631 732.7105070476894 51.31
632 738.6333543357428 51.32
633 744.4396399866299 51.33
634 750.3274912211133 51.34
635 756.1874370789469 51.35
636 762.0193070128508 51.36
637 767.8120712515909 51.37
638 773.4933589389723 51.38
639 779.0864119047096 51.39
640 784.5742331862782 51.4
641 789.9483371047098 51.41
642 795.1831383377623 51.42
643 800.2258252620639 51.43
644 805.101412725745 51.44
645 809.7618493163765 51.45
646 814.199761082325 51.46
647 818.4540909069864 51.47
648 822.5013716616148 51.48
649 826.3619250413063 51.49
650 830.0304431689037 51.5
651 833.5276013501648 51.51
652 836.8316285583728 51.52
653 839.9996825655614 51.53
654 843.0095410126039 51.54
655 845.8401447629331 51.55
656 848.4912398393125 51.56
657 850.9832217678861 51.57
658 853.4014011670314 51.58
659 855.7052313956201 51.59
660 857.9091272540885 51.6
661 860.0136102697131 51.61
662 862.0127497371462 51.62
663 863.9181596607261 51.63
664 865.7435732638933 51.64
665 867.4887067525385 51.65
666 869.1524535093058 51.66
667 870.7369020024432 51.67
668 872.233059248768 51.68
669 873.6635551967299 51.69
670 875.0154882200462 51.7
671 876.2864689343473 51.71
672 877.4780565395151 51.72
673 878.5954551066862 51.73
674 879.6403180203604 51.74
675 880.6117662101668 51.75
676 881.5446440286985 51.76
677 882.4490879940844 51.77
678 883.3349866593248 51.78
679 884.222104817637 51.79
680 885.1249049217818 51.8
681 886.0562728065548 51.81
682 887.0195066425724 51.82
683 888.030016634591 51.83
684 889.0878885247491 51.84
685 890.1949578075152 51.85
686 891.4277721184151 51.86
687 892.6793016357831 51.87
688 893.9594270415254 51.88
689 895.2650028389991 51.89
690 896.5463712233657 51.9
691 897.8264304612699 51.91
692 899.1069001242777 51.92
693 900.4288839992385 51.93
694 901.8545877616991 51.94
695 903.5292430383728 51.95
696 905.5588447307828 51.96
697 907.8908247875179 51.97
698 910.2875512032756 51.98
699 912.6630497235134 51.99
700 914.9462789352806 52
701 917.3227125370514 52.01
702 919.9923384166035 52.02
703 923.194670637429 52.03
704 926.6716447238765 52.04
705 929.9550975667808 52.05
706 932.8240956180914 52.06
707 935.5334791092372 52.07
708 938.5780424937986 52.08
709 942.3789245612189 52.09
710 946.3634169933996 52.1
711 949.8487959927801 52.11
712 952.7595233967693 52.12
713 955.6118774970423 52.13
714 958.8721944844268 52.14
715 962.6483166405532 52.15
716 966.2206551538156 52.16
717 969.4120914110994 52.17
718 972.4040014683721 52.18
719 975.4829727169358 52.19
720 978.8803184624021 52.2
721 982.1849778422923 52.21
722 985.2816599141106 52.22
723 988.1778902348872 52.23
724 991.103856037808 52.24
725 994.0520356074418 52.25
726 996.8744930066521 52.26
727 999.5704609042265 52.27
728 1002.183047141872 52.28
729 1004.701721912091 52.29
730 1007.122944654035 52.3
731 1009.435466726028 52.31
732 1011.629206751239 52.32
733 1013.727670274067 52.33
734 1015.718061614325 52.34
735 1017.587303943358 52.35
736 1019.355645659703 52.36
737 1021.010759732844 52.37
738 1022.552102153173 52.38
739 1024.000516019295 52.39
740 1025.346477761694 52.4
741 1026.584474144371 52.41
742 1027.736765261223 52.42
743 1028.795623684034 52.43
744 1029.755962356601 52.44
745 1030.631676575141 52.45
746 1031.418970118643 52.46
747 1032.111600158896 52.47
748 1032.724787532364 52.48
749 1033.25693039504 52.49
750 1033.704979253569 52.5
751 1034.089803911359 52.51
752 1034.409523128307 52.52
753 1034.658324251478 52.53
754 1034.852602673846 52.54
755 1034.997315408689 52.55
756 1035.087725680149 52.56
757 1035.126052642144 52.57
758 1035.10655665884 52.58
759 1035.031441579631 52.59
760 1034.911384450151 52.6
761 1034.691162196217 52.61
762 1034.139263994878 52.62
763 1033.719352065371 52.63
764 1033.372960059061 52.64
765 1032.994019532402 52.65
766 1032.531289043409 52.66
767 1032.012250612406 52.67
768 1031.455903962551 52.68
769 1030.877297419975 52.69
770 1030.265900138714 52.7
771 1029.618248097995 52.71
772 1028.930605658922 52.72
773 1028.209647014646 52.73
774 1027.461170747505 52.74
775 1026.683411032698 52.75
776 1025.831200691973 52.76
777 1024.875149106534 52.77
778 1023.929445586879 52.78
779 1022.991055190302 52.79
780 1021.680905881842 52.8
781 1020.242898615158 52.81
782 1019.051821854266 52.82
783 1017.95857562978 52.83
784 1016.756316560035 52.84
785 1015.413463293701 52.85
786 1013.982693906989 52.86
787 1012.487865803595 52.87
788 1010.876644575842 52.88
789 1009.203163886973 52.89
790 1007.475361334618 52.9
791 1005.662409864165 52.91
792 1003.726803343624 52.92
793 1001.625694078661 52.93
794 999.2546896331029 52.94
795 996.2286338758215 52.95
796 992.2246341980391 52.96
797 987.7546670968476 52.97
798 983.1921627570089 52.98
799 978.8047863120429 52.99
800 974.6204856207528 53
801 970.6569766179026 53.01
802 966.9080041945381 53.02
803 963.3437085414002 53.03
804 959.9609552211126 53.04
805 956.7363422507727 53.05
806 953.6266936798741 53.06
807 950.6314755237581 53.07
808 947.7390183503866 53.08
809 944.9234543891388 53.09
810 942.1963161306905 53.1
811 939.5580184747813 53.11
812 936.9831388186161 53.12
813 934.4946125368269 53.13
814 932.090822061193 53.14
815 929.699838253115 53.15
816 927.363826000012 53.16
817 925.1166181608307 53.17
818 922.9252635979605 53.18
819 920.8004873534313 53.19
820 918.7221057134466 53.2
821 916.6510488291344 53.21
822 914.608731824203 53.22
823 912.5970432672901 53.23
824 910.5950131893673 53.24
825 908.6214083701489 53.25
826 906.6712669929061 53.26
827 904.7187919936151 53.27
828 902.7908321702391 53.28
829 900.8903741177545 53.29
830 898.9941618896373 53.3
831 897.126633475569 53.31
832 895.2820766554979 53.32
833 893.4387568348433 53.33
834 891.6277413541587 53.34
835 889.8447203200069 53.35
836 888.0086317724807 53.36
837 886.2078436169456 53.37
838 884.4579821080108 53.38
839 882.7266053520491 53.39
840 881.0201752126146 53.4
841 879.3272398285953 53.41
842 877.6307132251206 53.42
843 875.9512812304187 53.43
844 874.2824837042298 53.44
845 872.6019313115548 53.45
846 870.9335456439122 53.46
847 869.289726304033 53.47
848 867.6497276757767 53.48
849 866.0453912587391 53.49
850 864.4689350604667 53.5
851 862.8828517923195 53.51
852 861.3093621381951 53.52
853 859.7443141458971 53.53
854 858.1655535041666 53.54
855 856.6020370003463 53.55
856 855.0630102253663 53.56
857 853.5202964173285 53.57
858 851.9930316599509 53.58
859 850.4813115232707 53.59
860 848.9680407026999 53.6
861 847.4751218990821 53.61
862 846.0000480983771 53.62
863 844.5224254774071 53.63
864 843.0576565163235 53.64
865 841.5970100917815 53.65
866 840.1142295050236 53.66
867 838.6322393855511 53.67
868 837.1661685966939 53.68
869 835.6945898305316 53.69
870 834.2417497923693 53.7
871 832.8094967089673 53.71
872 831.3728778430583 53.72
873 829.9549972074124 53.73
874 828.5599662563384 53.74
875 827.1635357961201 53.75
876 825.7850400089002 53.76
877 824.429366890809 53.77
878 823.074874286795 53.78
879 821.7409802142076 53.79
880 820.4295035509926 53.8
881 819.1231535488486 53.81
882 817.8361296334074 53.82
883 816.5668940730606 53.83
884 815.3024308074508 53.84
885 814.0558578749001 53.85
886 812.8244954242239 53.86
887 811.5923005943898 53.87
888 810.3802010975816 53.88
889 809.1817293088588 53.89
890 807.97159465375 53.9
891 806.7673527650943 53.91
892 805.5833900284355 53.92
893 804.4064396739313 53.93
894 803.2447863412497 53.94
895 802.0929888689277 53.95
896 800.9486456252015 53.96
897 799.8286174999909 53.97
898 798.7336622272525 53.98
899 797.6361124433582 53.99
900 796.5480148776909 54
901 795.4702625625119 54.01
902 794.3929276528883 54.02
903 793.3290636142763 54.03
904 792.2736605430098 54.04
905 791.2143044944038 54.05
906 790.1602674721044 54.06
907 789.1133837269342 54.07
908 788.0637690209564 54.08
909 787.0213695610452 54.09
910 785.9864829161663 54.1
911 784.9459998426701 54.11
912 783.9096764158977 54.12
913 782.877129118067 54.13
914 781.8390632218983 54.14
915 780.8077192067063 54.15
916 779.7831091763793 54.16
917 778.7543763405602 54.17
918 777.7290674894153 54.18
919 776.7129217172783 54.19
920 775.6956600998362 54.2
921 774.6730271980456 54.21
922 773.5075841436652 54.22
923 772.3957796270879 54.23
924 771.357012367649 54.24
925 770.3474702415904 54.25
926 768.9259074594951 54.26
927 767.6325913312917 54.27
928 766.5338059976141 54.28
929 765.4721704993007 54.29
930 764.379718932254 54.3
931 763.2510309071527 54.31
932 761.8093850730107 54.32
933 760.4769931755516 54.33
934 759.2228573159252 54.34
935 758.0216313609475 54.35
936 756.8301486614456 54.36
937 755.6425786382812 54.37
938 754.4645343287237 54.38
939 753.306135919274 54.39
940 752.1594531251538 54.4
941 751.0220775123473 54.41
942 749.909515541979 54.42
943 748.823521959344 54.43
944 747.7467249689919 54.44
945 746.6904168106406 54.45
946 745.6536265878577 54.46
947 744.6238797304761 54.47
948 743.6084745225406 54.48
949 742.603745363855 54.49
950 741.6038814337556 54.5
951 740.6221994389342 54.51
952 739.6632485317418 54.52
953 738.7127707509613 54.53
954 737.7767402253639 54.54
955 736.8616923013778 54.55
956 735.9610953460465 54.56
957 735.074555808756 54.57
958 734.2021709748097 54.58
959 733.3358359826416 54.59
960 732.4864704959959 54.6
961 731.6556049768934 54.61
962 730.8378671541451 54.62
963 730.0358249807903 54.63
964 729.2467422282182 54.64
965 728.4724677393567 54.65
966 727.7183239913818 54.66
967 726.9817609928255 54.67
968 726.2539307720091 54.68
969 725.5382891767417 54.69
970 724.8375662838113 54.7
971 724.149111061092 54.71
972 723.4685598097758 54.72
973 722.7997585903379 54.73
974 722.1303005598432 54.74
975 721.4666666882277 54.75
976 720.8093734564479 54.76
977 720.1558957503838 54.77
978 719.5081696639353 54.78
979 718.8677578398581 54.79
980 718.2287757901234 54.8
981 717.6075551419697 54.81
982 716.9936016706754 54.82
983 716.3703490188725 54.83
984 715.750466447974 54.84
985 715.1434989152701 54.85
986 714.5369618658608 54.86
987 713.9350642453608 54.87
988 713.3351497204493 54.88
989 712.7437086056888 54.89
990 712.1576857819696 54.9
991 711.5719147776858 54.91
992 710.9848768207098 54.92
993 710.3944078761501 54.93
994 709.8119445366005 54.94
995 709.2441124898594 54.95
996 708.6687634870754 54.96
997 708.123055025012 54.97
998 707.5498048684459 54.98
999 706.9723873358183 54.99
1000 706.3729541124511 55
1001 705.7229159297138 55.01
1002 705.0473730420431 55.02
1003 704.3870579406288 55.03
1004 703.7942546715967 55.04
1005 703.2815700734482 55.05
1006 702.8223422016595 55.06
1007 702.5104089857558 55.07
1008 702.3672075603557 55.08
1009 701.8292566134954 55.09
1010 700.8162938910942 55.1
1011 699.8992804597465 55.11
1012 699.2245211815937 55.12
1013 698.7857071986244 55.13
1014 698.6398777660337 55.14
1015 699.0911187487628 55.15
1016 699.5040109242333 55.16
1017 698.6433082342502 55.17
1018 697.3209900210609 55.18
1019 696.3483792300295 55.19
1020 695.7503113547975 55.2
1021 695.2073493470917 55.21
1022 694.7053050048072 55.22
1023 694.2660618213483 55.23
1024 693.6569657009063 55.24
1025 692.6511860694468 55.25
1026 691.6849134608133 55.26
1027 691.1049708590823 55.27
1028 690.7699456930375 55.28
1029 690.3400989826745 55.29
1030 689.8103318512161 55.3
1031 689.2048723073184 55.31
1032 688.5996624478807 55.32
1033 688.1301880337513 55.33
1034 687.7750547774568 55.34
1035 687.4265084978431 55.35
1036 687.0311367594257 55.36
1037 686.5794596166427 55.37
1038 686.1216282002719 55.38
1039 685.6865686218342 55.39
1040 685.2982631639958 55.4
1041 684.9162271190029 55.41
1042 684.5153195554905 55.42
1043 684.0888523415172 55.43
1044 683.6349823702526 55.44
1045 683.1662213471217 55.45
1046 682.703655154941 55.46
1047 682.2550609406118 55.47
1048 681.8148894874485 55.48
1049 681.3683440196285 55.49
1050 680.9097442615262 55.5
1051 680.4426228268306 55.51
1052 679.9670709702613 55.52
1053 679.4871226746631 55.53
1054 678.9995328397866 55.54
1055 678.5023283436784 55.55
1056 677.9961053497002 55.56
1057 677.4829369890704 55.57
1058 676.9577764016585 55.58
1059 676.4165885759516 55.59
1060 675.8543491186515 55.6
1061 675.2663980751213 55.61
1062 674.6558531345453 55.62
1063 674.0240740558004 55.63
1064 673.3752439076023 55.64
1065 672.7158037178008 55.65
1066 672.0518096587633 55.66
1067 671.3829434348017 55.67
1068 670.7143037092147 55.68
1069 670.0468126169636 55.69
1070 669.3798948334226 55.7
1071 668.7214237018632 55.71
1072 668.0754546061041 55.72
1073 667.4418559385493 55.73
1074 666.8252596192516 55.74
1075 666.2271588799332 55.75
1076 665.642564400184 55.76
1077 665.0757515091226 55.77
1078 664.5262175521503 55.78
1079 663.988224422612 55.79
1080 663.4363697619791 55.8
1081 662.7777134424151 55.81
1082 662.1899664832664 55.82
1083 661.664700236418 55.83
1084 661.1525045934749 55.84
1085 660.6331149617471 55.85
1086 660.1116083035702 55.86
1087 659.5898602194527 55.87
1088 659.0639536901613 55.88
1089 658.539035918305 55.89
1090 658.016304447317 55.9
1091 657.4910872533557 55.91
1092 656.9695465001189 55.92
1093 656.4520820394025 55.93
1094 655.9360102197255 55.94
1095 655.4253001328335 55.95
1096 654.9194922923242 55.96
1097 654.4146033570944 55.97
1098 653.9105733347099 55.98
1099 653.409979722773 55.99
1100 652.9123422870032 56
1101 652.4227311885272 56.01
1102 651.9420449803417 56.02
1103 651.4571516695337 56.03
1104 650.9809447273159 56.04
1105 650.516205551856 56.05
1106 650.058294475837 56.06
1107 649.6091092781733 56.07
1108 649.1683891041732 56.08
1109 648.7334918062768 56.09
1110 648.3072711873992 56.1
1111 647.8900918336996 56.11
1112 647.4788630152663 56.12
1113 647.0772412641156 56.13
1114 646.6850609283982 56.14
1115 646.2995056456444 56.15
1116 645.9240959669213 56.16
1117 645.5604011691961 56.17
1118 645.205950890493 56.18
1119 644.8629498172553 56.19
1120 644.531688640031 56.2
1121 644.2099437968187 56.21
1122 643.9001196584412 56.22
1123 643.6016928354557 56.23
1124 643.3116950809097 56.24
1125 643.03248057017 56.25
1126 642.7645083813846 56.26
1127 642.5051516380181 56.27
1128 642.2567132272676 56.28
1129 642.0188504211402 56.29
1130 641.7887589866341 56.3
1131 641.5685214962666 56.31
1132 641.3598192927802 56.32
1133 641.1578186445709 56.33
1134 640.9642271590562 56.34
1135 640.7785182549361 56.35
1136 640.5979837363741 56.36
1137 640.4247412932809 56.37
1138 640.2583033281418 56.38
1139 640.0940138154493 56.39
1140 639.934539897669 56.4
1141 639.7819163458012 56.41
1142 639.6331238554984 56.42
1143 639.4890685237114 56.43
1144 639.3491326433819 56.44
1145 639.2110261058754 56.45
1146 639.0759285856442 56.46
1147 638.9256982134274 56.47
1148 638.749618507384 56.48
1149 638.5917433969092 56.49
1150 638.4418829286836 56.5
1151 638.2920105816789 56.51
1152 638.1403310808546 56.52
1153 637.9867850268115 56.53
1154 637.8298472586386 56.54
1155 637.6698678292635 56.55
1156 637.5068917793319 56.56
1157 637.3395714163971 56.57
1158 637.1397173363466 56.58
1159 636.8694502629888 56.59
1160 636.7111202363692 56.6
1161 636.5753529563881 56.61
1162 636.3801122791276 56.62
1163 636.1707642956018 56.63
1164 635.9643709418965 56.64
1165 635.7591055395326 56.65
1166 635.5526063102816 56.66
1167 635.3443582730541 56.67
1168 635.1352632559586 56.68
1169 634.9252938724443 56.69
1170 634.7155558366538 56.7
1171 634.5062531866129 56.71
1172 634.2966027007641 56.72
1173 634.0882265550099 56.73
1174 633.8817707560947 56.74
1175 633.67670131202 56.75
1176 633.4746685098677 56.76
1177 633.2762625399733 56.77
1178 633.0811147361882 56.78
1179 632.8908572237467 56.79
1180 632.706029784038 56.8
1181 632.5264212618331 56.81
1182 632.353131470718 56.82
1183 632.1861995686149 56.83
1184 632.0264101909088 56.84
1185 631.8731724703255 56.85
1186 631.7267567306978 56.86
1187 631.5862814389579 56.87
1188 631.4528130275841 56.88
1189 631.3267519307495 56.89
1190 631.2074517672302 56.9
1191 631.0961119995072 56.91
1192 630.9927065175393 56.92
1193 630.8959765626012 56.93
1194 630.807161440064 56.94
1195 630.7274599047734 56.95
1196 630.6545885265554 56.96
1197 630.5890272336425 56.97
1198 630.5299665776371 56.98
1199 630.4741442713631 56.99
1200 630.4261940833896 57
1201 630.3856402513311 57.01
1202 630.3514021276033 57.02
1203 630.3243228847693 57.03
1204 630.3041031451834 57.04
1205 630.2897166109674 57.05
1206 630.281679616924 57.06
1207 630.2794581908848 57.07
1208 630.2817795697828 57.08
1209 630.2799009726347 57.09
1210 630.2867120931312 57.1
1211 630.3026725525002 57.11
1212 630.3252968204645 57.12
1213 630.3484259645002 57.13
1214 630.3716492860473 57.14
1215 630.396425930232 57.15
1216 630.4218899885009 57.16
1217 630.4469016914541 57.17
1218 630.4718487918644 57.18
1219 630.496175079369 57.19
1220 630.5182354429215 57.2
1221 630.5391902926957 57.21
1222 630.5458719903887 57.22
1223 630.5364324768321 57.23
1224 630.5296735381819 57.24
1225 630.5247408064097 57.25
1226 630.516999753938 57.26
1227 630.5049632057562 57.27
1228 630.4883348676319 57.28
1229 630.4667912072684 57.29
1230 630.4401807473009 57.3
1231 630.4088963522921 57.31
1232 630.3731174429447 57.32
1233 630.3306473801983 57.33
1234 630.2840955818918 57.34
1235 630.2350027884271 57.35
1236 630.1830888461179 57.36
1237 630.1278067139779 57.37
1238 630.0698836795314 57.38
1239 630.0102236675812 57.39
1240 629.9492684790119 57.4
1241 629.8878573495288 57.41
1242 629.775311318768 57.42
1243 629.6700260420403 57.43
1244 629.5862113995327 57.44
1245 629.5120309640432 57.45
1246 629.4395264740041 57.46
1247 629.3682304164945 57.47
1248 629.2992676659204 57.48
1249 629.2340297098009 57.49
1250 629.1722392727714 57.5
1251 629.1146050653629 57.51
1252 629.0624502078274 57.52
1253 629.0164063676067 57.53
1254 628.9767554301127 57.54
1255 628.9438371194457 57.55
1256 628.9175192410221 57.56
1257 628.8979674840854 57.57
1258 628.8854576553073 57.58
1259 628.8796086399451 57.59
1260 628.8789214056887 57.6
1261 628.8833964537553 57.61
1262 628.8935007275174 57.62
1263 628.9096325449664 57.63
1264 628.9329141450621 57.64
1265 628.9632308717942 57.65
1266 629.0003134078252 57.66
1267 629.0444419050813 57.67
1268 629.0967114415248 57.68
1269 629.1522786284736 57.69
1270 629.2115696533837 57.7
1271 629.2752928485345 57.71
1272 629.3436996268887 57.72
1273 629.4166961715846 57.73
1274 629.494440618494 57.74
1275 629.5765173346505 57.75
1276 629.6624312819672 57.76
1277 629.7482662681816 57.77
1278 629.8322153747449 57.78
1279 629.9225169224057 57.79
1280 630.0174425685569 57.8
1281 630.1139736955631 57.81
1282 630.210916395169 57.82
1283 630.3077837273453 57.83
1284 630.4041533818646 57.84
1285 630.4993910545737 57.85
1286 630.59248582872 57.86
1287 630.6835191375523 57.87
1288 630.7404693566737 57.88
1289 630.7882349925595 57.89
1290 630.8374652121962 57.9
1291 630.8966237632375 57.91
1292 630.9519823432025 57.92
1293 631.0022973952115 57.93
1294 631.0490956788062 57.94
1295 631.0913982652361 57.95
1296 631.129196614756 57.96
1297 631.1621798624632 57.97
1298 631.1907722537964 57.98
1299 631.2157691260848 57.99
1300 631.2373146028681 58
1301 631.2555938364162 58.01
1302 631.1107684924677 58.02
1303 630.976157268422 58.03
1304 630.9274782212968 58.04
1305 630.8988089017242 58.05
1306 630.8619315903951 58.06
1307 630.8182143781905 58.07
1308 630.7720991515738 58.08
1309 630.7258214409917 58.09
1310 630.6810185833115 58.1
1311 630.6398050746135 58.11
1312 630.6041012444754 58.12
1313 630.5751696579587 58.13
1314 630.5545920135614 58.14
1315 630.5408737676164 58.15
1316 630.5333481387124 58.16
1317 630.5310788791261 58.17
1318 630.5339003120109 58.18
1319 630.5420869702398 58.19
1320 630.5561163470503 58.2
1321 630.5766862923049 58.21
1322 630.6040295633193 58.22
1323 630.6381380041639 58.23
1324 630.6792984322657 58.24
1325 630.7272355435197 58.25
1326 630.7820031003426 58.26
1327 630.8436003449667 58.27
1328 630.9115467633674 58.28
1329 630.9860389929476 58.29
1330 631.0666504590167 58.3
1331 631.1530355605744 58.31
1332 631.2454229817055 58.32
1333 631.3436817148925 58.33
1334 631.447764658985 58.34
1335 631.5572782607336 58.35
1336 631.6716236582915 58.36
1337 631.7909852423228 58.37
1338 631.9147686793805 58.38
1339 632.0420098198822 58.39
1340 632.1727677217402 58.4
1341 632.3063754939558 58.41
1342 632.4419569883528 58.42
1343 632.5794519948041 58.43
1344 632.7181848869272 58.44
1345 632.8577100777291 58.45
1346 632.9970539039587 58.46
1347 633.1355589523479 58.47
1348 633.2722620381505 58.48
1349 633.4068747838257 58.49
1350 633.5382147334809 58.5
1351 633.6657231081358 58.51
1352 633.7449729112963 58.52
1353 633.7396259520402 58.53
1354 633.7823829514837 58.54
1355 633.8499162528559 58.55
1356 633.91369639484 58.56
1357 633.9507076720445 58.57
1358 633.9796114127975 58.58
1359 634.0059287771257 58.59
1360 634.030778224233 58.6
1361 634.0541238174168 58.61
1362 634.0748272206272 58.62
1363 634.0932156543623 58.63
1364 634.1094302870465 58.64
1365 634.1237446747838 58.65
1366 634.1363346659239 58.66
1367 634.1149443969605 58.67
1368 634.0937891844229 58.68
1369 634.0801404284175 58.69
1370 634.0714700792453 58.7
1371 634.0646631758485 58.71
1372 634.0593172183711 58.72
1373 634.0563128587808 58.73
1374 634.0558528474762 58.74
1375 634.05893281933 58.75
1376 634.0663711119271 58.76
1377 634.0783985480658 58.77
1378 634.0958806224291 58.78
1379 634.1194804617428 58.79
1380 634.1489108705971 58.8
1381 634.1856561715357 58.81
1382 634.2285011550352 58.82
1383 634.2773095562796 58.83
1384 634.3322461711216 58.84
1385 634.3935033753534 58.85
1386 634.4605778535365 58.86
1387 634.5332763804355 58.87
1388 634.6126359947262 58.88
1389 634.6983855164603 58.89
1390 634.7903861921336 58.9
1391 634.8890517906619 58.91
1392 634.9944380959211 58.92
1393 635.1060893720476 58.93
1394 635.2242314753736 58.94
1395 635.348449635932 58.95
1396 635.4784684288994 58.96
1397 635.614369020184 58.97
1398 635.7556139636905 58.98
1399 635.9016432243708 58.99
1400 636.0525094779837 59
1401 636.2072164817667 59.01
1402 636.3654664185813 59.02
1403 636.5269138400104 59.03
1404 636.6915198532489 59.04
1405 636.8585191125796 59.05
1406 637.0270727822854 59.06
1407 637.1958736035367 59.07
1408 637.3644650602312 59.08
1409 637.5331985069375 59.09
1410 637.7005357276671 59.1
1411 637.8652820038999 59.11
1412 638.0276121963143 59.12
1413 638.1429083365294 59.13
1414 638.2220371036601 59.14
1415 638.3187581919456 59.15
1416 638.427243444858 59.16
1417 638.5340874362278 59.17
1418 638.6347692909201 59.18
1419 638.729666774165 59.19
1420 638.8197403856032 59.2
1421 638.9062097281301 59.21
1422 638.988518365182 59.22
1423 639.0672575373286 59.23
1424 639.1439187558997 59.24
1425 639.2181955611566 59.25
1426 639.2901376962236 59.26
1427 639.3207357029023 59.27
1428 639.3659512921522 59.28
1429 639.4284401979686 59.29
1430 639.4925737050004 59.3
1431 639.5543724381993 59.31
1432 639.6154764596912 59.32
1433 639.6787449518409 59.33
1434 639.7447338396169 59.34
1435 639.8144131613301 59.35
1436 639.8892466826773 59.36
1437 639.9685346233013 59.37
1438 640.0524955827671 59.38
1439 640.1417515507051 59.39
1440 640.2354044878651 59.4
1441 640.3334405322846 59.41
1442 640.4367329883281 59.42
1443 640.544786742781 59.43
1444 640.6575226241491 59.44
1445 640.7761881391476 59.45
1446 640.9005415256212 59.46
1447 641.0308217409726 59.47
1448 641.1674025801519 59.48
1449 641.3092809275951 59.49
1450 641.4564023996055 59.5
1451 641.6094801705185 59.51
1452 641.768397035666 59.52
1453 641.932688289666 59.53
1454 642.1027678446608 59.54
1455 642.2779767358995 59.55
1456 642.4579175468283 59.56
1457 642.6536008868603 59.57
1458 642.8553923763736 59.58
1459 643.06016285934 59.59
1460 643.2684795278288 59.6
1461 643.4789820186959 59.61
1462 643.6846258177303 59.62
1463 643.8897419393999 59.63
1464 644.0966468841146 59.64
1465 644.3048453586957 59.65
1466 644.5144121865897 59.66
1467 644.7228164412406 59.67
1468 644.9258693516356 59.68
1469 645.1279392239337 59.69
1470 645.3267011114253 59.7
1471 645.5220993797248 59.71
1472 645.7152545991908 59.72
1473 645.9044167811776 59.73
1474 646.0891239589903 59.74
1475 646.270253246884 59.75
1476 646.4465772641244 59.76
1477 646.6179098545504 59.77
1478 646.7853019970265 59.78
1479 646.9474093230463 59.79
1480 647.1044552647975 59.8
1481 647.2580757996938 59.81
1482 647.4077112519049 59.82
1483 647.553729214565 59.83
1484 647.6956295252431 59.84
1485 647.833645454572 59.85
1486 647.9691402290229 59.86
1487 648.1042861833147 59.87
1488 648.2386056280208 59.88
1489 648.3729928238195 59.89
1490 648.5091988934697 59.9
1491 648.6466743397726 59.91
1492 648.7856878556337 59.92
1493 648.9282564300721 59.93
1494 649.0731751186229 59.94
1495 649.2210237933277 59.95
1496 649.3734007031203 59.96
1497 649.5321552088751 59.97
1498 649.6947575654425 59.98
1499 649.8655545915997 59.99
1500 650.040629658597 60
