"vazao-mass-porta-rfile"
"Time Step" "vazao-mass-porta etc.."
("Time Step" "vazao-mass-porta" "flow-time")
0 0.02871138671061987 0
1 0 0.1
2 0 0.2
3 0 0.3
4 0 0.4
5 0 0.5
6 0 0.6000000000000001
7 0 0.7000000000000001
8 0 0.8
9 0 0.9
10 0 1
11 0 1.1
12 0 1.2
13 0 1.3
14 0 1.4
15 0 1.5
16 0 1.6
17 0 1.7
18 0 1.8
19 0 1.9
20 0 2
21 0 2.1
22 0 2.2
23 0 2.3
24 0 2.4
25 0 2.5
26 0 2.6
27 0 2.7
28 0 2.8
29 0 2.9
30 0 3
31 0 3.1
32 0 3.2
33 0 3.3
34 0 3.4
35 0 3.5
36 0 3.6
37 0 3.7
38 0 3.8
39 0 3.9
40 0 4
41 0 4.100000000000001
42 0 4.2
43 0 4.3
44 0 4.4
45 0 4.5
46 0 4.600000000000001
47 0 4.7
48 0 4.800000000000001
49 0 4.9
50 0 5
51 0 5.100000000000001
52 0 5.2
53 0 5.300000000000001
54 0 5.4
55 0 5.5
56 0 5.600000000000001
57 0 5.7
58 0 5.800000000000001
59 0 5.9
60 0 6
61 0 6.100000000000001
62 0 6.2
63 0 6.300000000000001
64 0 6.4
65 0 6.5
66 0 6.600000000000001
67 0 6.7
68 0 6.800000000000001
69 0 6.9
70 0 7
71 0 7.100000000000001
72 0 7.2
73 0 7.300000000000001
74 0 7.4
75 0 7.5
76 0 7.600000000000001
77 0 7.7
78 0 7.800000000000001
79 0 7.9
80 0 8
81 0 8.1
82 0 8.200000000000001
83 0 8.300000000000001
84 0 8.4
85 0 8.5
86 0 8.6
87 0 8.700000000000001
88 0 8.800000000000001
89 0 8.9
90 0 9
91 0 9.1
92 0 9.200000000000001
93 0 9.300000000000001
94 0 9.4
95 0 9.5
96 0 9.600000000000001
97 0 9.700000000000001
98 0 9.800000000000001
99 0 9.9
100 0 10
101 0 10.1
102 0 10.2
103 0 10.3
104 0 10.4
105 0 10.5
106 0 10.6
107 0 10.7
108 0 10.8
109 0 10.9
110 0 11
111 0 11.1
112 0 11.2
113 0 11.3
114 0 11.4
115 0 11.5
116 0 11.6
117 0 11.7
118 0 11.8
119 0 11.9
120 0 12
121 0 12.1
122 0 12.2
123 0 12.3
124 0 12.4
125 0 12.5
126 0 12.6
127 0 12.7
128 0 12.8
129 0 12.9
130 0 13
131 0 13.1
132 0 13.2
133 0 13.3
134 0 13.4
135 0 13.5
136 0 13.6
137 0 13.7
138 0 13.8
139 0 13.9
140 0 14
141 0 14.1
142 0 14.2
143 0 14.3
144 0 14.4
145 0 14.5
146 0 14.6
147 0 14.7
148 0 14.8
149 0 14.9
150 0 15
151 0 15.1
152 0 15.2
153 0 15.3
154 0 15.4
155 0 15.5
156 0 15.6
157 0 15.7
158 0 15.8
159 0 15.9
160 0 16
161 0 16.1
162 0 16.2
163 0 16.3
164 0 16.4
165 0 16.5
166 0 16.6
167 0 16.7
168 0 16.8
169 0 16.9
170 0 17
171 0 17.1
172 0 17.2
173 0 17.3
174 0 17.4
175 0 17.5
176 0 17.6
177 0 17.7
178 0 17.8
179 0 17.9
180 0 18
181 0 18.1
182 0 18.2
183 0 18.3
184 0 18.4
185 0 18.5
186 0 18.6
187 0 18.7
188 0 18.8
189 0 18.9
190 0 19
191 0 19.1
192 0 19.2
193 0 19.3
194 0 19.4
195 0 19.5
196 0 19.6
197 0 19.7
198 0 19.8
199 0 19.9
200 0 20
201 0 20.1
202 0 20.2
203 0 20.3
204 0 20.4
205 0 20.5
206 0 20.6
207 0 20.7
208 0 20.8
209 0 20.9
210 0 21
211 0 21.1
212 0 21.2
213 0 21.3
214 0 21.4
215 0 21.5
216 0 21.6
217 0 21.7
218 0 21.8
219 0 21.9
220 0 22
221 0 22.1
222 0 22.2
223 0 22.3
224 0 22.4
225 0 22.5
226 0 22.6
227 0 22.7
228 0 22.8
229 0 22.9
230 0 23
231 0 23.1
232 0 23.2
233 0 23.3
234 0 23.4
235 0 23.5
236 0 23.6
237 0 23.7
238 0 23.8
239 0 23.9
240 0 24
241 0 24.1
242 0 24.2
243 0 24.3
244 0 24.4
245 0 24.5
246 0 24.6
247 0 24.7
248 0 24.8
249 0 24.9
250 0 25
251 0 25.1
252 0 25.2
253 0 25.3
254 0 25.4
255 0 25.5
256 0 25.6
257 0 25.7
258 0 25.8
259 0 25.9
260 0 26
261 0 26.1
262 0 26.2
263 0 26.3
264 0 26.4
265 0 26.5
266 0 26.6
267 0 26.7
268 0 26.8
269 0 26.9
270 0 27
271 0 27.1
272 0 27.2
273 0 27.3
274 0 27.4
275 0 27.5
276 0 27.6
277 0 27.7
278 0 27.8
279 0 27.9
280 0 28
281 0 28.1
282 0 28.2
283 0 28.3
284 0 28.4
285 0 28.5
286 0 28.6
287 0 28.7
288 0 28.8
289 0 28.9
290 0 29
291 0 29.1
292 0 29.2
293 0 29.3
294 0 29.4
295 0 29.5
296 0 29.6
297 0 29.7
298 0 29.8
299 0 29.9
300 0 30
301 0 30.1
302 0 30.2
303 0 30.3
304 0 30.4
305 0 30.5
306 0 30.6
307 0 30.7
308 0 30.8
309 0 30.9
310 0 31
311 0 31.1
312 0 31.2
313 0 31.3
314 0 31.4
315 0 31.5
316 0 31.6
317 0 31.7
318 0 31.8
319 0 31.9
320 0 32
321 0 32.1
322 0 32.2
323 0 32.3
324 0 32.4
325 0 32.5
326 0 32.6
327 0 32.7
328 0 32.8
329 0 32.9
330 0 33
331 0 33.1
332 0 33.2
333 0 33.3
334 0 33.4
335 0 33.5
336 0 33.6
337 0 33.7
338 0 33.8
339 0 33.9
340 0 34
341 0 34.1
342 0 34.2
343 0 34.3
344 0 34.4
345 0 34.5
346 0 34.6
347 0 34.7
348 0 34.8
349 0 34.9
350 0 35
351 0 35.1
352 0 35.2
353 0 35.3
354 0 35.4
355 0 35.5
356 0 35.6
357 0 35.7
358 0 35.8
359 0 35.9
360 0 36
361 0 36.1
362 0 36.2
363 0 36.3
364 0 36.4
365 0 36.5
366 0 36.6
367 0 36.7
368 0 36.8
369 0 36.9
370 0 37
371 0 37.1
372 0 37.2
373 0 37.3
374 0 37.4
375 0 37.5
376 0 37.6
377 0 37.7
378 0 37.8
379 0 37.9
380 0 38
381 0 38.1
382 0 38.2
383 0 38.3
384 0 38.40000000000001
385 0 38.5
386 0 38.6
387 0 38.7
388 0 38.8
389 0 38.90000000000001
390 0 39
391 0 39.1
392 0 39.2
393 0 39.3
394 0 39.40000000000001
395 0 39.5
396 0 39.6
397 0 39.7
398 0 39.8
399 0 39.90000000000001
400 0 40
401 0 40.1
402 0 40.2
403 0 40.3
404 0 40.40000000000001
405 0 40.5
406 0 40.6
407 0 40.7
408 0 40.8
409 0 40.90000000000001
410 0 41
411 0 41.1
412 0 41.2
413 0 41.3
414 0 41.40000000000001
415 0 41.5
416 0 41.6
417 0 41.7
418 0 41.8
419 0 41.90000000000001
420 0 42
421 0 42.1
422 0 42.2
423 0 42.3
424 0 42.40000000000001
425 0 42.5
426 0 42.6
427 0 42.7
428 0 42.8
429 0 42.90000000000001
430 0 43
431 0 43.1
432 0 43.2
433 0 43.3
434 0 43.40000000000001
435 0 43.5
436 0 43.6
437 0 43.7
438 0 43.8
439 0 43.90000000000001
440 0 44
441 0 44.1
442 0 44.2
443 0 44.3
444 0 44.40000000000001
445 0 44.5
446 0 44.6
447 0 44.7
448 0 44.8
449 0 44.90000000000001
450 0 45
451 0 45.1
452 0 45.2
453 0 45.3
454 0 45.40000000000001
455 0 45.5
456 0 45.6
457 0 45.7
458 0 45.8
459 0 45.90000000000001
460 0 46
461 0 46.1
462 0 46.2
463 0 46.3
464 0 46.40000000000001
465 0 46.5
466 0 46.6
467 0 46.7
468 0 46.8
469 0 46.90000000000001
470 0 47
471 0 47.1
472 0 47.2
473 0 47.3
474 0 47.40000000000001
475 0 47.5
476 0 47.6
477 0 47.7
478 0 47.8
479 0 47.90000000000001
480 0 48
481 0 48.1
482 0 48.2
483 0 48.3
484 0 48.40000000000001
485 0 48.5
486 0 48.6
487 0 48.7
488 0 48.8
489 0 48.90000000000001
490 0 49
491 0 49.1
492 0 49.2
493 0 49.3
494 0 49.40000000000001
495 0 49.5
496 0 49.6
497 0 49.7
498 0 49.8
499 0 49.90000000000001
500 0 50
501 0.005498890431875853 50.01
502 0.004581628852401877 50.02
503 0.003994295603557789 50.03
504 0.003397531029907689 50.04
505 0.00368377428440804 50.05
506 0.003787611240656924 50.06
507 0.003522627299096949 50.07
508 0.00337281513317844 50.08
509 0.003153875269175277 50.09
510 0.002844593012806564 50.1
511 0.002503486656496967 50.11
512 0.002097459260522388 50.12
513 0.001673124581819252 50.13
514 0.001297307070384036 50.14
515 0.001007827359195252 50.15
516 0.0006700864702224033 50.16
517 0.0004037474951432192 50.17
518 0.0002492821343178951 50.18
519 0.000198630908469089 50.19
520 0.0001940340188823921 50.2
521 0.00056550194623801 50.21
522 0.0008676954112583065 50.22
523 0.001113000241749372 50.23
524 0.001609650690372567 50.24
525 0.002242236600602475 50.25
526 0.002614120503314508 50.26
527 0.003368640567002318 50.27
528 0.003839203562904846 50.28
529 0.004437025423874489 50.29
530 0.004973258362732141 50.3
531 0.005484182945341707 50.31
532 0.005899573115348679 50.32
533 0.006167469646402008 50.33
534 0.006523929640224402 50.34
535 0.006958400777003569 50.35
536 0.00735204355825663 50.36
537 0.007715488313926443 50.37
538 0.007879440423348932 50.38
539 0.008094035774517071 50.39
540 0.00830838539599474 50.4
541 0.008506964506329016 50.41
542 0.008693166298505401 50.42
543 0.008875332304059628 50.43
544 0.00905861305787182 50.44
545 0.009250702577091858 50.45
546 0.009448554765354101 50.46
547 0.009669783125660966 50.47
548 0.00988274634348894 50.48
549 0.0101067567685192 50.49
550 0.01032386339858982 50.5
551 0.0105497291351929 50.51
552 0.010744107517211 50.52
553 0.01090168521258992 50.53
554 0.01109507747056276 50.54
555 0.01116930745715605 50.55
556 0.01117312405859639 50.56
557 0.01110223776037975 50.57
558 0.0110169804399272 50.58
559 0.01086793073188673 50.59
560 0.01065348073356962 50.6
561 0.01037617120617911 50.61
562 0.01004168796175762 50.62
563 0.00965743685629834 50.63
564 0.009225385535321618 50.64
565 0.008731079663191624 50.65
566 0.008223460545246778 50.66
567 0.007680581621107869 50.67
568 0.007104626321115439 50.68
569 0.006499081549087664 50.69
570 0.005865600515905718 50.7
571 0.005148584974874805 50.71
572 0.004483261002924135 50.72
573 0.003781253489627502 50.73
574 0.003017595183231627 50.74
575 0.002249672761989836 50.75
576 0.001430899625299405 50.76
577 0.0005930510601443935 50.77
578 -0.0003299574908563087 50.78
579 -0.001188970108030213 50.79
580 -0.002074799218017009 50.8
581 -0.002979626773408041 50.81
582 -0.003917664129437634 50.82
583 -0.004801347041382686 50.83
584 -0.005693131834239826 50.84
585 -0.006582688501848583 50.85
586 -0.007453098826363779 50.86
587 -0.008365361245000534 50.87
588 -0.009249397414400444 50.88
589 -0.01003156831592176 50.89
590 -0.01078071846613896 50.9
591 -0.01146096890922087 50.91
592 -0.01216396857838564 50.92
593 -0.01282679275502934 50.93
594 -0.01353443977892597 50.94
595 -0.01400600915657982 50.95
596 -0.01444049830979851 50.96
597 -0.01484415154784348 50.97
598 -0.01520641430103967 50.98
599 -0.01548470245190162 50.99
600 -0.01577067381485328 51
601 -0.0159077026142466 51.01
602 -0.01596746339301908 51.02
603 -0.01598843312540773 51.03
604 -0.01594726363101616 51.04
605 -0.01583693096894053 51.05
606 -0.01565832881145841 51.06
607 -0.01541571632571135 51.07
608 -0.01511166706255262 51.08
609 -0.01474746972687328 51.09
610 -0.01432704269384047 51.1
611 -0.01385360588449362 51.11
612 -0.01333296152365813 51.12
613 -0.01276321796880195 51.13
614 -0.01215191703617152 51.14
615 -0.01149107495128773 51.15
616 -0.01079385698955186 51.16
617 -0.01009384304571366 51.17
618 -0.009377770601659934 51.18
619 -0.008643596934658954 51.19
620 -0.007916464393878431 51.2
621 -0.007179670802799682 51.21
622 -0.006441575711512737 51.22
623 -0.005742076033270033 51.23
624 -0.00504006922554121 51.24
625 -0.004369379980653605 51.25
626 -0.003716605015100645 51.26
627 -0.003059916904994083 51.27
628 -0.002460376953391406 51.28
629 -0.00200520737114209 51.29
630 -0.001859360944517493 51.3
631 -0.001699288444124894 51.31
632 -0.001420791333725266 51.32
633 -0.001321878948333594 51.33
634 -0.00114113627225833 51.34
635 -0.0009927178421944263 51.35
636 -0.0009085298791292821 51.36
637 -0.0008730432434782092 51.37
638 -0.0008912971134219026 51.38
639 -0.0009673764984650389 51.39
640 -0.001097150808978699 51.4
641 -0.001278616670484015 51.41
642 -0.001514227075927795 51.42
643 -0.001775635932293192 51.43
644 -0.002079242257544496 51.44
645 -0.002422827134541703 51.45
646 -0.00267189136584279 51.46
647 -0.003020189058077917 51.47
648 -0.003287816128408604 51.48
649 -0.003680194198472814 51.49
650 -0.003959017053313297 51.5
651 -0.004378339325929785 51.51
652 -0.004666394773680829 51.52
653 -0.005123628587149284 51.53
654 -0.00544402995811836 51.54
655 -0.005679931164695087 51.55
656 -0.005918060984059387 51.56
657 -0.006161295441221716 51.57
658 -0.006659921831383495 51.58
659 -0.006901287694139838 51.59
660 -0.007140865393035359 51.6
661 -0.007422201485953267 51.61
662 -0.007657057971135614 51.62
663 -0.007887910407610298 51.63
664 -0.008113095286454677 51.64
665 -0.008329789173779986 51.65
666 -0.008536543344936543 51.66
667 -0.008693103735853004 51.67
668 -0.008878197052663872 51.68
669 -0.009053091297676478 51.69
670 -0.009215801641447176 51.7
671 -0.009366141912014589 51.71
672 -0.009503784699608277 51.72
673 -0.009628348819051967 51.73
674 -0.009739322881383433 51.74
675 -0.009862907196187553 51.75
676 -0.009952849211196119 51.76
677 -0.01003068300053537 51.77
678 -0.01009732566410328 51.78
679 -0.01015380391162423 51.79
680 -0.01019900498955036 51.8
681 -0.01023353188080666 51.81
682 -0.0102567500915339 51.82
683 -0.01026815502719245 51.83
684 -0.01026659153648337 51.84
685 -0.01025043796464683 51.85
686 -0.01023151585054732 51.86
687 -0.01018341312623684 51.87
688 -0.01011327024077269 51.88
689 -0.009999673326274737 51.89
690 -0.009873689352854115 51.9
691 -0.009679836026231554 51.91
692 -0.009441016568579364 51.92
693 -0.009165323086052474 51.93
694 -0.008901293107489966 51.94
695 -0.008511873259408394 51.95
696 -0.008137100868430752 51.96
697 -0.007700295548922148 51.97
698 -0.007307892229519257 51.98
699 -0.006984680890410683 51.99
700 -0.006404708013546312 52
701 -0.005825343770162917 52.01
702 -0.005300981026748596 52.02
703 -0.004865710399666774 52.03
704 -0.004399752221797517 52.04
705 -0.003845241218747666 52.05
706 -0.003217944069994032 52.06
707 -0.002609412955856034 52.07
708 -0.002162405471049234 52.08
709 -0.001919943401406687 52.09
710 -0.001531114197398405 52.1
711 -0.001063975512874044 52.11
712 -0.0005495762612494634 52.12
713 -0.0001492571788946867 52.13
714 -8.934904736839812e-05 52.14
715 9.469033695899687e-05 52.15
716 0.0003233867837841077 52.16
717 0.0005528942773047056 52.17
718 0.0006978004269143447 52.18
719 0.0005832051124415034 52.19
720 0.0005776692680624271 52.2
721 0.0005855750493540673 52.21
722 0.0005514281792331419 52.22
723 0.0003935873578713531 52.23
724 0.0001712524075066935 52.24
725 -6.925024615115141e-06 52.25
726 -0.0002184393682710846 52.26
727 -0.0004977761080658324 52.27
728 -0.0008066787943059846 52.28
729 -0.001121245516896512 52.29
730 -0.001459279252612544 52.3
731 -0.001818352714011352 52.31
732 -0.002186825421145268 52.32
733 -0.002562708044124104 52.33
734 -0.002942053697526166 52.34
735 -0.003320105846791533 52.35
736 -0.003691618501386786 52.36
737 -0.004053305856528548 52.37
738 -0.004400071230350445 52.38
739 -0.004728258212170097 52.39
740 -0.005034059390505743 52.4
741 -0.005313309402746671 52.41
742 -0.005562641637917717 52.42
743 -0.005778713489769004 52.43
744 -0.005959937171601907 52.44
745 -0.006101519267884029 52.45
746 -0.006201594959539911 52.46
747 -0.006258028750785464 52.47
748 -0.006268996165561994 52.48
749 -0.006233940903633287 52.49
750 -0.006152496778532654 52.5
751 -0.006023836545332961 52.51
752 -0.005848319533094743 52.52
753 -0.005626368576237605 52.53
754 -0.005358316270253836 52.54
755 -0.005055238399846966 52.55
756 -0.004700925620171464 52.56
757 -0.004308118228873763 52.57
758 -0.003878502581468466 52.58
759 -0.003414515578686846 52.59
760 -0.002919458649153491 52.6
761 -0.002360443438849694 52.61
762 -0.001844672621107294 52.62
763 -0.001200515867069216 52.63
764 -0.000615189587802462 52.64
765 -4.105690236731263e-05 52.65
766 0.0005539357285194034 52.66
767 0.001154116812012044 52.67
768 0.001762568992028361 52.68
769 0.002373303316612014 52.69
770 0.002984858788117801 52.7
771 0.003593869032474698 52.71
772 0.004195904752548925 52.72
773 0.004785408991422034 52.73
774 0.0053549497966157 52.74
775 0.005902544887585199 52.75
776 0.0064423496919679 52.76
777 0.006912203208229049 52.77
778 0.007391828557934061 52.78
779 0.007808789800351774 52.79
780 0.008332333048642643 52.8
781 0.008704380176889535 52.81
782 0.009020155094225657 52.82
783 0.00923171807618221 52.83
784 0.009384194317706849 52.84
785 0.009520103585497838 52.85
786 0.00963577844810593 52.86
787 0.009717306149970718 52.87
788 0.009762875241543326 52.88
789 0.009787733615343174 52.89
790 0.009759834130505761 52.9
791 0.009689894095092005 52.91
792 0.009584147106471501 52.92
793 0.009444221859535936 52.93
794 0.009270935502363225 52.94
795 0.00906618443052103 52.95
796 0.008836652952003098 52.96
797 0.008591710987022666 52.97
798 0.008346565828850419 52.98
799 0.00811599648415047 52.99
800 0.007912987387883388 53
801 0.007742672940473419 53.01
802 0.007603155038302951 53.02
803 0.007486318074177054 53.03
804 0.007382361674780322 53.04
805 0.007278704733698779 53.05
806 0.007166953359689483 53.06
807 0.00704337135401629 53.07
808 0.006907660421856018 53.08
809 0.006763190798110756 53.09
810 0.006609944663986218 53.1
811 0.006452387145206053 53.11
812 0.006291437208079193 53.12
813 0.006128096411978143 53.13
814 0.005961079702202186 53.14
815 0.005804280040530459 53.15
816 0.005642542099782044 53.16
817 0.005490179447832766 53.17
818 0.005310918650521956 53.18
819 0.005120580734749008 53.19
820 0.004928667072023445 53.2
821 0.004743222993367996 53.21
822 0.004565216167583327 53.22
823 0.004393491591320208 53.23
824 0.00423188081981439 53.24
825 0.004080058646221418 53.25
826 0.003941745600880359 53.26
827 0.003818627933572655 53.27
828 0.003708781782423064 53.28
829 0.003613350807261565 53.29
830 0.003527072831171446 53.3
831 0.003451255010184543 53.31
832 0.003385253176252485 53.32
833 0.00332881401252882 53.33
834 0.003280806981411609 53.34
835 0.003241962258791283 53.35
836 0.003230019594250383 53.36
837 0.003242334532588664 53.37
838 0.003249031405362971 53.38
839 0.003251928149884029 53.39
840 0.003262952446966925 53.4
841 0.003286129446971796 53.41
842 0.003327751046663918 53.42
843 0.00337178508568547 53.43
844 0.003431662065815504 53.44
845 0.003511371394127551 53.45
846 0.00359647663038584 53.46
847 0.003693429699976896 53.47
848 0.003801350521961836 53.48
849 0.003917014061649913 53.49
850 0.00403870563349912 53.5
851 0.004166047048360536 53.51
852 0.004296783226816541 53.52
853 0.00442845165053707 53.53
854 0.00456219140301712 53.54
855 0.004698238946128835 53.55
856 0.00483000653152763 53.56
857 0.004959909975479224 53.57
858 0.005088612750371866 53.58
859 0.005214919947623223 53.59
860 0.00533902034771863 53.6
861 0.005456768023329816 53.61
862 0.005568354066570249 53.62
863 0.005673793184718673 53.63
864 0.005771676946694791 53.64
865 0.00586020641581169 53.65
866 0.005939467530107252 53.66
867 0.006008845779645264 53.67
868 0.00606849956115902 53.68
869 0.006118799665824785 53.69
870 0.006158782105284775 53.7
871 0.0061880229916614 53.71
872 0.006206543600749188 53.72
873 0.006213676136547362 53.73
874 0.006208599796646931 53.74
875 0.006190958034311509 53.75
876 0.006158626526379983 53.76
877 0.006110462217903165 53.77
878 0.006048323276487255 53.78
879 0.005974889425277368 53.79
880 0.005889623282958637 53.8
881 0.005792179024050197 53.81
882 0.005682108973586827 53.82
883 0.005560432392906005 53.83
884 0.005427642847132916 53.84
885 0.005284910702401056 53.85
886 0.005134407910811567 53.86
887 0.004977466899962635 53.87
888 0.004811414871854597 53.88
889 0.004641098096381209 53.89
890 0.004467565085416854 53.9
891 0.004288531042081501 53.91
892 0.004106373323328698 53.92
893 0.003923996629912379 53.93
894 0.003740696472757403 53.94
895 0.003559851817882987 53.95
896 0.0033814780760565 53.96
897 0.003204720431234456 53.97
898 0.003029930899940167 53.98
899 0.002863498227654583 53.99
900 0.002699780177749361 54
901 0.00254088565784067 54.01
902 0.002391343001415989 54.02
903 0.002251260547377552 54.03
904 0.002120538703970583 54.04
905 0.002000487674995435 54.05
906 0.001894528817263444 54.06
907 0.00180066169284069 54.07
908 0.001719793316210637 54.08
909 0.001653057887271451 54.09
910 0.001600857302890986 54.1
911 0.00156404254305947 54.11
912 0.001542178169475349 54.12
913 0.00153525783575032 54.13
914 0.001543440198013294 54.14
915 0.00156569423816608 54.15
916 0.001603634624507626 54.16
917 0.001658690232890187 54.17
918 0.001725382350625928 54.18
919 0.001803592988347345 54.19
920 0.001894275957960362 54.2
921 0.002007881744582007 54.21
922 0.002162859297056079 54.22
923 0.002380666057982522 54.23
924 0.002520973946998005 54.24
925 0.002635180888589099 54.25
926 0.003009271360474843 54.26
927 0.003292444745686301 54.27
928 0.003445275975073262 54.28
929 0.00352269897171937 54.29
930 0.003634936980682816 54.3
931 0.003802319740901481 54.31
932 0.004050376872313312 54.32
933 0.004370840308371321 54.33
934 0.00455805199555068 54.34
935 0.00474509442896124 54.35
936 0.004933871759151239 54.36
937 0.00512715900604799 54.37
938 0.005323308864602192 54.38
939 0.005512550592550517 54.39
940 0.005695743049893173 54.4
941 0.005873765289539956 54.41
942 0.006044890103509034 54.42
943 0.006207849650625095 54.43
944 0.006361690738647954 54.44
945 0.006502368281259045 54.45
946 0.006626571845949793 54.46
947 0.006733420493343543 54.47
948 0.00682063574173212 54.48
949 0.006887025694742109 54.49
950 0.006936810957295378 54.5
951 0.006956501200702538 54.51
952 0.006953098440769545 54.52
953 0.006927118168629147 54.53
954 0.006879413130671507 54.54
955 0.006809468702082114 54.55
956 0.006716433892384221 54.56
957 0.006601245547914083 54.57
958 0.006463948152153316 54.58
959 0.006305658612492964 54.59
960 0.006126091277128366 54.6
961 0.005926090656029032 54.61
962 0.005707344369266238 54.62
963 0.005469154681475952 54.63
964 0.005214304840835431 54.64
965 0.004944355427615855 54.65
966 0.004660262092590084 54.66
967 0.004363874607228676 54.67
968 0.0040564302366955 54.68
969 0.003739820278837308 54.69
970 0.003416794657043239 54.7
971 0.003060001928082486 54.71
972 0.002736997516530139 54.72
973 0.002407832853449958 54.73
974 0.002078465802625353 54.74
975 0.001751958942693414 54.75
976 0.001430458912367557 54.76
977 0.001116211345622373 54.77
978 0.0008040119940691431 54.78
979 0.000510031722056291 54.79
980 0.0002312216746235393 54.8
981 -3.109228257653892e-05 54.81
982 -0.0002786197223091766 54.82
983 -0.0004996141134514939 54.83
984 -0.0007124235749053113 54.84
985 -0.0009037633018027142 54.85
986 -0.001071316665565621 54.86
987 -0.001212885206894579 54.87
988 -0.001329796856428282 54.88
989 -0.001420631655360514 54.89
990 -0.001483506410491009 54.9
991 -0.001521314544110108 54.91
992 -0.001531088325761389 54.92
993 -0.001512798993208445 54.93
994 -0.001466714736477017 54.94
995 -0.001392970855569498 54.95
996 -0.001293361099978837 54.96
997 -0.001167796315756302 54.97
998 -0.001017139412067611 54.98
999 -0.0008425390480280731 54.99
1000 -0.0006450576452969035 55
1001 -0.0004257598242171509 55.01
1002 -0.0001855856413050621 55.02
1003 7.474252018114147e-05 55.03
1004 0.00035438858158497 55.04
1005 0.0006505170238916224 55.05
1006 0.000959040245597882 55.06
1007 0.001275928897529053 55.07
1008 0.001596353067985048 55.08
1009 0.001915090283493562 55.09
1010 0.002222959720614513 55.1
1011 0.002559474898063217 55.11
1012 0.002884162861633378 55.12
1013 0.0032036256713554 55.13
1014 0.003521109805427035 55.14
1015 0.003831034692505465 55.15
1016 0.004120250490503028 55.16
1017 0.00437567398295523 55.17
1018 0.004596724093290143 55.18
1019 0.004795498590667374 55.19
1020 0.004985251433981302 55.2
1021 0.005172326862642658 55.21
1022 0.005354842481297935 55.22
1023 0.005530590044974326 55.23
1024 0.005672083051608403 55.24
1025 0.005829587563273269 55.25
1026 0.005941826249695942 55.26
1027 0.006023175914646623 55.27
1028 0.006077437033457016 55.28
1029 0.00610114225021394 55.29
1030 0.006089207230803978 55.3
1031 0.00604013102253281 55.31
1032 0.005956689310462123 55.32
1033 0.005843359286822105 55.33
1034 0.005703504802463081 55.34
1035 0.005538193253126584 55.35
1036 0.005347061429952732 55.36
1037 0.005132393584030373 55.37
1038 0.004892326673359856 55.38
1039 0.004629905957100486 55.39
1040 0.004347334557835298 55.4
1041 0.004046081865970203 55.41
1042 0.003727204108444986 55.42
1043 0.003393372498116382 55.43
1044 0.003046928039316147 55.44
1045 0.002690439307733499 55.45
1046 0.002326896101550337 55.46
1047 0.001959320521977686 55.47
1048 0.001589400334780901 55.48
1049 0.001220330306270618 55.49
1050 0.0008550627839195471 55.5
1051 0.0004958207295042948 55.51
1052 0.0001449482798522696 55.52
1053 -0.0001950040031325237 55.53
1054 -0.0005213639305791267 55.54
1055 -0.0008312183355991742 55.55
1056 -0.001122032093217839 55.56
1057 -0.001391329119235719 55.57
1058 -0.00163658485887138 55.58
1059 -0.001855717970252913 55.59
1060 -0.002046686825207088 55.6
1061 -0.002207396780415709 55.61
1062 -0.00233621452065422 55.62
1063 -0.002431563759399917 55.63
1064 -0.002492073892268915 55.64
1065 -0.002516801454163933 55.65
1066 -0.002504663643884695 55.66
1067 -0.00245521296442923 55.67
1068 -0.002370165786260816 55.68
1069 -0.002249261493072765 55.69
1070 -0.002094299988604012 55.7
1071 -0.001906734154172495 55.71
1072 -0.001688289463658163 55.72
1073 -0.001440645122154111 55.73
1074 -0.001166173635871888 55.74
1075 -0.0008694713315198096 55.75
1076 -0.0005476198713676257 55.76
1077 -0.0002066284814486803 55.77
1078 0.0001509388679697961 55.78
1079 0.0005224466757942675 55.79
1080 0.0009403795191686168 55.8
1081 0.001442372262584877 55.81
1082 0.001861382605142548 55.82
1083 0.002225790173505602 55.83
1084 0.002584041886119694 55.84
1085 0.002956847899245348 55.85
1086 0.003330457995159842 55.86
1087 0.00369482879414644 55.87
1088 0.004049829598591458 55.88
1089 0.004395193207576731 55.89
1090 0.004729598257966851 55.9
1091 0.005050185570479604 55.91
1092 0.005352642685081121 55.92
1093 0.005632848716222319 55.93
1094 0.005886785636668982 55.94
1095 0.00611052246556105 55.95
1096 0.006300379618787995 55.96
1097 0.006454682808744333 55.97
1098 0.006571783960859679 55.98
1099 0.006650633046317047 55.99
1100 0.006691888340464079 56
1101 0.00669496627520224 56.01
1102 0.006659990942642169 56.02
1103 0.006601001137202619 56.03
1104 0.006496605235471227 56.04
1105 0.006351955285661436 56.05
1106 0.006169673281558619 56.06
1107 0.005953297112090723 56.07
1108 0.005703762756344413 56.08
1109 0.005421715682454868 56.09
1110 0.005109753603419184 56.1
1111 0.004769832852920984 56.11
1112 0.004405878650673671 56.12
1113 0.004020562061774138 56.13
1114 0.003615235271873852 56.14
1115 0.003193734193490048 56.15
1116 0.002759019663652741 56.16
1117 0.002314092309531447 56.17
1118 0.0018621959198952 56.18
1119 0.00140645449508549 56.19
1120 0.0009502221491674667 56.2
1121 0.0004956083377038751 56.21
1122 4.728420602390874e-05 56.22
1123 -0.0003920244767097849 56.23
1124 -0.0008189418148885994 56.24
1125 -0.001230274906247207 56.25
1126 -0.001622888116506936 56.26
1127 -0.001993977532515278 56.27
1128 -0.002340918571013031 56.28
1129 -0.002660922518144369 56.29
1130 -0.002951342294131508 56.3
1131 -0.003210147808320878 56.31
1132 -0.003443940909276269 56.32
1133 -0.003633242645388716 56.33
1134 -0.003786093452277459 56.34
1135 -0.003901194178659194 56.35
1136 -0.003977468451975267 56.36
1137 -0.004014282637331427 56.37
1138 -0.004011121550592779 56.38
1139 -0.003967906068716058 56.39
1140 -0.003885216460164583 56.4
1141 -0.00376489718363482 56.41
1142 -0.003605720525643323 56.42
1143 -0.003410054444582839 56.43
1144 -0.003179686492736677 56.44
1145 -0.002916587151174974 56.45
1146 -0.002623253058548952 56.46
1147 -0.002284128357490254 56.47
1148 -0.00192504776009861 56.48
1149 -0.001544647598569886 56.49
1150 -0.001149820225494315 56.5
1151 -0.000750173302497107 56.51
1152 -0.0003346189611579649 56.52
1153 8.909522191885653e-05 56.53
1154 0.0005186512447371621 56.54
1155 0.0009509755583308336 56.55
1156 0.001383917188085066 56.56
1157 0.00181488286330986 56.57
1158 0.002275768882035978 56.58
1159 0.002744099832917643 56.59
1160 0.003152897950675488 56.6
1161 0.003465084442231884 56.61
1162 0.00378448261236133 56.62
1163 0.00412218366957471 56.63
1164 0.004441207721232059 56.64
1165 0.004716559812470586 56.65
1166 0.00495934891856043 56.66
1167 0.005170107988029238 56.67
1168 0.005344838849118963 56.68
1169 0.005480376776402089 56.69
1170 0.00557435442811657 56.7
1171 0.005625107239290739 56.71
1172 0.005631538146122033 56.72
1173 0.005594128273359083 56.73
1174 0.005512918033784367 56.74
1175 0.005389350689562656 56.75
1176 0.005225073976455923 56.76
1177 0.005021601367430995 56.77
1178 0.004780602695916548 56.78
1179 0.004504066445594548 56.79
1180 0.004193832518007002 56.8
1181 0.003852163560558841 56.81
1182 0.003482792963240108 56.82
1183 0.003088278601416724 56.83
1184 0.002661933473943876 56.84
1185 0.00222701189874638 56.85
1186 0.001775687801986282 56.86
1187 0.00131245007955131 56.87
1188 0.0008411081806718422 56.88
1189 0.0003659279856154428 56.89
1190 -0.0001091748073861788 56.9
1191 -0.0005810806358089587 56.91
1192 -0.001045732933141846 56.92
1193 -0.00149863980051988 56.93
1194 -0.00193700003601311 56.94
1195 -0.002361361088110203 56.95
1196 -0.002757230232259071 56.96
1197 -0.003128145318813302 56.97
1198 -0.003470943578647115 56.98
1199 -0.003782871347030415 56.99
1200 -0.004061139603116564 57
1201 -0.004303004214066127 57.01
1202 -0.004506087932290975 57.02
1203 -0.004668862360959531 57.03
1204 -0.004790101870900175 57.04
1205 -0.004868750372086944 57.05
1206 -0.004903865289378408 57.06
1207 -0.004895380982235512 57.07
1208 -0.00484299072315725 57.08
1209 -0.004684343086915128 57.09
1210 -0.004607293355821811 57.1
1211 -0.004413270341330791 57.11
1212 -0.004211304746209845 57.12
1213 -0.003959793471282331 57.13
1214 -0.003669082324110418 57.14
1215 -0.003345580672886816 57.15
1216 -0.002992139781763343 57.16
1217 -0.002611117188977367 57.17
1218 -0.00220607277672644 57.18
1219 -0.001783707897562553 57.19
1220 -0.00134196331953905 57.2
1221 -0.0008902012447868897 57.21
1222 -0.0004182798124155096 57.22
1223 3.386319840349358e-05 57.23
1224 0.00050219655441806 57.24
1225 0.0009566757471376639 57.25
1226 0.001400006178231526 57.26
1227 0.001829416830865348 57.27
1228 0.002241311744352461 57.28
1229 0.00263290223613635 57.29
1230 0.003000656548452657 57.3
1231 0.003341998296503158 57.31
1232 0.003654032054745605 57.32
1233 0.003937647774967188 57.33
1234 0.004181529700489496 57.34
1235 0.004384342556558432 57.35
1236 0.004545868554635239 57.36
1237 0.004663936682369998 57.37
1238 0.004736853836023347 57.38
1239 0.00476261293247564 57.39
1240 0.004741765151293497 57.4
1241 0.004674711458048148 57.41
1242 0.004597979982768624 57.42
1243 0.004488872389113549 57.43
1244 0.004303751560346308 57.44
1245 0.004064174607461818 57.45
1246 0.003787455195191734 57.46
1247 0.00347551411421214 57.47
1248 0.003131083943891062 57.48
1249 0.002756890602992067 57.49
1250 0.002359699936849714 57.5
1251 0.001944709026838232 57.51
1252 0.001514338355340176 57.52
1253 0.001071782961328874 57.53
1254 0.0006201232933872383 57.54
1255 0.0001615719848553961 57.55
1256 -0.0003001157064557777 57.56
1257 -0.0007613176810371165 57.57
1258 -0.001218182265500687 57.58
1259 -0.001666519770195513 57.59
1260 -0.002102025041817099 57.6
1261 -0.002520073811620541 57.61
1262 -0.002916511846894717 57.62
1263 -0.003286073427171906 57.63
1264 -0.003630415395421559 57.64
1265 -0.003943027127163927 57.65
1266 -0.004220413380663405 57.66
1267 -0.004460502678390864 57.67
1268 -0.004661566878167221 57.68
1269 -0.004821671794838249 57.69
1270 -0.004940198509842558 57.7
1271 -0.005015064306719316 57.71
1272 -0.005045216574461314 57.72
1273 -0.005030467536466715 57.73
1274 -0.004972678258354833 57.74
1275 -0.004867835476294388 57.75
1276 -0.00471874034086341 57.76
1277 -0.00451181177691186 57.77
1278 -0.004279509484362285 57.78
1279 -0.004017213101283048 57.79
1280 -0.003717915866704303 57.8
1281 -0.003385573805342663 57.81
1282 -0.003023557041478575 57.82
1283 -0.002636475584466186 57.83
1284 -0.002228086872258714 57.84
1285 -0.001801308488648665 57.85
1286 -0.001359153128508756 57.86
1287 -0.0009103492348728169 57.87
1288 -0.0004343397279973384 57.88
1289 3.632905163241176e-05 57.89
1290 0.000492524781586276 57.9
1291 0.0009177108226848234 57.91
1292 0.001338627208160035 57.92
1293 0.001735801458775017 57.93
1294 0.002110718784145851 57.94
1295 0.002461791033337628 57.95
1296 0.002785822396688097 57.96
1297 0.003080735220370518 57.97
1298 0.003343258413408901 57.98
1299 0.003569364071627509 57.99
1300 0.003755369763515619 58
1301 0.003897793971560287 58.01
1302 0.004191861053373902 58.02
1303 0.004367396686084287 58.03
1304 0.004359548198596009 58.04
1305 0.004258674483825581 58.05
1306 0.004133867758425686 58.06
1307 0.003981321236216639 58.07
1308 0.003794395174461158 58.08
1309 0.00357639301144366 58.09
1310 0.00333240436774253 58.1
1311 0.00306449571637304 58.11
1312 0.002772138644052206 58.12
1313 0.002455508671064135 58.13
1314 0.002106496867682687 58.14
1315 0.001735784173600369 58.15
1316 0.001340510463277078 58.16
1317 0.0009249908011994285 58.17
1318 0.0004939318832185759 58.18
1319 5.272054170830758e-05 58.19
1320 -0.0003927271024988296 58.2
1321 -0.0008375261259232613 58.21
1322 -0.001276423964420313 58.22
1323 -0.001705177997792762 58.23
1324 -0.002120381108001688 58.24
1325 -0.002519445464521325 58.25
1326 -0.00289818635950235 58.26
1327 -0.00325322808240593 58.27
1328 -0.003581201712270103 58.28
1329 -0.003878798293040893 58.29
1330 -0.004143164006796393 58.3
1331 -0.004370840584899751 58.31
1332 -0.004559473386634386 58.32
1333 -0.004707417265596323 58.33
1334 -0.004812917055271152 58.34
1335 -0.00487469372688633 58.35
1336 -0.00489184861823945 58.36
1337 -0.004864133840861576 58.37
1338 -0.004792693454943686 58.38
1339 -0.004676663104702366 58.39
1340 -0.00451786615553124 58.4
1341 -0.004318701441657059 58.41
1342 -0.004081560901944191 58.42
1343 -0.00380794786322565 58.43
1344 -0.003502026658640823 58.44
1345 -0.003169430275253857 58.45
1346 -0.002807392568597467 58.46
1347 -0.002424201565935112 58.47
1348 -0.002022749071802913 58.48
1349 -0.001607279460720963 58.49
1350 -0.001182397335322136 58.5
1351 -0.0007527893895252612 58.51
1352 -0.000275411870589274 58.52
1353 0.000235315344167911 58.53
1354 0.000675776398806123 58.54
1355 0.001051455427244536 58.55
1356 0.00141324074628936 58.56
1357 0.001804427416189454 58.57
1358 0.002134564267124958 58.58
1359 0.002445353817914001 58.59
1360 0.002717330128651283 58.6
1361 0.0029617083967232 58.61
1362 0.003177313804896867 58.62
1363 0.003359073271327617 58.63
1364 0.003501740745778392 58.64
1365 0.003600366250567909 58.65
1366 0.003651877443528521 58.66
1367 0.003672871666314463 58.67
1368 0.003662040025429126 58.68
1369 0.003591659034459444 58.69
1370 0.003467482126617277 58.7
1371 0.003297195149763673 58.71
1372 0.003085721988818527 58.72
1373 0.002837340198487734 58.73
1374 0.002556288584891929 58.74
1375 0.002244744432044721 58.75
1376 0.001907387581476447 58.76
1377 0.001547681784479281 58.77
1378 0.001168562650886773 58.78
1379 0.0007730626169210157 58.79
1380 0.0003646316354315501 58.8
1381 -6.283176691317983e-05 58.81
1382 -0.0004828140784399696 58.82
1383 -0.0009057780097446073 58.83
1384 -0.001326242766867989 58.84
1385 -0.001739405681642917 58.85
1386 -0.002139256042899334 58.86
1387 -0.00252186857906167 58.87
1388 -0.002883927720169113 58.88
1389 -0.003221734673026194 58.89
1390 -0.003531579671988997 58.9
1391 -0.003810678519331602 58.91
1392 -0.004056407296198904 58.92
1393 -0.004265742008628634 58.93
1394 -0.004435825255288591 58.94
1395 -0.004565182655427468 58.95
1396 -0.004651356826557318 58.96
1397 -0.004693786065677556 58.97
1398 -0.004692003626456179 58.98
1399 -0.004645973424781827 58.99
1400 -0.004556041642086471 59
1401 -0.004423474238057654 59.01
1402 -0.004250511775179764 59.02
1403 -0.004039508686826645 59.03
1404 -0.003792845060929683 59.04
1405 -0.003512892120326669 59.05
1406 -0.003202243174769732 59.06
1407 -0.002864673084882042 59.07
1408 -0.002504676437357252 59.08
1409 -0.00212681488232937 59.09
1410 -0.001735000208930334 59.1
1411 -0.001332750368900624 59.11
1412 -0.0009267279936238174 59.12
1413 -0.0004845999623505574 59.13
1414 -4.215089132202782e-05 59.14
1415 0.0003693000819947299 59.15
1416 0.000740691952922555 59.16
1417 0.001088915669421384 59.17
1418 0.001416975441482485 59.18
1419 0.001721192034037141 59.19
1420 0.001999091809233947 59.2
1421 0.00224930122862025 59.21
1422 0.002469256453521038 59.22
1423 0.002655238091135872 59.23
1424 0.00280234381619286 59.24
1425 0.002906520383030808 59.25
1426 0.002964389390373386 59.26
1427 0.00304058254083777 59.27
1428 0.003003247327819142 59.28
1429 0.00290665578742097 59.29
1430 0.002771221532490955 59.3
1431 0.002601541922571093 59.31
1432 0.002396536232749432 59.32
1433 0.002157598797829138 59.33
1434 0.001888056671242843 59.34
1435 0.001590848871277506 59.35
1436 0.001268859117332407 59.36
1437 0.0009246239256405497 59.37
1438 0.0005612815832088582 59.38
1439 0.0001820212649395955 59.39
1440 -0.0002088017003954515 59.4
1441 -0.000606174465362248 59.41
1442 -0.001005095038358579 59.42
1443 -0.00140087225029982 59.43
1444 -0.001788426637904364 59.44
1445 -0.002164467102490537 59.45
1446 -0.002524598434538035 59.46
1447 -0.002864828440845563 59.47
1448 -0.003181394329259157 59.48
1449 -0.003470028360229103 59.49
1450 -0.003727599410248307 59.5
1451 -0.003951326771077481 59.51
1452 -0.004138763586562531 59.52
1453 -0.004287456326670167 59.53
1454 -0.004395869406808259 59.54
1455 -0.004462597025028108 59.55
1456 -0.004486847262821989 59.56
1457 -0.004485215094548729 59.57
1458 -0.004425915461553591 59.58
1459 -0.004327306012068773 59.59
1460 -0.004189619633689004 59.6
1461 -0.00401179952995584 59.61
1462 -0.003799837923645483 59.62
1463 -0.003549903459447402 59.63
1464 -0.003267422611081091 59.64
1465 -0.002961585109656207 59.65
1466 -0.002635250642427936 59.66
1467 -0.002291001311002185 59.67
1468 -0.001921441884706308 59.68
1469 -0.001560531984093132 59.69
1470 -0.001188832310325471 59.7
1471 -0.000814881711087798 59.71
1472 -0.0004443853908421124 59.72
1473 -8.119323134332494e-05 59.73
1474 0.0002690056249417469 59.74
1475 0.0006007248825268575 59.75
1476 0.0009097340144053698 59.76
1477 0.00119207706921903 59.77
1478 0.001443637988234331 59.78
1479 0.001661176630054171 59.79
1480 0.001840757964616907 59.8
1481 0.001979962578655981 59.81
1482 0.002076335599181868 59.82
1483 0.002129074544861992 59.83
1484 0.002137934568028061 59.84
1485 0.002102863344363746 59.85
1486 0.002026143675956426 59.86
1487 0.001908052142062711 59.87
1488 0.001750962152000844 59.88
1489 0.00155724850826321 59.89
1490 0.001330310458403089 59.9
1491 0.001073638994726464 59.91
1492 0.0007905098341076042 59.92
1493 0.0004849734777147927 59.93
1494 0.0001610994750138248 59.94
1495 -0.0001772687684437613 59.95
1496 -0.0005256984648365094 59.96
1497 -0.0008896320738263474 59.97
1498 -0.001243099437827522 59.98
1499 -0.00160622632742803 59.99
1500 -0.001946989582460855 60
